[2024-01-23T22:35:24.352+0000] {taskinstance.py:1956} INFO - Dependencies all met for dep_context=non-requeueable deps ti=<TaskInstance: example_postgres_dag.generate_random_data_task scheduled__2024-01-17T00:00:00+00:00 [queued]>
[2024-01-23T22:35:24.359+0000] {taskinstance.py:1956} INFO - Dependencies all met for dep_context=requeueable deps ti=<TaskInstance: example_postgres_dag.generate_random_data_task scheduled__2024-01-17T00:00:00+00:00 [queued]>
[2024-01-23T22:35:24.359+0000] {taskinstance.py:2170} INFO - Starting attempt 1 of 2
[2024-01-23T22:35:24.373+0000] {taskinstance.py:2191} INFO - Executing <Task(PythonOperator): generate_random_data_task> on 2024-01-17 00:00:00+00:00
[2024-01-23T22:35:24.383+0000] {standard_task_runner.py:60} INFO - Started process 280 to run task
[2024-01-23T22:35:24.387+0000] {standard_task_runner.py:87} INFO - Running: ['***', 'tasks', 'run', 'example_postgres_dag', 'generate_random_data_task', 'scheduled__2024-01-17T00:00:00+00:00', '--job-id', '40', '--raw', '--subdir', 'DAGS_FOLDER/salvaarquivo.py', '--cfg-path', '/tmp/tmprs5hyqb1']
[2024-01-23T22:35:24.389+0000] {standard_task_runner.py:88} INFO - Job 40: Subtask generate_random_data_task
[2024-01-23T22:35:24.453+0000] {task_command.py:423} INFO - Running <TaskInstance: example_postgres_dag.generate_random_data_task scheduled__2024-01-17T00:00:00+00:00 [running]> on host 728782aa8dd3
[2024-01-23T22:35:24.829+0000] {taskinstance.py:2480} INFO - Exporting env vars: AIRFLOW_CTX_DAG_OWNER='***' AIRFLOW_CTX_DAG_ID='example_postgres_dag' AIRFLOW_CTX_TASK_ID='generate_random_data_task' AIRFLOW_CTX_EXECUTION_DATE='2024-01-17T00:00:00+00:00' AIRFLOW_CTX_TRY_NUMBER='1' AIRFLOW_CTX_DAG_RUN_ID='scheduled__2024-01-17T00:00:00+00:00'
[2024-01-23T22:35:24.838+0000] {python.py:201} INFO - Done. Returned value was:                    timestamp  value
0 2024-01-23 22:35:24.830486     34
1 2024-01-22 22:35:24.830492     76
2 2024-01-21 22:35:24.830494     22
3 2024-01-20 22:35:24.830495     94
4 2024-01-19 22:35:24.830496     70
5 2024-01-18 22:35:24.830498     34
6 2024-01-17 22:35:24.830499     84
7 2024-01-16 22:35:24.830500     79
8 2024-01-15 22:35:24.830502     55
9 2024-01-14 22:35:24.830503     76
[2024-01-23T22:35:24.900+0000] {taskinstance.py:1138} INFO - Marking task as SUCCESS. dag_id=example_postgres_dag, task_id=generate_random_data_task, execution_date=20240117T000000, start_date=20240123T223524, end_date=20240123T223524
[2024-01-23T22:35:24.944+0000] {local_task_job_runner.py:234} INFO - Task exited with return code 0
[2024-01-23T22:35:24.975+0000] {taskinstance.py:3280} INFO - 1 downstream tasks scheduled from follow-on schedule check
