[2024-01-23T22:20:07.678+0000] {processor.py:161} INFO - Started process (PID=64) to work on /home/airflow/.local/lib/python3.8/site-packages/airflow/example_dags/example_params_trigger_ui.py
[2024-01-23T22:20:07.679+0000] {processor.py:830} INFO - Processing file /home/airflow/.local/lib/python3.8/site-packages/airflow/example_dags/example_params_trigger_ui.py for tasks to queue
[2024-01-23T22:20:07.680+0000] {logging_mixin.py:188} INFO - [2024-01-23T22:20:07.680+0000] {dagbag.py:538} INFO - Filling up the DagBag from /home/airflow/.local/lib/python3.8/site-packages/airflow/example_dags/example_params_trigger_ui.py
[2024-01-23T22:20:07.688+0000] {processor.py:840} INFO - DAG(s) 'example_params_trigger_ui' retrieved from /home/airflow/.local/lib/python3.8/site-packages/airflow/example_dags/example_params_trigger_ui.py
[2024-01-23T22:20:07.770+0000] {logging_mixin.py:188} INFO - [2024-01-23T22:20:07.770+0000] {override.py:1769} INFO - Created Permission View: can delete on DAG:example_params_trigger_ui
[2024-01-23T22:20:07.777+0000] {logging_mixin.py:188} INFO - [2024-01-23T22:20:07.776+0000] {override.py:1769} INFO - Created Permission View: can edit on DAG:example_params_trigger_ui
[2024-01-23T22:20:07.780+0000] {logging_mixin.py:188} INFO - [2024-01-23T22:20:07.780+0000] {override.py:1769} INFO - Created Permission View: can read on DAG:example_params_trigger_ui
[2024-01-23T22:20:07.781+0000] {logging_mixin.py:188} INFO - [2024-01-23T22:20:07.781+0000] {dag.py:3036} INFO - Sync 1 DAGs
[2024-01-23T22:20:07.787+0000] {logging_mixin.py:188} INFO - [2024-01-23T22:20:07.787+0000] {dag.py:3058} INFO - Creating ORM DAG for example_params_trigger_ui
[2024-01-23T22:20:07.787+0000] {logging_mixin.py:188} INFO - [2024-01-23T22:20:07.787+0000] {dag.py:3823} INFO - Setting next_dagrun for example_params_trigger_ui to None, run_after=None
[2024-01-23T22:20:07.799+0000] {processor.py:183} INFO - Processing /home/airflow/.local/lib/python3.8/site-packages/airflow/example_dags/example_params_trigger_ui.py took 0.123 seconds
[2024-01-23T22:20:38.566+0000] {processor.py:161} INFO - Started process (PID=119) to work on /home/airflow/.local/lib/python3.8/site-packages/airflow/example_dags/example_params_trigger_ui.py
[2024-01-23T22:20:38.567+0000] {processor.py:830} INFO - Processing file /home/airflow/.local/lib/python3.8/site-packages/airflow/example_dags/example_params_trigger_ui.py for tasks to queue
[2024-01-23T22:20:38.568+0000] {logging_mixin.py:188} INFO - [2024-01-23T22:20:38.568+0000] {dagbag.py:538} INFO - Filling up the DagBag from /home/airflow/.local/lib/python3.8/site-packages/airflow/example_dags/example_params_trigger_ui.py
[2024-01-23T22:20:38.575+0000] {processor.py:840} INFO - DAG(s) 'example_params_trigger_ui' retrieved from /home/airflow/.local/lib/python3.8/site-packages/airflow/example_dags/example_params_trigger_ui.py
[2024-01-23T22:20:38.611+0000] {logging_mixin.py:188} INFO - [2024-01-23T22:20:38.610+0000] {dag.py:3036} INFO - Sync 1 DAGs
[2024-01-23T22:20:38.618+0000] {logging_mixin.py:188} INFO - [2024-01-23T22:20:38.617+0000] {dag.py:3823} INFO - Setting next_dagrun for example_params_trigger_ui to None, run_after=None
[2024-01-23T22:20:38.628+0000] {processor.py:183} INFO - Processing /home/airflow/.local/lib/python3.8/site-packages/airflow/example_dags/example_params_trigger_ui.py took 0.064 seconds
[2024-01-23T22:21:09.301+0000] {processor.py:161} INFO - Started process (PID=174) to work on /home/airflow/.local/lib/python3.8/site-packages/airflow/example_dags/example_params_trigger_ui.py
[2024-01-23T22:21:09.302+0000] {processor.py:830} INFO - Processing file /home/airflow/.local/lib/python3.8/site-packages/airflow/example_dags/example_params_trigger_ui.py for tasks to queue
[2024-01-23T22:21:09.302+0000] {logging_mixin.py:188} INFO - [2024-01-23T22:21:09.302+0000] {dagbag.py:538} INFO - Filling up the DagBag from /home/airflow/.local/lib/python3.8/site-packages/airflow/example_dags/example_params_trigger_ui.py
[2024-01-23T22:21:09.310+0000] {processor.py:840} INFO - DAG(s) 'example_params_trigger_ui' retrieved from /home/airflow/.local/lib/python3.8/site-packages/airflow/example_dags/example_params_trigger_ui.py
[2024-01-23T22:21:09.340+0000] {logging_mixin.py:188} INFO - [2024-01-23T22:21:09.340+0000] {dag.py:3036} INFO - Sync 1 DAGs
[2024-01-23T22:21:09.347+0000] {logging_mixin.py:188} INFO - [2024-01-23T22:21:09.347+0000] {dag.py:3823} INFO - Setting next_dagrun for example_params_trigger_ui to None, run_after=None
[2024-01-23T22:21:09.358+0000] {processor.py:183} INFO - Processing /home/airflow/.local/lib/python3.8/site-packages/airflow/example_dags/example_params_trigger_ui.py took 0.059 seconds
[2024-01-23T22:21:39.964+0000] {processor.py:161} INFO - Started process (PID=229) to work on /home/airflow/.local/lib/python3.8/site-packages/airflow/example_dags/example_params_trigger_ui.py
[2024-01-23T22:21:39.965+0000] {processor.py:830} INFO - Processing file /home/airflow/.local/lib/python3.8/site-packages/airflow/example_dags/example_params_trigger_ui.py for tasks to queue
[2024-01-23T22:21:39.966+0000] {logging_mixin.py:188} INFO - [2024-01-23T22:21:39.966+0000] {dagbag.py:538} INFO - Filling up the DagBag from /home/airflow/.local/lib/python3.8/site-packages/airflow/example_dags/example_params_trigger_ui.py
[2024-01-23T22:21:39.974+0000] {processor.py:840} INFO - DAG(s) 'example_params_trigger_ui' retrieved from /home/airflow/.local/lib/python3.8/site-packages/airflow/example_dags/example_params_trigger_ui.py
[2024-01-23T22:21:40.005+0000] {logging_mixin.py:188} INFO - [2024-01-23T22:21:40.005+0000] {dag.py:3036} INFO - Sync 1 DAGs
[2024-01-23T22:21:40.012+0000] {logging_mixin.py:188} INFO - [2024-01-23T22:21:40.012+0000] {dag.py:3823} INFO - Setting next_dagrun for example_params_trigger_ui to None, run_after=None
[2024-01-23T22:21:40.023+0000] {processor.py:183} INFO - Processing /home/airflow/.local/lib/python3.8/site-packages/airflow/example_dags/example_params_trigger_ui.py took 0.060 seconds
[2024-01-23T22:22:10.852+0000] {processor.py:161} INFO - Started process (PID=284) to work on /home/airflow/.local/lib/python3.8/site-packages/airflow/example_dags/example_params_trigger_ui.py
[2024-01-23T22:22:10.853+0000] {processor.py:830} INFO - Processing file /home/airflow/.local/lib/python3.8/site-packages/airflow/example_dags/example_params_trigger_ui.py for tasks to queue
[2024-01-23T22:22:10.854+0000] {logging_mixin.py:188} INFO - [2024-01-23T22:22:10.854+0000] {dagbag.py:538} INFO - Filling up the DagBag from /home/airflow/.local/lib/python3.8/site-packages/airflow/example_dags/example_params_trigger_ui.py
[2024-01-23T22:22:10.865+0000] {processor.py:840} INFO - DAG(s) 'example_params_trigger_ui' retrieved from /home/airflow/.local/lib/python3.8/site-packages/airflow/example_dags/example_params_trigger_ui.py
[2024-01-23T22:22:10.901+0000] {logging_mixin.py:188} INFO - [2024-01-23T22:22:10.901+0000] {dag.py:3036} INFO - Sync 1 DAGs
[2024-01-23T22:22:10.911+0000] {logging_mixin.py:188} INFO - [2024-01-23T22:22:10.911+0000] {dag.py:3823} INFO - Setting next_dagrun for example_params_trigger_ui to None, run_after=None
[2024-01-23T22:22:10.925+0000] {processor.py:183} INFO - Processing /home/airflow/.local/lib/python3.8/site-packages/airflow/example_dags/example_params_trigger_ui.py took 0.075 seconds
[2024-01-23T22:22:41.096+0000] {processor.py:161} INFO - Started process (PID=339) to work on /home/airflow/.local/lib/python3.8/site-packages/airflow/example_dags/example_params_trigger_ui.py
[2024-01-23T22:22:41.097+0000] {processor.py:830} INFO - Processing file /home/airflow/.local/lib/python3.8/site-packages/airflow/example_dags/example_params_trigger_ui.py for tasks to queue
[2024-01-23T22:22:41.098+0000] {logging_mixin.py:188} INFO - [2024-01-23T22:22:41.098+0000] {dagbag.py:538} INFO - Filling up the DagBag from /home/airflow/.local/lib/python3.8/site-packages/airflow/example_dags/example_params_trigger_ui.py
[2024-01-23T22:22:41.108+0000] {processor.py:840} INFO - DAG(s) 'example_params_trigger_ui' retrieved from /home/airflow/.local/lib/python3.8/site-packages/airflow/example_dags/example_params_trigger_ui.py
[2024-01-23T22:22:41.139+0000] {logging_mixin.py:188} INFO - [2024-01-23T22:22:41.139+0000] {dag.py:3036} INFO - Sync 1 DAGs
[2024-01-23T22:22:41.147+0000] {logging_mixin.py:188} INFO - [2024-01-23T22:22:41.147+0000] {dag.py:3823} INFO - Setting next_dagrun for example_params_trigger_ui to None, run_after=None
[2024-01-23T22:22:41.158+0000] {processor.py:183} INFO - Processing /home/airflow/.local/lib/python3.8/site-packages/airflow/example_dags/example_params_trigger_ui.py took 0.064 seconds
[2024-01-23T22:23:11.976+0000] {processor.py:161} INFO - Started process (PID=394) to work on /home/airflow/.local/lib/python3.8/site-packages/airflow/example_dags/example_params_trigger_ui.py
[2024-01-23T22:23:11.976+0000] {processor.py:830} INFO - Processing file /home/airflow/.local/lib/python3.8/site-packages/airflow/example_dags/example_params_trigger_ui.py for tasks to queue
[2024-01-23T22:23:11.977+0000] {logging_mixin.py:188} INFO - [2024-01-23T22:23:11.977+0000] {dagbag.py:538} INFO - Filling up the DagBag from /home/airflow/.local/lib/python3.8/site-packages/airflow/example_dags/example_params_trigger_ui.py
[2024-01-23T22:23:11.986+0000] {processor.py:840} INFO - DAG(s) 'example_params_trigger_ui' retrieved from /home/airflow/.local/lib/python3.8/site-packages/airflow/example_dags/example_params_trigger_ui.py
[2024-01-23T22:23:12.022+0000] {logging_mixin.py:188} INFO - [2024-01-23T22:23:12.022+0000] {dag.py:3036} INFO - Sync 1 DAGs
[2024-01-23T22:23:12.030+0000] {logging_mixin.py:188} INFO - [2024-01-23T22:23:12.030+0000] {dag.py:3823} INFO - Setting next_dagrun for example_params_trigger_ui to None, run_after=None
[2024-01-23T22:23:12.044+0000] {processor.py:183} INFO - Processing /home/airflow/.local/lib/python3.8/site-packages/airflow/example_dags/example_params_trigger_ui.py took 0.071 seconds
[2024-01-23T22:23:42.087+0000] {processor.py:161} INFO - Started process (PID=449) to work on /home/airflow/.local/lib/python3.8/site-packages/airflow/example_dags/example_params_trigger_ui.py
[2024-01-23T22:23:42.088+0000] {processor.py:830} INFO - Processing file /home/airflow/.local/lib/python3.8/site-packages/airflow/example_dags/example_params_trigger_ui.py for tasks to queue
[2024-01-23T22:23:42.089+0000] {logging_mixin.py:188} INFO - [2024-01-23T22:23:42.088+0000] {dagbag.py:538} INFO - Filling up the DagBag from /home/airflow/.local/lib/python3.8/site-packages/airflow/example_dags/example_params_trigger_ui.py
[2024-01-23T22:23:42.096+0000] {processor.py:840} INFO - DAG(s) 'example_params_trigger_ui' retrieved from /home/airflow/.local/lib/python3.8/site-packages/airflow/example_dags/example_params_trigger_ui.py
[2024-01-23T22:23:42.128+0000] {logging_mixin.py:188} INFO - [2024-01-23T22:23:42.128+0000] {dag.py:3036} INFO - Sync 1 DAGs
[2024-01-23T22:23:42.136+0000] {logging_mixin.py:188} INFO - [2024-01-23T22:23:42.136+0000] {dag.py:3823} INFO - Setting next_dagrun for example_params_trigger_ui to None, run_after=None
[2024-01-23T22:23:42.147+0000] {processor.py:183} INFO - Processing /home/airflow/.local/lib/python3.8/site-packages/airflow/example_dags/example_params_trigger_ui.py took 0.062 seconds
[2024-01-23T22:24:12.652+0000] {processor.py:161} INFO - Started process (PID=504) to work on /home/airflow/.local/lib/python3.8/site-packages/airflow/example_dags/example_params_trigger_ui.py
[2024-01-23T22:24:12.653+0000] {processor.py:830} INFO - Processing file /home/airflow/.local/lib/python3.8/site-packages/airflow/example_dags/example_params_trigger_ui.py for tasks to queue
[2024-01-23T22:24:12.654+0000] {logging_mixin.py:188} INFO - [2024-01-23T22:24:12.654+0000] {dagbag.py:538} INFO - Filling up the DagBag from /home/airflow/.local/lib/python3.8/site-packages/airflow/example_dags/example_params_trigger_ui.py
[2024-01-23T22:24:12.665+0000] {processor.py:840} INFO - DAG(s) 'example_params_trigger_ui' retrieved from /home/airflow/.local/lib/python3.8/site-packages/airflow/example_dags/example_params_trigger_ui.py
[2024-01-23T22:24:12.704+0000] {logging_mixin.py:188} INFO - [2024-01-23T22:24:12.704+0000] {dag.py:3036} INFO - Sync 1 DAGs
[2024-01-23T22:24:12.713+0000] {logging_mixin.py:188} INFO - [2024-01-23T22:24:12.713+0000] {dag.py:3823} INFO - Setting next_dagrun for example_params_trigger_ui to None, run_after=None
[2024-01-23T22:24:12.727+0000] {processor.py:183} INFO - Processing /home/airflow/.local/lib/python3.8/site-packages/airflow/example_dags/example_params_trigger_ui.py took 0.078 seconds
[2024-01-23T22:24:42.835+0000] {processor.py:161} INFO - Started process (PID=559) to work on /home/airflow/.local/lib/python3.8/site-packages/airflow/example_dags/example_params_trigger_ui.py
[2024-01-23T22:24:42.836+0000] {processor.py:830} INFO - Processing file /home/airflow/.local/lib/python3.8/site-packages/airflow/example_dags/example_params_trigger_ui.py for tasks to queue
[2024-01-23T22:24:42.837+0000] {logging_mixin.py:188} INFO - [2024-01-23T22:24:42.837+0000] {dagbag.py:538} INFO - Filling up the DagBag from /home/airflow/.local/lib/python3.8/site-packages/airflow/example_dags/example_params_trigger_ui.py
[2024-01-23T22:24:42.844+0000] {processor.py:840} INFO - DAG(s) 'example_params_trigger_ui' retrieved from /home/airflow/.local/lib/python3.8/site-packages/airflow/example_dags/example_params_trigger_ui.py
[2024-01-23T22:24:42.876+0000] {logging_mixin.py:188} INFO - [2024-01-23T22:24:42.876+0000] {dag.py:3036} INFO - Sync 1 DAGs
[2024-01-23T22:24:42.883+0000] {logging_mixin.py:188} INFO - [2024-01-23T22:24:42.883+0000] {dag.py:3823} INFO - Setting next_dagrun for example_params_trigger_ui to None, run_after=None
[2024-01-23T22:24:42.895+0000] {processor.py:183} INFO - Processing /home/airflow/.local/lib/python3.8/site-packages/airflow/example_dags/example_params_trigger_ui.py took 0.063 seconds
[2024-01-23T22:25:13.078+0000] {processor.py:161} INFO - Started process (PID=616) to work on /home/airflow/.local/lib/python3.8/site-packages/airflow/example_dags/example_params_trigger_ui.py
[2024-01-23T22:25:13.078+0000] {processor.py:830} INFO - Processing file /home/airflow/.local/lib/python3.8/site-packages/airflow/example_dags/example_params_trigger_ui.py for tasks to queue
[2024-01-23T22:25:13.079+0000] {logging_mixin.py:188} INFO - [2024-01-23T22:25:13.079+0000] {dagbag.py:538} INFO - Filling up the DagBag from /home/airflow/.local/lib/python3.8/site-packages/airflow/example_dags/example_params_trigger_ui.py
[2024-01-23T22:25:13.087+0000] {processor.py:840} INFO - DAG(s) 'example_params_trigger_ui' retrieved from /home/airflow/.local/lib/python3.8/site-packages/airflow/example_dags/example_params_trigger_ui.py
[2024-01-23T22:25:13.116+0000] {logging_mixin.py:188} INFO - [2024-01-23T22:25:13.116+0000] {dag.py:3036} INFO - Sync 1 DAGs
[2024-01-23T22:25:13.124+0000] {logging_mixin.py:188} INFO - [2024-01-23T22:25:13.123+0000] {dag.py:3823} INFO - Setting next_dagrun for example_params_trigger_ui to None, run_after=None
[2024-01-23T22:25:13.134+0000] {processor.py:183} INFO - Processing /home/airflow/.local/lib/python3.8/site-packages/airflow/example_dags/example_params_trigger_ui.py took 0.058 seconds
[2024-01-23T22:25:43.287+0000] {processor.py:161} INFO - Started process (PID=673) to work on /home/airflow/.local/lib/python3.8/site-packages/airflow/example_dags/example_params_trigger_ui.py
[2024-01-23T22:25:43.288+0000] {processor.py:830} INFO - Processing file /home/airflow/.local/lib/python3.8/site-packages/airflow/example_dags/example_params_trigger_ui.py for tasks to queue
[2024-01-23T22:25:43.289+0000] {logging_mixin.py:188} INFO - [2024-01-23T22:25:43.289+0000] {dagbag.py:538} INFO - Filling up the DagBag from /home/airflow/.local/lib/python3.8/site-packages/airflow/example_dags/example_params_trigger_ui.py
[2024-01-23T22:25:43.296+0000] {processor.py:840} INFO - DAG(s) 'example_params_trigger_ui' retrieved from /home/airflow/.local/lib/python3.8/site-packages/airflow/example_dags/example_params_trigger_ui.py
[2024-01-23T22:25:43.328+0000] {logging_mixin.py:188} INFO - [2024-01-23T22:25:43.328+0000] {dag.py:3036} INFO - Sync 1 DAGs
[2024-01-23T22:25:43.337+0000] {logging_mixin.py:188} INFO - [2024-01-23T22:25:43.336+0000] {dag.py:3823} INFO - Setting next_dagrun for example_params_trigger_ui to None, run_after=None
[2024-01-23T22:25:43.350+0000] {processor.py:183} INFO - Processing /home/airflow/.local/lib/python3.8/site-packages/airflow/example_dags/example_params_trigger_ui.py took 0.064 seconds
[2024-01-23T22:26:13.459+0000] {processor.py:161} INFO - Started process (PID=730) to work on /home/airflow/.local/lib/python3.8/site-packages/airflow/example_dags/example_params_trigger_ui.py
[2024-01-23T22:26:13.460+0000] {processor.py:830} INFO - Processing file /home/airflow/.local/lib/python3.8/site-packages/airflow/example_dags/example_params_trigger_ui.py for tasks to queue
[2024-01-23T22:26:13.461+0000] {logging_mixin.py:188} INFO - [2024-01-23T22:26:13.460+0000] {dagbag.py:538} INFO - Filling up the DagBag from /home/airflow/.local/lib/python3.8/site-packages/airflow/example_dags/example_params_trigger_ui.py
[2024-01-23T22:26:13.469+0000] {processor.py:840} INFO - DAG(s) 'example_params_trigger_ui' retrieved from /home/airflow/.local/lib/python3.8/site-packages/airflow/example_dags/example_params_trigger_ui.py
[2024-01-23T22:26:13.502+0000] {logging_mixin.py:188} INFO - [2024-01-23T22:26:13.501+0000] {dag.py:3036} INFO - Sync 1 DAGs
[2024-01-23T22:26:13.510+0000] {logging_mixin.py:188} INFO - [2024-01-23T22:26:13.510+0000] {dag.py:3823} INFO - Setting next_dagrun for example_params_trigger_ui to None, run_after=None
[2024-01-23T22:26:13.523+0000] {processor.py:183} INFO - Processing /home/airflow/.local/lib/python3.8/site-packages/airflow/example_dags/example_params_trigger_ui.py took 0.066 seconds
[2024-01-23T22:26:43.799+0000] {processor.py:161} INFO - Started process (PID=787) to work on /home/airflow/.local/lib/python3.8/site-packages/airflow/example_dags/example_params_trigger_ui.py
[2024-01-23T22:26:43.800+0000] {processor.py:830} INFO - Processing file /home/airflow/.local/lib/python3.8/site-packages/airflow/example_dags/example_params_trigger_ui.py for tasks to queue
[2024-01-23T22:26:43.801+0000] {logging_mixin.py:188} INFO - [2024-01-23T22:26:43.801+0000] {dagbag.py:538} INFO - Filling up the DagBag from /home/airflow/.local/lib/python3.8/site-packages/airflow/example_dags/example_params_trigger_ui.py
[2024-01-23T22:26:43.810+0000] {processor.py:840} INFO - DAG(s) 'example_params_trigger_ui' retrieved from /home/airflow/.local/lib/python3.8/site-packages/airflow/example_dags/example_params_trigger_ui.py
[2024-01-23T22:26:43.844+0000] {logging_mixin.py:188} INFO - [2024-01-23T22:26:43.843+0000] {dag.py:3036} INFO - Sync 1 DAGs
[2024-01-23T22:26:43.851+0000] {logging_mixin.py:188} INFO - [2024-01-23T22:26:43.851+0000] {dag.py:3823} INFO - Setting next_dagrun for example_params_trigger_ui to None, run_after=None
[2024-01-23T22:26:43.866+0000] {processor.py:183} INFO - Processing /home/airflow/.local/lib/python3.8/site-packages/airflow/example_dags/example_params_trigger_ui.py took 0.069 seconds
[2024-01-23T22:27:14.656+0000] {processor.py:161} INFO - Started process (PID=844) to work on /home/airflow/.local/lib/python3.8/site-packages/airflow/example_dags/example_params_trigger_ui.py
[2024-01-23T22:27:14.656+0000] {processor.py:830} INFO - Processing file /home/airflow/.local/lib/python3.8/site-packages/airflow/example_dags/example_params_trigger_ui.py for tasks to queue
[2024-01-23T22:27:14.657+0000] {logging_mixin.py:188} INFO - [2024-01-23T22:27:14.657+0000] {dagbag.py:538} INFO - Filling up the DagBag from /home/airflow/.local/lib/python3.8/site-packages/airflow/example_dags/example_params_trigger_ui.py
[2024-01-23T22:27:14.664+0000] {processor.py:840} INFO - DAG(s) 'example_params_trigger_ui' retrieved from /home/airflow/.local/lib/python3.8/site-packages/airflow/example_dags/example_params_trigger_ui.py
[2024-01-23T22:27:14.697+0000] {logging_mixin.py:188} INFO - [2024-01-23T22:27:14.697+0000] {dag.py:3036} INFO - Sync 1 DAGs
[2024-01-23T22:27:14.705+0000] {logging_mixin.py:188} INFO - [2024-01-23T22:27:14.705+0000] {dag.py:3823} INFO - Setting next_dagrun for example_params_trigger_ui to None, run_after=None
[2024-01-23T22:27:14.717+0000] {processor.py:183} INFO - Processing /home/airflow/.local/lib/python3.8/site-packages/airflow/example_dags/example_params_trigger_ui.py took 0.064 seconds
[2024-01-23T22:27:45.139+0000] {processor.py:161} INFO - Started process (PID=901) to work on /home/airflow/.local/lib/python3.8/site-packages/airflow/example_dags/example_params_trigger_ui.py
[2024-01-23T22:27:45.140+0000] {processor.py:830} INFO - Processing file /home/airflow/.local/lib/python3.8/site-packages/airflow/example_dags/example_params_trigger_ui.py for tasks to queue
[2024-01-23T22:27:45.141+0000] {logging_mixin.py:188} INFO - [2024-01-23T22:27:45.141+0000] {dagbag.py:538} INFO - Filling up the DagBag from /home/airflow/.local/lib/python3.8/site-packages/airflow/example_dags/example_params_trigger_ui.py
[2024-01-23T22:27:45.149+0000] {processor.py:840} INFO - DAG(s) 'example_params_trigger_ui' retrieved from /home/airflow/.local/lib/python3.8/site-packages/airflow/example_dags/example_params_trigger_ui.py
[2024-01-23T22:27:45.185+0000] {logging_mixin.py:188} INFO - [2024-01-23T22:27:45.185+0000] {dag.py:3036} INFO - Sync 1 DAGs
[2024-01-23T22:27:45.193+0000] {logging_mixin.py:188} INFO - [2024-01-23T22:27:45.193+0000] {dag.py:3823} INFO - Setting next_dagrun for example_params_trigger_ui to None, run_after=None
[2024-01-23T22:27:45.206+0000] {processor.py:183} INFO - Processing /home/airflow/.local/lib/python3.8/site-packages/airflow/example_dags/example_params_trigger_ui.py took 0.069 seconds
[2024-01-23T22:28:15.314+0000] {processor.py:161} INFO - Started process (PID=958) to work on /home/airflow/.local/lib/python3.8/site-packages/airflow/example_dags/example_params_trigger_ui.py
[2024-01-23T22:28:15.315+0000] {processor.py:830} INFO - Processing file /home/airflow/.local/lib/python3.8/site-packages/airflow/example_dags/example_params_trigger_ui.py for tasks to queue
[2024-01-23T22:28:15.316+0000] {logging_mixin.py:188} INFO - [2024-01-23T22:28:15.315+0000] {dagbag.py:538} INFO - Filling up the DagBag from /home/airflow/.local/lib/python3.8/site-packages/airflow/example_dags/example_params_trigger_ui.py
[2024-01-23T22:28:15.324+0000] {processor.py:840} INFO - DAG(s) 'example_params_trigger_ui' retrieved from /home/airflow/.local/lib/python3.8/site-packages/airflow/example_dags/example_params_trigger_ui.py
[2024-01-23T22:28:15.364+0000] {logging_mixin.py:188} INFO - [2024-01-23T22:28:15.363+0000] {dag.py:3036} INFO - Sync 1 DAGs
[2024-01-23T22:28:15.372+0000] {logging_mixin.py:188} INFO - [2024-01-23T22:28:15.372+0000] {dag.py:3823} INFO - Setting next_dagrun for example_params_trigger_ui to None, run_after=None
[2024-01-23T22:28:15.384+0000] {processor.py:183} INFO - Processing /home/airflow/.local/lib/python3.8/site-packages/airflow/example_dags/example_params_trigger_ui.py took 0.071 seconds
[2024-01-23T22:28:45.551+0000] {processor.py:161} INFO - Started process (PID=1015) to work on /home/airflow/.local/lib/python3.8/site-packages/airflow/example_dags/example_params_trigger_ui.py
[2024-01-23T22:28:45.552+0000] {processor.py:830} INFO - Processing file /home/airflow/.local/lib/python3.8/site-packages/airflow/example_dags/example_params_trigger_ui.py for tasks to queue
[2024-01-23T22:28:45.553+0000] {logging_mixin.py:188} INFO - [2024-01-23T22:28:45.552+0000] {dagbag.py:538} INFO - Filling up the DagBag from /home/airflow/.local/lib/python3.8/site-packages/airflow/example_dags/example_params_trigger_ui.py
[2024-01-23T22:28:45.562+0000] {processor.py:840} INFO - DAG(s) 'example_params_trigger_ui' retrieved from /home/airflow/.local/lib/python3.8/site-packages/airflow/example_dags/example_params_trigger_ui.py
[2024-01-23T22:28:45.597+0000] {logging_mixin.py:188} INFO - [2024-01-23T22:28:45.596+0000] {dag.py:3036} INFO - Sync 1 DAGs
[2024-01-23T22:28:45.607+0000] {logging_mixin.py:188} INFO - [2024-01-23T22:28:45.607+0000] {dag.py:3823} INFO - Setting next_dagrun for example_params_trigger_ui to None, run_after=None
[2024-01-23T22:28:45.626+0000] {processor.py:183} INFO - Processing /home/airflow/.local/lib/python3.8/site-packages/airflow/example_dags/example_params_trigger_ui.py took 0.077 seconds
[2024-01-23T22:29:15.752+0000] {processor.py:161} INFO - Started process (PID=1072) to work on /home/airflow/.local/lib/python3.8/site-packages/airflow/example_dags/example_params_trigger_ui.py
[2024-01-23T22:29:15.752+0000] {processor.py:830} INFO - Processing file /home/airflow/.local/lib/python3.8/site-packages/airflow/example_dags/example_params_trigger_ui.py for tasks to queue
[2024-01-23T22:29:15.753+0000] {logging_mixin.py:188} INFO - [2024-01-23T22:29:15.753+0000] {dagbag.py:538} INFO - Filling up the DagBag from /home/airflow/.local/lib/python3.8/site-packages/airflow/example_dags/example_params_trigger_ui.py
[2024-01-23T22:29:15.762+0000] {processor.py:840} INFO - DAG(s) 'example_params_trigger_ui' retrieved from /home/airflow/.local/lib/python3.8/site-packages/airflow/example_dags/example_params_trigger_ui.py
[2024-01-23T22:29:15.793+0000] {logging_mixin.py:188} INFO - [2024-01-23T22:29:15.793+0000] {dag.py:3036} INFO - Sync 1 DAGs
[2024-01-23T22:29:15.800+0000] {logging_mixin.py:188} INFO - [2024-01-23T22:29:15.800+0000] {dag.py:3823} INFO - Setting next_dagrun for example_params_trigger_ui to None, run_after=None
[2024-01-23T22:29:15.811+0000] {processor.py:183} INFO - Processing /home/airflow/.local/lib/python3.8/site-packages/airflow/example_dags/example_params_trigger_ui.py took 0.062 seconds
[2024-01-23T22:29:46.041+0000] {processor.py:161} INFO - Started process (PID=1129) to work on /home/airflow/.local/lib/python3.8/site-packages/airflow/example_dags/example_params_trigger_ui.py
[2024-01-23T22:29:46.041+0000] {processor.py:830} INFO - Processing file /home/airflow/.local/lib/python3.8/site-packages/airflow/example_dags/example_params_trigger_ui.py for tasks to queue
[2024-01-23T22:29:46.042+0000] {logging_mixin.py:188} INFO - [2024-01-23T22:29:46.042+0000] {dagbag.py:538} INFO - Filling up the DagBag from /home/airflow/.local/lib/python3.8/site-packages/airflow/example_dags/example_params_trigger_ui.py
[2024-01-23T22:29:46.050+0000] {processor.py:840} INFO - DAG(s) 'example_params_trigger_ui' retrieved from /home/airflow/.local/lib/python3.8/site-packages/airflow/example_dags/example_params_trigger_ui.py
[2024-01-23T22:29:46.081+0000] {logging_mixin.py:188} INFO - [2024-01-23T22:29:46.081+0000] {dag.py:3036} INFO - Sync 1 DAGs
[2024-01-23T22:29:46.088+0000] {logging_mixin.py:188} INFO - [2024-01-23T22:29:46.088+0000] {dag.py:3823} INFO - Setting next_dagrun for example_params_trigger_ui to None, run_after=None
[2024-01-23T22:29:46.100+0000] {processor.py:183} INFO - Processing /home/airflow/.local/lib/python3.8/site-packages/airflow/example_dags/example_params_trigger_ui.py took 0.061 seconds
