[2024-01-23T22:20:06.932+0000] {processor.py:161} INFO - Started process (PID=54) to work on /home/airflow/.local/lib/python3.8/site-packages/airflow/example_dags/example_datasets.py
[2024-01-23T22:20:06.933+0000] {processor.py:830} INFO - Processing file /home/airflow/.local/lib/python3.8/site-packages/airflow/example_dags/example_datasets.py for tasks to queue
[2024-01-23T22:20:06.934+0000] {logging_mixin.py:188} INFO - [2024-01-23T22:20:06.934+0000] {dagbag.py:538} INFO - Filling up the DagBag from /home/airflow/.local/lib/python3.8/site-packages/airflow/example_dags/example_datasets.py
[2024-01-23T22:20:06.941+0000] {processor.py:840} INFO - DAG(s) 'dataset_consumes_1', 'dataset_consumes_unknown_never_scheduled', 'dataset_produces_1', 'dataset_consumes_1_and_2', 'dataset_produces_2', 'dataset_consumes_1_never_scheduled' retrieved from /home/airflow/.local/lib/python3.8/site-packages/airflow/example_dags/example_datasets.py
[2024-01-23T22:20:07.006+0000] {logging_mixin.py:188} INFO - [2024-01-23T22:20:07.005+0000] {override.py:1769} INFO - Created Permission View: can delete on DAG:dataset_consumes_1
[2024-01-23T22:20:07.012+0000] {logging_mixin.py:188} INFO - [2024-01-23T22:20:07.012+0000] {override.py:1769} INFO - Created Permission View: can edit on DAG:dataset_consumes_1
[2024-01-23T22:20:07.017+0000] {logging_mixin.py:188} INFO - [2024-01-23T22:20:07.017+0000] {override.py:1769} INFO - Created Permission View: can read on DAG:dataset_consumes_1
[2024-01-23T22:20:07.026+0000] {logging_mixin.py:188} INFO - [2024-01-23T22:20:07.026+0000] {override.py:1769} INFO - Created Permission View: can delete on DAG:dataset_consumes_unknown_never_scheduled
[2024-01-23T22:20:07.030+0000] {logging_mixin.py:188} INFO - [2024-01-23T22:20:07.029+0000] {override.py:1769} INFO - Created Permission View: can edit on DAG:dataset_consumes_unknown_never_scheduled
[2024-01-23T22:20:07.033+0000] {logging_mixin.py:188} INFO - [2024-01-23T22:20:07.033+0000] {override.py:1769} INFO - Created Permission View: can read on DAG:dataset_consumes_unknown_never_scheduled
[2024-01-23T22:20:07.041+0000] {logging_mixin.py:188} INFO - [2024-01-23T22:20:07.040+0000] {override.py:1769} INFO - Created Permission View: can delete on DAG:dataset_produces_1
[2024-01-23T22:20:07.044+0000] {logging_mixin.py:188} INFO - [2024-01-23T22:20:07.044+0000] {override.py:1769} INFO - Created Permission View: can edit on DAG:dataset_produces_1
[2024-01-23T22:20:07.049+0000] {logging_mixin.py:188} INFO - [2024-01-23T22:20:07.049+0000] {override.py:1769} INFO - Created Permission View: can read on DAG:dataset_produces_1
[2024-01-23T22:20:07.057+0000] {logging_mixin.py:188} INFO - [2024-01-23T22:20:07.057+0000] {override.py:1769} INFO - Created Permission View: can delete on DAG:dataset_consumes_1_and_2
[2024-01-23T22:20:07.062+0000] {logging_mixin.py:188} INFO - [2024-01-23T22:20:07.061+0000] {override.py:1769} INFO - Created Permission View: can edit on DAG:dataset_consumes_1_and_2
[2024-01-23T22:20:07.066+0000] {logging_mixin.py:188} INFO - [2024-01-23T22:20:07.065+0000] {override.py:1769} INFO - Created Permission View: can read on DAG:dataset_consumes_1_and_2
[2024-01-23T22:20:07.076+0000] {logging_mixin.py:188} INFO - [2024-01-23T22:20:07.075+0000] {override.py:1769} INFO - Created Permission View: can delete on DAG:dataset_produces_2
[2024-01-23T22:20:07.081+0000] {logging_mixin.py:188} INFO - [2024-01-23T22:20:07.080+0000] {override.py:1769} INFO - Created Permission View: can edit on DAG:dataset_produces_2
[2024-01-23T22:20:07.086+0000] {logging_mixin.py:188} INFO - [2024-01-23T22:20:07.085+0000] {override.py:1769} INFO - Created Permission View: can read on DAG:dataset_produces_2
[2024-01-23T22:20:07.095+0000] {logging_mixin.py:188} INFO - [2024-01-23T22:20:07.095+0000] {override.py:1769} INFO - Created Permission View: can delete on DAG:dataset_consumes_1_never_scheduled
[2024-01-23T22:20:07.099+0000] {logging_mixin.py:188} INFO - [2024-01-23T22:20:07.099+0000] {override.py:1769} INFO - Created Permission View: can edit on DAG:dataset_consumes_1_never_scheduled
[2024-01-23T22:20:07.103+0000] {logging_mixin.py:188} INFO - [2024-01-23T22:20:07.103+0000] {override.py:1769} INFO - Created Permission View: can read on DAG:dataset_consumes_1_never_scheduled
[2024-01-23T22:20:07.104+0000] {logging_mixin.py:188} INFO - [2024-01-23T22:20:07.103+0000] {dag.py:3036} INFO - Sync 6 DAGs
[2024-01-23T22:20:07.111+0000] {logging_mixin.py:188} INFO - [2024-01-23T22:20:07.110+0000] {dag.py:3058} INFO - Creating ORM DAG for dataset_consumes_unknown_never_scheduled
[2024-01-23T22:20:07.111+0000] {logging_mixin.py:188} INFO - [2024-01-23T22:20:07.111+0000] {dag.py:3058} INFO - Creating ORM DAG for dataset_consumes_1
[2024-01-23T22:20:07.111+0000] {logging_mixin.py:188} INFO - [2024-01-23T22:20:07.111+0000] {dag.py:3058} INFO - Creating ORM DAG for dataset_produces_2
[2024-01-23T22:20:07.112+0000] {logging_mixin.py:188} INFO - [2024-01-23T22:20:07.112+0000] {dag.py:3058} INFO - Creating ORM DAG for dataset_consumes_1_never_scheduled
[2024-01-23T22:20:07.112+0000] {logging_mixin.py:188} INFO - [2024-01-23T22:20:07.112+0000] {dag.py:3058} INFO - Creating ORM DAG for dataset_produces_1
[2024-01-23T22:20:07.112+0000] {logging_mixin.py:188} INFO - [2024-01-23T22:20:07.112+0000] {dag.py:3058} INFO - Creating ORM DAG for dataset_consumes_1_and_2
[2024-01-23T22:20:07.118+0000] {logging_mixin.py:188} INFO - [2024-01-23T22:20:07.118+0000] {dag.py:3823} INFO - Setting next_dagrun for dataset_consumes_1 to None, run_after=None
[2024-01-23T22:20:07.119+0000] {logging_mixin.py:188} INFO - [2024-01-23T22:20:07.119+0000] {dag.py:3823} INFO - Setting next_dagrun for dataset_consumes_1_and_2 to None, run_after=None
[2024-01-23T22:20:07.119+0000] {logging_mixin.py:188} INFO - [2024-01-23T22:20:07.119+0000] {dag.py:3823} INFO - Setting next_dagrun for dataset_consumes_1_never_scheduled to None, run_after=None
[2024-01-23T22:20:07.119+0000] {logging_mixin.py:188} INFO - [2024-01-23T22:20:07.119+0000] {dag.py:3823} INFO - Setting next_dagrun for dataset_consumes_unknown_never_scheduled to None, run_after=None
[2024-01-23T22:20:07.121+0000] {logging_mixin.py:188} INFO - [2024-01-23T22:20:07.121+0000] {dag.py:3823} INFO - Setting next_dagrun for dataset_produces_1 to 2024-01-22 00:00:00+00:00, run_after=2024-01-23 00:00:00+00:00
[2024-01-23T22:20:07.121+0000] {logging_mixin.py:188} INFO - [2024-01-23T22:20:07.121+0000] {dag.py:3823} INFO - Setting next_dagrun for dataset_produces_2 to None, run_after=None
[2024-01-23T22:20:07.145+0000] {processor.py:183} INFO - Processing /home/airflow/.local/lib/python3.8/site-packages/airflow/example_dags/example_datasets.py took 0.215 seconds
[2024-01-23T22:20:37.216+0000] {processor.py:161} INFO - Started process (PID=109) to work on /home/airflow/.local/lib/python3.8/site-packages/airflow/example_dags/example_datasets.py
[2024-01-23T22:20:37.216+0000] {processor.py:830} INFO - Processing file /home/airflow/.local/lib/python3.8/site-packages/airflow/example_dags/example_datasets.py for tasks to queue
[2024-01-23T22:20:37.217+0000] {logging_mixin.py:188} INFO - [2024-01-23T22:20:37.217+0000] {dagbag.py:538} INFO - Filling up the DagBag from /home/airflow/.local/lib/python3.8/site-packages/airflow/example_dags/example_datasets.py
[2024-01-23T22:20:37.222+0000] {processor.py:840} INFO - DAG(s) 'dataset_consumes_1', 'dataset_consumes_1_never_scheduled', 'dataset_produces_2', 'dataset_consumes_unknown_never_scheduled', 'dataset_produces_1', 'dataset_consumes_1_and_2' retrieved from /home/airflow/.local/lib/python3.8/site-packages/airflow/example_dags/example_datasets.py
[2024-01-23T22:20:37.242+0000] {logging_mixin.py:188} INFO - [2024-01-23T22:20:37.242+0000] {dag.py:3036} INFO - Sync 6 DAGs
[2024-01-23T22:20:37.256+0000] {logging_mixin.py:188} INFO - [2024-01-23T22:20:37.256+0000] {dag.py:3823} INFO - Setting next_dagrun for dataset_consumes_1 to None, run_after=None
[2024-01-23T22:20:37.259+0000] {logging_mixin.py:188} INFO - [2024-01-23T22:20:37.259+0000] {dag.py:3823} INFO - Setting next_dagrun for dataset_consumes_1_and_2 to None, run_after=None
[2024-01-23T22:20:37.260+0000] {logging_mixin.py:188} INFO - [2024-01-23T22:20:37.260+0000] {dag.py:3823} INFO - Setting next_dagrun for dataset_consumes_1_never_scheduled to None, run_after=None
[2024-01-23T22:20:37.261+0000] {logging_mixin.py:188} INFO - [2024-01-23T22:20:37.261+0000] {dag.py:3823} INFO - Setting next_dagrun for dataset_consumes_unknown_never_scheduled to None, run_after=None
[2024-01-23T22:20:37.263+0000] {logging_mixin.py:188} INFO - [2024-01-23T22:20:37.262+0000] {dag.py:3823} INFO - Setting next_dagrun for dataset_produces_1 to 2024-01-22 00:00:00+00:00, run_after=2024-01-23 00:00:00+00:00
[2024-01-23T22:20:37.263+0000] {logging_mixin.py:188} INFO - [2024-01-23T22:20:37.263+0000] {dag.py:3823} INFO - Setting next_dagrun for dataset_produces_2 to None, run_after=None
[2024-01-23T22:20:37.280+0000] {processor.py:183} INFO - Processing /home/airflow/.local/lib/python3.8/site-packages/airflow/example_dags/example_datasets.py took 0.066 seconds
[2024-01-23T22:21:07.952+0000] {processor.py:161} INFO - Started process (PID=164) to work on /home/airflow/.local/lib/python3.8/site-packages/airflow/example_dags/example_datasets.py
[2024-01-23T22:21:07.952+0000] {processor.py:830} INFO - Processing file /home/airflow/.local/lib/python3.8/site-packages/airflow/example_dags/example_datasets.py for tasks to queue
[2024-01-23T22:21:07.953+0000] {logging_mixin.py:188} INFO - [2024-01-23T22:21:07.953+0000] {dagbag.py:538} INFO - Filling up the DagBag from /home/airflow/.local/lib/python3.8/site-packages/airflow/example_dags/example_datasets.py
[2024-01-23T22:21:07.959+0000] {processor.py:840} INFO - DAG(s) 'dataset_produces_2', 'dataset_consumes_unknown_never_scheduled', 'dataset_consumes_1', 'dataset_produces_1', 'dataset_consumes_1_never_scheduled', 'dataset_consumes_1_and_2' retrieved from /home/airflow/.local/lib/python3.8/site-packages/airflow/example_dags/example_datasets.py
[2024-01-23T22:21:07.979+0000] {logging_mixin.py:188} INFO - [2024-01-23T22:21:07.979+0000] {dag.py:3036} INFO - Sync 6 DAGs
[2024-01-23T22:21:07.993+0000] {logging_mixin.py:188} INFO - [2024-01-23T22:21:07.993+0000] {dag.py:3823} INFO - Setting next_dagrun for dataset_consumes_1 to None, run_after=None
[2024-01-23T22:21:07.995+0000] {logging_mixin.py:188} INFO - [2024-01-23T22:21:07.995+0000] {dag.py:3823} INFO - Setting next_dagrun for dataset_consumes_1_and_2 to None, run_after=None
[2024-01-23T22:21:07.996+0000] {logging_mixin.py:188} INFO - [2024-01-23T22:21:07.996+0000] {dag.py:3823} INFO - Setting next_dagrun for dataset_consumes_1_never_scheduled to None, run_after=None
[2024-01-23T22:21:07.997+0000] {logging_mixin.py:188} INFO - [2024-01-23T22:21:07.997+0000] {dag.py:3823} INFO - Setting next_dagrun for dataset_consumes_unknown_never_scheduled to None, run_after=None
[2024-01-23T22:21:07.998+0000] {logging_mixin.py:188} INFO - [2024-01-23T22:21:07.998+0000] {dag.py:3823} INFO - Setting next_dagrun for dataset_produces_1 to 2024-01-22 00:00:00+00:00, run_after=2024-01-23 00:00:00+00:00
[2024-01-23T22:21:07.999+0000] {logging_mixin.py:188} INFO - [2024-01-23T22:21:07.999+0000] {dag.py:3823} INFO - Setting next_dagrun for dataset_produces_2 to None, run_after=None
[2024-01-23T22:21:08.016+0000] {processor.py:183} INFO - Processing /home/airflow/.local/lib/python3.8/site-packages/airflow/example_dags/example_datasets.py took 0.066 seconds
[2024-01-23T22:21:38.605+0000] {processor.py:161} INFO - Started process (PID=219) to work on /home/airflow/.local/lib/python3.8/site-packages/airflow/example_dags/example_datasets.py
[2024-01-23T22:21:38.606+0000] {processor.py:830} INFO - Processing file /home/airflow/.local/lib/python3.8/site-packages/airflow/example_dags/example_datasets.py for tasks to queue
[2024-01-23T22:21:38.606+0000] {logging_mixin.py:188} INFO - [2024-01-23T22:21:38.606+0000] {dagbag.py:538} INFO - Filling up the DagBag from /home/airflow/.local/lib/python3.8/site-packages/airflow/example_dags/example_datasets.py
[2024-01-23T22:21:38.612+0000] {processor.py:840} INFO - DAG(s) 'dataset_produces_1', 'dataset_produces_2', 'dataset_consumes_unknown_never_scheduled', 'dataset_consumes_1', 'dataset_consumes_1_never_scheduled', 'dataset_consumes_1_and_2' retrieved from /home/airflow/.local/lib/python3.8/site-packages/airflow/example_dags/example_datasets.py
[2024-01-23T22:21:38.638+0000] {logging_mixin.py:188} INFO - [2024-01-23T22:21:38.637+0000] {dag.py:3036} INFO - Sync 6 DAGs
[2024-01-23T22:21:38.651+0000] {logging_mixin.py:188} INFO - [2024-01-23T22:21:38.651+0000] {dag.py:3823} INFO - Setting next_dagrun for dataset_consumes_1 to None, run_after=None
[2024-01-23T22:21:38.653+0000] {logging_mixin.py:188} INFO - [2024-01-23T22:21:38.653+0000] {dag.py:3823} INFO - Setting next_dagrun for dataset_consumes_1_and_2 to None, run_after=None
[2024-01-23T22:21:38.654+0000] {logging_mixin.py:188} INFO - [2024-01-23T22:21:38.654+0000] {dag.py:3823} INFO - Setting next_dagrun for dataset_consumes_1_never_scheduled to None, run_after=None
[2024-01-23T22:21:38.655+0000] {logging_mixin.py:188} INFO - [2024-01-23T22:21:38.655+0000] {dag.py:3823} INFO - Setting next_dagrun for dataset_consumes_unknown_never_scheduled to None, run_after=None
[2024-01-23T22:21:38.656+0000] {logging_mixin.py:188} INFO - [2024-01-23T22:21:38.656+0000] {dag.py:3823} INFO - Setting next_dagrun for dataset_produces_1 to 2024-01-22 00:00:00+00:00, run_after=2024-01-23 00:00:00+00:00
[2024-01-23T22:21:38.657+0000] {logging_mixin.py:188} INFO - [2024-01-23T22:21:38.657+0000] {dag.py:3823} INFO - Setting next_dagrun for dataset_produces_2 to None, run_after=None
[2024-01-23T22:21:38.674+0000] {processor.py:183} INFO - Processing /home/airflow/.local/lib/python3.8/site-packages/airflow/example_dags/example_datasets.py took 0.071 seconds
[2024-01-23T22:22:09.484+0000] {processor.py:161} INFO - Started process (PID=274) to work on /home/airflow/.local/lib/python3.8/site-packages/airflow/example_dags/example_datasets.py
[2024-01-23T22:22:09.484+0000] {processor.py:830} INFO - Processing file /home/airflow/.local/lib/python3.8/site-packages/airflow/example_dags/example_datasets.py for tasks to queue
[2024-01-23T22:22:09.485+0000] {logging_mixin.py:188} INFO - [2024-01-23T22:22:09.485+0000] {dagbag.py:538} INFO - Filling up the DagBag from /home/airflow/.local/lib/python3.8/site-packages/airflow/example_dags/example_datasets.py
[2024-01-23T22:22:09.490+0000] {processor.py:840} INFO - DAG(s) 'dataset_consumes_unknown_never_scheduled', 'dataset_produces_1', 'dataset_produces_2', 'dataset_consumes_1_never_scheduled', 'dataset_consumes_1', 'dataset_consumes_1_and_2' retrieved from /home/airflow/.local/lib/python3.8/site-packages/airflow/example_dags/example_datasets.py
[2024-01-23T22:22:09.513+0000] {logging_mixin.py:188} INFO - [2024-01-23T22:22:09.512+0000] {dag.py:3036} INFO - Sync 6 DAGs
[2024-01-23T22:22:09.528+0000] {logging_mixin.py:188} INFO - [2024-01-23T22:22:09.528+0000] {dag.py:3823} INFO - Setting next_dagrun for dataset_consumes_1 to None, run_after=None
[2024-01-23T22:22:09.531+0000] {logging_mixin.py:188} INFO - [2024-01-23T22:22:09.530+0000] {dag.py:3823} INFO - Setting next_dagrun for dataset_consumes_1_and_2 to None, run_after=None
[2024-01-23T22:22:09.531+0000] {logging_mixin.py:188} INFO - [2024-01-23T22:22:09.531+0000] {dag.py:3823} INFO - Setting next_dagrun for dataset_consumes_1_never_scheduled to None, run_after=None
[2024-01-23T22:22:09.532+0000] {logging_mixin.py:188} INFO - [2024-01-23T22:22:09.532+0000] {dag.py:3823} INFO - Setting next_dagrun for dataset_consumes_unknown_never_scheduled to None, run_after=None
[2024-01-23T22:22:09.534+0000] {logging_mixin.py:188} INFO - [2024-01-23T22:22:09.533+0000] {dag.py:3823} INFO - Setting next_dagrun for dataset_produces_1 to 2024-01-22 00:00:00+00:00, run_after=2024-01-23 00:00:00+00:00
[2024-01-23T22:22:09.534+0000] {logging_mixin.py:188} INFO - [2024-01-23T22:22:09.534+0000] {dag.py:3823} INFO - Setting next_dagrun for dataset_produces_2 to None, run_after=None
[2024-01-23T22:22:09.551+0000] {processor.py:183} INFO - Processing /home/airflow/.local/lib/python3.8/site-packages/airflow/example_dags/example_datasets.py took 0.069 seconds
[2024-01-23T22:22:39.732+0000] {processor.py:161} INFO - Started process (PID=329) to work on /home/airflow/.local/lib/python3.8/site-packages/airflow/example_dags/example_datasets.py
[2024-01-23T22:22:39.733+0000] {processor.py:830} INFO - Processing file /home/airflow/.local/lib/python3.8/site-packages/airflow/example_dags/example_datasets.py for tasks to queue
[2024-01-23T22:22:39.734+0000] {logging_mixin.py:188} INFO - [2024-01-23T22:22:39.733+0000] {dagbag.py:538} INFO - Filling up the DagBag from /home/airflow/.local/lib/python3.8/site-packages/airflow/example_dags/example_datasets.py
[2024-01-23T22:22:39.739+0000] {processor.py:840} INFO - DAG(s) 'dataset_produces_1', 'dataset_consumes_1', 'dataset_produces_2', 'dataset_consumes_unknown_never_scheduled', 'dataset_consumes_1_never_scheduled', 'dataset_consumes_1_and_2' retrieved from /home/airflow/.local/lib/python3.8/site-packages/airflow/example_dags/example_datasets.py
[2024-01-23T22:22:39.763+0000] {logging_mixin.py:188} INFO - [2024-01-23T22:22:39.763+0000] {dag.py:3036} INFO - Sync 6 DAGs
[2024-01-23T22:22:39.778+0000] {logging_mixin.py:188} INFO - [2024-01-23T22:22:39.777+0000] {dag.py:3823} INFO - Setting next_dagrun for dataset_consumes_1 to None, run_after=None
[2024-01-23T22:22:39.780+0000] {logging_mixin.py:188} INFO - [2024-01-23T22:22:39.780+0000] {dag.py:3823} INFO - Setting next_dagrun for dataset_consumes_1_and_2 to None, run_after=None
[2024-01-23T22:22:39.782+0000] {logging_mixin.py:188} INFO - [2024-01-23T22:22:39.781+0000] {dag.py:3823} INFO - Setting next_dagrun for dataset_consumes_1_never_scheduled to None, run_after=None
[2024-01-23T22:22:39.782+0000] {logging_mixin.py:188} INFO - [2024-01-23T22:22:39.782+0000] {dag.py:3823} INFO - Setting next_dagrun for dataset_consumes_unknown_never_scheduled to None, run_after=None
[2024-01-23T22:22:39.784+0000] {logging_mixin.py:188} INFO - [2024-01-23T22:22:39.784+0000] {dag.py:3823} INFO - Setting next_dagrun for dataset_produces_1 to 2024-01-22 00:00:00+00:00, run_after=2024-01-23 00:00:00+00:00
[2024-01-23T22:22:39.785+0000] {logging_mixin.py:188} INFO - [2024-01-23T22:22:39.785+0000] {dag.py:3823} INFO - Setting next_dagrun for dataset_produces_2 to None, run_after=None
[2024-01-23T22:22:39.803+0000] {processor.py:183} INFO - Processing /home/airflow/.local/lib/python3.8/site-packages/airflow/example_dags/example_datasets.py took 0.072 seconds
[2024-01-23T22:23:10.621+0000] {processor.py:161} INFO - Started process (PID=384) to work on /home/airflow/.local/lib/python3.8/site-packages/airflow/example_dags/example_datasets.py
[2024-01-23T22:23:10.622+0000] {processor.py:830} INFO - Processing file /home/airflow/.local/lib/python3.8/site-packages/airflow/example_dags/example_datasets.py for tasks to queue
[2024-01-23T22:23:10.623+0000] {logging_mixin.py:188} INFO - [2024-01-23T22:23:10.622+0000] {dagbag.py:538} INFO - Filling up the DagBag from /home/airflow/.local/lib/python3.8/site-packages/airflow/example_dags/example_datasets.py
[2024-01-23T22:23:10.628+0000] {processor.py:840} INFO - DAG(s) 'dataset_consumes_1', 'dataset_consumes_1_and_2', 'dataset_consumes_unknown_never_scheduled', 'dataset_produces_1', 'dataset_produces_2', 'dataset_consumes_1_never_scheduled' retrieved from /home/airflow/.local/lib/python3.8/site-packages/airflow/example_dags/example_datasets.py
[2024-01-23T22:23:10.658+0000] {logging_mixin.py:188} INFO - [2024-01-23T22:23:10.657+0000] {dag.py:3036} INFO - Sync 6 DAGs
[2024-01-23T22:23:10.673+0000] {logging_mixin.py:188} INFO - [2024-01-23T22:23:10.673+0000] {dag.py:3823} INFO - Setting next_dagrun for dataset_consumes_1 to None, run_after=None
[2024-01-23T22:23:10.676+0000] {logging_mixin.py:188} INFO - [2024-01-23T22:23:10.675+0000] {dag.py:3823} INFO - Setting next_dagrun for dataset_consumes_1_and_2 to None, run_after=None
[2024-01-23T22:23:10.676+0000] {logging_mixin.py:188} INFO - [2024-01-23T22:23:10.676+0000] {dag.py:3823} INFO - Setting next_dagrun for dataset_consumes_1_never_scheduled to None, run_after=None
[2024-01-23T22:23:10.677+0000] {logging_mixin.py:188} INFO - [2024-01-23T22:23:10.677+0000] {dag.py:3823} INFO - Setting next_dagrun for dataset_consumes_unknown_never_scheduled to None, run_after=None
[2024-01-23T22:23:10.679+0000] {logging_mixin.py:188} INFO - [2024-01-23T22:23:10.679+0000] {dag.py:3823} INFO - Setting next_dagrun for dataset_produces_1 to 2024-01-22 00:00:00+00:00, run_after=2024-01-23 00:00:00+00:00
[2024-01-23T22:23:10.679+0000] {logging_mixin.py:188} INFO - [2024-01-23T22:23:10.679+0000] {dag.py:3823} INFO - Setting next_dagrun for dataset_produces_2 to None, run_after=None
[2024-01-23T22:23:10.700+0000] {processor.py:183} INFO - Processing /home/airflow/.local/lib/python3.8/site-packages/airflow/example_dags/example_datasets.py took 0.081 seconds
[2024-01-23T22:23:40.762+0000] {processor.py:161} INFO - Started process (PID=440) to work on /home/airflow/.local/lib/python3.8/site-packages/airflow/example_dags/example_datasets.py
[2024-01-23T22:23:40.762+0000] {processor.py:830} INFO - Processing file /home/airflow/.local/lib/python3.8/site-packages/airflow/example_dags/example_datasets.py for tasks to queue
[2024-01-23T22:23:40.763+0000] {logging_mixin.py:188} INFO - [2024-01-23T22:23:40.763+0000] {dagbag.py:538} INFO - Filling up the DagBag from /home/airflow/.local/lib/python3.8/site-packages/airflow/example_dags/example_datasets.py
[2024-01-23T22:23:40.769+0000] {processor.py:840} INFO - DAG(s) 'dataset_consumes_unknown_never_scheduled', 'dataset_consumes_1_and_2', 'dataset_produces_1', 'dataset_consumes_1', 'dataset_produces_2', 'dataset_consumes_1_never_scheduled' retrieved from /home/airflow/.local/lib/python3.8/site-packages/airflow/example_dags/example_datasets.py
[2024-01-23T22:23:40.789+0000] {logging_mixin.py:188} INFO - [2024-01-23T22:23:40.789+0000] {dag.py:3036} INFO - Sync 6 DAGs
[2024-01-23T22:23:40.802+0000] {logging_mixin.py:188} INFO - [2024-01-23T22:23:40.802+0000] {dag.py:3823} INFO - Setting next_dagrun for dataset_consumes_1 to None, run_after=None
[2024-01-23T22:23:40.804+0000] {logging_mixin.py:188} INFO - [2024-01-23T22:23:40.804+0000] {dag.py:3823} INFO - Setting next_dagrun for dataset_consumes_1_and_2 to None, run_after=None
[2024-01-23T22:23:40.805+0000] {logging_mixin.py:188} INFO - [2024-01-23T22:23:40.805+0000] {dag.py:3823} INFO - Setting next_dagrun for dataset_consumes_1_never_scheduled to None, run_after=None
[2024-01-23T22:23:40.806+0000] {logging_mixin.py:188} INFO - [2024-01-23T22:23:40.806+0000] {dag.py:3823} INFO - Setting next_dagrun for dataset_consumes_unknown_never_scheduled to None, run_after=None
[2024-01-23T22:23:40.807+0000] {logging_mixin.py:188} INFO - [2024-01-23T22:23:40.807+0000] {dag.py:3823} INFO - Setting next_dagrun for dataset_produces_1 to 2024-01-22 00:00:00+00:00, run_after=2024-01-23 00:00:00+00:00
[2024-01-23T22:23:40.808+0000] {logging_mixin.py:188} INFO - [2024-01-23T22:23:40.808+0000] {dag.py:3823} INFO - Setting next_dagrun for dataset_produces_2 to None, run_after=None
[2024-01-23T22:23:40.825+0000] {processor.py:183} INFO - Processing /home/airflow/.local/lib/python3.8/site-packages/airflow/example_dags/example_datasets.py took 0.065 seconds
[2024-01-23T22:24:11.150+0000] {processor.py:161} INFO - Started process (PID=495) to work on /home/airflow/.local/lib/python3.8/site-packages/airflow/example_dags/example_datasets.py
[2024-01-23T22:24:11.152+0000] {processor.py:830} INFO - Processing file /home/airflow/.local/lib/python3.8/site-packages/airflow/example_dags/example_datasets.py for tasks to queue
[2024-01-23T22:24:11.154+0000] {logging_mixin.py:188} INFO - [2024-01-23T22:24:11.153+0000] {dagbag.py:538} INFO - Filling up the DagBag from /home/airflow/.local/lib/python3.8/site-packages/airflow/example_dags/example_datasets.py
[2024-01-23T22:24:11.160+0000] {processor.py:840} INFO - DAG(s) 'dataset_consumes_1', 'dataset_consumes_1_never_scheduled', 'dataset_consumes_unknown_never_scheduled', 'dataset_produces_2', 'dataset_produces_1', 'dataset_consumes_1_and_2' retrieved from /home/airflow/.local/lib/python3.8/site-packages/airflow/example_dags/example_datasets.py
[2024-01-23T22:24:11.299+0000] {logging_mixin.py:188} INFO - [2024-01-23T22:24:11.299+0000] {dag.py:3036} INFO - Sync 6 DAGs
[2024-01-23T22:24:11.310+0000] {logging_mixin.py:188} INFO - [2024-01-23T22:24:11.310+0000] {dag.py:3058} INFO - Creating ORM DAG for dataset_consumes_1_and_2
[2024-01-23T22:24:11.311+0000] {logging_mixin.py:188} INFO - [2024-01-23T22:24:11.311+0000] {dag.py:3058} INFO - Creating ORM DAG for dataset_consumes_unknown_never_scheduled
[2024-01-23T22:24:11.311+0000] {logging_mixin.py:188} INFO - [2024-01-23T22:24:11.311+0000] {dag.py:3058} INFO - Creating ORM DAG for dataset_consumes_1
[2024-01-23T22:24:11.312+0000] {logging_mixin.py:188} INFO - [2024-01-23T22:24:11.312+0000] {dag.py:3058} INFO - Creating ORM DAG for dataset_consumes_1_never_scheduled
[2024-01-23T22:24:11.322+0000] {logging_mixin.py:188} INFO - [2024-01-23T22:24:11.322+0000] {dag.py:3823} INFO - Setting next_dagrun for dataset_consumes_1 to None, run_after=None
[2024-01-23T22:24:11.323+0000] {logging_mixin.py:188} INFO - [2024-01-23T22:24:11.323+0000] {dag.py:3823} INFO - Setting next_dagrun for dataset_consumes_1_and_2 to None, run_after=None
[2024-01-23T22:24:11.323+0000] {logging_mixin.py:188} INFO - [2024-01-23T22:24:11.323+0000] {dag.py:3823} INFO - Setting next_dagrun for dataset_consumes_1_never_scheduled to None, run_after=None
[2024-01-23T22:24:11.324+0000] {logging_mixin.py:188} INFO - [2024-01-23T22:24:11.324+0000] {dag.py:3823} INFO - Setting next_dagrun for dataset_consumes_unknown_never_scheduled to None, run_after=None
[2024-01-23T22:24:11.326+0000] {logging_mixin.py:188} INFO - [2024-01-23T22:24:11.325+0000] {dag.py:3823} INFO - Setting next_dagrun for dataset_produces_1 to 2024-01-22 00:00:00+00:00, run_after=2024-01-23 00:00:00+00:00
[2024-01-23T22:24:11.328+0000] {logging_mixin.py:188} INFO - [2024-01-23T22:24:11.328+0000] {dag.py:3823} INFO - Setting next_dagrun for dataset_produces_2 to None, run_after=None
[2024-01-23T22:24:11.363+0000] {processor.py:183} INFO - Processing /home/airflow/.local/lib/python3.8/site-packages/airflow/example_dags/example_datasets.py took 0.216 seconds
[2024-01-23T22:24:41.460+0000] {processor.py:161} INFO - Started process (PID=551) to work on /home/airflow/.local/lib/python3.8/site-packages/airflow/example_dags/example_datasets.py
[2024-01-23T22:24:41.461+0000] {processor.py:830} INFO - Processing file /home/airflow/.local/lib/python3.8/site-packages/airflow/example_dags/example_datasets.py for tasks to queue
[2024-01-23T22:24:41.462+0000] {logging_mixin.py:188} INFO - [2024-01-23T22:24:41.462+0000] {dagbag.py:538} INFO - Filling up the DagBag from /home/airflow/.local/lib/python3.8/site-packages/airflow/example_dags/example_datasets.py
[2024-01-23T22:24:41.469+0000] {processor.py:840} INFO - DAG(s) 'dataset_consumes_1_never_scheduled', 'dataset_consumes_unknown_never_scheduled', 'dataset_consumes_1', 'dataset_produces_1', 'dataset_produces_2', 'dataset_consumes_1_and_2' retrieved from /home/airflow/.local/lib/python3.8/site-packages/airflow/example_dags/example_datasets.py
[2024-01-23T22:24:41.568+0000] {logging_mixin.py:188} INFO - [2024-01-23T22:24:41.568+0000] {dag.py:3036} INFO - Sync 6 DAGs
[2024-01-23T22:24:41.574+0000] {logging_mixin.py:188} INFO - [2024-01-23T22:24:41.574+0000] {dag.py:3058} INFO - Creating ORM DAG for dataset_consumes_unknown_never_scheduled
[2024-01-23T22:24:41.574+0000] {logging_mixin.py:188} INFO - [2024-01-23T22:24:41.574+0000] {dag.py:3058} INFO - Creating ORM DAG for dataset_consumes_1
[2024-01-23T22:24:41.575+0000] {logging_mixin.py:188} INFO - [2024-01-23T22:24:41.575+0000] {dag.py:3058} INFO - Creating ORM DAG for dataset_consumes_1_never_scheduled
[2024-01-23T22:24:41.575+0000] {logging_mixin.py:188} INFO - [2024-01-23T22:24:41.575+0000] {dag.py:3058} INFO - Creating ORM DAG for dataset_produces_2
[2024-01-23T22:24:41.575+0000] {logging_mixin.py:188} INFO - [2024-01-23T22:24:41.575+0000] {dag.py:3058} INFO - Creating ORM DAG for dataset_produces_1
[2024-01-23T22:24:41.575+0000] {logging_mixin.py:188} INFO - [2024-01-23T22:24:41.575+0000] {dag.py:3058} INFO - Creating ORM DAG for dataset_consumes_1_and_2
[2024-01-23T22:24:41.580+0000] {logging_mixin.py:188} INFO - [2024-01-23T22:24:41.580+0000] {dag.py:3823} INFO - Setting next_dagrun for dataset_consumes_1 to None, run_after=None
[2024-01-23T22:24:41.581+0000] {logging_mixin.py:188} INFO - [2024-01-23T22:24:41.581+0000] {dag.py:3823} INFO - Setting next_dagrun for dataset_consumes_1_and_2 to None, run_after=None
[2024-01-23T22:24:41.581+0000] {logging_mixin.py:188} INFO - [2024-01-23T22:24:41.581+0000] {dag.py:3823} INFO - Setting next_dagrun for dataset_consumes_1_never_scheduled to None, run_after=None
[2024-01-23T22:24:41.581+0000] {logging_mixin.py:188} INFO - [2024-01-23T22:24:41.581+0000] {dag.py:3823} INFO - Setting next_dagrun for dataset_consumes_unknown_never_scheduled to None, run_after=None
[2024-01-23T22:24:41.583+0000] {logging_mixin.py:188} INFO - [2024-01-23T22:24:41.583+0000] {dag.py:3823} INFO - Setting next_dagrun for dataset_produces_1 to 2024-01-22 00:00:00+00:00, run_after=2024-01-23 00:00:00+00:00
[2024-01-23T22:24:41.584+0000] {logging_mixin.py:188} INFO - [2024-01-23T22:24:41.583+0000] {dag.py:3823} INFO - Setting next_dagrun for dataset_produces_2 to None, run_after=None
[2024-01-23T22:24:41.607+0000] {processor.py:183} INFO - Processing /home/airflow/.local/lib/python3.8/site-packages/airflow/example_dags/example_datasets.py took 0.148 seconds
[2024-01-23T22:25:11.760+0000] {processor.py:161} INFO - Started process (PID=606) to work on /home/airflow/.local/lib/python3.8/site-packages/airflow/example_dags/example_datasets.py
[2024-01-23T22:25:11.761+0000] {processor.py:830} INFO - Processing file /home/airflow/.local/lib/python3.8/site-packages/airflow/example_dags/example_datasets.py for tasks to queue
[2024-01-23T22:25:11.762+0000] {logging_mixin.py:188} INFO - [2024-01-23T22:25:11.762+0000] {dagbag.py:538} INFO - Filling up the DagBag from /home/airflow/.local/lib/python3.8/site-packages/airflow/example_dags/example_datasets.py
[2024-01-23T22:25:11.767+0000] {processor.py:840} INFO - DAG(s) 'dataset_produces_1', 'dataset_consumes_1_never_scheduled', 'dataset_produces_2', 'dataset_consumes_unknown_never_scheduled', 'dataset_consumes_1_and_2', 'dataset_consumes_1' retrieved from /home/airflow/.local/lib/python3.8/site-packages/airflow/example_dags/example_datasets.py
[2024-01-23T22:25:11.788+0000] {logging_mixin.py:188} INFO - [2024-01-23T22:25:11.788+0000] {dag.py:3036} INFO - Sync 6 DAGs
[2024-01-23T22:25:11.802+0000] {logging_mixin.py:188} INFO - [2024-01-23T22:25:11.802+0000] {dag.py:3823} INFO - Setting next_dagrun for dataset_consumes_1 to None, run_after=None
[2024-01-23T22:25:11.804+0000] {logging_mixin.py:188} INFO - [2024-01-23T22:25:11.804+0000] {dag.py:3823} INFO - Setting next_dagrun for dataset_consumes_1_and_2 to None, run_after=None
[2024-01-23T22:25:11.805+0000] {logging_mixin.py:188} INFO - [2024-01-23T22:25:11.805+0000] {dag.py:3823} INFO - Setting next_dagrun for dataset_consumes_1_never_scheduled to None, run_after=None
[2024-01-23T22:25:11.806+0000] {logging_mixin.py:188} INFO - [2024-01-23T22:25:11.806+0000] {dag.py:3823} INFO - Setting next_dagrun for dataset_consumes_unknown_never_scheduled to None, run_after=None
[2024-01-23T22:25:11.809+0000] {logging_mixin.py:188} INFO - [2024-01-23T22:25:11.809+0000] {dag.py:3823} INFO - Setting next_dagrun for dataset_produces_1 to 2024-01-22 00:00:00+00:00, run_after=2024-01-23 00:00:00+00:00
[2024-01-23T22:25:11.810+0000] {logging_mixin.py:188} INFO - [2024-01-23T22:25:11.810+0000] {dag.py:3823} INFO - Setting next_dagrun for dataset_produces_2 to None, run_after=None
[2024-01-23T22:25:11.832+0000] {processor.py:183} INFO - Processing /home/airflow/.local/lib/python3.8/site-packages/airflow/example_dags/example_datasets.py took 0.074 seconds
[2024-01-23T22:25:41.963+0000] {processor.py:161} INFO - Started process (PID=663) to work on /home/airflow/.local/lib/python3.8/site-packages/airflow/example_dags/example_datasets.py
[2024-01-23T22:25:41.964+0000] {processor.py:830} INFO - Processing file /home/airflow/.local/lib/python3.8/site-packages/airflow/example_dags/example_datasets.py for tasks to queue
[2024-01-23T22:25:41.965+0000] {logging_mixin.py:188} INFO - [2024-01-23T22:25:41.965+0000] {dagbag.py:538} INFO - Filling up the DagBag from /home/airflow/.local/lib/python3.8/site-packages/airflow/example_dags/example_datasets.py
[2024-01-23T22:25:41.974+0000] {processor.py:840} INFO - DAG(s) 'dataset_consumes_unknown_never_scheduled', 'dataset_consumes_1', 'dataset_produces_2', 'dataset_produces_1', 'dataset_consumes_1_and_2', 'dataset_consumes_1_never_scheduled' retrieved from /home/airflow/.local/lib/python3.8/site-packages/airflow/example_dags/example_datasets.py
[2024-01-23T22:25:42.000+0000] {logging_mixin.py:188} INFO - [2024-01-23T22:25:42.000+0000] {dag.py:3036} INFO - Sync 6 DAGs
[2024-01-23T22:25:42.019+0000] {logging_mixin.py:188} INFO - [2024-01-23T22:25:42.019+0000] {dag.py:3823} INFO - Setting next_dagrun for dataset_consumes_1 to None, run_after=None
[2024-01-23T22:25:42.022+0000] {logging_mixin.py:188} INFO - [2024-01-23T22:25:42.022+0000] {dag.py:3823} INFO - Setting next_dagrun for dataset_consumes_1_and_2 to None, run_after=None
[2024-01-23T22:25:42.023+0000] {logging_mixin.py:188} INFO - [2024-01-23T22:25:42.023+0000] {dag.py:3823} INFO - Setting next_dagrun for dataset_consumes_1_never_scheduled to None, run_after=None
[2024-01-23T22:25:42.024+0000] {logging_mixin.py:188} INFO - [2024-01-23T22:25:42.023+0000] {dag.py:3823} INFO - Setting next_dagrun for dataset_consumes_unknown_never_scheduled to None, run_after=None
[2024-01-23T22:25:42.025+0000] {logging_mixin.py:188} INFO - [2024-01-23T22:25:42.025+0000] {dag.py:3823} INFO - Setting next_dagrun for dataset_produces_1 to 2024-01-22 00:00:00+00:00, run_after=2024-01-23 00:00:00+00:00
[2024-01-23T22:25:42.026+0000] {logging_mixin.py:188} INFO - [2024-01-23T22:25:42.026+0000] {dag.py:3823} INFO - Setting next_dagrun for dataset_produces_2 to None, run_after=None
[2024-01-23T22:25:42.047+0000] {processor.py:183} INFO - Processing /home/airflow/.local/lib/python3.8/site-packages/airflow/example_dags/example_datasets.py took 0.086 seconds
[2024-01-23T22:26:12.102+0000] {processor.py:161} INFO - Started process (PID=720) to work on /home/airflow/.local/lib/python3.8/site-packages/airflow/example_dags/example_datasets.py
[2024-01-23T22:26:12.103+0000] {processor.py:830} INFO - Processing file /home/airflow/.local/lib/python3.8/site-packages/airflow/example_dags/example_datasets.py for tasks to queue
[2024-01-23T22:26:12.104+0000] {logging_mixin.py:188} INFO - [2024-01-23T22:26:12.104+0000] {dagbag.py:538} INFO - Filling up the DagBag from /home/airflow/.local/lib/python3.8/site-packages/airflow/example_dags/example_datasets.py
[2024-01-23T22:26:12.109+0000] {processor.py:840} INFO - DAG(s) 'dataset_consumes_unknown_never_scheduled', 'dataset_consumes_1', 'dataset_produces_2', 'dataset_consumes_1_and_2', 'dataset_consumes_1_never_scheduled', 'dataset_produces_1' retrieved from /home/airflow/.local/lib/python3.8/site-packages/airflow/example_dags/example_datasets.py
[2024-01-23T22:26:12.197+0000] {logging_mixin.py:188} INFO - [2024-01-23T22:26:12.197+0000] {dag.py:3036} INFO - Sync 6 DAGs
[2024-01-23T22:26:12.207+0000] {logging_mixin.py:188} INFO - [2024-01-23T22:26:12.206+0000] {dag.py:3058} INFO - Creating ORM DAG for dataset_consumes_1_and_2
[2024-01-23T22:26:12.207+0000] {logging_mixin.py:188} INFO - [2024-01-23T22:26:12.207+0000] {dag.py:3058} INFO - Creating ORM DAG for dataset_consumes_1
[2024-01-23T22:26:12.207+0000] {logging_mixin.py:188} INFO - [2024-01-23T22:26:12.207+0000] {dag.py:3058} INFO - Creating ORM DAG for dataset_consumes_1_never_scheduled
[2024-01-23T22:26:12.213+0000] {logging_mixin.py:188} INFO - [2024-01-23T22:26:12.213+0000] {dag.py:3823} INFO - Setting next_dagrun for dataset_consumes_1 to None, run_after=None
[2024-01-23T22:26:12.213+0000] {logging_mixin.py:188} INFO - [2024-01-23T22:26:12.213+0000] {dag.py:3823} INFO - Setting next_dagrun for dataset_consumes_1_and_2 to None, run_after=None
[2024-01-23T22:26:12.214+0000] {logging_mixin.py:188} INFO - [2024-01-23T22:26:12.214+0000] {dag.py:3823} INFO - Setting next_dagrun for dataset_consumes_1_never_scheduled to None, run_after=None
[2024-01-23T22:26:12.214+0000] {logging_mixin.py:188} INFO - [2024-01-23T22:26:12.214+0000] {dag.py:3823} INFO - Setting next_dagrun for dataset_consumes_unknown_never_scheduled to None, run_after=None
[2024-01-23T22:26:12.217+0000] {logging_mixin.py:188} INFO - [2024-01-23T22:26:12.216+0000] {dag.py:3823} INFO - Setting next_dagrun for dataset_produces_1 to 2024-01-22 00:00:00+00:00, run_after=2024-01-23 00:00:00+00:00
[2024-01-23T22:26:12.218+0000] {logging_mixin.py:188} INFO - [2024-01-23T22:26:12.217+0000] {dag.py:3823} INFO - Setting next_dagrun for dataset_produces_2 to None, run_after=None
[2024-01-23T22:26:12.240+0000] {processor.py:183} INFO - Processing /home/airflow/.local/lib/python3.8/site-packages/airflow/example_dags/example_datasets.py took 0.140 seconds
[2024-01-23T22:26:42.447+0000] {processor.py:161} INFO - Started process (PID=778) to work on /home/airflow/.local/lib/python3.8/site-packages/airflow/example_dags/example_datasets.py
[2024-01-23T22:26:42.448+0000] {processor.py:830} INFO - Processing file /home/airflow/.local/lib/python3.8/site-packages/airflow/example_dags/example_datasets.py for tasks to queue
[2024-01-23T22:26:42.449+0000] {logging_mixin.py:188} INFO - [2024-01-23T22:26:42.449+0000] {dagbag.py:538} INFO - Filling up the DagBag from /home/airflow/.local/lib/python3.8/site-packages/airflow/example_dags/example_datasets.py
[2024-01-23T22:26:42.457+0000] {processor.py:840} INFO - DAG(s) 'dataset_produces_2', 'dataset_consumes_unknown_never_scheduled', 'dataset_consumes_1_and_2', 'dataset_consumes_1_never_scheduled', 'dataset_consumes_1', 'dataset_produces_1' retrieved from /home/airflow/.local/lib/python3.8/site-packages/airflow/example_dags/example_datasets.py
[2024-01-23T22:26:42.561+0000] {logging_mixin.py:188} INFO - [2024-01-23T22:26:42.561+0000] {dag.py:3036} INFO - Sync 6 DAGs
[2024-01-23T22:26:42.569+0000] {logging_mixin.py:188} INFO - [2024-01-23T22:26:42.569+0000] {dag.py:3058} INFO - Creating ORM DAG for dataset_produces_2
[2024-01-23T22:26:42.570+0000] {logging_mixin.py:188} INFO - [2024-01-23T22:26:42.570+0000] {dag.py:3058} INFO - Creating ORM DAG for dataset_consumes_unknown_never_scheduled
[2024-01-23T22:26:42.570+0000] {logging_mixin.py:188} INFO - [2024-01-23T22:26:42.570+0000] {dag.py:3058} INFO - Creating ORM DAG for dataset_consumes_1_never_scheduled
[2024-01-23T22:26:42.571+0000] {logging_mixin.py:188} INFO - [2024-01-23T22:26:42.571+0000] {dag.py:3058} INFO - Creating ORM DAG for dataset_consumes_1
[2024-01-23T22:26:42.571+0000] {logging_mixin.py:188} INFO - [2024-01-23T22:26:42.571+0000] {dag.py:3058} INFO - Creating ORM DAG for dataset_produces_1
[2024-01-23T22:26:42.571+0000] {logging_mixin.py:188} INFO - [2024-01-23T22:26:42.571+0000] {dag.py:3058} INFO - Creating ORM DAG for dataset_consumes_1_and_2
[2024-01-23T22:26:42.577+0000] {logging_mixin.py:188} INFO - [2024-01-23T22:26:42.577+0000] {dag.py:3823} INFO - Setting next_dagrun for dataset_consumes_1 to None, run_after=None
[2024-01-23T22:26:42.577+0000] {logging_mixin.py:188} INFO - [2024-01-23T22:26:42.577+0000] {dag.py:3823} INFO - Setting next_dagrun for dataset_consumes_1_and_2 to None, run_after=None
[2024-01-23T22:26:42.578+0000] {logging_mixin.py:188} INFO - [2024-01-23T22:26:42.578+0000] {dag.py:3823} INFO - Setting next_dagrun for dataset_consumes_1_never_scheduled to None, run_after=None
[2024-01-23T22:26:42.578+0000] {logging_mixin.py:188} INFO - [2024-01-23T22:26:42.578+0000] {dag.py:3823} INFO - Setting next_dagrun for dataset_consumes_unknown_never_scheduled to None, run_after=None
[2024-01-23T22:26:42.579+0000] {logging_mixin.py:188} INFO - [2024-01-23T22:26:42.579+0000] {dag.py:3823} INFO - Setting next_dagrun for dataset_produces_1 to 2024-01-22 00:00:00+00:00, run_after=2024-01-23 00:00:00+00:00
[2024-01-23T22:26:42.579+0000] {logging_mixin.py:188} INFO - [2024-01-23T22:26:42.579+0000] {dag.py:3823} INFO - Setting next_dagrun for dataset_produces_2 to None, run_after=None
[2024-01-23T22:26:42.602+0000] {processor.py:183} INFO - Processing /home/airflow/.local/lib/python3.8/site-packages/airflow/example_dags/example_datasets.py took 0.156 seconds
[2024-01-23T22:27:13.187+0000] {processor.py:161} INFO - Started process (PID=835) to work on /home/airflow/.local/lib/python3.8/site-packages/airflow/example_dags/example_datasets.py
[2024-01-23T22:27:13.187+0000] {processor.py:830} INFO - Processing file /home/airflow/.local/lib/python3.8/site-packages/airflow/example_dags/example_datasets.py for tasks to queue
[2024-01-23T22:27:13.189+0000] {logging_mixin.py:188} INFO - [2024-01-23T22:27:13.189+0000] {dagbag.py:538} INFO - Filling up the DagBag from /home/airflow/.local/lib/python3.8/site-packages/airflow/example_dags/example_datasets.py
[2024-01-23T22:27:13.198+0000] {processor.py:840} INFO - DAG(s) 'dataset_produces_2', 'dataset_consumes_1_never_scheduled', 'dataset_consumes_unknown_never_scheduled', 'dataset_produces_1', 'dataset_consumes_1_and_2', 'dataset_consumes_1' retrieved from /home/airflow/.local/lib/python3.8/site-packages/airflow/example_dags/example_datasets.py
[2024-01-23T22:27:13.314+0000] {logging_mixin.py:188} INFO - [2024-01-23T22:27:13.314+0000] {dag.py:3036} INFO - Sync 6 DAGs
[2024-01-23T22:27:13.323+0000] {logging_mixin.py:188} INFO - [2024-01-23T22:27:13.323+0000] {dag.py:3058} INFO - Creating ORM DAG for dataset_produces_2
[2024-01-23T22:27:13.324+0000] {logging_mixin.py:188} INFO - [2024-01-23T22:27:13.324+0000] {dag.py:3058} INFO - Creating ORM DAG for dataset_consumes_unknown_never_scheduled
[2024-01-23T22:27:13.324+0000] {logging_mixin.py:188} INFO - [2024-01-23T22:27:13.324+0000] {dag.py:3058} INFO - Creating ORM DAG for dataset_consumes_1_never_scheduled
[2024-01-23T22:27:13.324+0000] {logging_mixin.py:188} INFO - [2024-01-23T22:27:13.324+0000] {dag.py:3058} INFO - Creating ORM DAG for dataset_consumes_1
[2024-01-23T22:27:13.325+0000] {logging_mixin.py:188} INFO - [2024-01-23T22:27:13.325+0000] {dag.py:3058} INFO - Creating ORM DAG for dataset_produces_1
[2024-01-23T22:27:13.325+0000] {logging_mixin.py:188} INFO - [2024-01-23T22:27:13.325+0000] {dag.py:3058} INFO - Creating ORM DAG for dataset_consumes_1_and_2
[2024-01-23T22:27:13.331+0000] {logging_mixin.py:188} INFO - [2024-01-23T22:27:13.331+0000] {dag.py:3823} INFO - Setting next_dagrun for dataset_consumes_1 to None, run_after=None
[2024-01-23T22:27:13.331+0000] {logging_mixin.py:188} INFO - [2024-01-23T22:27:13.331+0000] {dag.py:3823} INFO - Setting next_dagrun for dataset_consumes_1_and_2 to None, run_after=None
[2024-01-23T22:27:13.332+0000] {logging_mixin.py:188} INFO - [2024-01-23T22:27:13.332+0000] {dag.py:3823} INFO - Setting next_dagrun for dataset_consumes_1_never_scheduled to None, run_after=None
[2024-01-23T22:27:13.332+0000] {logging_mixin.py:188} INFO - [2024-01-23T22:27:13.332+0000] {dag.py:3823} INFO - Setting next_dagrun for dataset_consumes_unknown_never_scheduled to None, run_after=None
[2024-01-23T22:27:13.334+0000] {logging_mixin.py:188} INFO - [2024-01-23T22:27:13.334+0000] {dag.py:3823} INFO - Setting next_dagrun for dataset_produces_1 to 2024-01-22 00:00:00+00:00, run_after=2024-01-23 00:00:00+00:00
[2024-01-23T22:27:13.334+0000] {logging_mixin.py:188} INFO - [2024-01-23T22:27:13.334+0000] {dag.py:3823} INFO - Setting next_dagrun for dataset_produces_2 to None, run_after=None
[2024-01-23T22:27:13.363+0000] {processor.py:183} INFO - Processing /home/airflow/.local/lib/python3.8/site-packages/airflow/example_dags/example_datasets.py took 0.179 seconds
[2024-01-23T22:27:43.696+0000] {processor.py:161} INFO - Started process (PID=891) to work on /home/airflow/.local/lib/python3.8/site-packages/airflow/example_dags/example_datasets.py
[2024-01-23T22:27:43.696+0000] {processor.py:830} INFO - Processing file /home/airflow/.local/lib/python3.8/site-packages/airflow/example_dags/example_datasets.py for tasks to queue
[2024-01-23T22:27:43.697+0000] {logging_mixin.py:188} INFO - [2024-01-23T22:27:43.697+0000] {dagbag.py:538} INFO - Filling up the DagBag from /home/airflow/.local/lib/python3.8/site-packages/airflow/example_dags/example_datasets.py
[2024-01-23T22:27:43.703+0000] {processor.py:840} INFO - DAG(s) 'dataset_consumes_1_and_2', 'dataset_produces_2', 'dataset_consumes_1', 'dataset_consumes_1_never_scheduled', 'dataset_produces_1', 'dataset_consumes_unknown_never_scheduled' retrieved from /home/airflow/.local/lib/python3.8/site-packages/airflow/example_dags/example_datasets.py
[2024-01-23T22:27:43.795+0000] {logging_mixin.py:188} INFO - [2024-01-23T22:27:43.795+0000] {dag.py:3036} INFO - Sync 6 DAGs
[2024-01-23T22:27:43.804+0000] {logging_mixin.py:188} INFO - [2024-01-23T22:27:43.804+0000] {dag.py:3058} INFO - Creating ORM DAG for dataset_consumes_1_and_2
[2024-01-23T22:27:43.805+0000] {logging_mixin.py:188} INFO - [2024-01-23T22:27:43.805+0000] {dag.py:3058} INFO - Creating ORM DAG for dataset_consumes_1
[2024-01-23T22:27:43.805+0000] {logging_mixin.py:188} INFO - [2024-01-23T22:27:43.805+0000] {dag.py:3058} INFO - Creating ORM DAG for dataset_consumes_1_never_scheduled
[2024-01-23T22:27:43.814+0000] {logging_mixin.py:188} INFO - [2024-01-23T22:27:43.813+0000] {dag.py:3823} INFO - Setting next_dagrun for dataset_consumes_1 to None, run_after=None
[2024-01-23T22:27:43.814+0000] {logging_mixin.py:188} INFO - [2024-01-23T22:27:43.814+0000] {dag.py:3823} INFO - Setting next_dagrun for dataset_consumes_1_and_2 to None, run_after=None
[2024-01-23T22:27:43.814+0000] {logging_mixin.py:188} INFO - [2024-01-23T22:27:43.814+0000] {dag.py:3823} INFO - Setting next_dagrun for dataset_consumes_1_never_scheduled to None, run_after=None
[2024-01-23T22:27:43.815+0000] {logging_mixin.py:188} INFO - [2024-01-23T22:27:43.815+0000] {dag.py:3823} INFO - Setting next_dagrun for dataset_consumes_unknown_never_scheduled to None, run_after=None
[2024-01-23T22:27:43.818+0000] {logging_mixin.py:188} INFO - [2024-01-23T22:27:43.817+0000] {dag.py:3823} INFO - Setting next_dagrun for dataset_produces_1 to 2024-01-22 00:00:00+00:00, run_after=2024-01-23 00:00:00+00:00
[2024-01-23T22:27:43.819+0000] {logging_mixin.py:188} INFO - [2024-01-23T22:27:43.819+0000] {dag.py:3823} INFO - Setting next_dagrun for dataset_produces_2 to None, run_after=None
[2024-01-23T22:27:43.846+0000] {processor.py:183} INFO - Processing /home/airflow/.local/lib/python3.8/site-packages/airflow/example_dags/example_datasets.py took 0.152 seconds
[2024-01-23T22:28:13.967+0000] {processor.py:161} INFO - Started process (PID=948) to work on /home/airflow/.local/lib/python3.8/site-packages/airflow/example_dags/example_datasets.py
[2024-01-23T22:28:13.967+0000] {processor.py:830} INFO - Processing file /home/airflow/.local/lib/python3.8/site-packages/airflow/example_dags/example_datasets.py for tasks to queue
[2024-01-23T22:28:13.968+0000] {logging_mixin.py:188} INFO - [2024-01-23T22:28:13.968+0000] {dagbag.py:538} INFO - Filling up the DagBag from /home/airflow/.local/lib/python3.8/site-packages/airflow/example_dags/example_datasets.py
[2024-01-23T22:28:13.974+0000] {processor.py:840} INFO - DAG(s) 'dataset_consumes_1', 'dataset_consumes_1_and_2', 'dataset_produces_2', 'dataset_produces_1', 'dataset_consumes_unknown_never_scheduled', 'dataset_consumes_1_never_scheduled' retrieved from /home/airflow/.local/lib/python3.8/site-packages/airflow/example_dags/example_datasets.py
[2024-01-23T22:28:13.994+0000] {logging_mixin.py:188} INFO - [2024-01-23T22:28:13.994+0000] {dag.py:3036} INFO - Sync 6 DAGs
[2024-01-23T22:28:14.008+0000] {logging_mixin.py:188} INFO - [2024-01-23T22:28:14.007+0000] {dag.py:3823} INFO - Setting next_dagrun for dataset_consumes_1 to None, run_after=None
[2024-01-23T22:28:14.010+0000] {logging_mixin.py:188} INFO - [2024-01-23T22:28:14.010+0000] {dag.py:3823} INFO - Setting next_dagrun for dataset_consumes_1_and_2 to None, run_after=None
[2024-01-23T22:28:14.012+0000] {logging_mixin.py:188} INFO - [2024-01-23T22:28:14.011+0000] {dag.py:3823} INFO - Setting next_dagrun for dataset_consumes_1_never_scheduled to None, run_after=None
[2024-01-23T22:28:14.012+0000] {logging_mixin.py:188} INFO - [2024-01-23T22:28:14.012+0000] {dag.py:3823} INFO - Setting next_dagrun for dataset_consumes_unknown_never_scheduled to None, run_after=None
[2024-01-23T22:28:14.014+0000] {logging_mixin.py:188} INFO - [2024-01-23T22:28:14.014+0000] {dag.py:3823} INFO - Setting next_dagrun for dataset_produces_1 to 2024-01-22 00:00:00+00:00, run_after=2024-01-23 00:00:00+00:00
[2024-01-23T22:28:14.015+0000] {logging_mixin.py:188} INFO - [2024-01-23T22:28:14.015+0000] {dag.py:3823} INFO - Setting next_dagrun for dataset_produces_2 to None, run_after=None
[2024-01-23T22:28:14.032+0000] {processor.py:183} INFO - Processing /home/airflow/.local/lib/python3.8/site-packages/airflow/example_dags/example_datasets.py took 0.067 seconds
[2024-01-23T22:28:44.174+0000] {processor.py:161} INFO - Started process (PID=1005) to work on /home/airflow/.local/lib/python3.8/site-packages/airflow/example_dags/example_datasets.py
[2024-01-23T22:28:44.175+0000] {processor.py:830} INFO - Processing file /home/airflow/.local/lib/python3.8/site-packages/airflow/example_dags/example_datasets.py for tasks to queue
[2024-01-23T22:28:44.176+0000] {logging_mixin.py:188} INFO - [2024-01-23T22:28:44.175+0000] {dagbag.py:538} INFO - Filling up the DagBag from /home/airflow/.local/lib/python3.8/site-packages/airflow/example_dags/example_datasets.py
[2024-01-23T22:28:44.181+0000] {processor.py:840} INFO - DAG(s) 'dataset_consumes_1', 'dataset_consumes_1_and_2', 'dataset_consumes_unknown_never_scheduled', 'dataset_consumes_1_never_scheduled', 'dataset_produces_1', 'dataset_produces_2' retrieved from /home/airflow/.local/lib/python3.8/site-packages/airflow/example_dags/example_datasets.py
[2024-01-23T22:28:44.201+0000] {logging_mixin.py:188} INFO - [2024-01-23T22:28:44.201+0000] {dag.py:3036} INFO - Sync 6 DAGs
[2024-01-23T22:28:44.214+0000] {logging_mixin.py:188} INFO - [2024-01-23T22:28:44.213+0000] {dag.py:3823} INFO - Setting next_dagrun for dataset_consumes_1 to None, run_after=None
[2024-01-23T22:28:44.216+0000] {logging_mixin.py:188} INFO - [2024-01-23T22:28:44.215+0000] {dag.py:3823} INFO - Setting next_dagrun for dataset_consumes_1_and_2 to None, run_after=None
[2024-01-23T22:28:44.216+0000] {logging_mixin.py:188} INFO - [2024-01-23T22:28:44.216+0000] {dag.py:3823} INFO - Setting next_dagrun for dataset_consumes_1_never_scheduled to None, run_after=None
[2024-01-23T22:28:44.217+0000] {logging_mixin.py:188} INFO - [2024-01-23T22:28:44.217+0000] {dag.py:3823} INFO - Setting next_dagrun for dataset_consumes_unknown_never_scheduled to None, run_after=None
[2024-01-23T22:28:44.219+0000] {logging_mixin.py:188} INFO - [2024-01-23T22:28:44.219+0000] {dag.py:3823} INFO - Setting next_dagrun for dataset_produces_1 to 2024-01-22 00:00:00+00:00, run_after=2024-01-23 00:00:00+00:00
[2024-01-23T22:28:44.219+0000] {logging_mixin.py:188} INFO - [2024-01-23T22:28:44.219+0000] {dag.py:3823} INFO - Setting next_dagrun for dataset_produces_2 to None, run_after=None
[2024-01-23T22:28:44.238+0000] {processor.py:183} INFO - Processing /home/airflow/.local/lib/python3.8/site-packages/airflow/example_dags/example_datasets.py took 0.066 seconds
[2024-01-23T22:29:14.337+0000] {processor.py:161} INFO - Started process (PID=1062) to work on /home/airflow/.local/lib/python3.8/site-packages/airflow/example_dags/example_datasets.py
[2024-01-23T22:29:14.338+0000] {processor.py:830} INFO - Processing file /home/airflow/.local/lib/python3.8/site-packages/airflow/example_dags/example_datasets.py for tasks to queue
[2024-01-23T22:29:14.339+0000] {logging_mixin.py:188} INFO - [2024-01-23T22:29:14.339+0000] {dagbag.py:538} INFO - Filling up the DagBag from /home/airflow/.local/lib/python3.8/site-packages/airflow/example_dags/example_datasets.py
[2024-01-23T22:29:14.344+0000] {processor.py:840} INFO - DAG(s) 'dataset_consumes_1', 'dataset_consumes_1_never_scheduled', 'dataset_consumes_unknown_never_scheduled', 'dataset_consumes_1_and_2', 'dataset_produces_1', 'dataset_produces_2' retrieved from /home/airflow/.local/lib/python3.8/site-packages/airflow/example_dags/example_datasets.py
[2024-01-23T22:29:14.364+0000] {logging_mixin.py:188} INFO - [2024-01-23T22:29:14.363+0000] {dag.py:3036} INFO - Sync 6 DAGs
[2024-01-23T22:29:14.376+0000] {logging_mixin.py:188} INFO - [2024-01-23T22:29:14.376+0000] {dag.py:3823} INFO - Setting next_dagrun for dataset_consumes_1 to None, run_after=None
[2024-01-23T22:29:14.378+0000] {logging_mixin.py:188} INFO - [2024-01-23T22:29:14.378+0000] {dag.py:3823} INFO - Setting next_dagrun for dataset_consumes_1_and_2 to None, run_after=None
[2024-01-23T22:29:14.378+0000] {logging_mixin.py:188} INFO - [2024-01-23T22:29:14.378+0000] {dag.py:3823} INFO - Setting next_dagrun for dataset_consumes_1_never_scheduled to None, run_after=None
[2024-01-23T22:29:14.379+0000] {logging_mixin.py:188} INFO - [2024-01-23T22:29:14.379+0000] {dag.py:3823} INFO - Setting next_dagrun for dataset_consumes_unknown_never_scheduled to None, run_after=None
[2024-01-23T22:29:14.381+0000] {logging_mixin.py:188} INFO - [2024-01-23T22:29:14.380+0000] {dag.py:3823} INFO - Setting next_dagrun for dataset_produces_1 to 2024-01-22 00:00:00+00:00, run_after=2024-01-23 00:00:00+00:00
[2024-01-23T22:29:14.381+0000] {logging_mixin.py:188} INFO - [2024-01-23T22:29:14.381+0000] {dag.py:3823} INFO - Setting next_dagrun for dataset_produces_2 to None, run_after=None
[2024-01-23T22:29:14.399+0000] {processor.py:183} INFO - Processing /home/airflow/.local/lib/python3.8/site-packages/airflow/example_dags/example_datasets.py took 0.063 seconds
[2024-01-23T22:29:44.735+0000] {processor.py:161} INFO - Started process (PID=1119) to work on /home/airflow/.local/lib/python3.8/site-packages/airflow/example_dags/example_datasets.py
[2024-01-23T22:29:44.736+0000] {processor.py:830} INFO - Processing file /home/airflow/.local/lib/python3.8/site-packages/airflow/example_dags/example_datasets.py for tasks to queue
[2024-01-23T22:29:44.738+0000] {logging_mixin.py:188} INFO - [2024-01-23T22:29:44.737+0000] {dagbag.py:538} INFO - Filling up the DagBag from /home/airflow/.local/lib/python3.8/site-packages/airflow/example_dags/example_datasets.py
[2024-01-23T22:29:44.744+0000] {processor.py:840} INFO - DAG(s) 'dataset_produces_2', 'dataset_produces_1', 'dataset_consumes_1_and_2', 'dataset_consumes_1_never_scheduled', 'dataset_consumes_unknown_never_scheduled', 'dataset_consumes_1' retrieved from /home/airflow/.local/lib/python3.8/site-packages/airflow/example_dags/example_datasets.py
[2024-01-23T22:29:44.770+0000] {logging_mixin.py:188} INFO - [2024-01-23T22:29:44.769+0000] {dag.py:3036} INFO - Sync 6 DAGs
[2024-01-23T22:29:44.784+0000] {logging_mixin.py:188} INFO - [2024-01-23T22:29:44.783+0000] {dag.py:3823} INFO - Setting next_dagrun for dataset_consumes_1 to None, run_after=None
[2024-01-23T22:29:44.786+0000] {logging_mixin.py:188} INFO - [2024-01-23T22:29:44.786+0000] {dag.py:3823} INFO - Setting next_dagrun for dataset_consumes_1_and_2 to None, run_after=None
[2024-01-23T22:29:44.787+0000] {logging_mixin.py:188} INFO - [2024-01-23T22:29:44.786+0000] {dag.py:3823} INFO - Setting next_dagrun for dataset_consumes_1_never_scheduled to None, run_after=None
[2024-01-23T22:29:44.788+0000] {logging_mixin.py:188} INFO - [2024-01-23T22:29:44.787+0000] {dag.py:3823} INFO - Setting next_dagrun for dataset_consumes_unknown_never_scheduled to None, run_after=None
[2024-01-23T22:29:44.790+0000] {logging_mixin.py:188} INFO - [2024-01-23T22:29:44.790+0000] {dag.py:3823} INFO - Setting next_dagrun for dataset_produces_1 to 2024-01-22 00:00:00+00:00, run_after=2024-01-23 00:00:00+00:00
[2024-01-23T22:29:44.791+0000] {logging_mixin.py:188} INFO - [2024-01-23T22:29:44.791+0000] {dag.py:3823} INFO - Setting next_dagrun for dataset_produces_2 to None, run_after=None
[2024-01-23T22:29:44.812+0000] {processor.py:183} INFO - Processing /home/airflow/.local/lib/python3.8/site-packages/airflow/example_dags/example_datasets.py took 0.078 seconds
