[2024-01-23T22:20:05.607+0000] {processor.py:161} INFO - Started process (PID=41) to work on /home/airflow/.local/lib/python3.8/site-packages/airflow/example_dags/example_kubernetes_executor.py
[2024-01-23T22:20:05.607+0000] {processor.py:830} INFO - Processing file /home/airflow/.local/lib/python3.8/site-packages/airflow/example_dags/example_kubernetes_executor.py for tasks to queue
[2024-01-23T22:20:05.608+0000] {logging_mixin.py:188} INFO - [2024-01-23T22:20:05.608+0000] {dagbag.py:538} INFO - Filling up the DagBag from /home/airflow/.local/lib/python3.8/site-packages/airflow/example_dags/example_kubernetes_executor.py
[2024-01-23T22:20:05.621+0000] {processor.py:840} INFO - DAG(s) 'example_kubernetes_executor' retrieved from /home/airflow/.local/lib/python3.8/site-packages/airflow/example_dags/example_kubernetes_executor.py
[2024-01-23T22:20:05.709+0000] {logging_mixin.py:188} INFO - [2024-01-23T22:20:05.709+0000] {override.py:1769} INFO - Created Permission View: can delete on DAG:example_kubernetes_executor
[2024-01-23T22:20:05.718+0000] {logging_mixin.py:188} INFO - [2024-01-23T22:20:05.718+0000] {override.py:1769} INFO - Created Permission View: can edit on DAG:example_kubernetes_executor
[2024-01-23T22:20:05.724+0000] {logging_mixin.py:188} INFO - [2024-01-23T22:20:05.723+0000] {override.py:1769} INFO - Created Permission View: can read on DAG:example_kubernetes_executor
[2024-01-23T22:20:05.724+0000] {logging_mixin.py:188} INFO - [2024-01-23T22:20:05.724+0000] {dag.py:3036} INFO - Sync 1 DAGs
[2024-01-23T22:20:05.733+0000] {logging_mixin.py:188} INFO - [2024-01-23T22:20:05.732+0000] {dag.py:3058} INFO - Creating ORM DAG for example_kubernetes_executor
[2024-01-23T22:20:05.733+0000] {logging_mixin.py:188} INFO - [2024-01-23T22:20:05.733+0000] {dag.py:3823} INFO - Setting next_dagrun for example_kubernetes_executor to None, run_after=None
[2024-01-23T22:20:05.746+0000] {processor.py:183} INFO - Processing /home/airflow/.local/lib/python3.8/site-packages/airflow/example_dags/example_kubernetes_executor.py took 0.142 seconds
[2024-01-23T22:20:35.806+0000] {processor.py:161} INFO - Started process (PID=96) to work on /home/airflow/.local/lib/python3.8/site-packages/airflow/example_dags/example_kubernetes_executor.py
[2024-01-23T22:20:35.807+0000] {processor.py:830} INFO - Processing file /home/airflow/.local/lib/python3.8/site-packages/airflow/example_dags/example_kubernetes_executor.py for tasks to queue
[2024-01-23T22:20:35.808+0000] {logging_mixin.py:188} INFO - [2024-01-23T22:20:35.808+0000] {dagbag.py:538} INFO - Filling up the DagBag from /home/airflow/.local/lib/python3.8/site-packages/airflow/example_dags/example_kubernetes_executor.py
[2024-01-23T22:20:35.816+0000] {processor.py:840} INFO - DAG(s) 'example_kubernetes_executor' retrieved from /home/airflow/.local/lib/python3.8/site-packages/airflow/example_dags/example_kubernetes_executor.py
[2024-01-23T22:20:35.837+0000] {logging_mixin.py:188} INFO - [2024-01-23T22:20:35.837+0000] {dag.py:3036} INFO - Sync 1 DAGs
[2024-01-23T22:20:35.844+0000] {logging_mixin.py:188} INFO - [2024-01-23T22:20:35.844+0000] {dag.py:3823} INFO - Setting next_dagrun for example_kubernetes_executor to None, run_after=None
[2024-01-23T22:20:35.855+0000] {processor.py:183} INFO - Processing /home/airflow/.local/lib/python3.8/site-packages/airflow/example_dags/example_kubernetes_executor.py took 0.050 seconds
[2024-01-23T22:21:06.562+0000] {processor.py:161} INFO - Started process (PID=151) to work on /home/airflow/.local/lib/python3.8/site-packages/airflow/example_dags/example_kubernetes_executor.py
[2024-01-23T22:21:06.562+0000] {processor.py:830} INFO - Processing file /home/airflow/.local/lib/python3.8/site-packages/airflow/example_dags/example_kubernetes_executor.py for tasks to queue
[2024-01-23T22:21:06.563+0000] {logging_mixin.py:188} INFO - [2024-01-23T22:21:06.563+0000] {dagbag.py:538} INFO - Filling up the DagBag from /home/airflow/.local/lib/python3.8/site-packages/airflow/example_dags/example_kubernetes_executor.py
[2024-01-23T22:21:06.571+0000] {processor.py:840} INFO - DAG(s) 'example_kubernetes_executor' retrieved from /home/airflow/.local/lib/python3.8/site-packages/airflow/example_dags/example_kubernetes_executor.py
[2024-01-23T22:21:06.593+0000] {logging_mixin.py:188} INFO - [2024-01-23T22:21:06.592+0000] {dag.py:3036} INFO - Sync 1 DAGs
[2024-01-23T22:21:06.600+0000] {logging_mixin.py:188} INFO - [2024-01-23T22:21:06.599+0000] {dag.py:3823} INFO - Setting next_dagrun for example_kubernetes_executor to None, run_after=None
[2024-01-23T22:21:06.610+0000] {processor.py:183} INFO - Processing /home/airflow/.local/lib/python3.8/site-packages/airflow/example_dags/example_kubernetes_executor.py took 0.051 seconds
[2024-01-23T22:21:37.229+0000] {processor.py:161} INFO - Started process (PID=206) to work on /home/airflow/.local/lib/python3.8/site-packages/airflow/example_dags/example_kubernetes_executor.py
[2024-01-23T22:21:37.230+0000] {processor.py:830} INFO - Processing file /home/airflow/.local/lib/python3.8/site-packages/airflow/example_dags/example_kubernetes_executor.py for tasks to queue
[2024-01-23T22:21:37.231+0000] {logging_mixin.py:188} INFO - [2024-01-23T22:21:37.231+0000] {dagbag.py:538} INFO - Filling up the DagBag from /home/airflow/.local/lib/python3.8/site-packages/airflow/example_dags/example_kubernetes_executor.py
[2024-01-23T22:21:37.240+0000] {processor.py:840} INFO - DAG(s) 'example_kubernetes_executor' retrieved from /home/airflow/.local/lib/python3.8/site-packages/airflow/example_dags/example_kubernetes_executor.py
[2024-01-23T22:21:37.262+0000] {logging_mixin.py:188} INFO - [2024-01-23T22:21:37.262+0000] {dag.py:3036} INFO - Sync 1 DAGs
[2024-01-23T22:21:37.271+0000] {logging_mixin.py:188} INFO - [2024-01-23T22:21:37.270+0000] {dag.py:3823} INFO - Setting next_dagrun for example_kubernetes_executor to None, run_after=None
[2024-01-23T22:21:37.283+0000] {processor.py:183} INFO - Processing /home/airflow/.local/lib/python3.8/site-packages/airflow/example_dags/example_kubernetes_executor.py took 0.055 seconds
[2024-01-23T22:22:08.036+0000] {processor.py:161} INFO - Started process (PID=261) to work on /home/airflow/.local/lib/python3.8/site-packages/airflow/example_dags/example_kubernetes_executor.py
[2024-01-23T22:22:08.037+0000] {processor.py:830} INFO - Processing file /home/airflow/.local/lib/python3.8/site-packages/airflow/example_dags/example_kubernetes_executor.py for tasks to queue
[2024-01-23T22:22:08.038+0000] {logging_mixin.py:188} INFO - [2024-01-23T22:22:08.038+0000] {dagbag.py:538} INFO - Filling up the DagBag from /home/airflow/.local/lib/python3.8/site-packages/airflow/example_dags/example_kubernetes_executor.py
[2024-01-23T22:22:08.047+0000] {processor.py:840} INFO - DAG(s) 'example_kubernetes_executor' retrieved from /home/airflow/.local/lib/python3.8/site-packages/airflow/example_dags/example_kubernetes_executor.py
[2024-01-23T22:22:08.084+0000] {logging_mixin.py:188} INFO - [2024-01-23T22:22:08.084+0000] {dag.py:3036} INFO - Sync 1 DAGs
[2024-01-23T22:22:08.097+0000] {logging_mixin.py:188} INFO - [2024-01-23T22:22:08.097+0000] {dag.py:3823} INFO - Setting next_dagrun for example_kubernetes_executor to None, run_after=None
[2024-01-23T22:22:08.117+0000] {processor.py:183} INFO - Processing /home/airflow/.local/lib/python3.8/site-packages/airflow/example_dags/example_kubernetes_executor.py took 0.084 seconds
[2024-01-23T22:22:38.320+0000] {processor.py:161} INFO - Started process (PID=316) to work on /home/airflow/.local/lib/python3.8/site-packages/airflow/example_dags/example_kubernetes_executor.py
[2024-01-23T22:22:38.321+0000] {processor.py:830} INFO - Processing file /home/airflow/.local/lib/python3.8/site-packages/airflow/example_dags/example_kubernetes_executor.py for tasks to queue
[2024-01-23T22:22:38.322+0000] {logging_mixin.py:188} INFO - [2024-01-23T22:22:38.322+0000] {dagbag.py:538} INFO - Filling up the DagBag from /home/airflow/.local/lib/python3.8/site-packages/airflow/example_dags/example_kubernetes_executor.py
[2024-01-23T22:22:38.329+0000] {processor.py:840} INFO - DAG(s) 'example_kubernetes_executor' retrieved from /home/airflow/.local/lib/python3.8/site-packages/airflow/example_dags/example_kubernetes_executor.py
[2024-01-23T22:22:38.351+0000] {logging_mixin.py:188} INFO - [2024-01-23T22:22:38.350+0000] {dag.py:3036} INFO - Sync 1 DAGs
[2024-01-23T22:22:38.358+0000] {logging_mixin.py:188} INFO - [2024-01-23T22:22:38.358+0000] {dag.py:3823} INFO - Setting next_dagrun for example_kubernetes_executor to None, run_after=None
[2024-01-23T22:22:38.369+0000] {processor.py:183} INFO - Processing /home/airflow/.local/lib/python3.8/site-packages/airflow/example_dags/example_kubernetes_executor.py took 0.051 seconds
[2024-01-23T22:23:09.062+0000] {processor.py:161} INFO - Started process (PID=371) to work on /home/airflow/.local/lib/python3.8/site-packages/airflow/example_dags/example_kubernetes_executor.py
[2024-01-23T22:23:09.062+0000] {processor.py:830} INFO - Processing file /home/airflow/.local/lib/python3.8/site-packages/airflow/example_dags/example_kubernetes_executor.py for tasks to queue
[2024-01-23T22:23:09.063+0000] {logging_mixin.py:188} INFO - [2024-01-23T22:23:09.063+0000] {dagbag.py:538} INFO - Filling up the DagBag from /home/airflow/.local/lib/python3.8/site-packages/airflow/example_dags/example_kubernetes_executor.py
[2024-01-23T22:23:09.071+0000] {processor.py:840} INFO - DAG(s) 'example_kubernetes_executor' retrieved from /home/airflow/.local/lib/python3.8/site-packages/airflow/example_dags/example_kubernetes_executor.py
[2024-01-23T22:23:09.092+0000] {logging_mixin.py:188} INFO - [2024-01-23T22:23:09.092+0000] {dag.py:3036} INFO - Sync 1 DAGs
[2024-01-23T22:23:09.100+0000] {logging_mixin.py:188} INFO - [2024-01-23T22:23:09.100+0000] {dag.py:3823} INFO - Setting next_dagrun for example_kubernetes_executor to None, run_after=None
[2024-01-23T22:23:09.117+0000] {processor.py:183} INFO - Processing /home/airflow/.local/lib/python3.8/site-packages/airflow/example_dags/example_kubernetes_executor.py took 0.057 seconds
[2024-01-23T22:23:39.214+0000] {processor.py:161} INFO - Started process (PID=426) to work on /home/airflow/.local/lib/python3.8/site-packages/airflow/example_dags/example_kubernetes_executor.py
[2024-01-23T22:23:39.215+0000] {processor.py:830} INFO - Processing file /home/airflow/.local/lib/python3.8/site-packages/airflow/example_dags/example_kubernetes_executor.py for tasks to queue
[2024-01-23T22:23:39.216+0000] {logging_mixin.py:188} INFO - [2024-01-23T22:23:39.216+0000] {dagbag.py:538} INFO - Filling up the DagBag from /home/airflow/.local/lib/python3.8/site-packages/airflow/example_dags/example_kubernetes_executor.py
[2024-01-23T22:23:39.224+0000] {processor.py:840} INFO - DAG(s) 'example_kubernetes_executor' retrieved from /home/airflow/.local/lib/python3.8/site-packages/airflow/example_dags/example_kubernetes_executor.py
[2024-01-23T22:23:39.247+0000] {logging_mixin.py:188} INFO - [2024-01-23T22:23:39.247+0000] {dag.py:3036} INFO - Sync 1 DAGs
[2024-01-23T22:23:39.254+0000] {logging_mixin.py:188} INFO - [2024-01-23T22:23:39.254+0000] {dag.py:3823} INFO - Setting next_dagrun for example_kubernetes_executor to None, run_after=None
[2024-01-23T22:23:39.266+0000] {processor.py:183} INFO - Processing /home/airflow/.local/lib/python3.8/site-packages/airflow/example_dags/example_kubernetes_executor.py took 0.055 seconds
[2024-01-23T22:24:09.438+0000] {processor.py:161} INFO - Started process (PID=481) to work on /home/airflow/.local/lib/python3.8/site-packages/airflow/example_dags/example_kubernetes_executor.py
[2024-01-23T22:24:09.439+0000] {processor.py:830} INFO - Processing file /home/airflow/.local/lib/python3.8/site-packages/airflow/example_dags/example_kubernetes_executor.py for tasks to queue
[2024-01-23T22:24:09.440+0000] {logging_mixin.py:188} INFO - [2024-01-23T22:24:09.440+0000] {dagbag.py:538} INFO - Filling up the DagBag from /home/airflow/.local/lib/python3.8/site-packages/airflow/example_dags/example_kubernetes_executor.py
[2024-01-23T22:24:09.453+0000] {processor.py:840} INFO - DAG(s) 'example_kubernetes_executor' retrieved from /home/airflow/.local/lib/python3.8/site-packages/airflow/example_dags/example_kubernetes_executor.py
[2024-01-23T22:24:09.483+0000] {logging_mixin.py:188} INFO - [2024-01-23T22:24:09.483+0000] {dag.py:3036} INFO - Sync 1 DAGs
[2024-01-23T22:24:09.492+0000] {logging_mixin.py:188} INFO - [2024-01-23T22:24:09.491+0000] {dag.py:3823} INFO - Setting next_dagrun for example_kubernetes_executor to None, run_after=None
[2024-01-23T22:24:09.509+0000] {processor.py:183} INFO - Processing /home/airflow/.local/lib/python3.8/site-packages/airflow/example_dags/example_kubernetes_executor.py took 0.073 seconds
[2024-01-23T22:24:39.845+0000] {processor.py:161} INFO - Started process (PID=536) to work on /home/airflow/.local/lib/python3.8/site-packages/airflow/example_dags/example_kubernetes_executor.py
[2024-01-23T22:24:39.846+0000] {processor.py:830} INFO - Processing file /home/airflow/.local/lib/python3.8/site-packages/airflow/example_dags/example_kubernetes_executor.py for tasks to queue
[2024-01-23T22:24:39.847+0000] {logging_mixin.py:188} INFO - [2024-01-23T22:24:39.846+0000] {dagbag.py:538} INFO - Filling up the DagBag from /home/airflow/.local/lib/python3.8/site-packages/airflow/example_dags/example_kubernetes_executor.py
[2024-01-23T22:24:39.856+0000] {processor.py:840} INFO - DAG(s) 'example_kubernetes_executor' retrieved from /home/airflow/.local/lib/python3.8/site-packages/airflow/example_dags/example_kubernetes_executor.py
[2024-01-23T22:24:39.882+0000] {logging_mixin.py:188} INFO - [2024-01-23T22:24:39.881+0000] {dag.py:3036} INFO - Sync 1 DAGs
[2024-01-23T22:24:39.891+0000] {logging_mixin.py:188} INFO - [2024-01-23T22:24:39.891+0000] {dag.py:3823} INFO - Setting next_dagrun for example_kubernetes_executor to None, run_after=None
[2024-01-23T22:24:39.906+0000] {processor.py:183} INFO - Processing /home/airflow/.local/lib/python3.8/site-packages/airflow/example_dags/example_kubernetes_executor.py took 0.063 seconds
[2024-01-23T22:25:10.291+0000] {processor.py:161} INFO - Started process (PID=593) to work on /home/airflow/.local/lib/python3.8/site-packages/airflow/example_dags/example_kubernetes_executor.py
[2024-01-23T22:25:10.292+0000] {processor.py:830} INFO - Processing file /home/airflow/.local/lib/python3.8/site-packages/airflow/example_dags/example_kubernetes_executor.py for tasks to queue
[2024-01-23T22:25:10.293+0000] {logging_mixin.py:188} INFO - [2024-01-23T22:25:10.292+0000] {dagbag.py:538} INFO - Filling up the DagBag from /home/airflow/.local/lib/python3.8/site-packages/airflow/example_dags/example_kubernetes_executor.py
[2024-01-23T22:25:10.300+0000] {processor.py:840} INFO - DAG(s) 'example_kubernetes_executor' retrieved from /home/airflow/.local/lib/python3.8/site-packages/airflow/example_dags/example_kubernetes_executor.py
[2024-01-23T22:25:10.323+0000] {logging_mixin.py:188} INFO - [2024-01-23T22:25:10.323+0000] {dag.py:3036} INFO - Sync 1 DAGs
[2024-01-23T22:25:10.330+0000] {logging_mixin.py:188} INFO - [2024-01-23T22:25:10.330+0000] {dag.py:3823} INFO - Setting next_dagrun for example_kubernetes_executor to None, run_after=None
[2024-01-23T22:25:10.344+0000] {processor.py:183} INFO - Processing /home/airflow/.local/lib/python3.8/site-packages/airflow/example_dags/example_kubernetes_executor.py took 0.055 seconds
[2024-01-23T22:25:41.351+0000] {processor.py:161} INFO - Started process (PID=650) to work on /home/airflow/.local/lib/python3.8/site-packages/airflow/example_dags/example_kubernetes_executor.py
[2024-01-23T22:25:41.352+0000] {processor.py:830} INFO - Processing file /home/airflow/.local/lib/python3.8/site-packages/airflow/example_dags/example_kubernetes_executor.py for tasks to queue
[2024-01-23T22:25:41.354+0000] {logging_mixin.py:188} INFO - [2024-01-23T22:25:41.354+0000] {dagbag.py:538} INFO - Filling up the DagBag from /home/airflow/.local/lib/python3.8/site-packages/airflow/example_dags/example_kubernetes_executor.py
[2024-01-23T22:25:41.361+0000] {processor.py:840} INFO - DAG(s) 'example_kubernetes_executor' retrieved from /home/airflow/.local/lib/python3.8/site-packages/airflow/example_dags/example_kubernetes_executor.py
[2024-01-23T22:25:41.388+0000] {logging_mixin.py:188} INFO - [2024-01-23T22:25:41.388+0000] {dag.py:3036} INFO - Sync 1 DAGs
[2024-01-23T22:25:41.396+0000] {logging_mixin.py:188} INFO - [2024-01-23T22:25:41.396+0000] {dag.py:3823} INFO - Setting next_dagrun for example_kubernetes_executor to None, run_after=None
[2024-01-23T22:25:41.410+0000] {processor.py:183} INFO - Processing /home/airflow/.local/lib/python3.8/site-packages/airflow/example_dags/example_kubernetes_executor.py took 0.061 seconds
[2024-01-23T22:26:11.563+0000] {processor.py:161} INFO - Started process (PID=707) to work on /home/airflow/.local/lib/python3.8/site-packages/airflow/example_dags/example_kubernetes_executor.py
[2024-01-23T22:26:11.564+0000] {processor.py:830} INFO - Processing file /home/airflow/.local/lib/python3.8/site-packages/airflow/example_dags/example_kubernetes_executor.py for tasks to queue
[2024-01-23T22:26:11.565+0000] {logging_mixin.py:188} INFO - [2024-01-23T22:26:11.564+0000] {dagbag.py:538} INFO - Filling up the DagBag from /home/airflow/.local/lib/python3.8/site-packages/airflow/example_dags/example_kubernetes_executor.py
[2024-01-23T22:26:11.572+0000] {processor.py:840} INFO - DAG(s) 'example_kubernetes_executor' retrieved from /home/airflow/.local/lib/python3.8/site-packages/airflow/example_dags/example_kubernetes_executor.py
[2024-01-23T22:26:11.594+0000] {logging_mixin.py:188} INFO - [2024-01-23T22:26:11.594+0000] {dag.py:3036} INFO - Sync 1 DAGs
[2024-01-23T22:26:11.602+0000] {logging_mixin.py:188} INFO - [2024-01-23T22:26:11.602+0000] {dag.py:3823} INFO - Setting next_dagrun for example_kubernetes_executor to None, run_after=None
[2024-01-23T22:26:11.614+0000] {processor.py:183} INFO - Processing /home/airflow/.local/lib/python3.8/site-packages/airflow/example_dags/example_kubernetes_executor.py took 0.053 seconds
[2024-01-23T22:26:41.716+0000] {processor.py:161} INFO - Started process (PID=764) to work on /home/airflow/.local/lib/python3.8/site-packages/airflow/example_dags/example_kubernetes_executor.py
[2024-01-23T22:26:41.717+0000] {processor.py:830} INFO - Processing file /home/airflow/.local/lib/python3.8/site-packages/airflow/example_dags/example_kubernetes_executor.py for tasks to queue
[2024-01-23T22:26:41.718+0000] {logging_mixin.py:188} INFO - [2024-01-23T22:26:41.718+0000] {dagbag.py:538} INFO - Filling up the DagBag from /home/airflow/.local/lib/python3.8/site-packages/airflow/example_dags/example_kubernetes_executor.py
[2024-01-23T22:26:41.730+0000] {processor.py:840} INFO - DAG(s) 'example_kubernetes_executor' retrieved from /home/airflow/.local/lib/python3.8/site-packages/airflow/example_dags/example_kubernetes_executor.py
[2024-01-23T22:26:41.767+0000] {logging_mixin.py:188} INFO - [2024-01-23T22:26:41.766+0000] {dag.py:3036} INFO - Sync 1 DAGs
[2024-01-23T22:26:41.779+0000] {logging_mixin.py:188} INFO - [2024-01-23T22:26:41.779+0000] {dag.py:3823} INFO - Setting next_dagrun for example_kubernetes_executor to None, run_after=None
[2024-01-23T22:26:41.801+0000] {processor.py:183} INFO - Processing /home/airflow/.local/lib/python3.8/site-packages/airflow/example_dags/example_kubernetes_executor.py took 0.088 seconds
[2024-01-23T22:27:12.361+0000] {processor.py:161} INFO - Started process (PID=821) to work on /home/airflow/.local/lib/python3.8/site-packages/airflow/example_dags/example_kubernetes_executor.py
[2024-01-23T22:27:12.361+0000] {processor.py:830} INFO - Processing file /home/airflow/.local/lib/python3.8/site-packages/airflow/example_dags/example_kubernetes_executor.py for tasks to queue
[2024-01-23T22:27:12.362+0000] {logging_mixin.py:188} INFO - [2024-01-23T22:27:12.362+0000] {dagbag.py:538} INFO - Filling up the DagBag from /home/airflow/.local/lib/python3.8/site-packages/airflow/example_dags/example_kubernetes_executor.py
[2024-01-23T22:27:12.371+0000] {processor.py:840} INFO - DAG(s) 'example_kubernetes_executor' retrieved from /home/airflow/.local/lib/python3.8/site-packages/airflow/example_dags/example_kubernetes_executor.py
[2024-01-23T22:27:12.449+0000] {logging_mixin.py:188} INFO - [2024-01-23T22:27:12.449+0000] {dag.py:3036} INFO - Sync 1 DAGs
[2024-01-23T22:27:12.460+0000] {logging_mixin.py:188} INFO - [2024-01-23T22:27:12.460+0000] {dag.py:3058} INFO - Creating ORM DAG for example_kubernetes_executor
[2024-01-23T22:27:12.461+0000] {logging_mixin.py:188} INFO - [2024-01-23T22:27:12.461+0000] {dag.py:3823} INFO - Setting next_dagrun for example_kubernetes_executor to None, run_after=None
[2024-01-23T22:27:12.477+0000] {processor.py:183} INFO - Processing /home/airflow/.local/lib/python3.8/site-packages/airflow/example_dags/example_kubernetes_executor.py took 0.118 seconds
[2024-01-23T22:27:43.270+0000] {processor.py:161} INFO - Started process (PID=878) to work on /home/airflow/.local/lib/python3.8/site-packages/airflow/example_dags/example_kubernetes_executor.py
[2024-01-23T22:27:43.270+0000] {processor.py:830} INFO - Processing file /home/airflow/.local/lib/python3.8/site-packages/airflow/example_dags/example_kubernetes_executor.py for tasks to queue
[2024-01-23T22:27:43.271+0000] {logging_mixin.py:188} INFO - [2024-01-23T22:27:43.271+0000] {dagbag.py:538} INFO - Filling up the DagBag from /home/airflow/.local/lib/python3.8/site-packages/airflow/example_dags/example_kubernetes_executor.py
[2024-01-23T22:27:43.279+0000] {processor.py:840} INFO - DAG(s) 'example_kubernetes_executor' retrieved from /home/airflow/.local/lib/python3.8/site-packages/airflow/example_dags/example_kubernetes_executor.py
[2024-01-23T22:27:43.300+0000] {logging_mixin.py:188} INFO - [2024-01-23T22:27:43.300+0000] {dag.py:3036} INFO - Sync 1 DAGs
[2024-01-23T22:27:43.307+0000] {logging_mixin.py:188} INFO - [2024-01-23T22:27:43.306+0000] {dag.py:3823} INFO - Setting next_dagrun for example_kubernetes_executor to None, run_after=None
[2024-01-23T22:27:43.317+0000] {processor.py:183} INFO - Processing /home/airflow/.local/lib/python3.8/site-packages/airflow/example_dags/example_kubernetes_executor.py took 0.049 seconds
[2024-01-23T22:28:13.575+0000] {processor.py:161} INFO - Started process (PID=935) to work on /home/airflow/.local/lib/python3.8/site-packages/airflow/example_dags/example_kubernetes_executor.py
[2024-01-23T22:28:13.575+0000] {processor.py:830} INFO - Processing file /home/airflow/.local/lib/python3.8/site-packages/airflow/example_dags/example_kubernetes_executor.py for tasks to queue
[2024-01-23T22:28:13.576+0000] {logging_mixin.py:188} INFO - [2024-01-23T22:28:13.576+0000] {dagbag.py:538} INFO - Filling up the DagBag from /home/airflow/.local/lib/python3.8/site-packages/airflow/example_dags/example_kubernetes_executor.py
[2024-01-23T22:28:13.585+0000] {processor.py:840} INFO - DAG(s) 'example_kubernetes_executor' retrieved from /home/airflow/.local/lib/python3.8/site-packages/airflow/example_dags/example_kubernetes_executor.py
[2024-01-23T22:28:13.608+0000] {logging_mixin.py:188} INFO - [2024-01-23T22:28:13.608+0000] {dag.py:3036} INFO - Sync 1 DAGs
[2024-01-23T22:28:13.615+0000] {logging_mixin.py:188} INFO - [2024-01-23T22:28:13.615+0000] {dag.py:3823} INFO - Setting next_dagrun for example_kubernetes_executor to None, run_after=None
[2024-01-23T22:28:13.627+0000] {processor.py:183} INFO - Processing /home/airflow/.local/lib/python3.8/site-packages/airflow/example_dags/example_kubernetes_executor.py took 0.054 seconds
[2024-01-23T22:28:43.652+0000] {processor.py:161} INFO - Started process (PID=992) to work on /home/airflow/.local/lib/python3.8/site-packages/airflow/example_dags/example_kubernetes_executor.py
[2024-01-23T22:28:43.652+0000] {processor.py:830} INFO - Processing file /home/airflow/.local/lib/python3.8/site-packages/airflow/example_dags/example_kubernetes_executor.py for tasks to queue
[2024-01-23T22:28:43.654+0000] {logging_mixin.py:188} INFO - [2024-01-23T22:28:43.653+0000] {dagbag.py:538} INFO - Filling up the DagBag from /home/airflow/.local/lib/python3.8/site-packages/airflow/example_dags/example_kubernetes_executor.py
[2024-01-23T22:28:43.662+0000] {processor.py:840} INFO - DAG(s) 'example_kubernetes_executor' retrieved from /home/airflow/.local/lib/python3.8/site-packages/airflow/example_dags/example_kubernetes_executor.py
[2024-01-23T22:28:43.685+0000] {logging_mixin.py:188} INFO - [2024-01-23T22:28:43.684+0000] {dag.py:3036} INFO - Sync 1 DAGs
[2024-01-23T22:28:43.692+0000] {logging_mixin.py:188} INFO - [2024-01-23T22:28:43.692+0000] {dag.py:3823} INFO - Setting next_dagrun for example_kubernetes_executor to None, run_after=None
[2024-01-23T22:28:43.703+0000] {processor.py:183} INFO - Processing /home/airflow/.local/lib/python3.8/site-packages/airflow/example_dags/example_kubernetes_executor.py took 0.053 seconds
[2024-01-23T22:29:13.850+0000] {processor.py:161} INFO - Started process (PID=1049) to work on /home/airflow/.local/lib/python3.8/site-packages/airflow/example_dags/example_kubernetes_executor.py
[2024-01-23T22:29:13.851+0000] {processor.py:830} INFO - Processing file /home/airflow/.local/lib/python3.8/site-packages/airflow/example_dags/example_kubernetes_executor.py for tasks to queue
[2024-01-23T22:29:13.852+0000] {logging_mixin.py:188} INFO - [2024-01-23T22:29:13.852+0000] {dagbag.py:538} INFO - Filling up the DagBag from /home/airflow/.local/lib/python3.8/site-packages/airflow/example_dags/example_kubernetes_executor.py
[2024-01-23T22:29:13.860+0000] {processor.py:840} INFO - DAG(s) 'example_kubernetes_executor' retrieved from /home/airflow/.local/lib/python3.8/site-packages/airflow/example_dags/example_kubernetes_executor.py
[2024-01-23T22:29:13.882+0000] {logging_mixin.py:188} INFO - [2024-01-23T22:29:13.882+0000] {dag.py:3036} INFO - Sync 1 DAGs
[2024-01-23T22:29:13.889+0000] {logging_mixin.py:188} INFO - [2024-01-23T22:29:13.889+0000] {dag.py:3823} INFO - Setting next_dagrun for example_kubernetes_executor to None, run_after=None
[2024-01-23T22:29:13.900+0000] {processor.py:183} INFO - Processing /home/airflow/.local/lib/python3.8/site-packages/airflow/example_dags/example_kubernetes_executor.py took 0.051 seconds
[2024-01-23T22:29:44.157+0000] {processor.py:161} INFO - Started process (PID=1106) to work on /home/airflow/.local/lib/python3.8/site-packages/airflow/example_dags/example_kubernetes_executor.py
[2024-01-23T22:29:44.158+0000] {processor.py:830} INFO - Processing file /home/airflow/.local/lib/python3.8/site-packages/airflow/example_dags/example_kubernetes_executor.py for tasks to queue
[2024-01-23T22:29:44.159+0000] {logging_mixin.py:188} INFO - [2024-01-23T22:29:44.159+0000] {dagbag.py:538} INFO - Filling up the DagBag from /home/airflow/.local/lib/python3.8/site-packages/airflow/example_dags/example_kubernetes_executor.py
[2024-01-23T22:29:44.167+0000] {processor.py:840} INFO - DAG(s) 'example_kubernetes_executor' retrieved from /home/airflow/.local/lib/python3.8/site-packages/airflow/example_dags/example_kubernetes_executor.py
[2024-01-23T22:29:44.193+0000] {logging_mixin.py:188} INFO - [2024-01-23T22:29:44.193+0000] {dag.py:3036} INFO - Sync 1 DAGs
[2024-01-23T22:29:44.200+0000] {logging_mixin.py:188} INFO - [2024-01-23T22:29:44.200+0000] {dag.py:3823} INFO - Setting next_dagrun for example_kubernetes_executor to None, run_after=None
[2024-01-23T22:29:44.212+0000] {processor.py:183} INFO - Processing /home/airflow/.local/lib/python3.8/site-packages/airflow/example_dags/example_kubernetes_executor.py took 0.057 seconds
