[2024-01-23T22:20:07.300+0000] {processor.py:161} INFO - Started process (PID=58) to work on /home/airflow/.local/lib/python3.8/site-packages/airflow/example_dags/example_trigger_controller_dag.py
[2024-01-23T22:20:07.300+0000] {processor.py:830} INFO - Processing file /home/airflow/.local/lib/python3.8/site-packages/airflow/example_dags/example_trigger_controller_dag.py for tasks to queue
[2024-01-23T22:20:07.301+0000] {logging_mixin.py:188} INFO - [2024-01-23T22:20:07.301+0000] {dagbag.py:538} INFO - Filling up the DagBag from /home/airflow/.local/lib/python3.8/site-packages/airflow/example_dags/example_trigger_controller_dag.py
[2024-01-23T22:20:07.306+0000] {processor.py:840} INFO - DAG(s) 'example_trigger_controller_dag' retrieved from /home/airflow/.local/lib/python3.8/site-packages/airflow/example_dags/example_trigger_controller_dag.py
[2024-01-23T22:20:07.369+0000] {logging_mixin.py:188} INFO - [2024-01-23T22:20:07.368+0000] {override.py:1769} INFO - Created Permission View: can delete on DAG:example_trigger_controller_dag
[2024-01-23T22:20:07.375+0000] {logging_mixin.py:188} INFO - [2024-01-23T22:20:07.375+0000] {override.py:1769} INFO - Created Permission View: can edit on DAG:example_trigger_controller_dag
[2024-01-23T22:20:07.379+0000] {logging_mixin.py:188} INFO - [2024-01-23T22:20:07.379+0000] {override.py:1769} INFO - Created Permission View: can read on DAG:example_trigger_controller_dag
[2024-01-23T22:20:07.380+0000] {logging_mixin.py:188} INFO - [2024-01-23T22:20:07.380+0000] {dag.py:3036} INFO - Sync 1 DAGs
[2024-01-23T22:20:07.386+0000] {logging_mixin.py:188} INFO - [2024-01-23T22:20:07.386+0000] {dag.py:3058} INFO - Creating ORM DAG for example_trigger_controller_dag
[2024-01-23T22:20:07.392+0000] {logging_mixin.py:188} INFO - [2024-01-23T22:20:07.392+0000] {dag.py:3823} INFO - Setting next_dagrun for example_trigger_controller_dag to 2021-01-01 00:00:00+00:00, run_after=2021-01-01 00:00:00+00:00
[2024-01-23T22:20:07.402+0000] {processor.py:183} INFO - Processing /home/airflow/.local/lib/python3.8/site-packages/airflow/example_dags/example_trigger_controller_dag.py took 0.104 seconds
[2024-01-23T22:20:38.338+0000] {processor.py:161} INFO - Started process (PID=113) to work on /home/airflow/.local/lib/python3.8/site-packages/airflow/example_dags/example_trigger_controller_dag.py
[2024-01-23T22:20:38.338+0000] {processor.py:830} INFO - Processing file /home/airflow/.local/lib/python3.8/site-packages/airflow/example_dags/example_trigger_controller_dag.py for tasks to queue
[2024-01-23T22:20:38.339+0000] {logging_mixin.py:188} INFO - [2024-01-23T22:20:38.339+0000] {dagbag.py:538} INFO - Filling up the DagBag from /home/airflow/.local/lib/python3.8/site-packages/airflow/example_dags/example_trigger_controller_dag.py
[2024-01-23T22:20:38.342+0000] {processor.py:840} INFO - DAG(s) 'example_trigger_controller_dag' retrieved from /home/airflow/.local/lib/python3.8/site-packages/airflow/example_dags/example_trigger_controller_dag.py
[2024-01-23T22:20:38.354+0000] {logging_mixin.py:188} INFO - [2024-01-23T22:20:38.354+0000] {dag.py:3036} INFO - Sync 1 DAGs
[2024-01-23T22:20:38.366+0000] {logging_mixin.py:188} INFO - [2024-01-23T22:20:38.366+0000] {dag.py:3823} INFO - Setting next_dagrun for example_trigger_controller_dag to 2021-01-01 00:00:00+00:00, run_after=2021-01-01 00:00:00+00:00
[2024-01-23T22:20:38.377+0000] {processor.py:183} INFO - Processing /home/airflow/.local/lib/python3.8/site-packages/airflow/example_dags/example_trigger_controller_dag.py took 0.042 seconds
[2024-01-23T22:21:09.066+0000] {processor.py:161} INFO - Started process (PID=168) to work on /home/airflow/.local/lib/python3.8/site-packages/airflow/example_dags/example_trigger_controller_dag.py
[2024-01-23T22:21:09.069+0000] {processor.py:830} INFO - Processing file /home/airflow/.local/lib/python3.8/site-packages/airflow/example_dags/example_trigger_controller_dag.py for tasks to queue
[2024-01-23T22:21:09.071+0000] {logging_mixin.py:188} INFO - [2024-01-23T22:21:09.071+0000] {dagbag.py:538} INFO - Filling up the DagBag from /home/airflow/.local/lib/python3.8/site-packages/airflow/example_dags/example_trigger_controller_dag.py
[2024-01-23T22:21:09.074+0000] {processor.py:840} INFO - DAG(s) 'example_trigger_controller_dag' retrieved from /home/airflow/.local/lib/python3.8/site-packages/airflow/example_dags/example_trigger_controller_dag.py
[2024-01-23T22:21:09.086+0000] {logging_mixin.py:188} INFO - [2024-01-23T22:21:09.086+0000] {dag.py:3036} INFO - Sync 1 DAGs
[2024-01-23T22:21:09.099+0000] {logging_mixin.py:188} INFO - [2024-01-23T22:21:09.099+0000] {dag.py:3823} INFO - Setting next_dagrun for example_trigger_controller_dag to 2021-01-01 00:00:00+00:00, run_after=2021-01-01 00:00:00+00:00
[2024-01-23T22:21:09.109+0000] {processor.py:183} INFO - Processing /home/airflow/.local/lib/python3.8/site-packages/airflow/example_dags/example_trigger_controller_dag.py took 0.045 seconds
[2024-01-23T22:21:39.725+0000] {processor.py:161} INFO - Started process (PID=223) to work on /home/airflow/.local/lib/python3.8/site-packages/airflow/example_dags/example_trigger_controller_dag.py
[2024-01-23T22:21:39.728+0000] {processor.py:830} INFO - Processing file /home/airflow/.local/lib/python3.8/site-packages/airflow/example_dags/example_trigger_controller_dag.py for tasks to queue
[2024-01-23T22:21:39.730+0000] {logging_mixin.py:188} INFO - [2024-01-23T22:21:39.730+0000] {dagbag.py:538} INFO - Filling up the DagBag from /home/airflow/.local/lib/python3.8/site-packages/airflow/example_dags/example_trigger_controller_dag.py
[2024-01-23T22:21:39.736+0000] {processor.py:840} INFO - DAG(s) 'example_trigger_controller_dag' retrieved from /home/airflow/.local/lib/python3.8/site-packages/airflow/example_dags/example_trigger_controller_dag.py
[2024-01-23T22:21:39.750+0000] {logging_mixin.py:188} INFO - [2024-01-23T22:21:39.749+0000] {dag.py:3036} INFO - Sync 1 DAGs
[2024-01-23T22:21:39.762+0000] {logging_mixin.py:188} INFO - [2024-01-23T22:21:39.762+0000] {dag.py:3823} INFO - Setting next_dagrun for example_trigger_controller_dag to 2021-01-01 00:00:00+00:00, run_after=2021-01-01 00:00:00+00:00
[2024-01-23T22:21:39.773+0000] {processor.py:183} INFO - Processing /home/airflow/.local/lib/python3.8/site-packages/airflow/example_dags/example_trigger_controller_dag.py took 0.050 seconds
[2024-01-23T22:22:10.614+0000] {processor.py:161} INFO - Started process (PID=278) to work on /home/airflow/.local/lib/python3.8/site-packages/airflow/example_dags/example_trigger_controller_dag.py
[2024-01-23T22:22:10.617+0000] {processor.py:830} INFO - Processing file /home/airflow/.local/lib/python3.8/site-packages/airflow/example_dags/example_trigger_controller_dag.py for tasks to queue
[2024-01-23T22:22:10.618+0000] {logging_mixin.py:188} INFO - [2024-01-23T22:22:10.618+0000] {dagbag.py:538} INFO - Filling up the DagBag from /home/airflow/.local/lib/python3.8/site-packages/airflow/example_dags/example_trigger_controller_dag.py
[2024-01-23T22:22:10.623+0000] {processor.py:840} INFO - DAG(s) 'example_trigger_controller_dag' retrieved from /home/airflow/.local/lib/python3.8/site-packages/airflow/example_dags/example_trigger_controller_dag.py
[2024-01-23T22:22:10.638+0000] {logging_mixin.py:188} INFO - [2024-01-23T22:22:10.637+0000] {dag.py:3036} INFO - Sync 1 DAGs
[2024-01-23T22:22:10.651+0000] {logging_mixin.py:188} INFO - [2024-01-23T22:22:10.650+0000] {dag.py:3823} INFO - Setting next_dagrun for example_trigger_controller_dag to 2021-01-01 00:00:00+00:00, run_after=2021-01-01 00:00:00+00:00
[2024-01-23T22:22:10.664+0000] {processor.py:183} INFO - Processing /home/airflow/.local/lib/python3.8/site-packages/airflow/example_dags/example_trigger_controller_dag.py took 0.052 seconds
[2024-01-23T22:22:40.858+0000] {processor.py:161} INFO - Started process (PID=333) to work on /home/airflow/.local/lib/python3.8/site-packages/airflow/example_dags/example_trigger_controller_dag.py
[2024-01-23T22:22:40.861+0000] {processor.py:830} INFO - Processing file /home/airflow/.local/lib/python3.8/site-packages/airflow/example_dags/example_trigger_controller_dag.py for tasks to queue
[2024-01-23T22:22:40.863+0000] {logging_mixin.py:188} INFO - [2024-01-23T22:22:40.863+0000] {dagbag.py:538} INFO - Filling up the DagBag from /home/airflow/.local/lib/python3.8/site-packages/airflow/example_dags/example_trigger_controller_dag.py
[2024-01-23T22:22:40.869+0000] {processor.py:840} INFO - DAG(s) 'example_trigger_controller_dag' retrieved from /home/airflow/.local/lib/python3.8/site-packages/airflow/example_dags/example_trigger_controller_dag.py
[2024-01-23T22:22:40.883+0000] {logging_mixin.py:188} INFO - [2024-01-23T22:22:40.883+0000] {dag.py:3036} INFO - Sync 1 DAGs
[2024-01-23T22:22:40.896+0000] {logging_mixin.py:188} INFO - [2024-01-23T22:22:40.896+0000] {dag.py:3823} INFO - Setting next_dagrun for example_trigger_controller_dag to 2021-01-01 00:00:00+00:00, run_after=2021-01-01 00:00:00+00:00
[2024-01-23T22:22:40.907+0000] {processor.py:183} INFO - Processing /home/airflow/.local/lib/python3.8/site-packages/airflow/example_dags/example_trigger_controller_dag.py took 0.052 seconds
[2024-01-23T22:23:11.730+0000] {processor.py:161} INFO - Started process (PID=388) to work on /home/airflow/.local/lib/python3.8/site-packages/airflow/example_dags/example_trigger_controller_dag.py
[2024-01-23T22:23:11.732+0000] {processor.py:830} INFO - Processing file /home/airflow/.local/lib/python3.8/site-packages/airflow/example_dags/example_trigger_controller_dag.py for tasks to queue
[2024-01-23T22:23:11.734+0000] {logging_mixin.py:188} INFO - [2024-01-23T22:23:11.733+0000] {dagbag.py:538} INFO - Filling up the DagBag from /home/airflow/.local/lib/python3.8/site-packages/airflow/example_dags/example_trigger_controller_dag.py
[2024-01-23T22:23:11.737+0000] {processor.py:840} INFO - DAG(s) 'example_trigger_controller_dag' retrieved from /home/airflow/.local/lib/python3.8/site-packages/airflow/example_dags/example_trigger_controller_dag.py
[2024-01-23T22:23:11.751+0000] {logging_mixin.py:188} INFO - [2024-01-23T22:23:11.750+0000] {dag.py:3036} INFO - Sync 1 DAGs
[2024-01-23T22:23:11.763+0000] {logging_mixin.py:188} INFO - [2024-01-23T22:23:11.763+0000] {dag.py:3823} INFO - Setting next_dagrun for example_trigger_controller_dag to 2021-01-01 00:00:00+00:00, run_after=2021-01-01 00:00:00+00:00
[2024-01-23T22:23:11.775+0000] {processor.py:183} INFO - Processing /home/airflow/.local/lib/python3.8/site-packages/airflow/example_dags/example_trigger_controller_dag.py took 0.046 seconds
[2024-01-23T22:23:41.841+0000] {processor.py:161} INFO - Started process (PID=443) to work on /home/airflow/.local/lib/python3.8/site-packages/airflow/example_dags/example_trigger_controller_dag.py
[2024-01-23T22:23:41.845+0000] {processor.py:830} INFO - Processing file /home/airflow/.local/lib/python3.8/site-packages/airflow/example_dags/example_trigger_controller_dag.py for tasks to queue
[2024-01-23T22:23:41.846+0000] {logging_mixin.py:188} INFO - [2024-01-23T22:23:41.846+0000] {dagbag.py:538} INFO - Filling up the DagBag from /home/airflow/.local/lib/python3.8/site-packages/airflow/example_dags/example_trigger_controller_dag.py
[2024-01-23T22:23:41.849+0000] {processor.py:840} INFO - DAG(s) 'example_trigger_controller_dag' retrieved from /home/airflow/.local/lib/python3.8/site-packages/airflow/example_dags/example_trigger_controller_dag.py
[2024-01-23T22:23:41.862+0000] {logging_mixin.py:188} INFO - [2024-01-23T22:23:41.861+0000] {dag.py:3036} INFO - Sync 1 DAGs
[2024-01-23T22:23:41.874+0000] {logging_mixin.py:188} INFO - [2024-01-23T22:23:41.874+0000] {dag.py:3823} INFO - Setting next_dagrun for example_trigger_controller_dag to 2021-01-01 00:00:00+00:00, run_after=2021-01-01 00:00:00+00:00
[2024-01-23T22:23:41.886+0000] {processor.py:183} INFO - Processing /home/airflow/.local/lib/python3.8/site-packages/airflow/example_dags/example_trigger_controller_dag.py took 0.047 seconds
[2024-01-23T22:24:12.272+0000] {processor.py:161} INFO - Started process (PID=498) to work on /home/airflow/.local/lib/python3.8/site-packages/airflow/example_dags/example_trigger_controller_dag.py
[2024-01-23T22:24:12.273+0000] {processor.py:830} INFO - Processing file /home/airflow/.local/lib/python3.8/site-packages/airflow/example_dags/example_trigger_controller_dag.py for tasks to queue
[2024-01-23T22:24:12.274+0000] {logging_mixin.py:188} INFO - [2024-01-23T22:24:12.274+0000] {dagbag.py:538} INFO - Filling up the DagBag from /home/airflow/.local/lib/python3.8/site-packages/airflow/example_dags/example_trigger_controller_dag.py
[2024-01-23T22:24:12.277+0000] {processor.py:840} INFO - DAG(s) 'example_trigger_controller_dag' retrieved from /home/airflow/.local/lib/python3.8/site-packages/airflow/example_dags/example_trigger_controller_dag.py
[2024-01-23T22:24:12.295+0000] {logging_mixin.py:188} INFO - [2024-01-23T22:24:12.295+0000] {dag.py:3036} INFO - Sync 1 DAGs
[2024-01-23T22:24:12.314+0000] {logging_mixin.py:188} INFO - [2024-01-23T22:24:12.313+0000] {dag.py:3823} INFO - Setting next_dagrun for example_trigger_controller_dag to 2021-01-01 00:00:00+00:00, run_after=2021-01-01 00:00:00+00:00
[2024-01-23T22:24:12.333+0000] {processor.py:183} INFO - Processing /home/airflow/.local/lib/python3.8/site-packages/airflow/example_dags/example_trigger_controller_dag.py took 0.063 seconds
[2024-01-23T22:24:42.530+0000] {processor.py:161} INFO - Started process (PID=553) to work on /home/airflow/.local/lib/python3.8/site-packages/airflow/example_dags/example_trigger_controller_dag.py
[2024-01-23T22:24:42.530+0000] {processor.py:830} INFO - Processing file /home/airflow/.local/lib/python3.8/site-packages/airflow/example_dags/example_trigger_controller_dag.py for tasks to queue
[2024-01-23T22:24:42.531+0000] {logging_mixin.py:188} INFO - [2024-01-23T22:24:42.531+0000] {dagbag.py:538} INFO - Filling up the DagBag from /home/airflow/.local/lib/python3.8/site-packages/airflow/example_dags/example_trigger_controller_dag.py
[2024-01-23T22:24:42.535+0000] {processor.py:840} INFO - DAG(s) 'example_trigger_controller_dag' retrieved from /home/airflow/.local/lib/python3.8/site-packages/airflow/example_dags/example_trigger_controller_dag.py
[2024-01-23T22:24:42.547+0000] {logging_mixin.py:188} INFO - [2024-01-23T22:24:42.547+0000] {dag.py:3036} INFO - Sync 1 DAGs
[2024-01-23T22:24:42.560+0000] {logging_mixin.py:188} INFO - [2024-01-23T22:24:42.560+0000] {dag.py:3823} INFO - Setting next_dagrun for example_trigger_controller_dag to 2021-01-01 00:00:00+00:00, run_after=2021-01-01 00:00:00+00:00
[2024-01-23T22:24:42.571+0000] {processor.py:183} INFO - Processing /home/airflow/.local/lib/python3.8/site-packages/airflow/example_dags/example_trigger_controller_dag.py took 0.043 seconds
[2024-01-23T22:25:12.876+0000] {processor.py:161} INFO - Started process (PID=610) to work on /home/airflow/.local/lib/python3.8/site-packages/airflow/example_dags/example_trigger_controller_dag.py
[2024-01-23T22:25:12.879+0000] {processor.py:830} INFO - Processing file /home/airflow/.local/lib/python3.8/site-packages/airflow/example_dags/example_trigger_controller_dag.py for tasks to queue
[2024-01-23T22:25:12.880+0000] {logging_mixin.py:188} INFO - [2024-01-23T22:25:12.880+0000] {dagbag.py:538} INFO - Filling up the DagBag from /home/airflow/.local/lib/python3.8/site-packages/airflow/example_dags/example_trigger_controller_dag.py
[2024-01-23T22:25:12.884+0000] {processor.py:840} INFO - DAG(s) 'example_trigger_controller_dag' retrieved from /home/airflow/.local/lib/python3.8/site-packages/airflow/example_dags/example_trigger_controller_dag.py
[2024-01-23T22:25:12.897+0000] {logging_mixin.py:188} INFO - [2024-01-23T22:25:12.897+0000] {dag.py:3036} INFO - Sync 1 DAGs
[2024-01-23T22:25:12.910+0000] {logging_mixin.py:188} INFO - [2024-01-23T22:25:12.910+0000] {dag.py:3823} INFO - Setting next_dagrun for example_trigger_controller_dag to 2021-01-01 00:00:00+00:00, run_after=2021-01-01 00:00:00+00:00
[2024-01-23T22:25:12.922+0000] {processor.py:183} INFO - Processing /home/airflow/.local/lib/python3.8/site-packages/airflow/example_dags/example_trigger_controller_dag.py took 0.048 seconds
[2024-01-23T22:25:43.082+0000] {processor.py:161} INFO - Started process (PID=667) to work on /home/airflow/.local/lib/python3.8/site-packages/airflow/example_dags/example_trigger_controller_dag.py
[2024-01-23T22:25:43.083+0000] {processor.py:830} INFO - Processing file /home/airflow/.local/lib/python3.8/site-packages/airflow/example_dags/example_trigger_controller_dag.py for tasks to queue
[2024-01-23T22:25:43.084+0000] {logging_mixin.py:188} INFO - [2024-01-23T22:25:43.084+0000] {dagbag.py:538} INFO - Filling up the DagBag from /home/airflow/.local/lib/python3.8/site-packages/airflow/example_dags/example_trigger_controller_dag.py
[2024-01-23T22:25:43.089+0000] {processor.py:840} INFO - DAG(s) 'example_trigger_controller_dag' retrieved from /home/airflow/.local/lib/python3.8/site-packages/airflow/example_dags/example_trigger_controller_dag.py
[2024-01-23T22:25:43.106+0000] {logging_mixin.py:188} INFO - [2024-01-23T22:25:43.106+0000] {dag.py:3036} INFO - Sync 1 DAGs
[2024-01-23T22:25:43.123+0000] {logging_mixin.py:188} INFO - [2024-01-23T22:25:43.123+0000] {dag.py:3823} INFO - Setting next_dagrun for example_trigger_controller_dag to 2021-01-01 00:00:00+00:00, run_after=2021-01-01 00:00:00+00:00
[2024-01-23T22:25:43.139+0000] {processor.py:183} INFO - Processing /home/airflow/.local/lib/python3.8/site-packages/airflow/example_dags/example_trigger_controller_dag.py took 0.059 seconds
[2024-01-23T22:26:13.242+0000] {processor.py:161} INFO - Started process (PID=724) to work on /home/airflow/.local/lib/python3.8/site-packages/airflow/example_dags/example_trigger_controller_dag.py
[2024-01-23T22:26:13.243+0000] {processor.py:830} INFO - Processing file /home/airflow/.local/lib/python3.8/site-packages/airflow/example_dags/example_trigger_controller_dag.py for tasks to queue
[2024-01-23T22:26:13.244+0000] {logging_mixin.py:188} INFO - [2024-01-23T22:26:13.244+0000] {dagbag.py:538} INFO - Filling up the DagBag from /home/airflow/.local/lib/python3.8/site-packages/airflow/example_dags/example_trigger_controller_dag.py
[2024-01-23T22:26:13.247+0000] {processor.py:840} INFO - DAG(s) 'example_trigger_controller_dag' retrieved from /home/airflow/.local/lib/python3.8/site-packages/airflow/example_dags/example_trigger_controller_dag.py
[2024-01-23T22:26:13.260+0000] {logging_mixin.py:188} INFO - [2024-01-23T22:26:13.260+0000] {dag.py:3036} INFO - Sync 1 DAGs
[2024-01-23T22:26:13.275+0000] {logging_mixin.py:188} INFO - [2024-01-23T22:26:13.275+0000] {dag.py:3823} INFO - Setting next_dagrun for example_trigger_controller_dag to 2021-01-01 00:00:00+00:00, run_after=2021-01-01 00:00:00+00:00
[2024-01-23T22:26:13.289+0000] {processor.py:183} INFO - Processing /home/airflow/.local/lib/python3.8/site-packages/airflow/example_dags/example_trigger_controller_dag.py took 0.049 seconds
[2024-01-23T22:26:43.546+0000] {processor.py:161} INFO - Started process (PID=781) to work on /home/airflow/.local/lib/python3.8/site-packages/airflow/example_dags/example_trigger_controller_dag.py
[2024-01-23T22:26:43.546+0000] {processor.py:830} INFO - Processing file /home/airflow/.local/lib/python3.8/site-packages/airflow/example_dags/example_trigger_controller_dag.py for tasks to queue
[2024-01-23T22:26:43.547+0000] {logging_mixin.py:188} INFO - [2024-01-23T22:26:43.547+0000] {dagbag.py:538} INFO - Filling up the DagBag from /home/airflow/.local/lib/python3.8/site-packages/airflow/example_dags/example_trigger_controller_dag.py
[2024-01-23T22:26:43.550+0000] {processor.py:840} INFO - DAG(s) 'example_trigger_controller_dag' retrieved from /home/airflow/.local/lib/python3.8/site-packages/airflow/example_dags/example_trigger_controller_dag.py
[2024-01-23T22:26:43.563+0000] {logging_mixin.py:188} INFO - [2024-01-23T22:26:43.563+0000] {dag.py:3036} INFO - Sync 1 DAGs
[2024-01-23T22:26:43.578+0000] {logging_mixin.py:188} INFO - [2024-01-23T22:26:43.578+0000] {dag.py:3823} INFO - Setting next_dagrun for example_trigger_controller_dag to 2021-01-01 00:00:00+00:00, run_after=2021-01-01 00:00:00+00:00
[2024-01-23T22:26:43.592+0000] {processor.py:183} INFO - Processing /home/airflow/.local/lib/python3.8/site-packages/airflow/example_dags/example_trigger_controller_dag.py took 0.049 seconds
[2024-01-23T22:27:14.335+0000] {processor.py:161} INFO - Started process (PID=838) to work on /home/airflow/.local/lib/python3.8/site-packages/airflow/example_dags/example_trigger_controller_dag.py
[2024-01-23T22:27:14.336+0000] {processor.py:830} INFO - Processing file /home/airflow/.local/lib/python3.8/site-packages/airflow/example_dags/example_trigger_controller_dag.py for tasks to queue
[2024-01-23T22:27:14.337+0000] {logging_mixin.py:188} INFO - [2024-01-23T22:27:14.337+0000] {dagbag.py:538} INFO - Filling up the DagBag from /home/airflow/.local/lib/python3.8/site-packages/airflow/example_dags/example_trigger_controller_dag.py
[2024-01-23T22:27:14.342+0000] {processor.py:840} INFO - DAG(s) 'example_trigger_controller_dag' retrieved from /home/airflow/.local/lib/python3.8/site-packages/airflow/example_dags/example_trigger_controller_dag.py
[2024-01-23T22:27:14.359+0000] {logging_mixin.py:188} INFO - [2024-01-23T22:27:14.359+0000] {dag.py:3036} INFO - Sync 1 DAGs
[2024-01-23T22:27:14.378+0000] {logging_mixin.py:188} INFO - [2024-01-23T22:27:14.377+0000] {dag.py:3823} INFO - Setting next_dagrun for example_trigger_controller_dag to 2021-01-01 00:00:00+00:00, run_after=2021-01-01 00:00:00+00:00
[2024-01-23T22:27:14.393+0000] {processor.py:183} INFO - Processing /home/airflow/.local/lib/python3.8/site-packages/airflow/example_dags/example_trigger_controller_dag.py took 0.061 seconds
[2024-01-23T22:27:44.882+0000] {processor.py:161} INFO - Started process (PID=895) to work on /home/airflow/.local/lib/python3.8/site-packages/airflow/example_dags/example_trigger_controller_dag.py
[2024-01-23T22:27:44.885+0000] {processor.py:830} INFO - Processing file /home/airflow/.local/lib/python3.8/site-packages/airflow/example_dags/example_trigger_controller_dag.py for tasks to queue
[2024-01-23T22:27:44.887+0000] {logging_mixin.py:188} INFO - [2024-01-23T22:27:44.887+0000] {dagbag.py:538} INFO - Filling up the DagBag from /home/airflow/.local/lib/python3.8/site-packages/airflow/example_dags/example_trigger_controller_dag.py
[2024-01-23T22:27:44.892+0000] {processor.py:840} INFO - DAG(s) 'example_trigger_controller_dag' retrieved from /home/airflow/.local/lib/python3.8/site-packages/airflow/example_dags/example_trigger_controller_dag.py
[2024-01-23T22:27:44.906+0000] {logging_mixin.py:188} INFO - [2024-01-23T22:27:44.905+0000] {dag.py:3036} INFO - Sync 1 DAGs
[2024-01-23T22:27:44.919+0000] {logging_mixin.py:188} INFO - [2024-01-23T22:27:44.918+0000] {dag.py:3823} INFO - Setting next_dagrun for example_trigger_controller_dag to 2021-01-01 00:00:00+00:00, run_after=2021-01-01 00:00:00+00:00
[2024-01-23T22:27:44.930+0000] {processor.py:183} INFO - Processing /home/airflow/.local/lib/python3.8/site-packages/airflow/example_dags/example_trigger_controller_dag.py took 0.050 seconds
[2024-01-23T22:28:15.096+0000] {processor.py:161} INFO - Started process (PID=952) to work on /home/airflow/.local/lib/python3.8/site-packages/airflow/example_dags/example_trigger_controller_dag.py
[2024-01-23T22:28:15.098+0000] {processor.py:830} INFO - Processing file /home/airflow/.local/lib/python3.8/site-packages/airflow/example_dags/example_trigger_controller_dag.py for tasks to queue
[2024-01-23T22:28:15.099+0000] {logging_mixin.py:188} INFO - [2024-01-23T22:28:15.099+0000] {dagbag.py:538} INFO - Filling up the DagBag from /home/airflow/.local/lib/python3.8/site-packages/airflow/example_dags/example_trigger_controller_dag.py
[2024-01-23T22:28:15.104+0000] {processor.py:840} INFO - DAG(s) 'example_trigger_controller_dag' retrieved from /home/airflow/.local/lib/python3.8/site-packages/airflow/example_dags/example_trigger_controller_dag.py
[2024-01-23T22:28:15.118+0000] {logging_mixin.py:188} INFO - [2024-01-23T22:28:15.118+0000] {dag.py:3036} INFO - Sync 1 DAGs
[2024-01-23T22:28:15.139+0000] {logging_mixin.py:188} INFO - [2024-01-23T22:28:15.139+0000] {dag.py:3823} INFO - Setting next_dagrun for example_trigger_controller_dag to 2021-01-01 00:00:00+00:00, run_after=2021-01-01 00:00:00+00:00
[2024-01-23T22:28:15.151+0000] {processor.py:183} INFO - Processing /home/airflow/.local/lib/python3.8/site-packages/airflow/example_dags/example_trigger_controller_dag.py took 0.056 seconds
[2024-01-23T22:28:45.322+0000] {processor.py:161} INFO - Started process (PID=1009) to work on /home/airflow/.local/lib/python3.8/site-packages/airflow/example_dags/example_trigger_controller_dag.py
[2024-01-23T22:28:45.322+0000] {processor.py:830} INFO - Processing file /home/airflow/.local/lib/python3.8/site-packages/airflow/example_dags/example_trigger_controller_dag.py for tasks to queue
[2024-01-23T22:28:45.323+0000] {logging_mixin.py:188} INFO - [2024-01-23T22:28:45.323+0000] {dagbag.py:538} INFO - Filling up the DagBag from /home/airflow/.local/lib/python3.8/site-packages/airflow/example_dags/example_trigger_controller_dag.py
[2024-01-23T22:28:45.326+0000] {processor.py:840} INFO - DAG(s) 'example_trigger_controller_dag' retrieved from /home/airflow/.local/lib/python3.8/site-packages/airflow/example_dags/example_trigger_controller_dag.py
[2024-01-23T22:28:45.337+0000] {logging_mixin.py:188} INFO - [2024-01-23T22:28:45.337+0000] {dag.py:3036} INFO - Sync 1 DAGs
[2024-01-23T22:28:45.349+0000] {logging_mixin.py:188} INFO - [2024-01-23T22:28:45.349+0000] {dag.py:3823} INFO - Setting next_dagrun for example_trigger_controller_dag to 2021-01-01 00:00:00+00:00, run_after=2021-01-01 00:00:00+00:00
[2024-01-23T22:28:45.360+0000] {processor.py:183} INFO - Processing /home/airflow/.local/lib/python3.8/site-packages/airflow/example_dags/example_trigger_controller_dag.py took 0.040 seconds
[2024-01-23T22:29:15.494+0000] {processor.py:161} INFO - Started process (PID=1066) to work on /home/airflow/.local/lib/python3.8/site-packages/airflow/example_dags/example_trigger_controller_dag.py
[2024-01-23T22:29:15.497+0000] {processor.py:830} INFO - Processing file /home/airflow/.local/lib/python3.8/site-packages/airflow/example_dags/example_trigger_controller_dag.py for tasks to queue
[2024-01-23T22:29:15.498+0000] {logging_mixin.py:188} INFO - [2024-01-23T22:29:15.498+0000] {dagbag.py:538} INFO - Filling up the DagBag from /home/airflow/.local/lib/python3.8/site-packages/airflow/example_dags/example_trigger_controller_dag.py
[2024-01-23T22:29:15.502+0000] {processor.py:840} INFO - DAG(s) 'example_trigger_controller_dag' retrieved from /home/airflow/.local/lib/python3.8/site-packages/airflow/example_dags/example_trigger_controller_dag.py
[2024-01-23T22:29:15.518+0000] {logging_mixin.py:188} INFO - [2024-01-23T22:29:15.518+0000] {dag.py:3036} INFO - Sync 1 DAGs
[2024-01-23T22:29:15.533+0000] {logging_mixin.py:188} INFO - [2024-01-23T22:29:15.533+0000] {dag.py:3823} INFO - Setting next_dagrun for example_trigger_controller_dag to 2021-01-01 00:00:00+00:00, run_after=2021-01-01 00:00:00+00:00
[2024-01-23T22:29:15.546+0000] {processor.py:183} INFO - Processing /home/airflow/.local/lib/python3.8/site-packages/airflow/example_dags/example_trigger_controller_dag.py took 0.055 seconds
[2024-01-23T22:29:45.851+0000] {processor.py:161} INFO - Started process (PID=1123) to work on /home/airflow/.local/lib/python3.8/site-packages/airflow/example_dags/example_trigger_controller_dag.py
[2024-01-23T22:29:45.851+0000] {processor.py:830} INFO - Processing file /home/airflow/.local/lib/python3.8/site-packages/airflow/example_dags/example_trigger_controller_dag.py for tasks to queue
[2024-01-23T22:29:45.853+0000] {logging_mixin.py:188} INFO - [2024-01-23T22:29:45.853+0000] {dagbag.py:538} INFO - Filling up the DagBag from /home/airflow/.local/lib/python3.8/site-packages/airflow/example_dags/example_trigger_controller_dag.py
[2024-01-23T22:29:45.856+0000] {processor.py:840} INFO - DAG(s) 'example_trigger_controller_dag' retrieved from /home/airflow/.local/lib/python3.8/site-packages/airflow/example_dags/example_trigger_controller_dag.py
[2024-01-23T22:29:45.868+0000] {logging_mixin.py:188} INFO - [2024-01-23T22:29:45.868+0000] {dag.py:3036} INFO - Sync 1 DAGs
[2024-01-23T22:29:45.880+0000] {logging_mixin.py:188} INFO - [2024-01-23T22:29:45.880+0000] {dag.py:3823} INFO - Setting next_dagrun for example_trigger_controller_dag to 2021-01-01 00:00:00+00:00, run_after=2021-01-01 00:00:00+00:00
[2024-01-23T22:29:45.892+0000] {processor.py:183} INFO - Processing /home/airflow/.local/lib/python3.8/site-packages/airflow/example_dags/example_trigger_controller_dag.py took 0.044 seconds
