[2024-01-23T22:20:07.949+0000] {processor.py:161} INFO - Started process (PID=68) to work on /home/airflow/.local/lib/python3.8/site-packages/airflow/example_dags/example_external_task_marker_dag.py
[2024-01-23T22:20:07.950+0000] {processor.py:830} INFO - Processing file /home/airflow/.local/lib/python3.8/site-packages/airflow/example_dags/example_external_task_marker_dag.py for tasks to queue
[2024-01-23T22:20:07.951+0000] {logging_mixin.py:188} INFO - [2024-01-23T22:20:07.951+0000] {dagbag.py:538} INFO - Filling up the DagBag from /home/airflow/.local/lib/python3.8/site-packages/airflow/example_dags/example_external_task_marker_dag.py
[2024-01-23T22:20:07.955+0000] {processor.py:840} INFO - DAG(s) 'example_external_task_marker_child', 'example_external_task_marker_parent' retrieved from /home/airflow/.local/lib/python3.8/site-packages/airflow/example_dags/example_external_task_marker_dag.py
[2024-01-23T22:20:08.018+0000] {logging_mixin.py:188} INFO - [2024-01-23T22:20:08.017+0000] {override.py:1769} INFO - Created Permission View: can delete on DAG:example_external_task_marker_child
[2024-01-23T22:20:08.024+0000] {logging_mixin.py:188} INFO - [2024-01-23T22:20:08.024+0000] {override.py:1769} INFO - Created Permission View: can edit on DAG:example_external_task_marker_child
[2024-01-23T22:20:08.028+0000] {logging_mixin.py:188} INFO - [2024-01-23T22:20:08.028+0000] {override.py:1769} INFO - Created Permission View: can read on DAG:example_external_task_marker_child
[2024-01-23T22:20:08.037+0000] {logging_mixin.py:188} INFO - [2024-01-23T22:20:08.037+0000] {override.py:1769} INFO - Created Permission View: can delete on DAG:example_external_task_marker_parent
[2024-01-23T22:20:08.041+0000] {logging_mixin.py:188} INFO - [2024-01-23T22:20:08.041+0000] {override.py:1769} INFO - Created Permission View: can edit on DAG:example_external_task_marker_parent
[2024-01-23T22:20:08.046+0000] {logging_mixin.py:188} INFO - [2024-01-23T22:20:08.046+0000] {override.py:1769} INFO - Created Permission View: can read on DAG:example_external_task_marker_parent
[2024-01-23T22:20:08.046+0000] {logging_mixin.py:188} INFO - [2024-01-23T22:20:08.046+0000] {dag.py:3036} INFO - Sync 2 DAGs
[2024-01-23T22:20:08.053+0000] {logging_mixin.py:188} INFO - [2024-01-23T22:20:08.053+0000] {dag.py:3058} INFO - Creating ORM DAG for example_external_task_marker_parent
[2024-01-23T22:20:08.054+0000] {logging_mixin.py:188} INFO - [2024-01-23T22:20:08.054+0000] {dag.py:3058} INFO - Creating ORM DAG for example_external_task_marker_child
[2024-01-23T22:20:08.054+0000] {logging_mixin.py:188} INFO - [2024-01-23T22:20:08.054+0000] {dag.py:3823} INFO - Setting next_dagrun for example_external_task_marker_child to None, run_after=None
[2024-01-23T22:20:08.054+0000] {logging_mixin.py:188} INFO - [2024-01-23T22:20:08.054+0000] {dag.py:3823} INFO - Setting next_dagrun for example_external_task_marker_parent to None, run_after=None
[2024-01-23T22:20:08.065+0000] {processor.py:183} INFO - Processing /home/airflow/.local/lib/python3.8/site-packages/airflow/example_dags/example_external_task_marker_dag.py took 0.118 seconds
[2024-01-23T22:20:38.704+0000] {processor.py:161} INFO - Started process (PID=123) to work on /home/airflow/.local/lib/python3.8/site-packages/airflow/example_dags/example_external_task_marker_dag.py
[2024-01-23T22:20:38.705+0000] {processor.py:830} INFO - Processing file /home/airflow/.local/lib/python3.8/site-packages/airflow/example_dags/example_external_task_marker_dag.py for tasks to queue
[2024-01-23T22:20:38.706+0000] {logging_mixin.py:188} INFO - [2024-01-23T22:20:38.706+0000] {dagbag.py:538} INFO - Filling up the DagBag from /home/airflow/.local/lib/python3.8/site-packages/airflow/example_dags/example_external_task_marker_dag.py
[2024-01-23T22:20:38.711+0000] {processor.py:840} INFO - DAG(s) 'example_external_task_marker_child', 'example_external_task_marker_parent' retrieved from /home/airflow/.local/lib/python3.8/site-packages/airflow/example_dags/example_external_task_marker_dag.py
[2024-01-23T22:20:38.725+0000] {logging_mixin.py:188} INFO - [2024-01-23T22:20:38.724+0000] {dag.py:3036} INFO - Sync 2 DAGs
[2024-01-23T22:20:38.732+0000] {logging_mixin.py:188} INFO - [2024-01-23T22:20:38.731+0000] {dag.py:3823} INFO - Setting next_dagrun for example_external_task_marker_child to None, run_after=None
[2024-01-23T22:20:38.734+0000] {logging_mixin.py:188} INFO - [2024-01-23T22:20:38.734+0000] {dag.py:3823} INFO - Setting next_dagrun for example_external_task_marker_parent to None, run_after=None
[2024-01-23T22:20:38.744+0000] {processor.py:183} INFO - Processing /home/airflow/.local/lib/python3.8/site-packages/airflow/example_dags/example_external_task_marker_dag.py took 0.044 seconds
[2024-01-23T22:21:09.427+0000] {processor.py:161} INFO - Started process (PID=178) to work on /home/airflow/.local/lib/python3.8/site-packages/airflow/example_dags/example_external_task_marker_dag.py
[2024-01-23T22:21:09.427+0000] {processor.py:830} INFO - Processing file /home/airflow/.local/lib/python3.8/site-packages/airflow/example_dags/example_external_task_marker_dag.py for tasks to queue
[2024-01-23T22:21:09.429+0000] {logging_mixin.py:188} INFO - [2024-01-23T22:21:09.428+0000] {dagbag.py:538} INFO - Filling up the DagBag from /home/airflow/.local/lib/python3.8/site-packages/airflow/example_dags/example_external_task_marker_dag.py
[2024-01-23T22:21:09.432+0000] {processor.py:840} INFO - DAG(s) 'example_external_task_marker_parent', 'example_external_task_marker_child' retrieved from /home/airflow/.local/lib/python3.8/site-packages/airflow/example_dags/example_external_task_marker_dag.py
[2024-01-23T22:21:09.445+0000] {logging_mixin.py:188} INFO - [2024-01-23T22:21:09.445+0000] {dag.py:3036} INFO - Sync 2 DAGs
[2024-01-23T22:21:09.453+0000] {logging_mixin.py:188} INFO - [2024-01-23T22:21:09.453+0000] {dag.py:3823} INFO - Setting next_dagrun for example_external_task_marker_child to None, run_after=None
[2024-01-23T22:21:09.455+0000] {logging_mixin.py:188} INFO - [2024-01-23T22:21:09.455+0000] {dag.py:3823} INFO - Setting next_dagrun for example_external_task_marker_parent to None, run_after=None
[2024-01-23T22:21:09.463+0000] {processor.py:183} INFO - Processing /home/airflow/.local/lib/python3.8/site-packages/airflow/example_dags/example_external_task_marker_dag.py took 0.038 seconds
[2024-01-23T22:21:40.093+0000] {processor.py:161} INFO - Started process (PID=233) to work on /home/airflow/.local/lib/python3.8/site-packages/airflow/example_dags/example_external_task_marker_dag.py
[2024-01-23T22:21:40.093+0000] {processor.py:830} INFO - Processing file /home/airflow/.local/lib/python3.8/site-packages/airflow/example_dags/example_external_task_marker_dag.py for tasks to queue
[2024-01-23T22:21:40.094+0000] {logging_mixin.py:188} INFO - [2024-01-23T22:21:40.094+0000] {dagbag.py:538} INFO - Filling up the DagBag from /home/airflow/.local/lib/python3.8/site-packages/airflow/example_dags/example_external_task_marker_dag.py
[2024-01-23T22:21:40.097+0000] {processor.py:840} INFO - DAG(s) 'example_external_task_marker_parent', 'example_external_task_marker_child' retrieved from /home/airflow/.local/lib/python3.8/site-packages/airflow/example_dags/example_external_task_marker_dag.py
[2024-01-23T22:21:40.112+0000] {logging_mixin.py:188} INFO - [2024-01-23T22:21:40.111+0000] {dag.py:3036} INFO - Sync 2 DAGs
[2024-01-23T22:21:40.119+0000] {logging_mixin.py:188} INFO - [2024-01-23T22:21:40.119+0000] {dag.py:3823} INFO - Setting next_dagrun for example_external_task_marker_child to None, run_after=None
[2024-01-23T22:21:40.121+0000] {logging_mixin.py:188} INFO - [2024-01-23T22:21:40.121+0000] {dag.py:3823} INFO - Setting next_dagrun for example_external_task_marker_parent to None, run_after=None
[2024-01-23T22:21:40.131+0000] {processor.py:183} INFO - Processing /home/airflow/.local/lib/python3.8/site-packages/airflow/example_dags/example_external_task_marker_dag.py took 0.040 seconds
[2024-01-23T22:22:11.006+0000] {processor.py:161} INFO - Started process (PID=288) to work on /home/airflow/.local/lib/python3.8/site-packages/airflow/example_dags/example_external_task_marker_dag.py
[2024-01-23T22:22:11.006+0000] {processor.py:830} INFO - Processing file /home/airflow/.local/lib/python3.8/site-packages/airflow/example_dags/example_external_task_marker_dag.py for tasks to queue
[2024-01-23T22:22:11.007+0000] {logging_mixin.py:188} INFO - [2024-01-23T22:22:11.007+0000] {dagbag.py:538} INFO - Filling up the DagBag from /home/airflow/.local/lib/python3.8/site-packages/airflow/example_dags/example_external_task_marker_dag.py
[2024-01-23T22:22:11.012+0000] {processor.py:840} INFO - DAG(s) 'example_external_task_marker_child', 'example_external_task_marker_parent' retrieved from /home/airflow/.local/lib/python3.8/site-packages/airflow/example_dags/example_external_task_marker_dag.py
[2024-01-23T22:22:11.028+0000] {logging_mixin.py:188} INFO - [2024-01-23T22:22:11.027+0000] {dag.py:3036} INFO - Sync 2 DAGs
[2024-01-23T22:22:11.036+0000] {logging_mixin.py:188} INFO - [2024-01-23T22:22:11.036+0000] {dag.py:3823} INFO - Setting next_dagrun for example_external_task_marker_child to None, run_after=None
[2024-01-23T22:22:11.038+0000] {logging_mixin.py:188} INFO - [2024-01-23T22:22:11.038+0000] {dag.py:3823} INFO - Setting next_dagrun for example_external_task_marker_parent to None, run_after=None
[2024-01-23T22:22:11.050+0000] {processor.py:183} INFO - Processing /home/airflow/.local/lib/python3.8/site-packages/airflow/example_dags/example_external_task_marker_dag.py took 0.047 seconds
[2024-01-23T22:22:41.234+0000] {processor.py:161} INFO - Started process (PID=343) to work on /home/airflow/.local/lib/python3.8/site-packages/airflow/example_dags/example_external_task_marker_dag.py
[2024-01-23T22:22:41.235+0000] {processor.py:830} INFO - Processing file /home/airflow/.local/lib/python3.8/site-packages/airflow/example_dags/example_external_task_marker_dag.py for tasks to queue
[2024-01-23T22:22:41.236+0000] {logging_mixin.py:188} INFO - [2024-01-23T22:22:41.236+0000] {dagbag.py:538} INFO - Filling up the DagBag from /home/airflow/.local/lib/python3.8/site-packages/airflow/example_dags/example_external_task_marker_dag.py
[2024-01-23T22:22:41.239+0000] {processor.py:840} INFO - DAG(s) 'example_external_task_marker_child', 'example_external_task_marker_parent' retrieved from /home/airflow/.local/lib/python3.8/site-packages/airflow/example_dags/example_external_task_marker_dag.py
[2024-01-23T22:22:41.252+0000] {logging_mixin.py:188} INFO - [2024-01-23T22:22:41.252+0000] {dag.py:3036} INFO - Sync 2 DAGs
[2024-01-23T22:22:41.260+0000] {logging_mixin.py:188} INFO - [2024-01-23T22:22:41.260+0000] {dag.py:3823} INFO - Setting next_dagrun for example_external_task_marker_child to None, run_after=None
[2024-01-23T22:22:41.263+0000] {logging_mixin.py:188} INFO - [2024-01-23T22:22:41.263+0000] {dag.py:3823} INFO - Setting next_dagrun for example_external_task_marker_parent to None, run_after=None
[2024-01-23T22:22:41.272+0000] {processor.py:183} INFO - Processing /home/airflow/.local/lib/python3.8/site-packages/airflow/example_dags/example_external_task_marker_dag.py took 0.040 seconds
[2024-01-23T22:23:12.130+0000] {processor.py:161} INFO - Started process (PID=398) to work on /home/airflow/.local/lib/python3.8/site-packages/airflow/example_dags/example_external_task_marker_dag.py
[2024-01-23T22:23:12.131+0000] {processor.py:830} INFO - Processing file /home/airflow/.local/lib/python3.8/site-packages/airflow/example_dags/example_external_task_marker_dag.py for tasks to queue
[2024-01-23T22:23:12.132+0000] {logging_mixin.py:188} INFO - [2024-01-23T22:23:12.132+0000] {dagbag.py:538} INFO - Filling up the DagBag from /home/airflow/.local/lib/python3.8/site-packages/airflow/example_dags/example_external_task_marker_dag.py
[2024-01-23T22:23:12.136+0000] {processor.py:840} INFO - DAG(s) 'example_external_task_marker_child', 'example_external_task_marker_parent' retrieved from /home/airflow/.local/lib/python3.8/site-packages/airflow/example_dags/example_external_task_marker_dag.py
[2024-01-23T22:23:12.152+0000] {logging_mixin.py:188} INFO - [2024-01-23T22:23:12.152+0000] {dag.py:3036} INFO - Sync 2 DAGs
[2024-01-23T22:23:12.160+0000] {logging_mixin.py:188} INFO - [2024-01-23T22:23:12.160+0000] {dag.py:3823} INFO - Setting next_dagrun for example_external_task_marker_child to None, run_after=None
[2024-01-23T22:23:12.163+0000] {logging_mixin.py:188} INFO - [2024-01-23T22:23:12.162+0000] {dag.py:3823} INFO - Setting next_dagrun for example_external_task_marker_parent to None, run_after=None
[2024-01-23T22:23:12.173+0000] {processor.py:183} INFO - Processing /home/airflow/.local/lib/python3.8/site-packages/airflow/example_dags/example_external_task_marker_dag.py took 0.045 seconds
[2024-01-23T22:23:42.224+0000] {processor.py:161} INFO - Started process (PID=453) to work on /home/airflow/.local/lib/python3.8/site-packages/airflow/example_dags/example_external_task_marker_dag.py
[2024-01-23T22:23:42.225+0000] {processor.py:830} INFO - Processing file /home/airflow/.local/lib/python3.8/site-packages/airflow/example_dags/example_external_task_marker_dag.py for tasks to queue
[2024-01-23T22:23:42.226+0000] {logging_mixin.py:188} INFO - [2024-01-23T22:23:42.225+0000] {dagbag.py:538} INFO - Filling up the DagBag from /home/airflow/.local/lib/python3.8/site-packages/airflow/example_dags/example_external_task_marker_dag.py
[2024-01-23T22:23:42.229+0000] {processor.py:840} INFO - DAG(s) 'example_external_task_marker_child', 'example_external_task_marker_parent' retrieved from /home/airflow/.local/lib/python3.8/site-packages/airflow/example_dags/example_external_task_marker_dag.py
[2024-01-23T22:23:42.243+0000] {logging_mixin.py:188} INFO - [2024-01-23T22:23:42.243+0000] {dag.py:3036} INFO - Sync 2 DAGs
[2024-01-23T22:23:42.251+0000] {logging_mixin.py:188} INFO - [2024-01-23T22:23:42.251+0000] {dag.py:3823} INFO - Setting next_dagrun for example_external_task_marker_child to None, run_after=None
[2024-01-23T22:23:42.253+0000] {logging_mixin.py:188} INFO - [2024-01-23T22:23:42.253+0000] {dag.py:3823} INFO - Setting next_dagrun for example_external_task_marker_parent to None, run_after=None
[2024-01-23T22:23:42.263+0000] {processor.py:183} INFO - Processing /home/airflow/.local/lib/python3.8/site-packages/airflow/example_dags/example_external_task_marker_dag.py took 0.041 seconds
[2024-01-23T22:24:12.839+0000] {processor.py:161} INFO - Started process (PID=508) to work on /home/airflow/.local/lib/python3.8/site-packages/airflow/example_dags/example_external_task_marker_dag.py
[2024-01-23T22:24:12.840+0000] {processor.py:830} INFO - Processing file /home/airflow/.local/lib/python3.8/site-packages/airflow/example_dags/example_external_task_marker_dag.py for tasks to queue
[2024-01-23T22:24:12.841+0000] {logging_mixin.py:188} INFO - [2024-01-23T22:24:12.841+0000] {dagbag.py:538} INFO - Filling up the DagBag from /home/airflow/.local/lib/python3.8/site-packages/airflow/example_dags/example_external_task_marker_dag.py
[2024-01-23T22:24:12.846+0000] {processor.py:840} INFO - DAG(s) 'example_external_task_marker_child', 'example_external_task_marker_parent' retrieved from /home/airflow/.local/lib/python3.8/site-packages/airflow/example_dags/example_external_task_marker_dag.py
[2024-01-23T22:24:12.863+0000] {logging_mixin.py:188} INFO - [2024-01-23T22:24:12.863+0000] {dag.py:3036} INFO - Sync 2 DAGs
[2024-01-23T22:24:12.874+0000] {logging_mixin.py:188} INFO - [2024-01-23T22:24:12.874+0000] {dag.py:3823} INFO - Setting next_dagrun for example_external_task_marker_child to None, run_after=None
[2024-01-23T22:24:12.877+0000] {logging_mixin.py:188} INFO - [2024-01-23T22:24:12.877+0000] {dag.py:3823} INFO - Setting next_dagrun for example_external_task_marker_parent to None, run_after=None
[2024-01-23T22:24:12.894+0000] {processor.py:183} INFO - Processing /home/airflow/.local/lib/python3.8/site-packages/airflow/example_dags/example_external_task_marker_dag.py took 0.057 seconds
[2024-01-23T22:24:43.059+0000] {processor.py:161} INFO - Started process (PID=563) to work on /home/airflow/.local/lib/python3.8/site-packages/airflow/example_dags/example_external_task_marker_dag.py
[2024-01-23T22:24:43.060+0000] {processor.py:830} INFO - Processing file /home/airflow/.local/lib/python3.8/site-packages/airflow/example_dags/example_external_task_marker_dag.py for tasks to queue
[2024-01-23T22:24:43.061+0000] {logging_mixin.py:188} INFO - [2024-01-23T22:24:43.061+0000] {dagbag.py:538} INFO - Filling up the DagBag from /home/airflow/.local/lib/python3.8/site-packages/airflow/example_dags/example_external_task_marker_dag.py
[2024-01-23T22:24:43.064+0000] {processor.py:840} INFO - DAG(s) 'example_external_task_marker_child', 'example_external_task_marker_parent' retrieved from /home/airflow/.local/lib/python3.8/site-packages/airflow/example_dags/example_external_task_marker_dag.py
[2024-01-23T22:24:43.083+0000] {logging_mixin.py:188} INFO - [2024-01-23T22:24:43.083+0000] {dag.py:3036} INFO - Sync 2 DAGs
[2024-01-23T22:24:43.095+0000] {logging_mixin.py:188} INFO - [2024-01-23T22:24:43.095+0000] {dag.py:3823} INFO - Setting next_dagrun for example_external_task_marker_child to None, run_after=None
[2024-01-23T22:24:43.099+0000] {logging_mixin.py:188} INFO - [2024-01-23T22:24:43.098+0000] {dag.py:3823} INFO - Setting next_dagrun for example_external_task_marker_parent to None, run_after=None
[2024-01-23T22:24:43.112+0000] {processor.py:183} INFO - Processing /home/airflow/.local/lib/python3.8/site-packages/airflow/example_dags/example_external_task_marker_dag.py took 0.055 seconds
[2024-01-23T22:25:13.208+0000] {processor.py:161} INFO - Started process (PID=620) to work on /home/airflow/.local/lib/python3.8/site-packages/airflow/example_dags/example_external_task_marker_dag.py
[2024-01-23T22:25:13.208+0000] {processor.py:830} INFO - Processing file /home/airflow/.local/lib/python3.8/site-packages/airflow/example_dags/example_external_task_marker_dag.py for tasks to queue
[2024-01-23T22:25:13.209+0000] {logging_mixin.py:188} INFO - [2024-01-23T22:25:13.209+0000] {dagbag.py:538} INFO - Filling up the DagBag from /home/airflow/.local/lib/python3.8/site-packages/airflow/example_dags/example_external_task_marker_dag.py
[2024-01-23T22:25:13.213+0000] {processor.py:840} INFO - DAG(s) 'example_external_task_marker_parent', 'example_external_task_marker_child' retrieved from /home/airflow/.local/lib/python3.8/site-packages/airflow/example_dags/example_external_task_marker_dag.py
[2024-01-23T22:25:13.227+0000] {logging_mixin.py:188} INFO - [2024-01-23T22:25:13.227+0000] {dag.py:3036} INFO - Sync 2 DAGs
[2024-01-23T22:25:13.236+0000] {logging_mixin.py:188} INFO - [2024-01-23T22:25:13.235+0000] {dag.py:3823} INFO - Setting next_dagrun for example_external_task_marker_child to None, run_after=None
[2024-01-23T22:25:13.238+0000] {logging_mixin.py:188} INFO - [2024-01-23T22:25:13.238+0000] {dag.py:3823} INFO - Setting next_dagrun for example_external_task_marker_parent to None, run_after=None
[2024-01-23T22:25:13.248+0000] {processor.py:183} INFO - Processing /home/airflow/.local/lib/python3.8/site-packages/airflow/example_dags/example_external_task_marker_dag.py took 0.042 seconds
[2024-01-23T22:25:43.430+0000] {processor.py:161} INFO - Started process (PID=677) to work on /home/airflow/.local/lib/python3.8/site-packages/airflow/example_dags/example_external_task_marker_dag.py
[2024-01-23T22:25:43.431+0000] {processor.py:830} INFO - Processing file /home/airflow/.local/lib/python3.8/site-packages/airflow/example_dags/example_external_task_marker_dag.py for tasks to queue
[2024-01-23T22:25:43.432+0000] {logging_mixin.py:188} INFO - [2024-01-23T22:25:43.432+0000] {dagbag.py:538} INFO - Filling up the DagBag from /home/airflow/.local/lib/python3.8/site-packages/airflow/example_dags/example_external_task_marker_dag.py
[2024-01-23T22:25:43.435+0000] {processor.py:840} INFO - DAG(s) 'example_external_task_marker_parent', 'example_external_task_marker_child' retrieved from /home/airflow/.local/lib/python3.8/site-packages/airflow/example_dags/example_external_task_marker_dag.py
[2024-01-23T22:25:43.451+0000] {logging_mixin.py:188} INFO - [2024-01-23T22:25:43.451+0000] {dag.py:3036} INFO - Sync 2 DAGs
[2024-01-23T22:25:43.459+0000] {logging_mixin.py:188} INFO - [2024-01-23T22:25:43.459+0000] {dag.py:3823} INFO - Setting next_dagrun for example_external_task_marker_child to None, run_after=None
[2024-01-23T22:25:43.461+0000] {logging_mixin.py:188} INFO - [2024-01-23T22:25:43.461+0000] {dag.py:3823} INFO - Setting next_dagrun for example_external_task_marker_parent to None, run_after=None
[2024-01-23T22:25:43.471+0000] {processor.py:183} INFO - Processing /home/airflow/.local/lib/python3.8/site-packages/airflow/example_dags/example_external_task_marker_dag.py took 0.043 seconds
[2024-01-23T22:26:13.608+0000] {processor.py:161} INFO - Started process (PID=734) to work on /home/airflow/.local/lib/python3.8/site-packages/airflow/example_dags/example_external_task_marker_dag.py
[2024-01-23T22:26:13.608+0000] {processor.py:830} INFO - Processing file /home/airflow/.local/lib/python3.8/site-packages/airflow/example_dags/example_external_task_marker_dag.py for tasks to queue
[2024-01-23T22:26:13.609+0000] {logging_mixin.py:188} INFO - [2024-01-23T22:26:13.609+0000] {dagbag.py:538} INFO - Filling up the DagBag from /home/airflow/.local/lib/python3.8/site-packages/airflow/example_dags/example_external_task_marker_dag.py
[2024-01-23T22:26:13.613+0000] {processor.py:840} INFO - DAG(s) 'example_external_task_marker_child', 'example_external_task_marker_parent' retrieved from /home/airflow/.local/lib/python3.8/site-packages/airflow/example_dags/example_external_task_marker_dag.py
[2024-01-23T22:26:13.629+0000] {logging_mixin.py:188} INFO - [2024-01-23T22:26:13.628+0000] {dag.py:3036} INFO - Sync 2 DAGs
[2024-01-23T22:26:13.638+0000] {logging_mixin.py:188} INFO - [2024-01-23T22:26:13.638+0000] {dag.py:3823} INFO - Setting next_dagrun for example_external_task_marker_child to None, run_after=None
[2024-01-23T22:26:13.640+0000] {logging_mixin.py:188} INFO - [2024-01-23T22:26:13.640+0000] {dag.py:3823} INFO - Setting next_dagrun for example_external_task_marker_parent to None, run_after=None
[2024-01-23T22:26:13.653+0000] {processor.py:183} INFO - Processing /home/airflow/.local/lib/python3.8/site-packages/airflow/example_dags/example_external_task_marker_dag.py took 0.047 seconds
[2024-01-23T22:26:43.977+0000] {processor.py:161} INFO - Started process (PID=791) to work on /home/airflow/.local/lib/python3.8/site-packages/airflow/example_dags/example_external_task_marker_dag.py
[2024-01-23T22:26:43.978+0000] {processor.py:830} INFO - Processing file /home/airflow/.local/lib/python3.8/site-packages/airflow/example_dags/example_external_task_marker_dag.py for tasks to queue
[2024-01-23T22:26:43.979+0000] {logging_mixin.py:188} INFO - [2024-01-23T22:26:43.979+0000] {dagbag.py:538} INFO - Filling up the DagBag from /home/airflow/.local/lib/python3.8/site-packages/airflow/example_dags/example_external_task_marker_dag.py
[2024-01-23T22:26:43.983+0000] {processor.py:840} INFO - DAG(s) 'example_external_task_marker_child', 'example_external_task_marker_parent' retrieved from /home/airflow/.local/lib/python3.8/site-packages/airflow/example_dags/example_external_task_marker_dag.py
[2024-01-23T22:26:44.001+0000] {logging_mixin.py:188} INFO - [2024-01-23T22:26:44.001+0000] {dag.py:3036} INFO - Sync 2 DAGs
[2024-01-23T22:26:44.012+0000] {logging_mixin.py:188} INFO - [2024-01-23T22:26:44.012+0000] {dag.py:3823} INFO - Setting next_dagrun for example_external_task_marker_child to None, run_after=None
[2024-01-23T22:26:44.014+0000] {logging_mixin.py:188} INFO - [2024-01-23T22:26:44.014+0000] {dag.py:3823} INFO - Setting next_dagrun for example_external_task_marker_parent to None, run_after=None
[2024-01-23T22:26:44.026+0000] {processor.py:183} INFO - Processing /home/airflow/.local/lib/python3.8/site-packages/airflow/example_dags/example_external_task_marker_dag.py took 0.051 seconds
[2024-01-23T22:27:14.864+0000] {processor.py:161} INFO - Started process (PID=848) to work on /home/airflow/.local/lib/python3.8/site-packages/airflow/example_dags/example_external_task_marker_dag.py
[2024-01-23T22:27:14.865+0000] {processor.py:830} INFO - Processing file /home/airflow/.local/lib/python3.8/site-packages/airflow/example_dags/example_external_task_marker_dag.py for tasks to queue
[2024-01-23T22:27:14.866+0000] {logging_mixin.py:188} INFO - [2024-01-23T22:27:14.865+0000] {dagbag.py:538} INFO - Filling up the DagBag from /home/airflow/.local/lib/python3.8/site-packages/airflow/example_dags/example_external_task_marker_dag.py
[2024-01-23T22:27:14.869+0000] {processor.py:840} INFO - DAG(s) 'example_external_task_marker_child', 'example_external_task_marker_parent' retrieved from /home/airflow/.local/lib/python3.8/site-packages/airflow/example_dags/example_external_task_marker_dag.py
[2024-01-23T22:27:14.940+0000] {logging_mixin.py:188} INFO - [2024-01-23T22:27:14.940+0000] {dag.py:3036} INFO - Sync 2 DAGs
[2024-01-23T22:27:14.946+0000] {logging_mixin.py:188} INFO - [2024-01-23T22:27:14.946+0000] {dag.py:3058} INFO - Creating ORM DAG for example_external_task_marker_parent
[2024-01-23T22:27:14.947+0000] {logging_mixin.py:188} INFO - [2024-01-23T22:27:14.947+0000] {dag.py:3058} INFO - Creating ORM DAG for example_external_task_marker_child
[2024-01-23T22:27:14.947+0000] {logging_mixin.py:188} INFO - [2024-01-23T22:27:14.947+0000] {dag.py:3823} INFO - Setting next_dagrun for example_external_task_marker_child to None, run_after=None
[2024-01-23T22:27:14.947+0000] {logging_mixin.py:188} INFO - [2024-01-23T22:27:14.947+0000] {dag.py:3823} INFO - Setting next_dagrun for example_external_task_marker_parent to None, run_after=None
[2024-01-23T22:27:14.960+0000] {processor.py:183} INFO - Processing /home/airflow/.local/lib/python3.8/site-packages/airflow/example_dags/example_external_task_marker_dag.py took 0.098 seconds
[2024-01-23T22:27:45.337+0000] {processor.py:161} INFO - Started process (PID=905) to work on /home/airflow/.local/lib/python3.8/site-packages/airflow/example_dags/example_external_task_marker_dag.py
[2024-01-23T22:27:45.337+0000] {processor.py:830} INFO - Processing file /home/airflow/.local/lib/python3.8/site-packages/airflow/example_dags/example_external_task_marker_dag.py for tasks to queue
[2024-01-23T22:27:45.339+0000] {logging_mixin.py:188} INFO - [2024-01-23T22:27:45.338+0000] {dagbag.py:538} INFO - Filling up the DagBag from /home/airflow/.local/lib/python3.8/site-packages/airflow/example_dags/example_external_task_marker_dag.py
[2024-01-23T22:27:45.342+0000] {processor.py:840} INFO - DAG(s) 'example_external_task_marker_parent', 'example_external_task_marker_child' retrieved from /home/airflow/.local/lib/python3.8/site-packages/airflow/example_dags/example_external_task_marker_dag.py
[2024-01-23T22:27:45.358+0000] {logging_mixin.py:188} INFO - [2024-01-23T22:27:45.358+0000] {dag.py:3036} INFO - Sync 2 DAGs
[2024-01-23T22:27:45.369+0000] {logging_mixin.py:188} INFO - [2024-01-23T22:27:45.369+0000] {dag.py:3823} INFO - Setting next_dagrun for example_external_task_marker_child to None, run_after=None
[2024-01-23T22:27:45.373+0000] {logging_mixin.py:188} INFO - [2024-01-23T22:27:45.372+0000] {dag.py:3823} INFO - Setting next_dagrun for example_external_task_marker_parent to None, run_after=None
[2024-01-23T22:27:45.386+0000] {processor.py:183} INFO - Processing /home/airflow/.local/lib/python3.8/site-packages/airflow/example_dags/example_external_task_marker_dag.py took 0.052 seconds
[2024-01-23T22:28:15.462+0000] {processor.py:161} INFO - Started process (PID=962) to work on /home/airflow/.local/lib/python3.8/site-packages/airflow/example_dags/example_external_task_marker_dag.py
[2024-01-23T22:28:15.462+0000] {processor.py:830} INFO - Processing file /home/airflow/.local/lib/python3.8/site-packages/airflow/example_dags/example_external_task_marker_dag.py for tasks to queue
[2024-01-23T22:28:15.463+0000] {logging_mixin.py:188} INFO - [2024-01-23T22:28:15.463+0000] {dagbag.py:538} INFO - Filling up the DagBag from /home/airflow/.local/lib/python3.8/site-packages/airflow/example_dags/example_external_task_marker_dag.py
[2024-01-23T22:28:15.467+0000] {processor.py:840} INFO - DAG(s) 'example_external_task_marker_parent', 'example_external_task_marker_child' retrieved from /home/airflow/.local/lib/python3.8/site-packages/airflow/example_dags/example_external_task_marker_dag.py
[2024-01-23T22:28:15.482+0000] {logging_mixin.py:188} INFO - [2024-01-23T22:28:15.481+0000] {dag.py:3036} INFO - Sync 2 DAGs
[2024-01-23T22:28:15.489+0000] {logging_mixin.py:188} INFO - [2024-01-23T22:28:15.489+0000] {dag.py:3823} INFO - Setting next_dagrun for example_external_task_marker_child to None, run_after=None
[2024-01-23T22:28:15.492+0000] {logging_mixin.py:188} INFO - [2024-01-23T22:28:15.491+0000] {dag.py:3823} INFO - Setting next_dagrun for example_external_task_marker_parent to None, run_after=None
[2024-01-23T22:28:15.501+0000] {processor.py:183} INFO - Processing /home/airflow/.local/lib/python3.8/site-packages/airflow/example_dags/example_external_task_marker_dag.py took 0.041 seconds
[2024-01-23T22:28:45.716+0000] {processor.py:161} INFO - Started process (PID=1019) to work on /home/airflow/.local/lib/python3.8/site-packages/airflow/example_dags/example_external_task_marker_dag.py
[2024-01-23T22:28:45.716+0000] {processor.py:830} INFO - Processing file /home/airflow/.local/lib/python3.8/site-packages/airflow/example_dags/example_external_task_marker_dag.py for tasks to queue
[2024-01-23T22:28:45.718+0000] {logging_mixin.py:188} INFO - [2024-01-23T22:28:45.718+0000] {dagbag.py:538} INFO - Filling up the DagBag from /home/airflow/.local/lib/python3.8/site-packages/airflow/example_dags/example_external_task_marker_dag.py
[2024-01-23T22:28:45.722+0000] {processor.py:840} INFO - DAG(s) 'example_external_task_marker_parent', 'example_external_task_marker_child' retrieved from /home/airflow/.local/lib/python3.8/site-packages/airflow/example_dags/example_external_task_marker_dag.py
[2024-01-23T22:28:45.736+0000] {logging_mixin.py:188} INFO - [2024-01-23T22:28:45.736+0000] {dag.py:3036} INFO - Sync 2 DAGs
[2024-01-23T22:28:45.743+0000] {logging_mixin.py:188} INFO - [2024-01-23T22:28:45.743+0000] {dag.py:3823} INFO - Setting next_dagrun for example_external_task_marker_child to None, run_after=None
[2024-01-23T22:28:45.746+0000] {logging_mixin.py:188} INFO - [2024-01-23T22:28:45.746+0000] {dag.py:3823} INFO - Setting next_dagrun for example_external_task_marker_parent to None, run_after=None
[2024-01-23T22:28:45.756+0000] {processor.py:183} INFO - Processing /home/airflow/.local/lib/python3.8/site-packages/airflow/example_dags/example_external_task_marker_dag.py took 0.042 seconds
[2024-01-23T22:29:15.947+0000] {processor.py:161} INFO - Started process (PID=1076) to work on /home/airflow/.local/lib/python3.8/site-packages/airflow/example_dags/example_external_task_marker_dag.py
[2024-01-23T22:29:15.947+0000] {processor.py:830} INFO - Processing file /home/airflow/.local/lib/python3.8/site-packages/airflow/example_dags/example_external_task_marker_dag.py for tasks to queue
[2024-01-23T22:29:15.948+0000] {logging_mixin.py:188} INFO - [2024-01-23T22:29:15.948+0000] {dagbag.py:538} INFO - Filling up the DagBag from /home/airflow/.local/lib/python3.8/site-packages/airflow/example_dags/example_external_task_marker_dag.py
[2024-01-23T22:29:15.952+0000] {processor.py:840} INFO - DAG(s) 'example_external_task_marker_parent', 'example_external_task_marker_child' retrieved from /home/airflow/.local/lib/python3.8/site-packages/airflow/example_dags/example_external_task_marker_dag.py
[2024-01-23T22:29:15.968+0000] {logging_mixin.py:188} INFO - [2024-01-23T22:29:15.968+0000] {dag.py:3036} INFO - Sync 2 DAGs
[2024-01-23T22:29:15.977+0000] {logging_mixin.py:188} INFO - [2024-01-23T22:29:15.977+0000] {dag.py:3823} INFO - Setting next_dagrun for example_external_task_marker_child to None, run_after=None
[2024-01-23T22:29:15.979+0000] {logging_mixin.py:188} INFO - [2024-01-23T22:29:15.979+0000] {dag.py:3823} INFO - Setting next_dagrun for example_external_task_marker_parent to None, run_after=None
[2024-01-23T22:29:15.990+0000] {processor.py:183} INFO - Processing /home/airflow/.local/lib/python3.8/site-packages/airflow/example_dags/example_external_task_marker_dag.py took 0.045 seconds
[2024-01-23T22:29:46.176+0000] {processor.py:161} INFO - Started process (PID=1133) to work on /home/airflow/.local/lib/python3.8/site-packages/airflow/example_dags/example_external_task_marker_dag.py
[2024-01-23T22:29:46.177+0000] {processor.py:830} INFO - Processing file /home/airflow/.local/lib/python3.8/site-packages/airflow/example_dags/example_external_task_marker_dag.py for tasks to queue
[2024-01-23T22:29:46.178+0000] {logging_mixin.py:188} INFO - [2024-01-23T22:29:46.178+0000] {dagbag.py:538} INFO - Filling up the DagBag from /home/airflow/.local/lib/python3.8/site-packages/airflow/example_dags/example_external_task_marker_dag.py
[2024-01-23T22:29:46.181+0000] {processor.py:840} INFO - DAG(s) 'example_external_task_marker_parent', 'example_external_task_marker_child' retrieved from /home/airflow/.local/lib/python3.8/site-packages/airflow/example_dags/example_external_task_marker_dag.py
[2024-01-23T22:29:46.195+0000] {logging_mixin.py:188} INFO - [2024-01-23T22:29:46.195+0000] {dag.py:3036} INFO - Sync 2 DAGs
[2024-01-23T22:29:46.202+0000] {logging_mixin.py:188} INFO - [2024-01-23T22:29:46.202+0000] {dag.py:3823} INFO - Setting next_dagrun for example_external_task_marker_child to None, run_after=None
[2024-01-23T22:29:46.205+0000] {logging_mixin.py:188} INFO - [2024-01-23T22:29:46.205+0000] {dag.py:3823} INFO - Setting next_dagrun for example_external_task_marker_parent to None, run_after=None
[2024-01-23T22:29:46.214+0000] {processor.py:183} INFO - Processing /home/airflow/.local/lib/python3.8/site-packages/airflow/example_dags/example_external_task_marker_dag.py took 0.040 seconds
