[2024-01-23T22:20:05.257+0000] {processor.py:161} INFO - Started process (PID=37) to work on /home/airflow/.local/lib/python3.8/site-packages/airflow/example_dags/example_short_circuit_operator.py
[2024-01-23T22:20:05.257+0000] {processor.py:830} INFO - Processing file /home/airflow/.local/lib/python3.8/site-packages/airflow/example_dags/example_short_circuit_operator.py for tasks to queue
[2024-01-23T22:20:05.258+0000] {logging_mixin.py:188} INFO - [2024-01-23T22:20:05.258+0000] {dagbag.py:538} INFO - Filling up the DagBag from /home/airflow/.local/lib/python3.8/site-packages/airflow/example_dags/example_short_circuit_operator.py
[2024-01-23T22:20:05.266+0000] {processor.py:840} INFO - DAG(s) 'example_short_circuit_operator' retrieved from /home/airflow/.local/lib/python3.8/site-packages/airflow/example_dags/example_short_circuit_operator.py
[2024-01-23T22:20:05.337+0000] {logging_mixin.py:188} INFO - [2024-01-23T22:20:05.337+0000] {override.py:1769} INFO - Created Permission View: can delete on DAG:example_short_circuit_operator
[2024-01-23T22:20:05.344+0000] {logging_mixin.py:188} INFO - [2024-01-23T22:20:05.344+0000] {override.py:1769} INFO - Created Permission View: can edit on DAG:example_short_circuit_operator
[2024-01-23T22:20:05.348+0000] {logging_mixin.py:188} INFO - [2024-01-23T22:20:05.348+0000] {override.py:1769} INFO - Created Permission View: can read on DAG:example_short_circuit_operator
[2024-01-23T22:20:05.348+0000] {logging_mixin.py:188} INFO - [2024-01-23T22:20:05.348+0000] {dag.py:3036} INFO - Sync 1 DAGs
[2024-01-23T22:20:05.354+0000] {logging_mixin.py:188} INFO - [2024-01-23T22:20:05.354+0000] {dag.py:3058} INFO - Creating ORM DAG for example_short_circuit_operator
[2024-01-23T22:20:05.361+0000] {logging_mixin.py:188} INFO - [2024-01-23T22:20:05.361+0000] {dag.py:3823} INFO - Setting next_dagrun for example_short_circuit_operator to 2024-01-22 00:00:00+00:00, run_after=2024-01-23 00:00:00+00:00
[2024-01-23T22:20:05.373+0000] {processor.py:183} INFO - Processing /home/airflow/.local/lib/python3.8/site-packages/airflow/example_dags/example_short_circuit_operator.py took 0.118 seconds
[2024-01-23T22:20:35.695+0000] {processor.py:161} INFO - Started process (PID=92) to work on /home/airflow/.local/lib/python3.8/site-packages/airflow/example_dags/example_short_circuit_operator.py
[2024-01-23T22:20:35.696+0000] {processor.py:830} INFO - Processing file /home/airflow/.local/lib/python3.8/site-packages/airflow/example_dags/example_short_circuit_operator.py for tasks to queue
[2024-01-23T22:20:35.697+0000] {logging_mixin.py:188} INFO - [2024-01-23T22:20:35.697+0000] {dagbag.py:538} INFO - Filling up the DagBag from /home/airflow/.local/lib/python3.8/site-packages/airflow/example_dags/example_short_circuit_operator.py
[2024-01-23T22:20:35.701+0000] {processor.py:840} INFO - DAG(s) 'example_short_circuit_operator' retrieved from /home/airflow/.local/lib/python3.8/site-packages/airflow/example_dags/example_short_circuit_operator.py
[2024-01-23T22:20:35.715+0000] {logging_mixin.py:188} INFO - [2024-01-23T22:20:35.715+0000] {dag.py:3036} INFO - Sync 1 DAGs
[2024-01-23T22:20:35.729+0000] {logging_mixin.py:188} INFO - [2024-01-23T22:20:35.729+0000] {dag.py:3823} INFO - Setting next_dagrun for example_short_circuit_operator to 2024-01-22 00:00:00+00:00, run_after=2024-01-23 00:00:00+00:00
[2024-01-23T22:20:35.740+0000] {processor.py:183} INFO - Processing /home/airflow/.local/lib/python3.8/site-packages/airflow/example_dags/example_short_circuit_operator.py took 0.047 seconds
[2024-01-23T22:21:06.443+0000] {processor.py:161} INFO - Started process (PID=147) to work on /home/airflow/.local/lib/python3.8/site-packages/airflow/example_dags/example_short_circuit_operator.py
[2024-01-23T22:21:06.444+0000] {processor.py:830} INFO - Processing file /home/airflow/.local/lib/python3.8/site-packages/airflow/example_dags/example_short_circuit_operator.py for tasks to queue
[2024-01-23T22:21:06.444+0000] {logging_mixin.py:188} INFO - [2024-01-23T22:21:06.444+0000] {dagbag.py:538} INFO - Filling up the DagBag from /home/airflow/.local/lib/python3.8/site-packages/airflow/example_dags/example_short_circuit_operator.py
[2024-01-23T22:21:06.449+0000] {processor.py:840} INFO - DAG(s) 'example_short_circuit_operator' retrieved from /home/airflow/.local/lib/python3.8/site-packages/airflow/example_dags/example_short_circuit_operator.py
[2024-01-23T22:21:06.462+0000] {logging_mixin.py:188} INFO - [2024-01-23T22:21:06.462+0000] {dag.py:3036} INFO - Sync 1 DAGs
[2024-01-23T22:21:06.474+0000] {logging_mixin.py:188} INFO - [2024-01-23T22:21:06.474+0000] {dag.py:3823} INFO - Setting next_dagrun for example_short_circuit_operator to 2024-01-22 00:00:00+00:00, run_after=2024-01-23 00:00:00+00:00
[2024-01-23T22:21:06.485+0000] {processor.py:183} INFO - Processing /home/airflow/.local/lib/python3.8/site-packages/airflow/example_dags/example_short_circuit_operator.py took 0.044 seconds
[2024-01-23T22:21:37.116+0000] {processor.py:161} INFO - Started process (PID=202) to work on /home/airflow/.local/lib/python3.8/site-packages/airflow/example_dags/example_short_circuit_operator.py
[2024-01-23T22:21:37.116+0000] {processor.py:830} INFO - Processing file /home/airflow/.local/lib/python3.8/site-packages/airflow/example_dags/example_short_circuit_operator.py for tasks to queue
[2024-01-23T22:21:37.117+0000] {logging_mixin.py:188} INFO - [2024-01-23T22:21:37.117+0000] {dagbag.py:538} INFO - Filling up the DagBag from /home/airflow/.local/lib/python3.8/site-packages/airflow/example_dags/example_short_circuit_operator.py
[2024-01-23T22:21:37.121+0000] {processor.py:840} INFO - DAG(s) 'example_short_circuit_operator' retrieved from /home/airflow/.local/lib/python3.8/site-packages/airflow/example_dags/example_short_circuit_operator.py
[2024-01-23T22:21:37.136+0000] {logging_mixin.py:188} INFO - [2024-01-23T22:21:37.135+0000] {dag.py:3036} INFO - Sync 1 DAGs
[2024-01-23T22:21:37.148+0000] {logging_mixin.py:188} INFO - [2024-01-23T22:21:37.148+0000] {dag.py:3823} INFO - Setting next_dagrun for example_short_circuit_operator to 2024-01-22 00:00:00+00:00, run_after=2024-01-23 00:00:00+00:00
[2024-01-23T22:21:37.160+0000] {processor.py:183} INFO - Processing /home/airflow/.local/lib/python3.8/site-packages/airflow/example_dags/example_short_circuit_operator.py took 0.046 seconds
[2024-01-23T22:22:07.822+0000] {processor.py:161} INFO - Started process (PID=257) to work on /home/airflow/.local/lib/python3.8/site-packages/airflow/example_dags/example_short_circuit_operator.py
[2024-01-23T22:22:07.824+0000] {processor.py:830} INFO - Processing file /home/airflow/.local/lib/python3.8/site-packages/airflow/example_dags/example_short_circuit_operator.py for tasks to queue
[2024-01-23T22:22:07.826+0000] {logging_mixin.py:188} INFO - [2024-01-23T22:22:07.826+0000] {dagbag.py:538} INFO - Filling up the DagBag from /home/airflow/.local/lib/python3.8/site-packages/airflow/example_dags/example_short_circuit_operator.py
[2024-01-23T22:22:07.835+0000] {processor.py:840} INFO - DAG(s) 'example_short_circuit_operator' retrieved from /home/airflow/.local/lib/python3.8/site-packages/airflow/example_dags/example_short_circuit_operator.py
[2024-01-23T22:22:07.859+0000] {logging_mixin.py:188} INFO - [2024-01-23T22:22:07.858+0000] {dag.py:3036} INFO - Sync 1 DAGs
[2024-01-23T22:22:07.885+0000] {logging_mixin.py:188} INFO - [2024-01-23T22:22:07.884+0000] {dag.py:3823} INFO - Setting next_dagrun for example_short_circuit_operator to 2024-01-22 00:00:00+00:00, run_after=2024-01-23 00:00:00+00:00
[2024-01-23T22:22:07.907+0000] {processor.py:183} INFO - Processing /home/airflow/.local/lib/python3.8/site-packages/airflow/example_dags/example_short_circuit_operator.py took 0.088 seconds
[2024-01-23T22:22:38.199+0000] {processor.py:161} INFO - Started process (PID=312) to work on /home/airflow/.local/lib/python3.8/site-packages/airflow/example_dags/example_short_circuit_operator.py
[2024-01-23T22:22:38.200+0000] {processor.py:830} INFO - Processing file /home/airflow/.local/lib/python3.8/site-packages/airflow/example_dags/example_short_circuit_operator.py for tasks to queue
[2024-01-23T22:22:38.201+0000] {logging_mixin.py:188} INFO - [2024-01-23T22:22:38.201+0000] {dagbag.py:538} INFO - Filling up the DagBag from /home/airflow/.local/lib/python3.8/site-packages/airflow/example_dags/example_short_circuit_operator.py
[2024-01-23T22:22:38.205+0000] {processor.py:840} INFO - DAG(s) 'example_short_circuit_operator' retrieved from /home/airflow/.local/lib/python3.8/site-packages/airflow/example_dags/example_short_circuit_operator.py
[2024-01-23T22:22:38.218+0000] {logging_mixin.py:188} INFO - [2024-01-23T22:22:38.218+0000] {dag.py:3036} INFO - Sync 1 DAGs
[2024-01-23T22:22:38.230+0000] {logging_mixin.py:188} INFO - [2024-01-23T22:22:38.230+0000] {dag.py:3823} INFO - Setting next_dagrun for example_short_circuit_operator to 2024-01-22 00:00:00+00:00, run_after=2024-01-23 00:00:00+00:00
[2024-01-23T22:22:38.240+0000] {processor.py:183} INFO - Processing /home/airflow/.local/lib/python3.8/site-packages/airflow/example_dags/example_short_circuit_operator.py took 0.043 seconds
[2024-01-23T22:23:08.940+0000] {processor.py:161} INFO - Started process (PID=367) to work on /home/airflow/.local/lib/python3.8/site-packages/airflow/example_dags/example_short_circuit_operator.py
[2024-01-23T22:23:08.940+0000] {processor.py:830} INFO - Processing file /home/airflow/.local/lib/python3.8/site-packages/airflow/example_dags/example_short_circuit_operator.py for tasks to queue
[2024-01-23T22:23:08.941+0000] {logging_mixin.py:188} INFO - [2024-01-23T22:23:08.941+0000] {dagbag.py:538} INFO - Filling up the DagBag from /home/airflow/.local/lib/python3.8/site-packages/airflow/example_dags/example_short_circuit_operator.py
[2024-01-23T22:23:08.945+0000] {processor.py:840} INFO - DAG(s) 'example_short_circuit_operator' retrieved from /home/airflow/.local/lib/python3.8/site-packages/airflow/example_dags/example_short_circuit_operator.py
[2024-01-23T22:23:08.958+0000] {logging_mixin.py:188} INFO - [2024-01-23T22:23:08.958+0000] {dag.py:3036} INFO - Sync 1 DAGs
[2024-01-23T22:23:08.970+0000] {logging_mixin.py:188} INFO - [2024-01-23T22:23:08.970+0000] {dag.py:3823} INFO - Setting next_dagrun for example_short_circuit_operator to 2024-01-22 00:00:00+00:00, run_after=2024-01-23 00:00:00+00:00
[2024-01-23T22:23:08.980+0000] {processor.py:183} INFO - Processing /home/airflow/.local/lib/python3.8/site-packages/airflow/example_dags/example_short_circuit_operator.py took 0.042 seconds
[2024-01-23T22:23:39.091+0000] {processor.py:161} INFO - Started process (PID=422) to work on /home/airflow/.local/lib/python3.8/site-packages/airflow/example_dags/example_short_circuit_operator.py
[2024-01-23T22:23:39.092+0000] {processor.py:830} INFO - Processing file /home/airflow/.local/lib/python3.8/site-packages/airflow/example_dags/example_short_circuit_operator.py for tasks to queue
[2024-01-23T22:23:39.093+0000] {logging_mixin.py:188} INFO - [2024-01-23T22:23:39.093+0000] {dagbag.py:538} INFO - Filling up the DagBag from /home/airflow/.local/lib/python3.8/site-packages/airflow/example_dags/example_short_circuit_operator.py
[2024-01-23T22:23:39.098+0000] {processor.py:840} INFO - DAG(s) 'example_short_circuit_operator' retrieved from /home/airflow/.local/lib/python3.8/site-packages/airflow/example_dags/example_short_circuit_operator.py
[2024-01-23T22:23:39.114+0000] {logging_mixin.py:188} INFO - [2024-01-23T22:23:39.114+0000] {dag.py:3036} INFO - Sync 1 DAGs
[2024-01-23T22:23:39.129+0000] {logging_mixin.py:188} INFO - [2024-01-23T22:23:39.128+0000] {dag.py:3823} INFO - Setting next_dagrun for example_short_circuit_operator to 2024-01-22 00:00:00+00:00, run_after=2024-01-23 00:00:00+00:00
[2024-01-23T22:23:39.141+0000] {processor.py:183} INFO - Processing /home/airflow/.local/lib/python3.8/site-packages/airflow/example_dags/example_short_circuit_operator.py took 0.052 seconds
[2024-01-23T22:24:09.300+0000] {processor.py:161} INFO - Started process (PID=477) to work on /home/airflow/.local/lib/python3.8/site-packages/airflow/example_dags/example_short_circuit_operator.py
[2024-01-23T22:24:09.300+0000] {processor.py:830} INFO - Processing file /home/airflow/.local/lib/python3.8/site-packages/airflow/example_dags/example_short_circuit_operator.py for tasks to queue
[2024-01-23T22:24:09.301+0000] {logging_mixin.py:188} INFO - [2024-01-23T22:24:09.301+0000] {dagbag.py:538} INFO - Filling up the DagBag from /home/airflow/.local/lib/python3.8/site-packages/airflow/example_dags/example_short_circuit_operator.py
[2024-01-23T22:24:09.306+0000] {processor.py:840} INFO - DAG(s) 'example_short_circuit_operator' retrieved from /home/airflow/.local/lib/python3.8/site-packages/airflow/example_dags/example_short_circuit_operator.py
[2024-01-23T22:24:09.320+0000] {logging_mixin.py:188} INFO - [2024-01-23T22:24:09.319+0000] {dag.py:3036} INFO - Sync 1 DAGs
[2024-01-23T22:24:09.333+0000] {logging_mixin.py:188} INFO - [2024-01-23T22:24:09.333+0000] {dag.py:3823} INFO - Setting next_dagrun for example_short_circuit_operator to 2024-01-22 00:00:00+00:00, run_after=2024-01-23 00:00:00+00:00
[2024-01-23T22:24:09.344+0000] {processor.py:183} INFO - Processing /home/airflow/.local/lib/python3.8/site-packages/airflow/example_dags/example_short_circuit_operator.py took 0.047 seconds
[2024-01-23T22:24:39.673+0000] {processor.py:161} INFO - Started process (PID=532) to work on /home/airflow/.local/lib/python3.8/site-packages/airflow/example_dags/example_short_circuit_operator.py
[2024-01-23T22:24:39.674+0000] {processor.py:830} INFO - Processing file /home/airflow/.local/lib/python3.8/site-packages/airflow/example_dags/example_short_circuit_operator.py for tasks to queue
[2024-01-23T22:24:39.675+0000] {logging_mixin.py:188} INFO - [2024-01-23T22:24:39.675+0000] {dagbag.py:538} INFO - Filling up the DagBag from /home/airflow/.local/lib/python3.8/site-packages/airflow/example_dags/example_short_circuit_operator.py
[2024-01-23T22:24:39.681+0000] {processor.py:840} INFO - DAG(s) 'example_short_circuit_operator' retrieved from /home/airflow/.local/lib/python3.8/site-packages/airflow/example_dags/example_short_circuit_operator.py
[2024-01-23T22:24:39.704+0000] {logging_mixin.py:188} INFO - [2024-01-23T22:24:39.703+0000] {dag.py:3036} INFO - Sync 1 DAGs
[2024-01-23T22:24:39.722+0000] {logging_mixin.py:188} INFO - [2024-01-23T22:24:39.722+0000] {dag.py:3823} INFO - Setting next_dagrun for example_short_circuit_operator to 2024-01-22 00:00:00+00:00, run_after=2024-01-23 00:00:00+00:00
[2024-01-23T22:24:39.740+0000] {processor.py:183} INFO - Processing /home/airflow/.local/lib/python3.8/site-packages/airflow/example_dags/example_short_circuit_operator.py took 0.070 seconds
[2024-01-23T22:25:10.171+0000] {processor.py:161} INFO - Started process (PID=589) to work on /home/airflow/.local/lib/python3.8/site-packages/airflow/example_dags/example_short_circuit_operator.py
[2024-01-23T22:25:10.172+0000] {processor.py:830} INFO - Processing file /home/airflow/.local/lib/python3.8/site-packages/airflow/example_dags/example_short_circuit_operator.py for tasks to queue
[2024-01-23T22:25:10.173+0000] {logging_mixin.py:188} INFO - [2024-01-23T22:25:10.173+0000] {dagbag.py:538} INFO - Filling up the DagBag from /home/airflow/.local/lib/python3.8/site-packages/airflow/example_dags/example_short_circuit_operator.py
[2024-01-23T22:25:10.177+0000] {processor.py:840} INFO - DAG(s) 'example_short_circuit_operator' retrieved from /home/airflow/.local/lib/python3.8/site-packages/airflow/example_dags/example_short_circuit_operator.py
[2024-01-23T22:25:10.191+0000] {logging_mixin.py:188} INFO - [2024-01-23T22:25:10.191+0000] {dag.py:3036} INFO - Sync 1 DAGs
[2024-01-23T22:25:10.204+0000] {logging_mixin.py:188} INFO - [2024-01-23T22:25:10.204+0000] {dag.py:3823} INFO - Setting next_dagrun for example_short_circuit_operator to 2024-01-22 00:00:00+00:00, run_after=2024-01-23 00:00:00+00:00
[2024-01-23T22:25:10.214+0000] {processor.py:183} INFO - Processing /home/airflow/.local/lib/python3.8/site-packages/airflow/example_dags/example_short_circuit_operator.py took 0.044 seconds
[2024-01-23T22:25:41.208+0000] {processor.py:161} INFO - Started process (PID=646) to work on /home/airflow/.local/lib/python3.8/site-packages/airflow/example_dags/example_short_circuit_operator.py
[2024-01-23T22:25:41.209+0000] {processor.py:830} INFO - Processing file /home/airflow/.local/lib/python3.8/site-packages/airflow/example_dags/example_short_circuit_operator.py for tasks to queue
[2024-01-23T22:25:41.210+0000] {logging_mixin.py:188} INFO - [2024-01-23T22:25:41.210+0000] {dagbag.py:538} INFO - Filling up the DagBag from /home/airflow/.local/lib/python3.8/site-packages/airflow/example_dags/example_short_circuit_operator.py
[2024-01-23T22:25:41.214+0000] {processor.py:840} INFO - DAG(s) 'example_short_circuit_operator' retrieved from /home/airflow/.local/lib/python3.8/site-packages/airflow/example_dags/example_short_circuit_operator.py
[2024-01-23T22:25:41.234+0000] {logging_mixin.py:188} INFO - [2024-01-23T22:25:41.234+0000] {dag.py:3036} INFO - Sync 1 DAGs
[2024-01-23T22:25:41.251+0000] {logging_mixin.py:188} INFO - [2024-01-23T22:25:41.251+0000] {dag.py:3823} INFO - Setting next_dagrun for example_short_circuit_operator to 2024-01-22 00:00:00+00:00, run_after=2024-01-23 00:00:00+00:00
[2024-01-23T22:25:41.263+0000] {processor.py:183} INFO - Processing /home/airflow/.local/lib/python3.8/site-packages/airflow/example_dags/example_short_circuit_operator.py took 0.056 seconds
[2024-01-23T22:26:11.441+0000] {processor.py:161} INFO - Started process (PID=703) to work on /home/airflow/.local/lib/python3.8/site-packages/airflow/example_dags/example_short_circuit_operator.py
[2024-01-23T22:26:11.442+0000] {processor.py:830} INFO - Processing file /home/airflow/.local/lib/python3.8/site-packages/airflow/example_dags/example_short_circuit_operator.py for tasks to queue
[2024-01-23T22:26:11.443+0000] {logging_mixin.py:188} INFO - [2024-01-23T22:26:11.443+0000] {dagbag.py:538} INFO - Filling up the DagBag from /home/airflow/.local/lib/python3.8/site-packages/airflow/example_dags/example_short_circuit_operator.py
[2024-01-23T22:26:11.447+0000] {processor.py:840} INFO - DAG(s) 'example_short_circuit_operator' retrieved from /home/airflow/.local/lib/python3.8/site-packages/airflow/example_dags/example_short_circuit_operator.py
[2024-01-23T22:26:11.462+0000] {logging_mixin.py:188} INFO - [2024-01-23T22:26:11.462+0000] {dag.py:3036} INFO - Sync 1 DAGs
[2024-01-23T22:26:11.474+0000] {logging_mixin.py:188} INFO - [2024-01-23T22:26:11.474+0000] {dag.py:3823} INFO - Setting next_dagrun for example_short_circuit_operator to 2024-01-22 00:00:00+00:00, run_after=2024-01-23 00:00:00+00:00
[2024-01-23T22:26:11.485+0000] {processor.py:183} INFO - Processing /home/airflow/.local/lib/python3.8/site-packages/airflow/example_dags/example_short_circuit_operator.py took 0.045 seconds
[2024-01-23T22:26:41.540+0000] {processor.py:161} INFO - Started process (PID=760) to work on /home/airflow/.local/lib/python3.8/site-packages/airflow/example_dags/example_short_circuit_operator.py
[2024-01-23T22:26:41.541+0000] {processor.py:830} INFO - Processing file /home/airflow/.local/lib/python3.8/site-packages/airflow/example_dags/example_short_circuit_operator.py for tasks to queue
[2024-01-23T22:26:41.543+0000] {logging_mixin.py:188} INFO - [2024-01-23T22:26:41.542+0000] {dagbag.py:538} INFO - Filling up the DagBag from /home/airflow/.local/lib/python3.8/site-packages/airflow/example_dags/example_short_circuit_operator.py
[2024-01-23T22:26:41.549+0000] {processor.py:840} INFO - DAG(s) 'example_short_circuit_operator' retrieved from /home/airflow/.local/lib/python3.8/site-packages/airflow/example_dags/example_short_circuit_operator.py
[2024-01-23T22:26:41.571+0000] {logging_mixin.py:188} INFO - [2024-01-23T22:26:41.571+0000] {dag.py:3036} INFO - Sync 1 DAGs
[2024-01-23T22:26:41.595+0000] {logging_mixin.py:188} INFO - [2024-01-23T22:26:41.595+0000] {dag.py:3823} INFO - Setting next_dagrun for example_short_circuit_operator to 2024-01-22 00:00:00+00:00, run_after=2024-01-23 00:00:00+00:00
[2024-01-23T22:26:41.612+0000] {processor.py:183} INFO - Processing /home/airflow/.local/lib/python3.8/site-packages/airflow/example_dags/example_short_circuit_operator.py took 0.075 seconds
[2024-01-23T22:27:12.114+0000] {processor.py:161} INFO - Started process (PID=817) to work on /home/airflow/.local/lib/python3.8/site-packages/airflow/example_dags/example_short_circuit_operator.py
[2024-01-23T22:27:12.115+0000] {processor.py:830} INFO - Processing file /home/airflow/.local/lib/python3.8/site-packages/airflow/example_dags/example_short_circuit_operator.py for tasks to queue
[2024-01-23T22:27:12.117+0000] {logging_mixin.py:188} INFO - [2024-01-23T22:27:12.117+0000] {dagbag.py:538} INFO - Filling up the DagBag from /home/airflow/.local/lib/python3.8/site-packages/airflow/example_dags/example_short_circuit_operator.py
[2024-01-23T22:27:12.126+0000] {processor.py:840} INFO - DAG(s) 'example_short_circuit_operator' retrieved from /home/airflow/.local/lib/python3.8/site-packages/airflow/example_dags/example_short_circuit_operator.py
[2024-01-23T22:27:12.147+0000] {logging_mixin.py:188} INFO - [2024-01-23T22:27:12.147+0000] {dag.py:3036} INFO - Sync 1 DAGs
[2024-01-23T22:27:12.167+0000] {logging_mixin.py:188} INFO - [2024-01-23T22:27:12.166+0000] {dag.py:3823} INFO - Setting next_dagrun for example_short_circuit_operator to 2024-01-22 00:00:00+00:00, run_after=2024-01-23 00:00:00+00:00
[2024-01-23T22:27:12.187+0000] {processor.py:183} INFO - Processing /home/airflow/.local/lib/python3.8/site-packages/airflow/example_dags/example_short_circuit_operator.py took 0.076 seconds
[2024-01-23T22:27:43.151+0000] {processor.py:161} INFO - Started process (PID=874) to work on /home/airflow/.local/lib/python3.8/site-packages/airflow/example_dags/example_short_circuit_operator.py
[2024-01-23T22:27:43.151+0000] {processor.py:830} INFO - Processing file /home/airflow/.local/lib/python3.8/site-packages/airflow/example_dags/example_short_circuit_operator.py for tasks to queue
[2024-01-23T22:27:43.152+0000] {logging_mixin.py:188} INFO - [2024-01-23T22:27:43.152+0000] {dagbag.py:538} INFO - Filling up the DagBag from /home/airflow/.local/lib/python3.8/site-packages/airflow/example_dags/example_short_circuit_operator.py
[2024-01-23T22:27:43.156+0000] {processor.py:840} INFO - DAG(s) 'example_short_circuit_operator' retrieved from /home/airflow/.local/lib/python3.8/site-packages/airflow/example_dags/example_short_circuit_operator.py
[2024-01-23T22:27:43.169+0000] {logging_mixin.py:188} INFO - [2024-01-23T22:27:43.169+0000] {dag.py:3036} INFO - Sync 1 DAGs
[2024-01-23T22:27:43.181+0000] {logging_mixin.py:188} INFO - [2024-01-23T22:27:43.181+0000] {dag.py:3823} INFO - Setting next_dagrun for example_short_circuit_operator to 2024-01-22 00:00:00+00:00, run_after=2024-01-23 00:00:00+00:00
[2024-01-23T22:27:43.192+0000] {processor.py:183} INFO - Processing /home/airflow/.local/lib/python3.8/site-packages/airflow/example_dags/example_short_circuit_operator.py took 0.043 seconds
[2024-01-23T22:28:13.406+0000] {processor.py:161} INFO - Started process (PID=931) to work on /home/airflow/.local/lib/python3.8/site-packages/airflow/example_dags/example_short_circuit_operator.py
[2024-01-23T22:28:13.406+0000] {processor.py:830} INFO - Processing file /home/airflow/.local/lib/python3.8/site-packages/airflow/example_dags/example_short_circuit_operator.py for tasks to queue
[2024-01-23T22:28:13.407+0000] {logging_mixin.py:188} INFO - [2024-01-23T22:28:13.407+0000] {dagbag.py:538} INFO - Filling up the DagBag from /home/airflow/.local/lib/python3.8/site-packages/airflow/example_dags/example_short_circuit_operator.py
[2024-01-23T22:28:13.412+0000] {processor.py:840} INFO - DAG(s) 'example_short_circuit_operator' retrieved from /home/airflow/.local/lib/python3.8/site-packages/airflow/example_dags/example_short_circuit_operator.py
[2024-01-23T22:28:13.426+0000] {logging_mixin.py:188} INFO - [2024-01-23T22:28:13.426+0000] {dag.py:3036} INFO - Sync 1 DAGs
[2024-01-23T22:28:13.440+0000] {logging_mixin.py:188} INFO - [2024-01-23T22:28:13.440+0000] {dag.py:3823} INFO - Setting next_dagrun for example_short_circuit_operator to 2024-01-22 00:00:00+00:00, run_after=2024-01-23 00:00:00+00:00
[2024-01-23T22:28:13.451+0000] {processor.py:183} INFO - Processing /home/airflow/.local/lib/python3.8/site-packages/airflow/example_dags/example_short_circuit_operator.py took 0.048 seconds
[2024-01-23T22:28:43.524+0000] {processor.py:161} INFO - Started process (PID=988) to work on /home/airflow/.local/lib/python3.8/site-packages/airflow/example_dags/example_short_circuit_operator.py
[2024-01-23T22:28:43.524+0000] {processor.py:830} INFO - Processing file /home/airflow/.local/lib/python3.8/site-packages/airflow/example_dags/example_short_circuit_operator.py for tasks to queue
[2024-01-23T22:28:43.525+0000] {logging_mixin.py:188} INFO - [2024-01-23T22:28:43.525+0000] {dagbag.py:538} INFO - Filling up the DagBag from /home/airflow/.local/lib/python3.8/site-packages/airflow/example_dags/example_short_circuit_operator.py
[2024-01-23T22:28:43.530+0000] {processor.py:840} INFO - DAG(s) 'example_short_circuit_operator' retrieved from /home/airflow/.local/lib/python3.8/site-packages/airflow/example_dags/example_short_circuit_operator.py
[2024-01-23T22:28:43.545+0000] {logging_mixin.py:188} INFO - [2024-01-23T22:28:43.545+0000] {dag.py:3036} INFO - Sync 1 DAGs
[2024-01-23T22:28:43.560+0000] {logging_mixin.py:188} INFO - [2024-01-23T22:28:43.560+0000] {dag.py:3823} INFO - Setting next_dagrun for example_short_circuit_operator to 2024-01-22 00:00:00+00:00, run_after=2024-01-23 00:00:00+00:00
[2024-01-23T22:28:43.572+0000] {processor.py:183} INFO - Processing /home/airflow/.local/lib/python3.8/site-packages/airflow/example_dags/example_short_circuit_operator.py took 0.051 seconds
[2024-01-23T22:29:13.689+0000] {processor.py:161} INFO - Started process (PID=1045) to work on /home/airflow/.local/lib/python3.8/site-packages/airflow/example_dags/example_short_circuit_operator.py
[2024-01-23T22:29:13.690+0000] {processor.py:830} INFO - Processing file /home/airflow/.local/lib/python3.8/site-packages/airflow/example_dags/example_short_circuit_operator.py for tasks to queue
[2024-01-23T22:29:13.690+0000] {logging_mixin.py:188} INFO - [2024-01-23T22:29:13.690+0000] {dagbag.py:538} INFO - Filling up the DagBag from /home/airflow/.local/lib/python3.8/site-packages/airflow/example_dags/example_short_circuit_operator.py
[2024-01-23T22:29:13.695+0000] {processor.py:840} INFO - DAG(s) 'example_short_circuit_operator' retrieved from /home/airflow/.local/lib/python3.8/site-packages/airflow/example_dags/example_short_circuit_operator.py
[2024-01-23T22:29:13.708+0000] {logging_mixin.py:188} INFO - [2024-01-23T22:29:13.708+0000] {dag.py:3036} INFO - Sync 1 DAGs
[2024-01-23T22:29:13.721+0000] {logging_mixin.py:188} INFO - [2024-01-23T22:29:13.721+0000] {dag.py:3823} INFO - Setting next_dagrun for example_short_circuit_operator to 2024-01-22 00:00:00+00:00, run_after=2024-01-23 00:00:00+00:00
[2024-01-23T22:29:13.732+0000] {processor.py:183} INFO - Processing /home/airflow/.local/lib/python3.8/site-packages/airflow/example_dags/example_short_circuit_operator.py took 0.044 seconds
[2024-01-23T22:29:44.037+0000] {processor.py:161} INFO - Started process (PID=1102) to work on /home/airflow/.local/lib/python3.8/site-packages/airflow/example_dags/example_short_circuit_operator.py
[2024-01-23T22:29:44.037+0000] {processor.py:830} INFO - Processing file /home/airflow/.local/lib/python3.8/site-packages/airflow/example_dags/example_short_circuit_operator.py for tasks to queue
[2024-01-23T22:29:44.038+0000] {logging_mixin.py:188} INFO - [2024-01-23T22:29:44.038+0000] {dagbag.py:538} INFO - Filling up the DagBag from /home/airflow/.local/lib/python3.8/site-packages/airflow/example_dags/example_short_circuit_operator.py
[2024-01-23T22:29:44.043+0000] {processor.py:840} INFO - DAG(s) 'example_short_circuit_operator' retrieved from /home/airflow/.local/lib/python3.8/site-packages/airflow/example_dags/example_short_circuit_operator.py
[2024-01-23T22:29:44.056+0000] {logging_mixin.py:188} INFO - [2024-01-23T22:29:44.056+0000] {dag.py:3036} INFO - Sync 1 DAGs
[2024-01-23T22:29:44.069+0000] {logging_mixin.py:188} INFO - [2024-01-23T22:29:44.069+0000] {dag.py:3823} INFO - Setting next_dagrun for example_short_circuit_operator to 2024-01-22 00:00:00+00:00, run_after=2024-01-23 00:00:00+00:00
[2024-01-23T22:29:44.080+0000] {processor.py:183} INFO - Processing /home/airflow/.local/lib/python3.8/site-packages/airflow/example_dags/example_short_circuit_operator.py took 0.045 seconds
