[2024-01-23T22:20:08.083+0000] {processor.py:161} INFO - Started process (PID=70) to work on /home/airflow/.local/lib/python3.8/site-packages/airflow/example_dags/example_branch_operator_decorator.py
[2024-01-23T22:20:08.084+0000] {processor.py:830} INFO - Processing file /home/airflow/.local/lib/python3.8/site-packages/airflow/example_dags/example_branch_operator_decorator.py for tasks to queue
[2024-01-23T22:20:08.085+0000] {logging_mixin.py:188} INFO - [2024-01-23T22:20:08.084+0000] {dagbag.py:538} INFO - Filling up the DagBag from /home/airflow/.local/lib/python3.8/site-packages/airflow/example_dags/example_branch_operator_decorator.py
[2024-01-23T22:20:08.097+0000] {processor.py:840} INFO - DAG(s) 'example_branch_python_operator_decorator' retrieved from /home/airflow/.local/lib/python3.8/site-packages/airflow/example_dags/example_branch_operator_decorator.py
[2024-01-23T22:20:08.165+0000] {logging_mixin.py:188} INFO - [2024-01-23T22:20:08.165+0000] {override.py:1769} INFO - Created Permission View: can delete on DAG:example_branch_python_operator_decorator
[2024-01-23T22:20:08.171+0000] {logging_mixin.py:188} INFO - [2024-01-23T22:20:08.171+0000] {override.py:1769} INFO - Created Permission View: can edit on DAG:example_branch_python_operator_decorator
[2024-01-23T22:20:08.175+0000] {logging_mixin.py:188} INFO - [2024-01-23T22:20:08.175+0000] {override.py:1769} INFO - Created Permission View: can read on DAG:example_branch_python_operator_decorator
[2024-01-23T22:20:08.176+0000] {logging_mixin.py:188} INFO - [2024-01-23T22:20:08.175+0000] {dag.py:3036} INFO - Sync 1 DAGs
[2024-01-23T22:20:08.182+0000] {logging_mixin.py:188} INFO - [2024-01-23T22:20:08.182+0000] {dag.py:3058} INFO - Creating ORM DAG for example_branch_python_operator_decorator
[2024-01-23T22:20:08.190+0000] {logging_mixin.py:188} INFO - [2024-01-23T22:20:08.190+0000] {dag.py:3823} INFO - Setting next_dagrun for example_branch_python_operator_decorator to 2024-01-22 00:00:00+00:00, run_after=2024-01-23 00:00:00+00:00
[2024-01-23T22:20:08.201+0000] {processor.py:183} INFO - Processing /home/airflow/.local/lib/python3.8/site-packages/airflow/example_dags/example_branch_operator_decorator.py took 0.120 seconds
[2024-01-23T22:20:38.815+0000] {processor.py:161} INFO - Started process (PID=125) to work on /home/airflow/.local/lib/python3.8/site-packages/airflow/example_dags/example_branch_operator_decorator.py
[2024-01-23T22:20:38.816+0000] {processor.py:830} INFO - Processing file /home/airflow/.local/lib/python3.8/site-packages/airflow/example_dags/example_branch_operator_decorator.py for tasks to queue
[2024-01-23T22:20:38.817+0000] {logging_mixin.py:188} INFO - [2024-01-23T22:20:38.817+0000] {dagbag.py:538} INFO - Filling up the DagBag from /home/airflow/.local/lib/python3.8/site-packages/airflow/example_dags/example_branch_operator_decorator.py
[2024-01-23T22:20:38.828+0000] {processor.py:840} INFO - DAG(s) 'example_branch_python_operator_decorator' retrieved from /home/airflow/.local/lib/python3.8/site-packages/airflow/example_dags/example_branch_operator_decorator.py
[2024-01-23T22:20:38.846+0000] {logging_mixin.py:188} INFO - [2024-01-23T22:20:38.846+0000] {dag.py:3036} INFO - Sync 1 DAGs
[2024-01-23T22:20:38.863+0000] {logging_mixin.py:188} INFO - [2024-01-23T22:20:38.863+0000] {dag.py:3823} INFO - Setting next_dagrun for example_branch_python_operator_decorator to 2024-01-22 00:00:00+00:00, run_after=2024-01-23 00:00:00+00:00
[2024-01-23T22:20:38.876+0000] {processor.py:183} INFO - Processing /home/airflow/.local/lib/python3.8/site-packages/airflow/example_dags/example_branch_operator_decorator.py took 0.063 seconds
[2024-01-23T22:21:09.479+0000] {processor.py:161} INFO - Started process (PID=180) to work on /home/airflow/.local/lib/python3.8/site-packages/airflow/example_dags/example_branch_operator_decorator.py
[2024-01-23T22:21:09.479+0000] {processor.py:830} INFO - Processing file /home/airflow/.local/lib/python3.8/site-packages/airflow/example_dags/example_branch_operator_decorator.py for tasks to queue
[2024-01-23T22:21:09.480+0000] {logging_mixin.py:188} INFO - [2024-01-23T22:21:09.480+0000] {dagbag.py:538} INFO - Filling up the DagBag from /home/airflow/.local/lib/python3.8/site-packages/airflow/example_dags/example_branch_operator_decorator.py
[2024-01-23T22:21:09.493+0000] {processor.py:840} INFO - DAG(s) 'example_branch_python_operator_decorator' retrieved from /home/airflow/.local/lib/python3.8/site-packages/airflow/example_dags/example_branch_operator_decorator.py
[2024-01-23T22:21:09.508+0000] {logging_mixin.py:188} INFO - [2024-01-23T22:21:09.508+0000] {dag.py:3036} INFO - Sync 1 DAGs
[2024-01-23T22:21:09.521+0000] {logging_mixin.py:188} INFO - [2024-01-23T22:21:09.521+0000] {dag.py:3823} INFO - Setting next_dagrun for example_branch_python_operator_decorator to 2024-01-22 00:00:00+00:00, run_after=2024-01-23 00:00:00+00:00
[2024-01-23T22:21:09.532+0000] {processor.py:183} INFO - Processing /home/airflow/.local/lib/python3.8/site-packages/airflow/example_dags/example_branch_operator_decorator.py took 0.055 seconds
[2024-01-23T22:21:40.145+0000] {processor.py:161} INFO - Started process (PID=235) to work on /home/airflow/.local/lib/python3.8/site-packages/airflow/example_dags/example_branch_operator_decorator.py
[2024-01-23T22:21:40.146+0000] {processor.py:830} INFO - Processing file /home/airflow/.local/lib/python3.8/site-packages/airflow/example_dags/example_branch_operator_decorator.py for tasks to queue
[2024-01-23T22:21:40.147+0000] {logging_mixin.py:188} INFO - [2024-01-23T22:21:40.147+0000] {dagbag.py:538} INFO - Filling up the DagBag from /home/airflow/.local/lib/python3.8/site-packages/airflow/example_dags/example_branch_operator_decorator.py
[2024-01-23T22:21:40.160+0000] {processor.py:840} INFO - DAG(s) 'example_branch_python_operator_decorator' retrieved from /home/airflow/.local/lib/python3.8/site-packages/airflow/example_dags/example_branch_operator_decorator.py
[2024-01-23T22:21:40.176+0000] {logging_mixin.py:188} INFO - [2024-01-23T22:21:40.176+0000] {dag.py:3036} INFO - Sync 1 DAGs
[2024-01-23T22:21:40.189+0000] {logging_mixin.py:188} INFO - [2024-01-23T22:21:40.189+0000] {dag.py:3823} INFO - Setting next_dagrun for example_branch_python_operator_decorator to 2024-01-22 00:00:00+00:00, run_after=2024-01-23 00:00:00+00:00
[2024-01-23T22:21:40.200+0000] {processor.py:183} INFO - Processing /home/airflow/.local/lib/python3.8/site-packages/airflow/example_dags/example_branch_operator_decorator.py took 0.056 seconds
[2024-01-23T22:22:11.142+0000] {processor.py:161} INFO - Started process (PID=290) to work on /home/airflow/.local/lib/python3.8/site-packages/airflow/example_dags/example_branch_operator_decorator.py
[2024-01-23T22:22:11.143+0000] {processor.py:830} INFO - Processing file /home/airflow/.local/lib/python3.8/site-packages/airflow/example_dags/example_branch_operator_decorator.py for tasks to queue
[2024-01-23T22:22:11.144+0000] {logging_mixin.py:188} INFO - [2024-01-23T22:22:11.144+0000] {dagbag.py:538} INFO - Filling up the DagBag from /home/airflow/.local/lib/python3.8/site-packages/airflow/example_dags/example_branch_operator_decorator.py
[2024-01-23T22:22:11.160+0000] {processor.py:840} INFO - DAG(s) 'example_branch_python_operator_decorator' retrieved from /home/airflow/.local/lib/python3.8/site-packages/airflow/example_dags/example_branch_operator_decorator.py
[2024-01-23T22:22:11.181+0000] {logging_mixin.py:188} INFO - [2024-01-23T22:22:11.181+0000] {dag.py:3036} INFO - Sync 1 DAGs
[2024-01-23T22:22:11.195+0000] {logging_mixin.py:188} INFO - [2024-01-23T22:22:11.195+0000] {dag.py:3823} INFO - Setting next_dagrun for example_branch_python_operator_decorator to 2024-01-22 00:00:00+00:00, run_after=2024-01-23 00:00:00+00:00
[2024-01-23T22:22:11.208+0000] {processor.py:183} INFO - Processing /home/airflow/.local/lib/python3.8/site-packages/airflow/example_dags/example_branch_operator_decorator.py took 0.067 seconds
[2024-01-23T22:22:41.288+0000] {processor.py:161} INFO - Started process (PID=345) to work on /home/airflow/.local/lib/python3.8/site-packages/airflow/example_dags/example_branch_operator_decorator.py
[2024-01-23T22:22:41.289+0000] {processor.py:830} INFO - Processing file /home/airflow/.local/lib/python3.8/site-packages/airflow/example_dags/example_branch_operator_decorator.py for tasks to queue
[2024-01-23T22:22:41.290+0000] {logging_mixin.py:188} INFO - [2024-01-23T22:22:41.290+0000] {dagbag.py:538} INFO - Filling up the DagBag from /home/airflow/.local/lib/python3.8/site-packages/airflow/example_dags/example_branch_operator_decorator.py
[2024-01-23T22:22:41.302+0000] {processor.py:840} INFO - DAG(s) 'example_branch_python_operator_decorator' retrieved from /home/airflow/.local/lib/python3.8/site-packages/airflow/example_dags/example_branch_operator_decorator.py
[2024-01-23T22:22:41.319+0000] {logging_mixin.py:188} INFO - [2024-01-23T22:22:41.319+0000] {dag.py:3036} INFO - Sync 1 DAGs
[2024-01-23T22:22:41.332+0000] {logging_mixin.py:188} INFO - [2024-01-23T22:22:41.332+0000] {dag.py:3823} INFO - Setting next_dagrun for example_branch_python_operator_decorator to 2024-01-22 00:00:00+00:00, run_after=2024-01-23 00:00:00+00:00
[2024-01-23T22:22:41.343+0000] {processor.py:183} INFO - Processing /home/airflow/.local/lib/python3.8/site-packages/airflow/example_dags/example_branch_operator_decorator.py took 0.057 seconds
[2024-01-23T22:23:12.192+0000] {processor.py:161} INFO - Started process (PID=400) to work on /home/airflow/.local/lib/python3.8/site-packages/airflow/example_dags/example_branch_operator_decorator.py
[2024-01-23T22:23:12.193+0000] {processor.py:830} INFO - Processing file /home/airflow/.local/lib/python3.8/site-packages/airflow/example_dags/example_branch_operator_decorator.py for tasks to queue
[2024-01-23T22:23:12.194+0000] {logging_mixin.py:188} INFO - [2024-01-23T22:23:12.194+0000] {dagbag.py:538} INFO - Filling up the DagBag from /home/airflow/.local/lib/python3.8/site-packages/airflow/example_dags/example_branch_operator_decorator.py
[2024-01-23T22:23:12.211+0000] {processor.py:840} INFO - DAG(s) 'example_branch_python_operator_decorator' retrieved from /home/airflow/.local/lib/python3.8/site-packages/airflow/example_dags/example_branch_operator_decorator.py
[2024-01-23T22:23:12.232+0000] {logging_mixin.py:188} INFO - [2024-01-23T22:23:12.231+0000] {dag.py:3036} INFO - Sync 1 DAGs
[2024-01-23T22:23:12.249+0000] {logging_mixin.py:188} INFO - [2024-01-23T22:23:12.248+0000] {dag.py:3823} INFO - Setting next_dagrun for example_branch_python_operator_decorator to 2024-01-22 00:00:00+00:00, run_after=2024-01-23 00:00:00+00:00
[2024-01-23T22:23:12.260+0000] {processor.py:183} INFO - Processing /home/airflow/.local/lib/python3.8/site-packages/airflow/example_dags/example_branch_operator_decorator.py took 0.069 seconds
[2024-01-23T22:23:42.282+0000] {processor.py:161} INFO - Started process (PID=455) to work on /home/airflow/.local/lib/python3.8/site-packages/airflow/example_dags/example_branch_operator_decorator.py
[2024-01-23T22:23:42.282+0000] {processor.py:830} INFO - Processing file /home/airflow/.local/lib/python3.8/site-packages/airflow/example_dags/example_branch_operator_decorator.py for tasks to queue
[2024-01-23T22:23:42.283+0000] {logging_mixin.py:188} INFO - [2024-01-23T22:23:42.283+0000] {dagbag.py:538} INFO - Filling up the DagBag from /home/airflow/.local/lib/python3.8/site-packages/airflow/example_dags/example_branch_operator_decorator.py
[2024-01-23T22:23:42.296+0000] {processor.py:840} INFO - DAG(s) 'example_branch_python_operator_decorator' retrieved from /home/airflow/.local/lib/python3.8/site-packages/airflow/example_dags/example_branch_operator_decorator.py
[2024-01-23T22:23:42.313+0000] {logging_mixin.py:188} INFO - [2024-01-23T22:23:42.313+0000] {dag.py:3036} INFO - Sync 1 DAGs
[2024-01-23T22:23:42.328+0000] {logging_mixin.py:188} INFO - [2024-01-23T22:23:42.328+0000] {dag.py:3823} INFO - Setting next_dagrun for example_branch_python_operator_decorator to 2024-01-22 00:00:00+00:00, run_after=2024-01-23 00:00:00+00:00
[2024-01-23T22:23:42.340+0000] {processor.py:183} INFO - Processing /home/airflow/.local/lib/python3.8/site-packages/airflow/example_dags/example_branch_operator_decorator.py took 0.060 seconds
[2024-01-23T22:24:12.914+0000] {processor.py:161} INFO - Started process (PID=510) to work on /home/airflow/.local/lib/python3.8/site-packages/airflow/example_dags/example_branch_operator_decorator.py
[2024-01-23T22:24:12.915+0000] {processor.py:830} INFO - Processing file /home/airflow/.local/lib/python3.8/site-packages/airflow/example_dags/example_branch_operator_decorator.py for tasks to queue
[2024-01-23T22:24:12.917+0000] {logging_mixin.py:188} INFO - [2024-01-23T22:24:12.916+0000] {dagbag.py:538} INFO - Filling up the DagBag from /home/airflow/.local/lib/python3.8/site-packages/airflow/example_dags/example_branch_operator_decorator.py
[2024-01-23T22:24:12.932+0000] {processor.py:840} INFO - DAG(s) 'example_branch_python_operator_decorator' retrieved from /home/airflow/.local/lib/python3.8/site-packages/airflow/example_dags/example_branch_operator_decorator.py
[2024-01-23T22:24:12.951+0000] {logging_mixin.py:188} INFO - [2024-01-23T22:24:12.950+0000] {dag.py:3036} INFO - Sync 1 DAGs
[2024-01-23T22:24:12.966+0000] {logging_mixin.py:188} INFO - [2024-01-23T22:24:12.966+0000] {dag.py:3823} INFO - Setting next_dagrun for example_branch_python_operator_decorator to 2024-01-22 00:00:00+00:00, run_after=2024-01-23 00:00:00+00:00
[2024-01-23T22:24:12.980+0000] {processor.py:183} INFO - Processing /home/airflow/.local/lib/python3.8/site-packages/airflow/example_dags/example_branch_operator_decorator.py took 0.068 seconds
[2024-01-23T22:24:43.196+0000] {processor.py:161} INFO - Started process (PID=565) to work on /home/airflow/.local/lib/python3.8/site-packages/airflow/example_dags/example_branch_operator_decorator.py
[2024-01-23T22:24:43.197+0000] {processor.py:830} INFO - Processing file /home/airflow/.local/lib/python3.8/site-packages/airflow/example_dags/example_branch_operator_decorator.py for tasks to queue
[2024-01-23T22:24:43.198+0000] {logging_mixin.py:188} INFO - [2024-01-23T22:24:43.198+0000] {dagbag.py:538} INFO - Filling up the DagBag from /home/airflow/.local/lib/python3.8/site-packages/airflow/example_dags/example_branch_operator_decorator.py
[2024-01-23T22:24:43.212+0000] {processor.py:840} INFO - DAG(s) 'example_branch_python_operator_decorator' retrieved from /home/airflow/.local/lib/python3.8/site-packages/airflow/example_dags/example_branch_operator_decorator.py
[2024-01-23T22:24:43.294+0000] {logging_mixin.py:188} INFO - [2024-01-23T22:24:43.293+0000] {dag.py:3036} INFO - Sync 1 DAGs
[2024-01-23T22:24:43.300+0000] {logging_mixin.py:188} INFO - [2024-01-23T22:24:43.300+0000] {dag.py:3058} INFO - Creating ORM DAG for example_branch_python_operator_decorator
[2024-01-23T22:24:43.308+0000] {logging_mixin.py:188} INFO - [2024-01-23T22:24:43.308+0000] {dag.py:3823} INFO - Setting next_dagrun for example_branch_python_operator_decorator to 2024-01-22 00:00:00+00:00, run_after=2024-01-23 00:00:00+00:00
[2024-01-23T22:24:43.322+0000] {processor.py:183} INFO - Processing /home/airflow/.local/lib/python3.8/site-packages/airflow/example_dags/example_branch_operator_decorator.py took 0.128 seconds
[2024-01-23T22:25:13.355+0000] {processor.py:161} INFO - Started process (PID=623) to work on /home/airflow/.local/lib/python3.8/site-packages/airflow/example_dags/example_branch_operator_decorator.py
[2024-01-23T22:25:13.356+0000] {processor.py:830} INFO - Processing file /home/airflow/.local/lib/python3.8/site-packages/airflow/example_dags/example_branch_operator_decorator.py for tasks to queue
[2024-01-23T22:25:13.357+0000] {logging_mixin.py:188} INFO - [2024-01-23T22:25:13.357+0000] {dagbag.py:538} INFO - Filling up the DagBag from /home/airflow/.local/lib/python3.8/site-packages/airflow/example_dags/example_branch_operator_decorator.py
[2024-01-23T22:25:13.369+0000] {processor.py:840} INFO - DAG(s) 'example_branch_python_operator_decorator' retrieved from /home/airflow/.local/lib/python3.8/site-packages/airflow/example_dags/example_branch_operator_decorator.py
[2024-01-23T22:25:13.385+0000] {logging_mixin.py:188} INFO - [2024-01-23T22:25:13.385+0000] {dag.py:3036} INFO - Sync 1 DAGs
[2024-01-23T22:25:13.398+0000] {logging_mixin.py:188} INFO - [2024-01-23T22:25:13.398+0000] {dag.py:3823} INFO - Setting next_dagrun for example_branch_python_operator_decorator to 2024-01-22 00:00:00+00:00, run_after=2024-01-23 00:00:00+00:00
[2024-01-23T22:25:13.410+0000] {processor.py:183} INFO - Processing /home/airflow/.local/lib/python3.8/site-packages/airflow/example_dags/example_branch_operator_decorator.py took 0.056 seconds
[2024-01-23T22:25:43.615+0000] {processor.py:161} INFO - Started process (PID=680) to work on /home/airflow/.local/lib/python3.8/site-packages/airflow/example_dags/example_branch_operator_decorator.py
[2024-01-23T22:25:43.616+0000] {processor.py:830} INFO - Processing file /home/airflow/.local/lib/python3.8/site-packages/airflow/example_dags/example_branch_operator_decorator.py for tasks to queue
[2024-01-23T22:25:43.617+0000] {logging_mixin.py:188} INFO - [2024-01-23T22:25:43.616+0000] {dagbag.py:538} INFO - Filling up the DagBag from /home/airflow/.local/lib/python3.8/site-packages/airflow/example_dags/example_branch_operator_decorator.py
[2024-01-23T22:25:43.629+0000] {processor.py:840} INFO - DAG(s) 'example_branch_python_operator_decorator' retrieved from /home/airflow/.local/lib/python3.8/site-packages/airflow/example_dags/example_branch_operator_decorator.py
[2024-01-23T22:25:43.645+0000] {logging_mixin.py:188} INFO - [2024-01-23T22:25:43.644+0000] {dag.py:3036} INFO - Sync 1 DAGs
[2024-01-23T22:25:43.658+0000] {logging_mixin.py:188} INFO - [2024-01-23T22:25:43.657+0000] {dag.py:3823} INFO - Setting next_dagrun for example_branch_python_operator_decorator to 2024-01-22 00:00:00+00:00, run_after=2024-01-23 00:00:00+00:00
[2024-01-23T22:25:43.668+0000] {processor.py:183} INFO - Processing /home/airflow/.local/lib/python3.8/site-packages/airflow/example_dags/example_branch_operator_decorator.py took 0.055 seconds
[2024-01-23T22:26:13.723+0000] {processor.py:161} INFO - Started process (PID=737) to work on /home/airflow/.local/lib/python3.8/site-packages/airflow/example_dags/example_branch_operator_decorator.py
[2024-01-23T22:26:13.723+0000] {processor.py:830} INFO - Processing file /home/airflow/.local/lib/python3.8/site-packages/airflow/example_dags/example_branch_operator_decorator.py for tasks to queue
[2024-01-23T22:26:13.724+0000] {logging_mixin.py:188} INFO - [2024-01-23T22:26:13.724+0000] {dagbag.py:538} INFO - Filling up the DagBag from /home/airflow/.local/lib/python3.8/site-packages/airflow/example_dags/example_branch_operator_decorator.py
[2024-01-23T22:26:13.741+0000] {processor.py:840} INFO - DAG(s) 'example_branch_python_operator_decorator' retrieved from /home/airflow/.local/lib/python3.8/site-packages/airflow/example_dags/example_branch_operator_decorator.py
[2024-01-23T22:26:13.765+0000] {logging_mixin.py:188} INFO - [2024-01-23T22:26:13.765+0000] {dag.py:3036} INFO - Sync 1 DAGs
[2024-01-23T22:26:13.788+0000] {logging_mixin.py:188} INFO - [2024-01-23T22:26:13.787+0000] {dag.py:3823} INFO - Setting next_dagrun for example_branch_python_operator_decorator to 2024-01-22 00:00:00+00:00, run_after=2024-01-23 00:00:00+00:00
[2024-01-23T22:26:13.805+0000] {processor.py:183} INFO - Processing /home/airflow/.local/lib/python3.8/site-packages/airflow/example_dags/example_branch_operator_decorator.py took 0.085 seconds
[2024-01-23T22:26:44.045+0000] {processor.py:161} INFO - Started process (PID=793) to work on /home/airflow/.local/lib/python3.8/site-packages/airflow/example_dags/example_branch_operator_decorator.py
[2024-01-23T22:26:44.046+0000] {processor.py:830} INFO - Processing file /home/airflow/.local/lib/python3.8/site-packages/airflow/example_dags/example_branch_operator_decorator.py for tasks to queue
[2024-01-23T22:26:44.048+0000] {logging_mixin.py:188} INFO - [2024-01-23T22:26:44.047+0000] {dagbag.py:538} INFO - Filling up the DagBag from /home/airflow/.local/lib/python3.8/site-packages/airflow/example_dags/example_branch_operator_decorator.py
[2024-01-23T22:26:44.067+0000] {processor.py:840} INFO - DAG(s) 'example_branch_python_operator_decorator' retrieved from /home/airflow/.local/lib/python3.8/site-packages/airflow/example_dags/example_branch_operator_decorator.py
[2024-01-23T22:26:44.161+0000] {logging_mixin.py:188} INFO - [2024-01-23T22:26:44.160+0000] {dag.py:3036} INFO - Sync 1 DAGs
[2024-01-23T22:26:44.168+0000] {logging_mixin.py:188} INFO - [2024-01-23T22:26:44.168+0000] {dag.py:3058} INFO - Creating ORM DAG for example_branch_python_operator_decorator
[2024-01-23T22:26:44.178+0000] {logging_mixin.py:188} INFO - [2024-01-23T22:26:44.177+0000] {dag.py:3823} INFO - Setting next_dagrun for example_branch_python_operator_decorator to 2024-01-22 00:00:00+00:00, run_after=2024-01-23 00:00:00+00:00
[2024-01-23T22:26:44.195+0000] {processor.py:183} INFO - Processing /home/airflow/.local/lib/python3.8/site-packages/airflow/example_dags/example_branch_operator_decorator.py took 0.152 seconds
[2024-01-23T22:27:14.985+0000] {processor.py:161} INFO - Started process (PID=850) to work on /home/airflow/.local/lib/python3.8/site-packages/airflow/example_dags/example_branch_operator_decorator.py
[2024-01-23T22:27:14.985+0000] {processor.py:830} INFO - Processing file /home/airflow/.local/lib/python3.8/site-packages/airflow/example_dags/example_branch_operator_decorator.py for tasks to queue
[2024-01-23T22:27:14.986+0000] {logging_mixin.py:188} INFO - [2024-01-23T22:27:14.986+0000] {dagbag.py:538} INFO - Filling up the DagBag from /home/airflow/.local/lib/python3.8/site-packages/airflow/example_dags/example_branch_operator_decorator.py
[2024-01-23T22:27:15.002+0000] {processor.py:840} INFO - DAG(s) 'example_branch_python_operator_decorator' retrieved from /home/airflow/.local/lib/python3.8/site-packages/airflow/example_dags/example_branch_operator_decorator.py
[2024-01-23T22:27:15.079+0000] {logging_mixin.py:188} INFO - [2024-01-23T22:27:15.079+0000] {dag.py:3036} INFO - Sync 1 DAGs
[2024-01-23T22:27:15.086+0000] {logging_mixin.py:188} INFO - [2024-01-23T22:27:15.086+0000] {dag.py:3058} INFO - Creating ORM DAG for example_branch_python_operator_decorator
[2024-01-23T22:27:15.094+0000] {logging_mixin.py:188} INFO - [2024-01-23T22:27:15.093+0000] {dag.py:3823} INFO - Setting next_dagrun for example_branch_python_operator_decorator to 2024-01-22 00:00:00+00:00, run_after=2024-01-23 00:00:00+00:00
[2024-01-23T22:27:15.107+0000] {processor.py:183} INFO - Processing /home/airflow/.local/lib/python3.8/site-packages/airflow/example_dags/example_branch_operator_decorator.py took 0.125 seconds
[2024-01-23T22:27:45.405+0000] {processor.py:161} INFO - Started process (PID=907) to work on /home/airflow/.local/lib/python3.8/site-packages/airflow/example_dags/example_branch_operator_decorator.py
[2024-01-23T22:27:45.405+0000] {processor.py:830} INFO - Processing file /home/airflow/.local/lib/python3.8/site-packages/airflow/example_dags/example_branch_operator_decorator.py for tasks to queue
[2024-01-23T22:27:45.406+0000] {logging_mixin.py:188} INFO - [2024-01-23T22:27:45.406+0000] {dagbag.py:538} INFO - Filling up the DagBag from /home/airflow/.local/lib/python3.8/site-packages/airflow/example_dags/example_branch_operator_decorator.py
[2024-01-23T22:27:45.419+0000] {processor.py:840} INFO - DAG(s) 'example_branch_python_operator_decorator' retrieved from /home/airflow/.local/lib/python3.8/site-packages/airflow/example_dags/example_branch_operator_decorator.py
[2024-01-23T22:27:45.436+0000] {logging_mixin.py:188} INFO - [2024-01-23T22:27:45.436+0000] {dag.py:3036} INFO - Sync 1 DAGs
[2024-01-23T22:27:45.450+0000] {logging_mixin.py:188} INFO - [2024-01-23T22:27:45.450+0000] {dag.py:3823} INFO - Setting next_dagrun for example_branch_python_operator_decorator to 2024-01-22 00:00:00+00:00, run_after=2024-01-23 00:00:00+00:00
[2024-01-23T22:27:45.461+0000] {processor.py:183} INFO - Processing /home/airflow/.local/lib/python3.8/site-packages/airflow/example_dags/example_branch_operator_decorator.py took 0.059 seconds
[2024-01-23T22:28:15.517+0000] {processor.py:161} INFO - Started process (PID=964) to work on /home/airflow/.local/lib/python3.8/site-packages/airflow/example_dags/example_branch_operator_decorator.py
[2024-01-23T22:28:15.517+0000] {processor.py:830} INFO - Processing file /home/airflow/.local/lib/python3.8/site-packages/airflow/example_dags/example_branch_operator_decorator.py for tasks to queue
[2024-01-23T22:28:15.518+0000] {logging_mixin.py:188} INFO - [2024-01-23T22:28:15.518+0000] {dagbag.py:538} INFO - Filling up the DagBag from /home/airflow/.local/lib/python3.8/site-packages/airflow/example_dags/example_branch_operator_decorator.py
[2024-01-23T22:28:15.530+0000] {processor.py:840} INFO - DAG(s) 'example_branch_python_operator_decorator' retrieved from /home/airflow/.local/lib/python3.8/site-packages/airflow/example_dags/example_branch_operator_decorator.py
[2024-01-23T22:28:15.549+0000] {logging_mixin.py:188} INFO - [2024-01-23T22:28:15.549+0000] {dag.py:3036} INFO - Sync 1 DAGs
[2024-01-23T22:28:15.563+0000] {logging_mixin.py:188} INFO - [2024-01-23T22:28:15.562+0000] {dag.py:3823} INFO - Setting next_dagrun for example_branch_python_operator_decorator to 2024-01-22 00:00:00+00:00, run_after=2024-01-23 00:00:00+00:00
[2024-01-23T22:28:15.574+0000] {processor.py:183} INFO - Processing /home/airflow/.local/lib/python3.8/site-packages/airflow/example_dags/example_branch_operator_decorator.py took 0.059 seconds
[2024-01-23T22:28:45.772+0000] {processor.py:161} INFO - Started process (PID=1021) to work on /home/airflow/.local/lib/python3.8/site-packages/airflow/example_dags/example_branch_operator_decorator.py
[2024-01-23T22:28:45.772+0000] {processor.py:830} INFO - Processing file /home/airflow/.local/lib/python3.8/site-packages/airflow/example_dags/example_branch_operator_decorator.py for tasks to queue
[2024-01-23T22:28:45.774+0000] {logging_mixin.py:188} INFO - [2024-01-23T22:28:45.773+0000] {dagbag.py:538} INFO - Filling up the DagBag from /home/airflow/.local/lib/python3.8/site-packages/airflow/example_dags/example_branch_operator_decorator.py
[2024-01-23T22:28:45.787+0000] {processor.py:840} INFO - DAG(s) 'example_branch_python_operator_decorator' retrieved from /home/airflow/.local/lib/python3.8/site-packages/airflow/example_dags/example_branch_operator_decorator.py
[2024-01-23T22:28:45.804+0000] {logging_mixin.py:188} INFO - [2024-01-23T22:28:45.803+0000] {dag.py:3036} INFO - Sync 1 DAGs
[2024-01-23T22:28:45.818+0000] {logging_mixin.py:188} INFO - [2024-01-23T22:28:45.818+0000] {dag.py:3823} INFO - Setting next_dagrun for example_branch_python_operator_decorator to 2024-01-22 00:00:00+00:00, run_after=2024-01-23 00:00:00+00:00
[2024-01-23T22:28:45.828+0000] {processor.py:183} INFO - Processing /home/airflow/.local/lib/python3.8/site-packages/airflow/example_dags/example_branch_operator_decorator.py took 0.059 seconds
[2024-01-23T22:29:16.007+0000] {processor.py:161} INFO - Started process (PID=1078) to work on /home/airflow/.local/lib/python3.8/site-packages/airflow/example_dags/example_branch_operator_decorator.py
[2024-01-23T22:29:16.007+0000] {processor.py:830} INFO - Processing file /home/airflow/.local/lib/python3.8/site-packages/airflow/example_dags/example_branch_operator_decorator.py for tasks to queue
[2024-01-23T22:29:16.009+0000] {logging_mixin.py:188} INFO - [2024-01-23T22:29:16.008+0000] {dagbag.py:538} INFO - Filling up the DagBag from /home/airflow/.local/lib/python3.8/site-packages/airflow/example_dags/example_branch_operator_decorator.py
[2024-01-23T22:29:16.021+0000] {processor.py:840} INFO - DAG(s) 'example_branch_python_operator_decorator' retrieved from /home/airflow/.local/lib/python3.8/site-packages/airflow/example_dags/example_branch_operator_decorator.py
[2024-01-23T22:29:16.037+0000] {logging_mixin.py:188} INFO - [2024-01-23T22:29:16.037+0000] {dag.py:3036} INFO - Sync 1 DAGs
[2024-01-23T22:29:16.051+0000] {logging_mixin.py:188} INFO - [2024-01-23T22:29:16.051+0000] {dag.py:3823} INFO - Setting next_dagrun for example_branch_python_operator_decorator to 2024-01-22 00:00:00+00:00, run_after=2024-01-23 00:00:00+00:00
[2024-01-23T22:29:16.062+0000] {processor.py:183} INFO - Processing /home/airflow/.local/lib/python3.8/site-packages/airflow/example_dags/example_branch_operator_decorator.py took 0.057 seconds
[2024-01-23T22:29:46.231+0000] {processor.py:161} INFO - Started process (PID=1135) to work on /home/airflow/.local/lib/python3.8/site-packages/airflow/example_dags/example_branch_operator_decorator.py
[2024-01-23T22:29:46.231+0000] {processor.py:830} INFO - Processing file /home/airflow/.local/lib/python3.8/site-packages/airflow/example_dags/example_branch_operator_decorator.py for tasks to queue
[2024-01-23T22:29:46.232+0000] {logging_mixin.py:188} INFO - [2024-01-23T22:29:46.232+0000] {dagbag.py:538} INFO - Filling up the DagBag from /home/airflow/.local/lib/python3.8/site-packages/airflow/example_dags/example_branch_operator_decorator.py
[2024-01-23T22:29:46.244+0000] {processor.py:840} INFO - DAG(s) 'example_branch_python_operator_decorator' retrieved from /home/airflow/.local/lib/python3.8/site-packages/airflow/example_dags/example_branch_operator_decorator.py
[2024-01-23T22:29:46.260+0000] {logging_mixin.py:188} INFO - [2024-01-23T22:29:46.260+0000] {dag.py:3036} INFO - Sync 1 DAGs
[2024-01-23T22:29:46.274+0000] {logging_mixin.py:188} INFO - [2024-01-23T22:29:46.274+0000] {dag.py:3823} INFO - Setting next_dagrun for example_branch_python_operator_decorator to 2024-01-22 00:00:00+00:00, run_after=2024-01-23 00:00:00+00:00
[2024-01-23T22:29:46.286+0000] {processor.py:183} INFO - Processing /home/airflow/.local/lib/python3.8/site-packages/airflow/example_dags/example_branch_operator_decorator.py took 0.057 seconds
