[2024-01-23T22:20:07.419+0000] {processor.py:161} INFO - Started process (PID=60) to work on /home/airflow/.local/lib/python3.8/site-packages/airflow/example_dags/example_subdag_operator.py
[2024-01-23T22:20:07.420+0000] {processor.py:830} INFO - Processing file /home/airflow/.local/lib/python3.8/site-packages/airflow/example_dags/example_subdag_operator.py for tasks to queue
[2024-01-23T22:20:07.421+0000] {logging_mixin.py:188} INFO - [2024-01-23T22:20:07.421+0000] {dagbag.py:538} INFO - Filling up the DagBag from /home/airflow/.local/lib/python3.8/site-packages/airflow/example_dags/example_subdag_operator.py
[2024-01-23T22:20:07.435+0000] {processor.py:840} INFO - DAG(s) 'example_subdag_operator.section-1', 'example_subdag_operator.section-2', 'example_subdag_operator' retrieved from /home/airflow/.local/lib/python3.8/site-packages/airflow/example_dags/example_subdag_operator.py
[2024-01-23T22:20:07.496+0000] {logging_mixin.py:188} INFO - [2024-01-23T22:20:07.496+0000] {override.py:1769} INFO - Created Permission View: can delete on DAG:example_subdag_operator
[2024-01-23T22:20:07.503+0000] {logging_mixin.py:188} INFO - [2024-01-23T22:20:07.502+0000] {override.py:1769} INFO - Created Permission View: can edit on DAG:example_subdag_operator
[2024-01-23T22:20:07.507+0000] {logging_mixin.py:188} INFO - [2024-01-23T22:20:07.507+0000] {override.py:1769} INFO - Created Permission View: can read on DAG:example_subdag_operator
[2024-01-23T22:20:07.507+0000] {logging_mixin.py:188} INFO - [2024-01-23T22:20:07.507+0000] {dag.py:3036} INFO - Sync 3 DAGs
[2024-01-23T22:20:07.514+0000] {logging_mixin.py:188} INFO - [2024-01-23T22:20:07.514+0000] {dag.py:3058} INFO - Creating ORM DAG for example_subdag_operator.section-1
[2024-01-23T22:20:07.514+0000] {logging_mixin.py:188} INFO - [2024-01-23T22:20:07.514+0000] {dag.py:3058} INFO - Creating ORM DAG for example_subdag_operator
[2024-01-23T22:20:07.515+0000] {logging_mixin.py:188} INFO - [2024-01-23T22:20:07.514+0000] {dag.py:3058} INFO - Creating ORM DAG for example_subdag_operator.section-2
[2024-01-23T22:20:07.520+0000] {logging_mixin.py:188} INFO - [2024-01-23T22:20:07.520+0000] {dag.py:3823} INFO - Setting next_dagrun for example_subdag_operator to 2022-01-01 00:00:00+00:00, run_after=2022-01-01 00:00:00+00:00
[2024-01-23T22:20:07.521+0000] {logging_mixin.py:188} INFO - [2024-01-23T22:20:07.521+0000] {dag.py:3823} INFO - Setting next_dagrun for example_subdag_operator.section-1 to None, run_after=None
[2024-01-23T22:20:07.521+0000] {logging_mixin.py:188} INFO - [2024-01-23T22:20:07.521+0000] {dag.py:3823} INFO - Setting next_dagrun for example_subdag_operator.section-2 to None, run_after=None
[2024-01-23T22:20:07.526+0000] {logging_mixin.py:188} INFO - [2024-01-23T22:20:07.526+0000] {dag.py:3036} INFO - Sync 2 DAGs
[2024-01-23T22:20:07.530+0000] {logging_mixin.py:188} INFO - [2024-01-23T22:20:07.530+0000] {dag.py:3823} INFO - Setting next_dagrun for example_subdag_operator.section-1 to None, run_after=None
[2024-01-23T22:20:07.532+0000] {logging_mixin.py:188} INFO - [2024-01-23T22:20:07.531+0000] {dag.py:3823} INFO - Setting next_dagrun for example_subdag_operator.section-2 to None, run_after=None
[2024-01-23T22:20:07.540+0000] {processor.py:183} INFO - Processing /home/airflow/.local/lib/python3.8/site-packages/airflow/example_dags/example_subdag_operator.py took 0.123 seconds
[2024-01-23T22:20:38.444+0000] {processor.py:161} INFO - Started process (PID=115) to work on /home/airflow/.local/lib/python3.8/site-packages/airflow/example_dags/example_subdag_operator.py
[2024-01-23T22:20:38.445+0000] {processor.py:830} INFO - Processing file /home/airflow/.local/lib/python3.8/site-packages/airflow/example_dags/example_subdag_operator.py for tasks to queue
[2024-01-23T22:20:38.446+0000] {logging_mixin.py:188} INFO - [2024-01-23T22:20:38.446+0000] {dagbag.py:538} INFO - Filling up the DagBag from /home/airflow/.local/lib/python3.8/site-packages/airflow/example_dags/example_subdag_operator.py
[2024-01-23T22:20:38.460+0000] {processor.py:840} INFO - DAG(s) 'example_subdag_operator.section-1', 'example_subdag_operator.section-2', 'example_subdag_operator' retrieved from /home/airflow/.local/lib/python3.8/site-packages/airflow/example_dags/example_subdag_operator.py
[2024-01-23T22:20:38.469+0000] {logging_mixin.py:188} INFO - [2024-01-23T22:20:38.469+0000] {dag.py:3036} INFO - Sync 3 DAGs
[2024-01-23T22:20:38.482+0000] {logging_mixin.py:188} INFO - [2024-01-23T22:20:38.481+0000] {dag.py:3823} INFO - Setting next_dagrun for example_subdag_operator to 2022-01-01 00:00:00+00:00, run_after=2022-01-01 00:00:00+00:00
[2024-01-23T22:20:38.484+0000] {logging_mixin.py:188} INFO - [2024-01-23T22:20:38.484+0000] {dag.py:3823} INFO - Setting next_dagrun for example_subdag_operator.section-1 to None, run_after=None
[2024-01-23T22:20:38.485+0000] {logging_mixin.py:188} INFO - [2024-01-23T22:20:38.484+0000] {dag.py:3823} INFO - Setting next_dagrun for example_subdag_operator.section-2 to None, run_after=None
[2024-01-23T22:20:38.489+0000] {logging_mixin.py:188} INFO - [2024-01-23T22:20:38.489+0000] {dag.py:3036} INFO - Sync 2 DAGs
[2024-01-23T22:20:38.493+0000] {logging_mixin.py:188} INFO - [2024-01-23T22:20:38.492+0000] {dag.py:3823} INFO - Setting next_dagrun for example_subdag_operator.section-1 to None, run_after=None
[2024-01-23T22:20:38.493+0000] {logging_mixin.py:188} INFO - [2024-01-23T22:20:38.493+0000] {dag.py:3823} INFO - Setting next_dagrun for example_subdag_operator.section-2 to None, run_after=None
[2024-01-23T22:20:38.499+0000] {processor.py:183} INFO - Processing /home/airflow/.local/lib/python3.8/site-packages/airflow/example_dags/example_subdag_operator.py took 0.057 seconds
[2024-01-23T22:21:09.178+0000] {processor.py:161} INFO - Started process (PID=170) to work on /home/airflow/.local/lib/python3.8/site-packages/airflow/example_dags/example_subdag_operator.py
[2024-01-23T22:21:09.179+0000] {processor.py:830} INFO - Processing file /home/airflow/.local/lib/python3.8/site-packages/airflow/example_dags/example_subdag_operator.py for tasks to queue
[2024-01-23T22:21:09.180+0000] {logging_mixin.py:188} INFO - [2024-01-23T22:21:09.180+0000] {dagbag.py:538} INFO - Filling up the DagBag from /home/airflow/.local/lib/python3.8/site-packages/airflow/example_dags/example_subdag_operator.py
[2024-01-23T22:21:09.195+0000] {processor.py:840} INFO - DAG(s) 'example_subdag_operator.section-1', 'example_subdag_operator.section-2', 'example_subdag_operator' retrieved from /home/airflow/.local/lib/python3.8/site-packages/airflow/example_dags/example_subdag_operator.py
[2024-01-23T22:21:09.207+0000] {logging_mixin.py:188} INFO - [2024-01-23T22:21:09.207+0000] {dag.py:3036} INFO - Sync 3 DAGs
[2024-01-23T22:21:09.223+0000] {logging_mixin.py:188} INFO - [2024-01-23T22:21:09.223+0000] {dag.py:3823} INFO - Setting next_dagrun for example_subdag_operator to 2022-01-01 00:00:00+00:00, run_after=2022-01-01 00:00:00+00:00
[2024-01-23T22:21:09.226+0000] {logging_mixin.py:188} INFO - [2024-01-23T22:21:09.226+0000] {dag.py:3823} INFO - Setting next_dagrun for example_subdag_operator.section-1 to None, run_after=None
[2024-01-23T22:21:09.227+0000] {logging_mixin.py:188} INFO - [2024-01-23T22:21:09.226+0000] {dag.py:3823} INFO - Setting next_dagrun for example_subdag_operator.section-2 to None, run_after=None
[2024-01-23T22:21:09.231+0000] {logging_mixin.py:188} INFO - [2024-01-23T22:21:09.231+0000] {dag.py:3036} INFO - Sync 2 DAGs
[2024-01-23T22:21:09.235+0000] {logging_mixin.py:188} INFO - [2024-01-23T22:21:09.235+0000] {dag.py:3823} INFO - Setting next_dagrun for example_subdag_operator.section-1 to None, run_after=None
[2024-01-23T22:21:09.236+0000] {logging_mixin.py:188} INFO - [2024-01-23T22:21:09.236+0000] {dag.py:3823} INFO - Setting next_dagrun for example_subdag_operator.section-2 to None, run_after=None
[2024-01-23T22:21:09.243+0000] {processor.py:183} INFO - Processing /home/airflow/.local/lib/python3.8/site-packages/airflow/example_dags/example_subdag_operator.py took 0.067 seconds
[2024-01-23T22:21:39.842+0000] {processor.py:161} INFO - Started process (PID=225) to work on /home/airflow/.local/lib/python3.8/site-packages/airflow/example_dags/example_subdag_operator.py
[2024-01-23T22:21:39.843+0000] {processor.py:830} INFO - Processing file /home/airflow/.local/lib/python3.8/site-packages/airflow/example_dags/example_subdag_operator.py for tasks to queue
[2024-01-23T22:21:39.844+0000] {logging_mixin.py:188} INFO - [2024-01-23T22:21:39.844+0000] {dagbag.py:538} INFO - Filling up the DagBag from /home/airflow/.local/lib/python3.8/site-packages/airflow/example_dags/example_subdag_operator.py
[2024-01-23T22:21:39.858+0000] {processor.py:840} INFO - DAG(s) 'example_subdag_operator.section-1', 'example_subdag_operator.section-2', 'example_subdag_operator' retrieved from /home/airflow/.local/lib/python3.8/site-packages/airflow/example_dags/example_subdag_operator.py
[2024-01-23T22:21:39.871+0000] {logging_mixin.py:188} INFO - [2024-01-23T22:21:39.871+0000] {dag.py:3036} INFO - Sync 3 DAGs
[2024-01-23T22:21:39.888+0000] {logging_mixin.py:188} INFO - [2024-01-23T22:21:39.888+0000] {dag.py:3823} INFO - Setting next_dagrun for example_subdag_operator to 2022-01-01 00:00:00+00:00, run_after=2022-01-01 00:00:00+00:00
[2024-01-23T22:21:39.890+0000] {logging_mixin.py:188} INFO - [2024-01-23T22:21:39.890+0000] {dag.py:3823} INFO - Setting next_dagrun for example_subdag_operator.section-1 to None, run_after=None
[2024-01-23T22:21:39.891+0000] {logging_mixin.py:188} INFO - [2024-01-23T22:21:39.891+0000] {dag.py:3823} INFO - Setting next_dagrun for example_subdag_operator.section-2 to None, run_after=None
[2024-01-23T22:21:39.895+0000] {logging_mixin.py:188} INFO - [2024-01-23T22:21:39.895+0000] {dag.py:3036} INFO - Sync 2 DAGs
[2024-01-23T22:21:39.898+0000] {logging_mixin.py:188} INFO - [2024-01-23T22:21:39.898+0000] {dag.py:3823} INFO - Setting next_dagrun for example_subdag_operator.section-1 to None, run_after=None
[2024-01-23T22:21:39.898+0000] {logging_mixin.py:188} INFO - [2024-01-23T22:21:39.898+0000] {dag.py:3823} INFO - Setting next_dagrun for example_subdag_operator.section-2 to None, run_after=None
[2024-01-23T22:21:39.905+0000] {processor.py:183} INFO - Processing /home/airflow/.local/lib/python3.8/site-packages/airflow/example_dags/example_subdag_operator.py took 0.065 seconds
[2024-01-23T22:22:10.734+0000] {processor.py:161} INFO - Started process (PID=280) to work on /home/airflow/.local/lib/python3.8/site-packages/airflow/example_dags/example_subdag_operator.py
[2024-01-23T22:22:10.734+0000] {processor.py:830} INFO - Processing file /home/airflow/.local/lib/python3.8/site-packages/airflow/example_dags/example_subdag_operator.py for tasks to queue
[2024-01-23T22:22:10.735+0000] {logging_mixin.py:188} INFO - [2024-01-23T22:22:10.735+0000] {dagbag.py:538} INFO - Filling up the DagBag from /home/airflow/.local/lib/python3.8/site-packages/airflow/example_dags/example_subdag_operator.py
[2024-01-23T22:22:10.749+0000] {processor.py:840} INFO - DAG(s) 'example_subdag_operator.section-1', 'example_subdag_operator.section-2', 'example_subdag_operator' retrieved from /home/airflow/.local/lib/python3.8/site-packages/airflow/example_dags/example_subdag_operator.py
[2024-01-23T22:22:10.758+0000] {logging_mixin.py:188} INFO - [2024-01-23T22:22:10.758+0000] {dag.py:3036} INFO - Sync 3 DAGs
[2024-01-23T22:22:10.772+0000] {logging_mixin.py:188} INFO - [2024-01-23T22:22:10.772+0000] {dag.py:3823} INFO - Setting next_dagrun for example_subdag_operator to 2022-01-01 00:00:00+00:00, run_after=2022-01-01 00:00:00+00:00
[2024-01-23T22:22:10.774+0000] {logging_mixin.py:188} INFO - [2024-01-23T22:22:10.774+0000] {dag.py:3823} INFO - Setting next_dagrun for example_subdag_operator.section-1 to None, run_after=None
[2024-01-23T22:22:10.775+0000] {logging_mixin.py:188} INFO - [2024-01-23T22:22:10.774+0000] {dag.py:3823} INFO - Setting next_dagrun for example_subdag_operator.section-2 to None, run_after=None
[2024-01-23T22:22:10.778+0000] {logging_mixin.py:188} INFO - [2024-01-23T22:22:10.778+0000] {dag.py:3036} INFO - Sync 2 DAGs
[2024-01-23T22:22:10.782+0000] {logging_mixin.py:188} INFO - [2024-01-23T22:22:10.782+0000] {dag.py:3823} INFO - Setting next_dagrun for example_subdag_operator.section-1 to None, run_after=None
[2024-01-23T22:22:10.782+0000] {logging_mixin.py:188} INFO - [2024-01-23T22:22:10.782+0000] {dag.py:3823} INFO - Setting next_dagrun for example_subdag_operator.section-2 to None, run_after=None
[2024-01-23T22:22:10.789+0000] {processor.py:183} INFO - Processing /home/airflow/.local/lib/python3.8/site-packages/airflow/example_dags/example_subdag_operator.py took 0.057 seconds
[2024-01-23T22:22:40.979+0000] {processor.py:161} INFO - Started process (PID=335) to work on /home/airflow/.local/lib/python3.8/site-packages/airflow/example_dags/example_subdag_operator.py
[2024-01-23T22:22:40.980+0000] {processor.py:830} INFO - Processing file /home/airflow/.local/lib/python3.8/site-packages/airflow/example_dags/example_subdag_operator.py for tasks to queue
[2024-01-23T22:22:40.981+0000] {logging_mixin.py:188} INFO - [2024-01-23T22:22:40.981+0000] {dagbag.py:538} INFO - Filling up the DagBag from /home/airflow/.local/lib/python3.8/site-packages/airflow/example_dags/example_subdag_operator.py
[2024-01-23T22:22:40.995+0000] {processor.py:840} INFO - DAG(s) 'example_subdag_operator.section-1', 'example_subdag_operator.section-2', 'example_subdag_operator' retrieved from /home/airflow/.local/lib/python3.8/site-packages/airflow/example_dags/example_subdag_operator.py
[2024-01-23T22:22:41.003+0000] {logging_mixin.py:188} INFO - [2024-01-23T22:22:41.003+0000] {dag.py:3036} INFO - Sync 3 DAGs
[2024-01-23T22:22:41.017+0000] {logging_mixin.py:188} INFO - [2024-01-23T22:22:41.016+0000] {dag.py:3823} INFO - Setting next_dagrun for example_subdag_operator to 2022-01-01 00:00:00+00:00, run_after=2022-01-01 00:00:00+00:00
[2024-01-23T22:22:41.019+0000] {logging_mixin.py:188} INFO - [2024-01-23T22:22:41.018+0000] {dag.py:3823} INFO - Setting next_dagrun for example_subdag_operator.section-1 to None, run_after=None
[2024-01-23T22:22:41.019+0000] {logging_mixin.py:188} INFO - [2024-01-23T22:22:41.019+0000] {dag.py:3823} INFO - Setting next_dagrun for example_subdag_operator.section-2 to None, run_after=None
[2024-01-23T22:22:41.023+0000] {logging_mixin.py:188} INFO - [2024-01-23T22:22:41.023+0000] {dag.py:3036} INFO - Sync 2 DAGs
[2024-01-23T22:22:41.027+0000] {logging_mixin.py:188} INFO - [2024-01-23T22:22:41.026+0000] {dag.py:3823} INFO - Setting next_dagrun for example_subdag_operator.section-1 to None, run_after=None
[2024-01-23T22:22:41.027+0000] {logging_mixin.py:188} INFO - [2024-01-23T22:22:41.027+0000] {dag.py:3823} INFO - Setting next_dagrun for example_subdag_operator.section-2 to None, run_after=None
[2024-01-23T22:22:41.034+0000] {processor.py:183} INFO - Processing /home/airflow/.local/lib/python3.8/site-packages/airflow/example_dags/example_subdag_operator.py took 0.056 seconds
[2024-01-23T22:23:11.852+0000] {processor.py:161} INFO - Started process (PID=390) to work on /home/airflow/.local/lib/python3.8/site-packages/airflow/example_dags/example_subdag_operator.py
[2024-01-23T22:23:11.853+0000] {processor.py:830} INFO - Processing file /home/airflow/.local/lib/python3.8/site-packages/airflow/example_dags/example_subdag_operator.py for tasks to queue
[2024-01-23T22:23:11.854+0000] {logging_mixin.py:188} INFO - [2024-01-23T22:23:11.854+0000] {dagbag.py:538} INFO - Filling up the DagBag from /home/airflow/.local/lib/python3.8/site-packages/airflow/example_dags/example_subdag_operator.py
[2024-01-23T22:23:11.869+0000] {processor.py:840} INFO - DAG(s) 'example_subdag_operator.section-1', 'example_subdag_operator.section-2', 'example_subdag_operator' retrieved from /home/airflow/.local/lib/python3.8/site-packages/airflow/example_dags/example_subdag_operator.py
[2024-01-23T22:23:11.878+0000] {logging_mixin.py:188} INFO - [2024-01-23T22:23:11.878+0000] {dag.py:3036} INFO - Sync 3 DAGs
[2024-01-23T22:23:11.891+0000] {logging_mixin.py:188} INFO - [2024-01-23T22:23:11.891+0000] {dag.py:3823} INFO - Setting next_dagrun for example_subdag_operator to 2022-01-01 00:00:00+00:00, run_after=2022-01-01 00:00:00+00:00
[2024-01-23T22:23:11.894+0000] {logging_mixin.py:188} INFO - [2024-01-23T22:23:11.893+0000] {dag.py:3823} INFO - Setting next_dagrun for example_subdag_operator.section-1 to None, run_after=None
[2024-01-23T22:23:11.894+0000] {logging_mixin.py:188} INFO - [2024-01-23T22:23:11.894+0000] {dag.py:3823} INFO - Setting next_dagrun for example_subdag_operator.section-2 to None, run_after=None
[2024-01-23T22:23:11.899+0000] {logging_mixin.py:188} INFO - [2024-01-23T22:23:11.898+0000] {dag.py:3036} INFO - Sync 2 DAGs
[2024-01-23T22:23:11.902+0000] {logging_mixin.py:188} INFO - [2024-01-23T22:23:11.902+0000] {dag.py:3823} INFO - Setting next_dagrun for example_subdag_operator.section-1 to None, run_after=None
[2024-01-23T22:23:11.903+0000] {logging_mixin.py:188} INFO - [2024-01-23T22:23:11.902+0000] {dag.py:3823} INFO - Setting next_dagrun for example_subdag_operator.section-2 to None, run_after=None
[2024-01-23T22:23:11.909+0000] {processor.py:183} INFO - Processing /home/airflow/.local/lib/python3.8/site-packages/airflow/example_dags/example_subdag_operator.py took 0.059 seconds
[2024-01-23T22:23:41.967+0000] {processor.py:161} INFO - Started process (PID=445) to work on /home/airflow/.local/lib/python3.8/site-packages/airflow/example_dags/example_subdag_operator.py
[2024-01-23T22:23:41.967+0000] {processor.py:830} INFO - Processing file /home/airflow/.local/lib/python3.8/site-packages/airflow/example_dags/example_subdag_operator.py for tasks to queue
[2024-01-23T22:23:41.968+0000] {logging_mixin.py:188} INFO - [2024-01-23T22:23:41.968+0000] {dagbag.py:538} INFO - Filling up the DagBag from /home/airflow/.local/lib/python3.8/site-packages/airflow/example_dags/example_subdag_operator.py
[2024-01-23T22:23:41.983+0000] {processor.py:840} INFO - DAG(s) 'example_subdag_operator.section-1', 'example_subdag_operator.section-2', 'example_subdag_operator' retrieved from /home/airflow/.local/lib/python3.8/site-packages/airflow/example_dags/example_subdag_operator.py
[2024-01-23T22:23:41.992+0000] {logging_mixin.py:188} INFO - [2024-01-23T22:23:41.992+0000] {dag.py:3036} INFO - Sync 3 DAGs
[2024-01-23T22:23:42.005+0000] {logging_mixin.py:188} INFO - [2024-01-23T22:23:42.005+0000] {dag.py:3823} INFO - Setting next_dagrun for example_subdag_operator to 2022-01-01 00:00:00+00:00, run_after=2022-01-01 00:00:00+00:00
[2024-01-23T22:23:42.007+0000] {logging_mixin.py:188} INFO - [2024-01-23T22:23:42.007+0000] {dag.py:3823} INFO - Setting next_dagrun for example_subdag_operator.section-1 to None, run_after=None
[2024-01-23T22:23:42.007+0000] {logging_mixin.py:188} INFO - [2024-01-23T22:23:42.007+0000] {dag.py:3823} INFO - Setting next_dagrun for example_subdag_operator.section-2 to None, run_after=None
[2024-01-23T22:23:42.011+0000] {logging_mixin.py:188} INFO - [2024-01-23T22:23:42.011+0000] {dag.py:3036} INFO - Sync 2 DAGs
[2024-01-23T22:23:42.014+0000] {logging_mixin.py:188} INFO - [2024-01-23T22:23:42.014+0000] {dag.py:3823} INFO - Setting next_dagrun for example_subdag_operator.section-1 to None, run_after=None
[2024-01-23T22:23:42.015+0000] {logging_mixin.py:188} INFO - [2024-01-23T22:23:42.015+0000] {dag.py:3823} INFO - Setting next_dagrun for example_subdag_operator.section-2 to None, run_after=None
[2024-01-23T22:23:42.022+0000] {processor.py:183} INFO - Processing /home/airflow/.local/lib/python3.8/site-packages/airflow/example_dags/example_subdag_operator.py took 0.058 seconds
[2024-01-23T22:24:12.443+0000] {processor.py:161} INFO - Started process (PID=500) to work on /home/airflow/.local/lib/python3.8/site-packages/airflow/example_dags/example_subdag_operator.py
[2024-01-23T22:24:12.445+0000] {processor.py:830} INFO - Processing file /home/airflow/.local/lib/python3.8/site-packages/airflow/example_dags/example_subdag_operator.py for tasks to queue
[2024-01-23T22:24:12.446+0000] {logging_mixin.py:188} INFO - [2024-01-23T22:24:12.446+0000] {dagbag.py:538} INFO - Filling up the DagBag from /home/airflow/.local/lib/python3.8/site-packages/airflow/example_dags/example_subdag_operator.py
[2024-01-23T22:24:12.471+0000] {processor.py:840} INFO - DAG(s) 'example_subdag_operator.section-1', 'example_subdag_operator.section-2', 'example_subdag_operator' retrieved from /home/airflow/.local/lib/python3.8/site-packages/airflow/example_dags/example_subdag_operator.py
[2024-01-23T22:24:12.487+0000] {logging_mixin.py:188} INFO - [2024-01-23T22:24:12.486+0000] {dag.py:3036} INFO - Sync 3 DAGs
[2024-01-23T22:24:12.513+0000] {logging_mixin.py:188} INFO - [2024-01-23T22:24:12.513+0000] {dag.py:3823} INFO - Setting next_dagrun for example_subdag_operator to 2022-01-01 00:00:00+00:00, run_after=2022-01-01 00:00:00+00:00
[2024-01-23T22:24:12.517+0000] {logging_mixin.py:188} INFO - [2024-01-23T22:24:12.517+0000] {dag.py:3823} INFO - Setting next_dagrun for example_subdag_operator.section-1 to None, run_after=None
[2024-01-23T22:24:12.518+0000] {logging_mixin.py:188} INFO - [2024-01-23T22:24:12.518+0000] {dag.py:3823} INFO - Setting next_dagrun for example_subdag_operator.section-2 to None, run_after=None
[2024-01-23T22:24:12.529+0000] {logging_mixin.py:188} INFO - [2024-01-23T22:24:12.529+0000] {dag.py:3036} INFO - Sync 2 DAGs
[2024-01-23T22:24:12.538+0000] {logging_mixin.py:188} INFO - [2024-01-23T22:24:12.538+0000] {dag.py:3823} INFO - Setting next_dagrun for example_subdag_operator.section-1 to None, run_after=None
[2024-01-23T22:24:12.539+0000] {logging_mixin.py:188} INFO - [2024-01-23T22:24:12.539+0000] {dag.py:3823} INFO - Setting next_dagrun for example_subdag_operator.section-2 to None, run_after=None
[2024-01-23T22:24:12.552+0000] {processor.py:183} INFO - Processing /home/airflow/.local/lib/python3.8/site-packages/airflow/example_dags/example_subdag_operator.py took 0.111 seconds
[2024-01-23T22:24:42.696+0000] {processor.py:161} INFO - Started process (PID=555) to work on /home/airflow/.local/lib/python3.8/site-packages/airflow/example_dags/example_subdag_operator.py
[2024-01-23T22:24:42.697+0000] {processor.py:830} INFO - Processing file /home/airflow/.local/lib/python3.8/site-packages/airflow/example_dags/example_subdag_operator.py for tasks to queue
[2024-01-23T22:24:42.698+0000] {logging_mixin.py:188} INFO - [2024-01-23T22:24:42.698+0000] {dagbag.py:538} INFO - Filling up the DagBag from /home/airflow/.local/lib/python3.8/site-packages/airflow/example_dags/example_subdag_operator.py
[2024-01-23T22:24:42.714+0000] {processor.py:840} INFO - DAG(s) 'example_subdag_operator.section-1', 'example_subdag_operator.section-2', 'example_subdag_operator' retrieved from /home/airflow/.local/lib/python3.8/site-packages/airflow/example_dags/example_subdag_operator.py
[2024-01-23T22:24:42.724+0000] {logging_mixin.py:188} INFO - [2024-01-23T22:24:42.724+0000] {dag.py:3036} INFO - Sync 3 DAGs
[2024-01-23T22:24:42.740+0000] {logging_mixin.py:188} INFO - [2024-01-23T22:24:42.739+0000] {dag.py:3823} INFO - Setting next_dagrun for example_subdag_operator to 2022-01-01 00:00:00+00:00, run_after=2022-01-01 00:00:00+00:00
[2024-01-23T22:24:42.742+0000] {logging_mixin.py:188} INFO - [2024-01-23T22:24:42.742+0000] {dag.py:3823} INFO - Setting next_dagrun for example_subdag_operator.section-1 to None, run_after=None
[2024-01-23T22:24:42.742+0000] {logging_mixin.py:188} INFO - [2024-01-23T22:24:42.742+0000] {dag.py:3823} INFO - Setting next_dagrun for example_subdag_operator.section-2 to None, run_after=None
[2024-01-23T22:24:42.746+0000] {logging_mixin.py:188} INFO - [2024-01-23T22:24:42.746+0000] {dag.py:3036} INFO - Sync 2 DAGs
[2024-01-23T22:24:42.751+0000] {logging_mixin.py:188} INFO - [2024-01-23T22:24:42.751+0000] {dag.py:3823} INFO - Setting next_dagrun for example_subdag_operator.section-1 to None, run_after=None
[2024-01-23T22:24:42.751+0000] {logging_mixin.py:188} INFO - [2024-01-23T22:24:42.751+0000] {dag.py:3823} INFO - Setting next_dagrun for example_subdag_operator.section-2 to None, run_after=None
[2024-01-23T22:24:42.761+0000] {processor.py:183} INFO - Processing /home/airflow/.local/lib/python3.8/site-packages/airflow/example_dags/example_subdag_operator.py took 0.067 seconds
[2024-01-23T22:25:12.943+0000] {processor.py:161} INFO - Started process (PID=612) to work on /home/airflow/.local/lib/python3.8/site-packages/airflow/example_dags/example_subdag_operator.py
[2024-01-23T22:25:12.944+0000] {processor.py:830} INFO - Processing file /home/airflow/.local/lib/python3.8/site-packages/airflow/example_dags/example_subdag_operator.py for tasks to queue
[2024-01-23T22:25:12.945+0000] {logging_mixin.py:188} INFO - [2024-01-23T22:25:12.944+0000] {dagbag.py:538} INFO - Filling up the DagBag from /home/airflow/.local/lib/python3.8/site-packages/airflow/example_dags/example_subdag_operator.py
[2024-01-23T22:25:12.959+0000] {processor.py:840} INFO - DAG(s) 'example_subdag_operator.section-1', 'example_subdag_operator.section-2', 'example_subdag_operator' retrieved from /home/airflow/.local/lib/python3.8/site-packages/airflow/example_dags/example_subdag_operator.py
[2024-01-23T22:25:12.968+0000] {logging_mixin.py:188} INFO - [2024-01-23T22:25:12.967+0000] {dag.py:3036} INFO - Sync 3 DAGs
[2024-01-23T22:25:12.980+0000] {logging_mixin.py:188} INFO - [2024-01-23T22:25:12.980+0000] {dag.py:3823} INFO - Setting next_dagrun for example_subdag_operator to 2022-01-01 00:00:00+00:00, run_after=2022-01-01 00:00:00+00:00
[2024-01-23T22:25:12.983+0000] {logging_mixin.py:188} INFO - [2024-01-23T22:25:12.982+0000] {dag.py:3823} INFO - Setting next_dagrun for example_subdag_operator.section-1 to None, run_after=None
[2024-01-23T22:25:12.983+0000] {logging_mixin.py:188} INFO - [2024-01-23T22:25:12.983+0000] {dag.py:3823} INFO - Setting next_dagrun for example_subdag_operator.section-2 to None, run_after=None
[2024-01-23T22:25:12.990+0000] {logging_mixin.py:188} INFO - [2024-01-23T22:25:12.989+0000] {dag.py:3036} INFO - Sync 2 DAGs
[2024-01-23T22:25:12.994+0000] {logging_mixin.py:188} INFO - [2024-01-23T22:25:12.994+0000] {dag.py:3823} INFO - Setting next_dagrun for example_subdag_operator.section-1 to None, run_after=None
[2024-01-23T22:25:12.994+0000] {logging_mixin.py:188} INFO - [2024-01-23T22:25:12.994+0000] {dag.py:3823} INFO - Setting next_dagrun for example_subdag_operator.section-2 to None, run_after=None
[2024-01-23T22:25:13.002+0000] {processor.py:183} INFO - Processing /home/airflow/.local/lib/python3.8/site-packages/airflow/example_dags/example_subdag_operator.py took 0.061 seconds
[2024-01-23T22:25:43.158+0000] {processor.py:161} INFO - Started process (PID=669) to work on /home/airflow/.local/lib/python3.8/site-packages/airflow/example_dags/example_subdag_operator.py
[2024-01-23T22:25:43.159+0000] {processor.py:830} INFO - Processing file /home/airflow/.local/lib/python3.8/site-packages/airflow/example_dags/example_subdag_operator.py for tasks to queue
[2024-01-23T22:25:43.160+0000] {logging_mixin.py:188} INFO - [2024-01-23T22:25:43.160+0000] {dagbag.py:538} INFO - Filling up the DagBag from /home/airflow/.local/lib/python3.8/site-packages/airflow/example_dags/example_subdag_operator.py
[2024-01-23T22:25:43.173+0000] {processor.py:840} INFO - DAG(s) 'example_subdag_operator.section-1', 'example_subdag_operator.section-2', 'example_subdag_operator' retrieved from /home/airflow/.local/lib/python3.8/site-packages/airflow/example_dags/example_subdag_operator.py
[2024-01-23T22:25:43.181+0000] {logging_mixin.py:188} INFO - [2024-01-23T22:25:43.181+0000] {dag.py:3036} INFO - Sync 3 DAGs
[2024-01-23T22:25:43.194+0000] {logging_mixin.py:188} INFO - [2024-01-23T22:25:43.193+0000] {dag.py:3823} INFO - Setting next_dagrun for example_subdag_operator to 2022-01-01 00:00:00+00:00, run_after=2022-01-01 00:00:00+00:00
[2024-01-23T22:25:43.196+0000] {logging_mixin.py:188} INFO - [2024-01-23T22:25:43.196+0000] {dag.py:3823} INFO - Setting next_dagrun for example_subdag_operator.section-1 to None, run_after=None
[2024-01-23T22:25:43.196+0000] {logging_mixin.py:188} INFO - [2024-01-23T22:25:43.196+0000] {dag.py:3823} INFO - Setting next_dagrun for example_subdag_operator.section-2 to None, run_after=None
[2024-01-23T22:25:43.201+0000] {logging_mixin.py:188} INFO - [2024-01-23T22:25:43.200+0000] {dag.py:3036} INFO - Sync 2 DAGs
[2024-01-23T22:25:43.204+0000] {logging_mixin.py:188} INFO - [2024-01-23T22:25:43.204+0000] {dag.py:3823} INFO - Setting next_dagrun for example_subdag_operator.section-1 to None, run_after=None
[2024-01-23T22:25:43.204+0000] {logging_mixin.py:188} INFO - [2024-01-23T22:25:43.204+0000] {dag.py:3823} INFO - Setting next_dagrun for example_subdag_operator.section-2 to None, run_after=None
[2024-01-23T22:25:43.213+0000] {processor.py:183} INFO - Processing /home/airflow/.local/lib/python3.8/site-packages/airflow/example_dags/example_subdag_operator.py took 0.057 seconds
[2024-01-23T22:26:13.314+0000] {processor.py:161} INFO - Started process (PID=726) to work on /home/airflow/.local/lib/python3.8/site-packages/airflow/example_dags/example_subdag_operator.py
[2024-01-23T22:26:13.315+0000] {processor.py:830} INFO - Processing file /home/airflow/.local/lib/python3.8/site-packages/airflow/example_dags/example_subdag_operator.py for tasks to queue
[2024-01-23T22:26:13.316+0000] {logging_mixin.py:188} INFO - [2024-01-23T22:26:13.316+0000] {dagbag.py:538} INFO - Filling up the DagBag from /home/airflow/.local/lib/python3.8/site-packages/airflow/example_dags/example_subdag_operator.py
[2024-01-23T22:26:13.331+0000] {processor.py:840} INFO - DAG(s) 'example_subdag_operator.section-1', 'example_subdag_operator.section-2', 'example_subdag_operator' retrieved from /home/airflow/.local/lib/python3.8/site-packages/airflow/example_dags/example_subdag_operator.py
[2024-01-23T22:26:13.341+0000] {logging_mixin.py:188} INFO - [2024-01-23T22:26:13.341+0000] {dag.py:3036} INFO - Sync 3 DAGs
[2024-01-23T22:26:13.356+0000] {logging_mixin.py:188} INFO - [2024-01-23T22:26:13.355+0000] {dag.py:3823} INFO - Setting next_dagrun for example_subdag_operator to 2022-01-01 00:00:00+00:00, run_after=2022-01-01 00:00:00+00:00
[2024-01-23T22:26:13.358+0000] {logging_mixin.py:188} INFO - [2024-01-23T22:26:13.358+0000] {dag.py:3823} INFO - Setting next_dagrun for example_subdag_operator.section-1 to None, run_after=None
[2024-01-23T22:26:13.359+0000] {logging_mixin.py:188} INFO - [2024-01-23T22:26:13.358+0000] {dag.py:3823} INFO - Setting next_dagrun for example_subdag_operator.section-2 to None, run_after=None
[2024-01-23T22:26:13.363+0000] {logging_mixin.py:188} INFO - [2024-01-23T22:26:13.363+0000] {dag.py:3036} INFO - Sync 2 DAGs
[2024-01-23T22:26:13.366+0000] {logging_mixin.py:188} INFO - [2024-01-23T22:26:13.366+0000] {dag.py:3823} INFO - Setting next_dagrun for example_subdag_operator.section-1 to None, run_after=None
[2024-01-23T22:26:13.367+0000] {logging_mixin.py:188} INFO - [2024-01-23T22:26:13.367+0000] {dag.py:3823} INFO - Setting next_dagrun for example_subdag_operator.section-2 to None, run_after=None
[2024-01-23T22:26:13.375+0000] {processor.py:183} INFO - Processing /home/airflow/.local/lib/python3.8/site-packages/airflow/example_dags/example_subdag_operator.py took 0.063 seconds
[2024-01-23T22:26:43.612+0000] {processor.py:161} INFO - Started process (PID=783) to work on /home/airflow/.local/lib/python3.8/site-packages/airflow/example_dags/example_subdag_operator.py
[2024-01-23T22:26:43.612+0000] {processor.py:830} INFO - Processing file /home/airflow/.local/lib/python3.8/site-packages/airflow/example_dags/example_subdag_operator.py for tasks to queue
[2024-01-23T22:26:43.613+0000] {logging_mixin.py:188} INFO - [2024-01-23T22:26:43.613+0000] {dagbag.py:538} INFO - Filling up the DagBag from /home/airflow/.local/lib/python3.8/site-packages/airflow/example_dags/example_subdag_operator.py
[2024-01-23T22:26:43.629+0000] {processor.py:840} INFO - DAG(s) 'example_subdag_operator.section-1', 'example_subdag_operator.section-2', 'example_subdag_operator' retrieved from /home/airflow/.local/lib/python3.8/site-packages/airflow/example_dags/example_subdag_operator.py
[2024-01-23T22:26:43.643+0000] {logging_mixin.py:188} INFO - [2024-01-23T22:26:43.643+0000] {dag.py:3036} INFO - Sync 3 DAGs
[2024-01-23T22:26:43.660+0000] {logging_mixin.py:188} INFO - [2024-01-23T22:26:43.660+0000] {dag.py:3823} INFO - Setting next_dagrun for example_subdag_operator to 2022-01-01 00:00:00+00:00, run_after=2022-01-01 00:00:00+00:00
[2024-01-23T22:26:43.663+0000] {logging_mixin.py:188} INFO - [2024-01-23T22:26:43.662+0000] {dag.py:3823} INFO - Setting next_dagrun for example_subdag_operator.section-1 to None, run_after=None
[2024-01-23T22:26:43.663+0000] {logging_mixin.py:188} INFO - [2024-01-23T22:26:43.663+0000] {dag.py:3823} INFO - Setting next_dagrun for example_subdag_operator.section-2 to None, run_after=None
[2024-01-23T22:26:43.669+0000] {logging_mixin.py:188} INFO - [2024-01-23T22:26:43.669+0000] {dag.py:3036} INFO - Sync 2 DAGs
[2024-01-23T22:26:43.674+0000] {logging_mixin.py:188} INFO - [2024-01-23T22:26:43.674+0000] {dag.py:3823} INFO - Setting next_dagrun for example_subdag_operator.section-1 to None, run_after=None
[2024-01-23T22:26:43.674+0000] {logging_mixin.py:188} INFO - [2024-01-23T22:26:43.674+0000] {dag.py:3823} INFO - Setting next_dagrun for example_subdag_operator.section-2 to None, run_after=None
[2024-01-23T22:26:43.684+0000] {processor.py:183} INFO - Processing /home/airflow/.local/lib/python3.8/site-packages/airflow/example_dags/example_subdag_operator.py took 0.074 seconds
[2024-01-23T22:27:14.517+0000] {processor.py:161} INFO - Started process (PID=840) to work on /home/airflow/.local/lib/python3.8/site-packages/airflow/example_dags/example_subdag_operator.py
[2024-01-23T22:27:14.518+0000] {processor.py:830} INFO - Processing file /home/airflow/.local/lib/python3.8/site-packages/airflow/example_dags/example_subdag_operator.py for tasks to queue
[2024-01-23T22:27:14.519+0000] {logging_mixin.py:188} INFO - [2024-01-23T22:27:14.519+0000] {dagbag.py:538} INFO - Filling up the DagBag from /home/airflow/.local/lib/python3.8/site-packages/airflow/example_dags/example_subdag_operator.py
[2024-01-23T22:27:14.535+0000] {processor.py:840} INFO - DAG(s) 'example_subdag_operator.section-1', 'example_subdag_operator.section-2', 'example_subdag_operator' retrieved from /home/airflow/.local/lib/python3.8/site-packages/airflow/example_dags/example_subdag_operator.py
[2024-01-23T22:27:14.546+0000] {logging_mixin.py:188} INFO - [2024-01-23T22:27:14.546+0000] {dag.py:3036} INFO - Sync 3 DAGs
[2024-01-23T22:27:14.562+0000] {logging_mixin.py:188} INFO - [2024-01-23T22:27:14.562+0000] {dag.py:3823} INFO - Setting next_dagrun for example_subdag_operator to 2022-01-01 00:00:00+00:00, run_after=2022-01-01 00:00:00+00:00
[2024-01-23T22:27:14.564+0000] {logging_mixin.py:188} INFO - [2024-01-23T22:27:14.564+0000] {dag.py:3823} INFO - Setting next_dagrun for example_subdag_operator.section-1 to None, run_after=None
[2024-01-23T22:27:14.565+0000] {logging_mixin.py:188} INFO - [2024-01-23T22:27:14.565+0000] {dag.py:3823} INFO - Setting next_dagrun for example_subdag_operator.section-2 to None, run_after=None
[2024-01-23T22:27:14.572+0000] {logging_mixin.py:188} INFO - [2024-01-23T22:27:14.572+0000] {dag.py:3036} INFO - Sync 2 DAGs
[2024-01-23T22:27:14.576+0000] {logging_mixin.py:188} INFO - [2024-01-23T22:27:14.576+0000] {dag.py:3823} INFO - Setting next_dagrun for example_subdag_operator.section-1 to None, run_after=None
[2024-01-23T22:27:14.577+0000] {logging_mixin.py:188} INFO - [2024-01-23T22:27:14.577+0000] {dag.py:3823} INFO - Setting next_dagrun for example_subdag_operator.section-2 to None, run_after=None
[2024-01-23T22:27:14.586+0000] {processor.py:183} INFO - Processing /home/airflow/.local/lib/python3.8/site-packages/airflow/example_dags/example_subdag_operator.py took 0.070 seconds
[2024-01-23T22:27:45.009+0000] {processor.py:161} INFO - Started process (PID=897) to work on /home/airflow/.local/lib/python3.8/site-packages/airflow/example_dags/example_subdag_operator.py
[2024-01-23T22:27:45.010+0000] {processor.py:830} INFO - Processing file /home/airflow/.local/lib/python3.8/site-packages/airflow/example_dags/example_subdag_operator.py for tasks to queue
[2024-01-23T22:27:45.011+0000] {logging_mixin.py:188} INFO - [2024-01-23T22:27:45.011+0000] {dagbag.py:538} INFO - Filling up the DagBag from /home/airflow/.local/lib/python3.8/site-packages/airflow/example_dags/example_subdag_operator.py
[2024-01-23T22:27:45.025+0000] {processor.py:840} INFO - DAG(s) 'example_subdag_operator.section-1', 'example_subdag_operator.section-2', 'example_subdag_operator' retrieved from /home/airflow/.local/lib/python3.8/site-packages/airflow/example_dags/example_subdag_operator.py
[2024-01-23T22:27:45.035+0000] {logging_mixin.py:188} INFO - [2024-01-23T22:27:45.035+0000] {dag.py:3036} INFO - Sync 3 DAGs
[2024-01-23T22:27:45.049+0000] {logging_mixin.py:188} INFO - [2024-01-23T22:27:45.049+0000] {dag.py:3823} INFO - Setting next_dagrun for example_subdag_operator to 2022-01-01 00:00:00+00:00, run_after=2022-01-01 00:00:00+00:00
[2024-01-23T22:27:45.051+0000] {logging_mixin.py:188} INFO - [2024-01-23T22:27:45.051+0000] {dag.py:3823} INFO - Setting next_dagrun for example_subdag_operator.section-1 to None, run_after=None
[2024-01-23T22:27:45.052+0000] {logging_mixin.py:188} INFO - [2024-01-23T22:27:45.052+0000] {dag.py:3823} INFO - Setting next_dagrun for example_subdag_operator.section-2 to None, run_after=None
[2024-01-23T22:27:45.057+0000] {logging_mixin.py:188} INFO - [2024-01-23T22:27:45.057+0000] {dag.py:3036} INFO - Sync 2 DAGs
[2024-01-23T22:27:45.060+0000] {logging_mixin.py:188} INFO - [2024-01-23T22:27:45.060+0000] {dag.py:3823} INFO - Setting next_dagrun for example_subdag_operator.section-1 to None, run_after=None
[2024-01-23T22:27:45.061+0000] {logging_mixin.py:188} INFO - [2024-01-23T22:27:45.061+0000] {dag.py:3823} INFO - Setting next_dagrun for example_subdag_operator.section-2 to None, run_after=None
[2024-01-23T22:27:45.068+0000] {processor.py:183} INFO - Processing /home/airflow/.local/lib/python3.8/site-packages/airflow/example_dags/example_subdag_operator.py took 0.061 seconds
[2024-01-23T22:28:15.172+0000] {processor.py:161} INFO - Started process (PID=954) to work on /home/airflow/.local/lib/python3.8/site-packages/airflow/example_dags/example_subdag_operator.py
[2024-01-23T22:28:15.173+0000] {processor.py:830} INFO - Processing file /home/airflow/.local/lib/python3.8/site-packages/airflow/example_dags/example_subdag_operator.py for tasks to queue
[2024-01-23T22:28:15.174+0000] {logging_mixin.py:188} INFO - [2024-01-23T22:28:15.174+0000] {dagbag.py:538} INFO - Filling up the DagBag from /home/airflow/.local/lib/python3.8/site-packages/airflow/example_dags/example_subdag_operator.py
[2024-01-23T22:28:15.190+0000] {processor.py:840} INFO - DAG(s) 'example_subdag_operator.section-1', 'example_subdag_operator.section-2', 'example_subdag_operator' retrieved from /home/airflow/.local/lib/python3.8/site-packages/airflow/example_dags/example_subdag_operator.py
[2024-01-23T22:28:15.199+0000] {logging_mixin.py:188} INFO - [2024-01-23T22:28:15.199+0000] {dag.py:3036} INFO - Sync 3 DAGs
[2024-01-23T22:28:15.215+0000] {logging_mixin.py:188} INFO - [2024-01-23T22:28:15.215+0000] {dag.py:3823} INFO - Setting next_dagrun for example_subdag_operator to 2022-01-01 00:00:00+00:00, run_after=2022-01-01 00:00:00+00:00
[2024-01-23T22:28:15.218+0000] {logging_mixin.py:188} INFO - [2024-01-23T22:28:15.217+0000] {dag.py:3823} INFO - Setting next_dagrun for example_subdag_operator.section-1 to None, run_after=None
[2024-01-23T22:28:15.218+0000] {logging_mixin.py:188} INFO - [2024-01-23T22:28:15.218+0000] {dag.py:3823} INFO - Setting next_dagrun for example_subdag_operator.section-2 to None, run_after=None
[2024-01-23T22:28:15.224+0000] {logging_mixin.py:188} INFO - [2024-01-23T22:28:15.223+0000] {dag.py:3036} INFO - Sync 2 DAGs
[2024-01-23T22:28:15.228+0000] {logging_mixin.py:188} INFO - [2024-01-23T22:28:15.227+0000] {dag.py:3823} INFO - Setting next_dagrun for example_subdag_operator.section-1 to None, run_after=None
[2024-01-23T22:28:15.228+0000] {logging_mixin.py:188} INFO - [2024-01-23T22:28:15.228+0000] {dag.py:3823} INFO - Setting next_dagrun for example_subdag_operator.section-2 to None, run_after=None
[2024-01-23T22:28:15.235+0000] {processor.py:183} INFO - Processing /home/airflow/.local/lib/python3.8/site-packages/airflow/example_dags/example_subdag_operator.py took 0.065 seconds
[2024-01-23T22:28:45.430+0000] {processor.py:161} INFO - Started process (PID=1011) to work on /home/airflow/.local/lib/python3.8/site-packages/airflow/example_dags/example_subdag_operator.py
[2024-01-23T22:28:45.431+0000] {processor.py:830} INFO - Processing file /home/airflow/.local/lib/python3.8/site-packages/airflow/example_dags/example_subdag_operator.py for tasks to queue
[2024-01-23T22:28:45.432+0000] {logging_mixin.py:188} INFO - [2024-01-23T22:28:45.432+0000] {dagbag.py:538} INFO - Filling up the DagBag from /home/airflow/.local/lib/python3.8/site-packages/airflow/example_dags/example_subdag_operator.py
[2024-01-23T22:28:45.446+0000] {processor.py:840} INFO - DAG(s) 'example_subdag_operator.section-1', 'example_subdag_operator.section-2', 'example_subdag_operator' retrieved from /home/airflow/.local/lib/python3.8/site-packages/airflow/example_dags/example_subdag_operator.py
[2024-01-23T22:28:45.455+0000] {logging_mixin.py:188} INFO - [2024-01-23T22:28:45.455+0000] {dag.py:3036} INFO - Sync 3 DAGs
[2024-01-23T22:28:45.467+0000] {logging_mixin.py:188} INFO - [2024-01-23T22:28:45.467+0000] {dag.py:3823} INFO - Setting next_dagrun for example_subdag_operator to 2022-01-01 00:00:00+00:00, run_after=2022-01-01 00:00:00+00:00
[2024-01-23T22:28:45.469+0000] {logging_mixin.py:188} INFO - [2024-01-23T22:28:45.469+0000] {dag.py:3823} INFO - Setting next_dagrun for example_subdag_operator.section-1 to None, run_after=None
[2024-01-23T22:28:45.470+0000] {logging_mixin.py:188} INFO - [2024-01-23T22:28:45.470+0000] {dag.py:3823} INFO - Setting next_dagrun for example_subdag_operator.section-2 to None, run_after=None
[2024-01-23T22:28:45.474+0000] {logging_mixin.py:188} INFO - [2024-01-23T22:28:45.474+0000] {dag.py:3036} INFO - Sync 2 DAGs
[2024-01-23T22:28:45.477+0000] {logging_mixin.py:188} INFO - [2024-01-23T22:28:45.477+0000] {dag.py:3823} INFO - Setting next_dagrun for example_subdag_operator.section-1 to None, run_after=None
[2024-01-23T22:28:45.478+0000] {logging_mixin.py:188} INFO - [2024-01-23T22:28:45.478+0000] {dag.py:3823} INFO - Setting next_dagrun for example_subdag_operator.section-2 to None, run_after=None
[2024-01-23T22:28:45.484+0000] {processor.py:183} INFO - Processing /home/airflow/.local/lib/python3.8/site-packages/airflow/example_dags/example_subdag_operator.py took 0.056 seconds
[2024-01-23T22:29:15.620+0000] {processor.py:161} INFO - Started process (PID=1068) to work on /home/airflow/.local/lib/python3.8/site-packages/airflow/example_dags/example_subdag_operator.py
[2024-01-23T22:29:15.621+0000] {processor.py:830} INFO - Processing file /home/airflow/.local/lib/python3.8/site-packages/airflow/example_dags/example_subdag_operator.py for tasks to queue
[2024-01-23T22:29:15.622+0000] {logging_mixin.py:188} INFO - [2024-01-23T22:29:15.622+0000] {dagbag.py:538} INFO - Filling up the DagBag from /home/airflow/.local/lib/python3.8/site-packages/airflow/example_dags/example_subdag_operator.py
[2024-01-23T22:29:15.637+0000] {processor.py:840} INFO - DAG(s) 'example_subdag_operator.section-1', 'example_subdag_operator.section-2', 'example_subdag_operator' retrieved from /home/airflow/.local/lib/python3.8/site-packages/airflow/example_dags/example_subdag_operator.py
[2024-01-23T22:29:15.648+0000] {logging_mixin.py:188} INFO - [2024-01-23T22:29:15.648+0000] {dag.py:3036} INFO - Sync 3 DAGs
[2024-01-23T22:29:15.662+0000] {logging_mixin.py:188} INFO - [2024-01-23T22:29:15.662+0000] {dag.py:3823} INFO - Setting next_dagrun for example_subdag_operator to 2022-01-01 00:00:00+00:00, run_after=2022-01-01 00:00:00+00:00
[2024-01-23T22:29:15.665+0000] {logging_mixin.py:188} INFO - [2024-01-23T22:29:15.664+0000] {dag.py:3823} INFO - Setting next_dagrun for example_subdag_operator.section-1 to None, run_after=None
[2024-01-23T22:29:15.665+0000] {logging_mixin.py:188} INFO - [2024-01-23T22:29:15.665+0000] {dag.py:3823} INFO - Setting next_dagrun for example_subdag_operator.section-2 to None, run_after=None
[2024-01-23T22:29:15.669+0000] {logging_mixin.py:188} INFO - [2024-01-23T22:29:15.669+0000] {dag.py:3036} INFO - Sync 2 DAGs
[2024-01-23T22:29:15.673+0000] {logging_mixin.py:188} INFO - [2024-01-23T22:29:15.673+0000] {dag.py:3823} INFO - Setting next_dagrun for example_subdag_operator.section-1 to None, run_after=None
[2024-01-23T22:29:15.674+0000] {logging_mixin.py:188} INFO - [2024-01-23T22:29:15.674+0000] {dag.py:3823} INFO - Setting next_dagrun for example_subdag_operator.section-2 to None, run_after=None
[2024-01-23T22:29:15.681+0000] {processor.py:183} INFO - Processing /home/airflow/.local/lib/python3.8/site-packages/airflow/example_dags/example_subdag_operator.py took 0.063 seconds
[2024-01-23T22:29:45.910+0000] {processor.py:161} INFO - Started process (PID=1125) to work on /home/airflow/.local/lib/python3.8/site-packages/airflow/example_dags/example_subdag_operator.py
[2024-01-23T22:29:45.911+0000] {processor.py:830} INFO - Processing file /home/airflow/.local/lib/python3.8/site-packages/airflow/example_dags/example_subdag_operator.py for tasks to queue
[2024-01-23T22:29:45.912+0000] {logging_mixin.py:188} INFO - [2024-01-23T22:29:45.911+0000] {dagbag.py:538} INFO - Filling up the DagBag from /home/airflow/.local/lib/python3.8/site-packages/airflow/example_dags/example_subdag_operator.py
[2024-01-23T22:29:45.925+0000] {processor.py:840} INFO - DAG(s) 'example_subdag_operator.section-1', 'example_subdag_operator.section-2', 'example_subdag_operator' retrieved from /home/airflow/.local/lib/python3.8/site-packages/airflow/example_dags/example_subdag_operator.py
[2024-01-23T22:29:45.934+0000] {logging_mixin.py:188} INFO - [2024-01-23T22:29:45.934+0000] {dag.py:3036} INFO - Sync 3 DAGs
[2024-01-23T22:29:45.946+0000] {logging_mixin.py:188} INFO - [2024-01-23T22:29:45.946+0000] {dag.py:3823} INFO - Setting next_dagrun for example_subdag_operator to 2022-01-01 00:00:00+00:00, run_after=2022-01-01 00:00:00+00:00
[2024-01-23T22:29:45.948+0000] {logging_mixin.py:188} INFO - [2024-01-23T22:29:45.948+0000] {dag.py:3823} INFO - Setting next_dagrun for example_subdag_operator.section-1 to None, run_after=None
[2024-01-23T22:29:45.949+0000] {logging_mixin.py:188} INFO - [2024-01-23T22:29:45.949+0000] {dag.py:3823} INFO - Setting next_dagrun for example_subdag_operator.section-2 to None, run_after=None
[2024-01-23T22:29:45.955+0000] {logging_mixin.py:188} INFO - [2024-01-23T22:29:45.955+0000] {dag.py:3036} INFO - Sync 2 DAGs
[2024-01-23T22:29:45.959+0000] {logging_mixin.py:188} INFO - [2024-01-23T22:29:45.959+0000] {dag.py:3823} INFO - Setting next_dagrun for example_subdag_operator.section-1 to None, run_after=None
[2024-01-23T22:29:45.959+0000] {logging_mixin.py:188} INFO - [2024-01-23T22:29:45.959+0000] {dag.py:3823} INFO - Setting next_dagrun for example_subdag_operator.section-2 to None, run_after=None
[2024-01-23T22:29:45.966+0000] {processor.py:183} INFO - Processing /home/airflow/.local/lib/python3.8/site-packages/airflow/example_dags/example_subdag_operator.py took 0.058 seconds
