[2024-01-23T22:20:05.401+0000] {processor.py:161} INFO - Started process (PID=39) to work on /home/airflow/.local/lib/python3.8/site-packages/airflow/example_dags/example_python_decorator.py
[2024-01-23T22:20:05.402+0000] {processor.py:830} INFO - Processing file /home/airflow/.local/lib/python3.8/site-packages/airflow/example_dags/example_python_decorator.py for tasks to queue
[2024-01-23T22:20:05.403+0000] {logging_mixin.py:188} INFO - [2024-01-23T22:20:05.403+0000] {dagbag.py:538} INFO - Filling up the DagBag from /home/airflow/.local/lib/python3.8/site-packages/airflow/example_dags/example_python_decorator.py
[2024-01-23T22:20:05.421+0000] {processor.py:840} INFO - DAG(s) 'example_python_decorator' retrieved from /home/airflow/.local/lib/python3.8/site-packages/airflow/example_dags/example_python_decorator.py
[2024-01-23T22:20:05.533+0000] {logging_mixin.py:188} INFO - [2024-01-23T22:20:05.532+0000] {override.py:1769} INFO - Created Permission View: can delete on DAG:example_python_decorator
[2024-01-23T22:20:05.544+0000] {logging_mixin.py:188} INFO - [2024-01-23T22:20:05.544+0000] {override.py:1769} INFO - Created Permission View: can edit on DAG:example_python_decorator
[2024-01-23T22:20:05.552+0000] {logging_mixin.py:188} INFO - [2024-01-23T22:20:05.551+0000] {override.py:1769} INFO - Created Permission View: can read on DAG:example_python_decorator
[2024-01-23T22:20:05.552+0000] {logging_mixin.py:188} INFO - [2024-01-23T22:20:05.552+0000] {dag.py:3036} INFO - Sync 1 DAGs
[2024-01-23T22:20:05.566+0000] {logging_mixin.py:188} INFO - [2024-01-23T22:20:05.565+0000] {dag.py:3058} INFO - Creating ORM DAG for example_python_decorator
[2024-01-23T22:20:05.566+0000] {logging_mixin.py:188} INFO - [2024-01-23T22:20:05.566+0000] {dag.py:3823} INFO - Setting next_dagrun for example_python_decorator to None, run_after=None
[2024-01-23T22:20:05.583+0000] {processor.py:183} INFO - Processing /home/airflow/.local/lib/python3.8/site-packages/airflow/example_dags/example_python_decorator.py took 0.184 seconds
[2024-01-23T22:20:35.750+0000] {processor.py:161} INFO - Started process (PID=94) to work on /home/airflow/.local/lib/python3.8/site-packages/airflow/example_dags/example_python_decorator.py
[2024-01-23T22:20:35.750+0000] {processor.py:830} INFO - Processing file /home/airflow/.local/lib/python3.8/site-packages/airflow/example_dags/example_python_decorator.py for tasks to queue
[2024-01-23T22:20:35.751+0000] {logging_mixin.py:188} INFO - [2024-01-23T22:20:35.751+0000] {dagbag.py:538} INFO - Filling up the DagBag from /home/airflow/.local/lib/python3.8/site-packages/airflow/example_dags/example_python_decorator.py
[2024-01-23T22:20:35.758+0000] {processor.py:840} INFO - DAG(s) 'example_python_decorator' retrieved from /home/airflow/.local/lib/python3.8/site-packages/airflow/example_dags/example_python_decorator.py
[2024-01-23T22:20:35.771+0000] {logging_mixin.py:188} INFO - [2024-01-23T22:20:35.771+0000] {dag.py:3036} INFO - Sync 1 DAGs
[2024-01-23T22:20:35.778+0000] {logging_mixin.py:188} INFO - [2024-01-23T22:20:35.778+0000] {dag.py:3823} INFO - Setting next_dagrun for example_python_decorator to None, run_after=None
[2024-01-23T22:20:35.788+0000] {processor.py:183} INFO - Processing /home/airflow/.local/lib/python3.8/site-packages/airflow/example_dags/example_python_decorator.py took 0.040 seconds
[2024-01-23T22:21:06.503+0000] {processor.py:161} INFO - Started process (PID=149) to work on /home/airflow/.local/lib/python3.8/site-packages/airflow/example_dags/example_python_decorator.py
[2024-01-23T22:21:06.504+0000] {processor.py:830} INFO - Processing file /home/airflow/.local/lib/python3.8/site-packages/airflow/example_dags/example_python_decorator.py for tasks to queue
[2024-01-23T22:21:06.505+0000] {logging_mixin.py:188} INFO - [2024-01-23T22:21:06.504+0000] {dagbag.py:538} INFO - Filling up the DagBag from /home/airflow/.local/lib/python3.8/site-packages/airflow/example_dags/example_python_decorator.py
[2024-01-23T22:21:06.512+0000] {processor.py:840} INFO - DAG(s) 'example_python_decorator' retrieved from /home/airflow/.local/lib/python3.8/site-packages/airflow/example_dags/example_python_decorator.py
[2024-01-23T22:21:06.525+0000] {logging_mixin.py:188} INFO - [2024-01-23T22:21:06.525+0000] {dag.py:3036} INFO - Sync 1 DAGs
[2024-01-23T22:21:06.532+0000] {logging_mixin.py:188} INFO - [2024-01-23T22:21:06.532+0000] {dag.py:3823} INFO - Setting next_dagrun for example_python_decorator to None, run_after=None
[2024-01-23T22:21:06.545+0000] {processor.py:183} INFO - Processing /home/airflow/.local/lib/python3.8/site-packages/airflow/example_dags/example_python_decorator.py took 0.044 seconds
[2024-01-23T22:21:37.174+0000] {processor.py:161} INFO - Started process (PID=204) to work on /home/airflow/.local/lib/python3.8/site-packages/airflow/example_dags/example_python_decorator.py
[2024-01-23T22:21:37.175+0000] {processor.py:830} INFO - Processing file /home/airflow/.local/lib/python3.8/site-packages/airflow/example_dags/example_python_decorator.py for tasks to queue
[2024-01-23T22:21:37.176+0000] {logging_mixin.py:188} INFO - [2024-01-23T22:21:37.175+0000] {dagbag.py:538} INFO - Filling up the DagBag from /home/airflow/.local/lib/python3.8/site-packages/airflow/example_dags/example_python_decorator.py
[2024-01-23T22:21:37.183+0000] {processor.py:840} INFO - DAG(s) 'example_python_decorator' retrieved from /home/airflow/.local/lib/python3.8/site-packages/airflow/example_dags/example_python_decorator.py
[2024-01-23T22:21:37.196+0000] {logging_mixin.py:188} INFO - [2024-01-23T22:21:37.196+0000] {dag.py:3036} INFO - Sync 1 DAGs
[2024-01-23T22:21:37.204+0000] {logging_mixin.py:188} INFO - [2024-01-23T22:21:37.204+0000] {dag.py:3823} INFO - Setting next_dagrun for example_python_decorator to None, run_after=None
[2024-01-23T22:21:37.214+0000] {processor.py:183} INFO - Processing /home/airflow/.local/lib/python3.8/site-packages/airflow/example_dags/example_python_decorator.py took 0.042 seconds
[2024-01-23T22:22:07.945+0000] {processor.py:161} INFO - Started process (PID=259) to work on /home/airflow/.local/lib/python3.8/site-packages/airflow/example_dags/example_python_decorator.py
[2024-01-23T22:22:07.947+0000] {processor.py:830} INFO - Processing file /home/airflow/.local/lib/python3.8/site-packages/airflow/example_dags/example_python_decorator.py for tasks to queue
[2024-01-23T22:22:07.950+0000] {logging_mixin.py:188} INFO - [2024-01-23T22:22:07.949+0000] {dagbag.py:538} INFO - Filling up the DagBag from /home/airflow/.local/lib/python3.8/site-packages/airflow/example_dags/example_python_decorator.py
[2024-01-23T22:22:07.961+0000] {processor.py:840} INFO - DAG(s) 'example_python_decorator' retrieved from /home/airflow/.local/lib/python3.8/site-packages/airflow/example_dags/example_python_decorator.py
[2024-01-23T22:22:07.981+0000] {logging_mixin.py:188} INFO - [2024-01-23T22:22:07.980+0000] {dag.py:3036} INFO - Sync 1 DAGs
[2024-01-23T22:22:07.991+0000] {logging_mixin.py:188} INFO - [2024-01-23T22:22:07.991+0000] {dag.py:3823} INFO - Setting next_dagrun for example_python_decorator to None, run_after=None
[2024-01-23T22:22:08.006+0000] {processor.py:183} INFO - Processing /home/airflow/.local/lib/python3.8/site-packages/airflow/example_dags/example_python_decorator.py took 0.065 seconds
[2024-01-23T22:22:38.259+0000] {processor.py:161} INFO - Started process (PID=314) to work on /home/airflow/.local/lib/python3.8/site-packages/airflow/example_dags/example_python_decorator.py
[2024-01-23T22:22:38.260+0000] {processor.py:830} INFO - Processing file /home/airflow/.local/lib/python3.8/site-packages/airflow/example_dags/example_python_decorator.py for tasks to queue
[2024-01-23T22:22:38.261+0000] {logging_mixin.py:188} INFO - [2024-01-23T22:22:38.261+0000] {dagbag.py:538} INFO - Filling up the DagBag from /home/airflow/.local/lib/python3.8/site-packages/airflow/example_dags/example_python_decorator.py
[2024-01-23T22:22:38.268+0000] {processor.py:840} INFO - DAG(s) 'example_python_decorator' retrieved from /home/airflow/.local/lib/python3.8/site-packages/airflow/example_dags/example_python_decorator.py
[2024-01-23T22:22:38.283+0000] {logging_mixin.py:188} INFO - [2024-01-23T22:22:38.282+0000] {dag.py:3036} INFO - Sync 1 DAGs
[2024-01-23T22:22:38.290+0000] {logging_mixin.py:188} INFO - [2024-01-23T22:22:38.290+0000] {dag.py:3823} INFO - Setting next_dagrun for example_python_decorator to None, run_after=None
[2024-01-23T22:22:38.303+0000] {processor.py:183} INFO - Processing /home/airflow/.local/lib/python3.8/site-packages/airflow/example_dags/example_python_decorator.py took 0.046 seconds
[2024-01-23T22:23:09.003+0000] {processor.py:161} INFO - Started process (PID=369) to work on /home/airflow/.local/lib/python3.8/site-packages/airflow/example_dags/example_python_decorator.py
[2024-01-23T22:23:09.004+0000] {processor.py:830} INFO - Processing file /home/airflow/.local/lib/python3.8/site-packages/airflow/example_dags/example_python_decorator.py for tasks to queue
[2024-01-23T22:23:09.005+0000] {logging_mixin.py:188} INFO - [2024-01-23T22:23:09.005+0000] {dagbag.py:538} INFO - Filling up the DagBag from /home/airflow/.local/lib/python3.8/site-packages/airflow/example_dags/example_python_decorator.py
[2024-01-23T22:23:09.013+0000] {processor.py:840} INFO - DAG(s) 'example_python_decorator' retrieved from /home/airflow/.local/lib/python3.8/site-packages/airflow/example_dags/example_python_decorator.py
[2024-01-23T22:23:09.025+0000] {logging_mixin.py:188} INFO - [2024-01-23T22:23:09.025+0000] {dag.py:3036} INFO - Sync 1 DAGs
[2024-01-23T22:23:09.032+0000] {logging_mixin.py:188} INFO - [2024-01-23T22:23:09.032+0000] {dag.py:3823} INFO - Setting next_dagrun for example_python_decorator to None, run_after=None
[2024-01-23T22:23:09.045+0000] {processor.py:183} INFO - Processing /home/airflow/.local/lib/python3.8/site-packages/airflow/example_dags/example_python_decorator.py took 0.045 seconds
[2024-01-23T22:23:39.156+0000] {processor.py:161} INFO - Started process (PID=424) to work on /home/airflow/.local/lib/python3.8/site-packages/airflow/example_dags/example_python_decorator.py
[2024-01-23T22:23:39.156+0000] {processor.py:830} INFO - Processing file /home/airflow/.local/lib/python3.8/site-packages/airflow/example_dags/example_python_decorator.py for tasks to queue
[2024-01-23T22:23:39.157+0000] {logging_mixin.py:188} INFO - [2024-01-23T22:23:39.157+0000] {dagbag.py:538} INFO - Filling up the DagBag from /home/airflow/.local/lib/python3.8/site-packages/airflow/example_dags/example_python_decorator.py
[2024-01-23T22:23:39.164+0000] {processor.py:840} INFO - DAG(s) 'example_python_decorator' retrieved from /home/airflow/.local/lib/python3.8/site-packages/airflow/example_dags/example_python_decorator.py
[2024-01-23T22:23:39.177+0000] {logging_mixin.py:188} INFO - [2024-01-23T22:23:39.177+0000] {dag.py:3036} INFO - Sync 1 DAGs
[2024-01-23T22:23:39.184+0000] {logging_mixin.py:188} INFO - [2024-01-23T22:23:39.184+0000] {dag.py:3823} INFO - Setting next_dagrun for example_python_decorator to None, run_after=None
[2024-01-23T22:23:39.194+0000] {processor.py:183} INFO - Processing /home/airflow/.local/lib/python3.8/site-packages/airflow/example_dags/example_python_decorator.py took 0.040 seconds
[2024-01-23T22:24:09.365+0000] {processor.py:161} INFO - Started process (PID=479) to work on /home/airflow/.local/lib/python3.8/site-packages/airflow/example_dags/example_python_decorator.py
[2024-01-23T22:24:09.366+0000] {processor.py:830} INFO - Processing file /home/airflow/.local/lib/python3.8/site-packages/airflow/example_dags/example_python_decorator.py for tasks to queue
[2024-01-23T22:24:09.367+0000] {logging_mixin.py:188} INFO - [2024-01-23T22:24:09.367+0000] {dagbag.py:538} INFO - Filling up the DagBag from /home/airflow/.local/lib/python3.8/site-packages/airflow/example_dags/example_python_decorator.py
[2024-01-23T22:24:09.375+0000] {processor.py:840} INFO - DAG(s) 'example_python_decorator' retrieved from /home/airflow/.local/lib/python3.8/site-packages/airflow/example_dags/example_python_decorator.py
[2024-01-23T22:24:09.392+0000] {logging_mixin.py:188} INFO - [2024-01-23T22:24:09.391+0000] {dag.py:3036} INFO - Sync 1 DAGs
[2024-01-23T22:24:09.401+0000] {logging_mixin.py:188} INFO - [2024-01-23T22:24:09.401+0000] {dag.py:3823} INFO - Setting next_dagrun for example_python_decorator to None, run_after=None
[2024-01-23T22:24:09.416+0000] {processor.py:183} INFO - Processing /home/airflow/.local/lib/python3.8/site-packages/airflow/example_dags/example_python_decorator.py took 0.053 seconds
[2024-01-23T22:24:39.763+0000] {processor.py:161} INFO - Started process (PID=534) to work on /home/airflow/.local/lib/python3.8/site-packages/airflow/example_dags/example_python_decorator.py
[2024-01-23T22:24:39.763+0000] {processor.py:830} INFO - Processing file /home/airflow/.local/lib/python3.8/site-packages/airflow/example_dags/example_python_decorator.py for tasks to queue
[2024-01-23T22:24:39.765+0000] {logging_mixin.py:188} INFO - [2024-01-23T22:24:39.765+0000] {dagbag.py:538} INFO - Filling up the DagBag from /home/airflow/.local/lib/python3.8/site-packages/airflow/example_dags/example_python_decorator.py
[2024-01-23T22:24:39.779+0000] {processor.py:840} INFO - DAG(s) 'example_python_decorator' retrieved from /home/airflow/.local/lib/python3.8/site-packages/airflow/example_dags/example_python_decorator.py
[2024-01-23T22:24:39.796+0000] {logging_mixin.py:188} INFO - [2024-01-23T22:24:39.796+0000] {dag.py:3036} INFO - Sync 1 DAGs
[2024-01-23T22:24:39.807+0000] {logging_mixin.py:188} INFO - [2024-01-23T22:24:39.807+0000] {dag.py:3823} INFO - Setting next_dagrun for example_python_decorator to None, run_after=None
[2024-01-23T22:24:39.824+0000] {processor.py:183} INFO - Processing /home/airflow/.local/lib/python3.8/site-packages/airflow/example_dags/example_python_decorator.py took 0.063 seconds
[2024-01-23T22:25:10.233+0000] {processor.py:161} INFO - Started process (PID=591) to work on /home/airflow/.local/lib/python3.8/site-packages/airflow/example_dags/example_python_decorator.py
[2024-01-23T22:25:10.234+0000] {processor.py:830} INFO - Processing file /home/airflow/.local/lib/python3.8/site-packages/airflow/example_dags/example_python_decorator.py for tasks to queue
[2024-01-23T22:25:10.235+0000] {logging_mixin.py:188} INFO - [2024-01-23T22:25:10.234+0000] {dagbag.py:538} INFO - Filling up the DagBag from /home/airflow/.local/lib/python3.8/site-packages/airflow/example_dags/example_python_decorator.py
[2024-01-23T22:25:10.242+0000] {processor.py:840} INFO - DAG(s) 'example_python_decorator' retrieved from /home/airflow/.local/lib/python3.8/site-packages/airflow/example_dags/example_python_decorator.py
[2024-01-23T22:25:10.255+0000] {logging_mixin.py:188} INFO - [2024-01-23T22:25:10.255+0000] {dag.py:3036} INFO - Sync 1 DAGs
[2024-01-23T22:25:10.263+0000] {logging_mixin.py:188} INFO - [2024-01-23T22:25:10.263+0000] {dag.py:3823} INFO - Setting next_dagrun for example_python_decorator to None, run_after=None
[2024-01-23T22:25:10.274+0000] {processor.py:183} INFO - Processing /home/airflow/.local/lib/python3.8/site-packages/airflow/example_dags/example_python_decorator.py took 0.043 seconds
[2024-01-23T22:25:41.286+0000] {processor.py:161} INFO - Started process (PID=648) to work on /home/airflow/.local/lib/python3.8/site-packages/airflow/example_dags/example_python_decorator.py
[2024-01-23T22:25:41.287+0000] {processor.py:830} INFO - Processing file /home/airflow/.local/lib/python3.8/site-packages/airflow/example_dags/example_python_decorator.py for tasks to queue
[2024-01-23T22:25:41.288+0000] {logging_mixin.py:188} INFO - [2024-01-23T22:25:41.288+0000] {dagbag.py:538} INFO - Filling up the DagBag from /home/airflow/.local/lib/python3.8/site-packages/airflow/example_dags/example_python_decorator.py
[2024-01-23T22:25:41.296+0000] {processor.py:840} INFO - DAG(s) 'example_python_decorator' retrieved from /home/airflow/.local/lib/python3.8/site-packages/airflow/example_dags/example_python_decorator.py
[2024-01-23T22:25:41.310+0000] {logging_mixin.py:188} INFO - [2024-01-23T22:25:41.310+0000] {dag.py:3036} INFO - Sync 1 DAGs
[2024-01-23T22:25:41.318+0000] {logging_mixin.py:188} INFO - [2024-01-23T22:25:41.318+0000] {dag.py:3823} INFO - Setting next_dagrun for example_python_decorator to None, run_after=None
[2024-01-23T22:25:41.332+0000] {processor.py:183} INFO - Processing /home/airflow/.local/lib/python3.8/site-packages/airflow/example_dags/example_python_decorator.py took 0.048 seconds
[2024-01-23T22:26:11.504+0000] {processor.py:161} INFO - Started process (PID=705) to work on /home/airflow/.local/lib/python3.8/site-packages/airflow/example_dags/example_python_decorator.py
[2024-01-23T22:26:11.505+0000] {processor.py:830} INFO - Processing file /home/airflow/.local/lib/python3.8/site-packages/airflow/example_dags/example_python_decorator.py for tasks to queue
[2024-01-23T22:26:11.506+0000] {logging_mixin.py:188} INFO - [2024-01-23T22:26:11.505+0000] {dagbag.py:538} INFO - Filling up the DagBag from /home/airflow/.local/lib/python3.8/site-packages/airflow/example_dags/example_python_decorator.py
[2024-01-23T22:26:11.513+0000] {processor.py:840} INFO - DAG(s) 'example_python_decorator' retrieved from /home/airflow/.local/lib/python3.8/site-packages/airflow/example_dags/example_python_decorator.py
[2024-01-23T22:26:11.527+0000] {logging_mixin.py:188} INFO - [2024-01-23T22:26:11.527+0000] {dag.py:3036} INFO - Sync 1 DAGs
[2024-01-23T22:26:11.535+0000] {logging_mixin.py:188} INFO - [2024-01-23T22:26:11.534+0000] {dag.py:3823} INFO - Setting next_dagrun for example_python_decorator to None, run_after=None
[2024-01-23T22:26:11.547+0000] {processor.py:183} INFO - Processing /home/airflow/.local/lib/python3.8/site-packages/airflow/example_dags/example_python_decorator.py took 0.044 seconds
[2024-01-23T22:26:41.633+0000] {processor.py:161} INFO - Started process (PID=762) to work on /home/airflow/.local/lib/python3.8/site-packages/airflow/example_dags/example_python_decorator.py
[2024-01-23T22:26:41.634+0000] {processor.py:830} INFO - Processing file /home/airflow/.local/lib/python3.8/site-packages/airflow/example_dags/example_python_decorator.py for tasks to queue
[2024-01-23T22:26:41.635+0000] {logging_mixin.py:188} INFO - [2024-01-23T22:26:41.635+0000] {dagbag.py:538} INFO - Filling up the DagBag from /home/airflow/.local/lib/python3.8/site-packages/airflow/example_dags/example_python_decorator.py
[2024-01-23T22:26:41.646+0000] {processor.py:840} INFO - DAG(s) 'example_python_decorator' retrieved from /home/airflow/.local/lib/python3.8/site-packages/airflow/example_dags/example_python_decorator.py
[2024-01-23T22:26:41.668+0000] {logging_mixin.py:188} INFO - [2024-01-23T22:26:41.667+0000] {dag.py:3036} INFO - Sync 1 DAGs
[2024-01-23T22:26:41.678+0000] {logging_mixin.py:188} INFO - [2024-01-23T22:26:41.678+0000] {dag.py:3823} INFO - Setting next_dagrun for example_python_decorator to None, run_after=None
[2024-01-23T22:26:41.694+0000] {processor.py:183} INFO - Processing /home/airflow/.local/lib/python3.8/site-packages/airflow/example_dags/example_python_decorator.py took 0.063 seconds
[2024-01-23T22:27:12.283+0000] {processor.py:161} INFO - Started process (PID=819) to work on /home/airflow/.local/lib/python3.8/site-packages/airflow/example_dags/example_python_decorator.py
[2024-01-23T22:27:12.284+0000] {processor.py:830} INFO - Processing file /home/airflow/.local/lib/python3.8/site-packages/airflow/example_dags/example_python_decorator.py for tasks to queue
[2024-01-23T22:27:12.286+0000] {logging_mixin.py:188} INFO - [2024-01-23T22:27:12.285+0000] {dagbag.py:538} INFO - Filling up the DagBag from /home/airflow/.local/lib/python3.8/site-packages/airflow/example_dags/example_python_decorator.py
[2024-01-23T22:27:12.298+0000] {processor.py:840} INFO - DAG(s) 'example_python_decorator' retrieved from /home/airflow/.local/lib/python3.8/site-packages/airflow/example_dags/example_python_decorator.py
[2024-01-23T22:27:12.318+0000] {logging_mixin.py:188} INFO - [2024-01-23T22:27:12.318+0000] {dag.py:3036} INFO - Sync 1 DAGs
[2024-01-23T22:27:12.327+0000] {logging_mixin.py:188} INFO - [2024-01-23T22:27:12.327+0000] {dag.py:3823} INFO - Setting next_dagrun for example_python_decorator to None, run_after=None
[2024-01-23T22:27:12.342+0000] {processor.py:183} INFO - Processing /home/airflow/.local/lib/python3.8/site-packages/airflow/example_dags/example_python_decorator.py took 0.061 seconds
[2024-01-23T22:27:43.210+0000] {processor.py:161} INFO - Started process (PID=876) to work on /home/airflow/.local/lib/python3.8/site-packages/airflow/example_dags/example_python_decorator.py
[2024-01-23T22:27:43.210+0000] {processor.py:830} INFO - Processing file /home/airflow/.local/lib/python3.8/site-packages/airflow/example_dags/example_python_decorator.py for tasks to queue
[2024-01-23T22:27:43.211+0000] {logging_mixin.py:188} INFO - [2024-01-23T22:27:43.211+0000] {dagbag.py:538} INFO - Filling up the DagBag from /home/airflow/.local/lib/python3.8/site-packages/airflow/example_dags/example_python_decorator.py
[2024-01-23T22:27:43.219+0000] {processor.py:840} INFO - DAG(s) 'example_python_decorator' retrieved from /home/airflow/.local/lib/python3.8/site-packages/airflow/example_dags/example_python_decorator.py
[2024-01-23T22:27:43.232+0000] {logging_mixin.py:188} INFO - [2024-01-23T22:27:43.232+0000] {dag.py:3036} INFO - Sync 1 DAGs
[2024-01-23T22:27:43.240+0000] {logging_mixin.py:188} INFO - [2024-01-23T22:27:43.240+0000] {dag.py:3823} INFO - Setting next_dagrun for example_python_decorator to None, run_after=None
[2024-01-23T22:27:43.253+0000] {processor.py:183} INFO - Processing /home/airflow/.local/lib/python3.8/site-packages/airflow/example_dags/example_python_decorator.py took 0.045 seconds
[2024-01-23T22:28:13.513+0000] {processor.py:161} INFO - Started process (PID=933) to work on /home/airflow/.local/lib/python3.8/site-packages/airflow/example_dags/example_python_decorator.py
[2024-01-23T22:28:13.514+0000] {processor.py:830} INFO - Processing file /home/airflow/.local/lib/python3.8/site-packages/airflow/example_dags/example_python_decorator.py for tasks to queue
[2024-01-23T22:28:13.515+0000] {logging_mixin.py:188} INFO - [2024-01-23T22:28:13.515+0000] {dagbag.py:538} INFO - Filling up the DagBag from /home/airflow/.local/lib/python3.8/site-packages/airflow/example_dags/example_python_decorator.py
[2024-01-23T22:28:13.523+0000] {processor.py:840} INFO - DAG(s) 'example_python_decorator' retrieved from /home/airflow/.local/lib/python3.8/site-packages/airflow/example_dags/example_python_decorator.py
[2024-01-23T22:28:13.536+0000] {logging_mixin.py:188} INFO - [2024-01-23T22:28:13.536+0000] {dag.py:3036} INFO - Sync 1 DAGs
[2024-01-23T22:28:13.544+0000] {logging_mixin.py:188} INFO - [2024-01-23T22:28:13.544+0000] {dag.py:3823} INFO - Setting next_dagrun for example_python_decorator to None, run_after=None
[2024-01-23T22:28:13.556+0000] {processor.py:183} INFO - Processing /home/airflow/.local/lib/python3.8/site-packages/airflow/example_dags/example_python_decorator.py took 0.045 seconds
[2024-01-23T22:28:43.585+0000] {processor.py:161} INFO - Started process (PID=990) to work on /home/airflow/.local/lib/python3.8/site-packages/airflow/example_dags/example_python_decorator.py
[2024-01-23T22:28:43.586+0000] {processor.py:830} INFO - Processing file /home/airflow/.local/lib/python3.8/site-packages/airflow/example_dags/example_python_decorator.py for tasks to queue
[2024-01-23T22:28:43.587+0000] {logging_mixin.py:188} INFO - [2024-01-23T22:28:43.587+0000] {dagbag.py:538} INFO - Filling up the DagBag from /home/airflow/.local/lib/python3.8/site-packages/airflow/example_dags/example_python_decorator.py
[2024-01-23T22:28:43.595+0000] {processor.py:840} INFO - DAG(s) 'example_python_decorator' retrieved from /home/airflow/.local/lib/python3.8/site-packages/airflow/example_dags/example_python_decorator.py
[2024-01-23T22:28:43.608+0000] {logging_mixin.py:188} INFO - [2024-01-23T22:28:43.608+0000] {dag.py:3036} INFO - Sync 1 DAGs
[2024-01-23T22:28:43.616+0000] {logging_mixin.py:188} INFO - [2024-01-23T22:28:43.616+0000] {dag.py:3823} INFO - Setting next_dagrun for example_python_decorator to None, run_after=None
[2024-01-23T22:28:43.629+0000] {processor.py:183} INFO - Processing /home/airflow/.local/lib/python3.8/site-packages/airflow/example_dags/example_python_decorator.py took 0.045 seconds
[2024-01-23T22:29:13.794+0000] {processor.py:161} INFO - Started process (PID=1047) to work on /home/airflow/.local/lib/python3.8/site-packages/airflow/example_dags/example_python_decorator.py
[2024-01-23T22:29:13.795+0000] {processor.py:830} INFO - Processing file /home/airflow/.local/lib/python3.8/site-packages/airflow/example_dags/example_python_decorator.py for tasks to queue
[2024-01-23T22:29:13.796+0000] {logging_mixin.py:188} INFO - [2024-01-23T22:29:13.796+0000] {dagbag.py:538} INFO - Filling up the DagBag from /home/airflow/.local/lib/python3.8/site-packages/airflow/example_dags/example_python_decorator.py
[2024-01-23T22:29:13.803+0000] {processor.py:840} INFO - DAG(s) 'example_python_decorator' retrieved from /home/airflow/.local/lib/python3.8/site-packages/airflow/example_dags/example_python_decorator.py
[2024-01-23T22:29:13.817+0000] {logging_mixin.py:188} INFO - [2024-01-23T22:29:13.817+0000] {dag.py:3036} INFO - Sync 1 DAGs
[2024-01-23T22:29:13.824+0000] {logging_mixin.py:188} INFO - [2024-01-23T22:29:13.824+0000] {dag.py:3823} INFO - Setting next_dagrun for example_python_decorator to None, run_after=None
[2024-01-23T22:29:13.835+0000] {processor.py:183} INFO - Processing /home/airflow/.local/lib/python3.8/site-packages/airflow/example_dags/example_python_decorator.py took 0.042 seconds
[2024-01-23T22:29:44.099+0000] {processor.py:161} INFO - Started process (PID=1104) to work on /home/airflow/.local/lib/python3.8/site-packages/airflow/example_dags/example_python_decorator.py
[2024-01-23T22:29:44.100+0000] {processor.py:830} INFO - Processing file /home/airflow/.local/lib/python3.8/site-packages/airflow/example_dags/example_python_decorator.py for tasks to queue
[2024-01-23T22:29:44.101+0000] {logging_mixin.py:188} INFO - [2024-01-23T22:29:44.101+0000] {dagbag.py:538} INFO - Filling up the DagBag from /home/airflow/.local/lib/python3.8/site-packages/airflow/example_dags/example_python_decorator.py
[2024-01-23T22:29:44.109+0000] {processor.py:840} INFO - DAG(s) 'example_python_decorator' retrieved from /home/airflow/.local/lib/python3.8/site-packages/airflow/example_dags/example_python_decorator.py
[2024-01-23T22:29:44.121+0000] {logging_mixin.py:188} INFO - [2024-01-23T22:29:44.121+0000] {dag.py:3036} INFO - Sync 1 DAGs
[2024-01-23T22:29:44.129+0000] {logging_mixin.py:188} INFO - [2024-01-23T22:29:44.128+0000] {dag.py:3823} INFO - Setting next_dagrun for example_python_decorator to None, run_after=None
[2024-01-23T22:29:44.140+0000] {processor.py:183} INFO - Processing /home/airflow/.local/lib/python3.8/site-packages/airflow/example_dags/example_python_decorator.py took 0.042 seconds
