[2024-01-23T22:20:08.362+0000] {processor.py:161} INFO - Started process (PID=74) to work on /home/airflow/.local/lib/python3.8/site-packages/airflow/example_dags/example_trigger_target_dag.py
[2024-01-23T22:20:08.363+0000] {processor.py:830} INFO - Processing file /home/airflow/.local/lib/python3.8/site-packages/airflow/example_dags/example_trigger_target_dag.py for tasks to queue
[2024-01-23T22:20:08.364+0000] {logging_mixin.py:188} INFO - [2024-01-23T22:20:08.364+0000] {dagbag.py:538} INFO - Filling up the DagBag from /home/airflow/.local/lib/python3.8/site-packages/airflow/example_dags/example_trigger_target_dag.py
[2024-01-23T22:20:08.368+0000] {processor.py:840} INFO - DAG(s) 'example_trigger_target_dag' retrieved from /home/airflow/.local/lib/python3.8/site-packages/airflow/example_dags/example_trigger_target_dag.py
[2024-01-23T22:20:08.433+0000] {logging_mixin.py:188} INFO - [2024-01-23T22:20:08.432+0000] {override.py:1769} INFO - Created Permission View: can delete on DAG:example_trigger_target_dag
[2024-01-23T22:20:08.441+0000] {logging_mixin.py:188} INFO - [2024-01-23T22:20:08.441+0000] {override.py:1769} INFO - Created Permission View: can edit on DAG:example_trigger_target_dag
[2024-01-23T22:20:08.447+0000] {logging_mixin.py:188} INFO - [2024-01-23T22:20:08.447+0000] {override.py:1769} INFO - Created Permission View: can read on DAG:example_trigger_target_dag
[2024-01-23T22:20:08.447+0000] {logging_mixin.py:188} INFO - [2024-01-23T22:20:08.447+0000] {dag.py:3036} INFO - Sync 1 DAGs
[2024-01-23T22:20:08.454+0000] {logging_mixin.py:188} INFO - [2024-01-23T22:20:08.454+0000] {dag.py:3058} INFO - Creating ORM DAG for example_trigger_target_dag
[2024-01-23T22:20:08.454+0000] {logging_mixin.py:188} INFO - [2024-01-23T22:20:08.454+0000] {dag.py:3823} INFO - Setting next_dagrun for example_trigger_target_dag to None, run_after=None
[2024-01-23T22:20:08.464+0000] {processor.py:183} INFO - Processing /home/airflow/.local/lib/python3.8/site-packages/airflow/example_dags/example_trigger_target_dag.py took 0.104 seconds
[2024-01-23T22:20:38.947+0000] {processor.py:161} INFO - Started process (PID=129) to work on /home/airflow/.local/lib/python3.8/site-packages/airflow/example_dags/example_trigger_target_dag.py
[2024-01-23T22:20:38.948+0000] {processor.py:830} INFO - Processing file /home/airflow/.local/lib/python3.8/site-packages/airflow/example_dags/example_trigger_target_dag.py for tasks to queue
[2024-01-23T22:20:38.949+0000] {logging_mixin.py:188} INFO - [2024-01-23T22:20:38.949+0000] {dagbag.py:538} INFO - Filling up the DagBag from /home/airflow/.local/lib/python3.8/site-packages/airflow/example_dags/example_trigger_target_dag.py
[2024-01-23T22:20:38.952+0000] {processor.py:840} INFO - DAG(s) 'example_trigger_target_dag' retrieved from /home/airflow/.local/lib/python3.8/site-packages/airflow/example_dags/example_trigger_target_dag.py
[2024-01-23T22:20:38.963+0000] {logging_mixin.py:188} INFO - [2024-01-23T22:20:38.963+0000] {dag.py:3036} INFO - Sync 1 DAGs
[2024-01-23T22:20:38.970+0000] {logging_mixin.py:188} INFO - [2024-01-23T22:20:38.970+0000] {dag.py:3823} INFO - Setting next_dagrun for example_trigger_target_dag to None, run_after=None
[2024-01-23T22:20:38.980+0000] {processor.py:183} INFO - Processing /home/airflow/.local/lib/python3.8/site-packages/airflow/example_dags/example_trigger_target_dag.py took 0.035 seconds
[2024-01-23T22:21:09.606+0000] {processor.py:161} INFO - Started process (PID=184) to work on /home/airflow/.local/lib/python3.8/site-packages/airflow/example_dags/example_trigger_target_dag.py
[2024-01-23T22:21:09.607+0000] {processor.py:830} INFO - Processing file /home/airflow/.local/lib/python3.8/site-packages/airflow/example_dags/example_trigger_target_dag.py for tasks to queue
[2024-01-23T22:21:09.607+0000] {logging_mixin.py:188} INFO - [2024-01-23T22:21:09.607+0000] {dagbag.py:538} INFO - Filling up the DagBag from /home/airflow/.local/lib/python3.8/site-packages/airflow/example_dags/example_trigger_target_dag.py
[2024-01-23T22:21:09.611+0000] {processor.py:840} INFO - DAG(s) 'example_trigger_target_dag' retrieved from /home/airflow/.local/lib/python3.8/site-packages/airflow/example_dags/example_trigger_target_dag.py
[2024-01-23T22:21:09.622+0000] {logging_mixin.py:188} INFO - [2024-01-23T22:21:09.622+0000] {dag.py:3036} INFO - Sync 1 DAGs
[2024-01-23T22:21:09.629+0000] {logging_mixin.py:188} INFO - [2024-01-23T22:21:09.629+0000] {dag.py:3823} INFO - Setting next_dagrun for example_trigger_target_dag to None, run_after=None
[2024-01-23T22:21:09.640+0000] {processor.py:183} INFO - Processing /home/airflow/.local/lib/python3.8/site-packages/airflow/example_dags/example_trigger_target_dag.py took 0.035 seconds
[2024-01-23T22:21:40.275+0000] {processor.py:161} INFO - Started process (PID=239) to work on /home/airflow/.local/lib/python3.8/site-packages/airflow/example_dags/example_trigger_target_dag.py
[2024-01-23T22:21:40.275+0000] {processor.py:830} INFO - Processing file /home/airflow/.local/lib/python3.8/site-packages/airflow/example_dags/example_trigger_target_dag.py for tasks to queue
[2024-01-23T22:21:40.276+0000] {logging_mixin.py:188} INFO - [2024-01-23T22:21:40.276+0000] {dagbag.py:538} INFO - Filling up the DagBag from /home/airflow/.local/lib/python3.8/site-packages/airflow/example_dags/example_trigger_target_dag.py
[2024-01-23T22:21:40.280+0000] {processor.py:840} INFO - DAG(s) 'example_trigger_target_dag' retrieved from /home/airflow/.local/lib/python3.8/site-packages/airflow/example_dags/example_trigger_target_dag.py
[2024-01-23T22:21:40.291+0000] {logging_mixin.py:188} INFO - [2024-01-23T22:21:40.291+0000] {dag.py:3036} INFO - Sync 1 DAGs
[2024-01-23T22:21:40.298+0000] {logging_mixin.py:188} INFO - [2024-01-23T22:21:40.298+0000] {dag.py:3823} INFO - Setting next_dagrun for example_trigger_target_dag to None, run_after=None
[2024-01-23T22:21:40.309+0000] {processor.py:183} INFO - Processing /home/airflow/.local/lib/python3.8/site-packages/airflow/example_dags/example_trigger_target_dag.py took 0.036 seconds
[2024-01-23T22:22:11.295+0000] {processor.py:161} INFO - Started process (PID=294) to work on /home/airflow/.local/lib/python3.8/site-packages/airflow/example_dags/example_trigger_target_dag.py
[2024-01-23T22:22:11.296+0000] {processor.py:830} INFO - Processing file /home/airflow/.local/lib/python3.8/site-packages/airflow/example_dags/example_trigger_target_dag.py for tasks to queue
[2024-01-23T22:22:11.297+0000] {logging_mixin.py:188} INFO - [2024-01-23T22:22:11.297+0000] {dagbag.py:538} INFO - Filling up the DagBag from /home/airflow/.local/lib/python3.8/site-packages/airflow/example_dags/example_trigger_target_dag.py
[2024-01-23T22:22:11.301+0000] {processor.py:840} INFO - DAG(s) 'example_trigger_target_dag' retrieved from /home/airflow/.local/lib/python3.8/site-packages/airflow/example_dags/example_trigger_target_dag.py
[2024-01-23T22:22:11.313+0000] {logging_mixin.py:188} INFO - [2024-01-23T22:22:11.313+0000] {dag.py:3036} INFO - Sync 1 DAGs
[2024-01-23T22:22:11.324+0000] {logging_mixin.py:188} INFO - [2024-01-23T22:22:11.324+0000] {dag.py:3823} INFO - Setting next_dagrun for example_trigger_target_dag to None, run_after=None
[2024-01-23T22:22:11.348+0000] {processor.py:183} INFO - Processing /home/airflow/.local/lib/python3.8/site-packages/airflow/example_dags/example_trigger_target_dag.py took 0.055 seconds
[2024-01-23T22:22:41.472+0000] {processor.py:161} INFO - Started process (PID=349) to work on /home/airflow/.local/lib/python3.8/site-packages/airflow/example_dags/example_trigger_target_dag.py
[2024-01-23T22:22:41.472+0000] {processor.py:830} INFO - Processing file /home/airflow/.local/lib/python3.8/site-packages/airflow/example_dags/example_trigger_target_dag.py for tasks to queue
[2024-01-23T22:22:41.475+0000] {logging_mixin.py:188} INFO - [2024-01-23T22:22:41.474+0000] {dagbag.py:538} INFO - Filling up the DagBag from /home/airflow/.local/lib/python3.8/site-packages/airflow/example_dags/example_trigger_target_dag.py
[2024-01-23T22:22:41.482+0000] {processor.py:840} INFO - DAG(s) 'example_trigger_target_dag' retrieved from /home/airflow/.local/lib/python3.8/site-packages/airflow/example_dags/example_trigger_target_dag.py
[2024-01-23T22:22:41.496+0000] {logging_mixin.py:188} INFO - [2024-01-23T22:22:41.496+0000] {dag.py:3036} INFO - Sync 1 DAGs
[2024-01-23T22:22:41.506+0000] {logging_mixin.py:188} INFO - [2024-01-23T22:22:41.506+0000] {dag.py:3823} INFO - Setting next_dagrun for example_trigger_target_dag to None, run_after=None
[2024-01-23T22:22:41.521+0000] {processor.py:183} INFO - Processing /home/airflow/.local/lib/python3.8/site-packages/airflow/example_dags/example_trigger_target_dag.py took 0.051 seconds
[2024-01-23T22:23:12.346+0000] {processor.py:161} INFO - Started process (PID=404) to work on /home/airflow/.local/lib/python3.8/site-packages/airflow/example_dags/example_trigger_target_dag.py
[2024-01-23T22:23:12.347+0000] {processor.py:830} INFO - Processing file /home/airflow/.local/lib/python3.8/site-packages/airflow/example_dags/example_trigger_target_dag.py for tasks to queue
[2024-01-23T22:23:12.348+0000] {logging_mixin.py:188} INFO - [2024-01-23T22:23:12.348+0000] {dagbag.py:538} INFO - Filling up the DagBag from /home/airflow/.local/lib/python3.8/site-packages/airflow/example_dags/example_trigger_target_dag.py
[2024-01-23T22:23:12.352+0000] {processor.py:840} INFO - DAG(s) 'example_trigger_target_dag' retrieved from /home/airflow/.local/lib/python3.8/site-packages/airflow/example_dags/example_trigger_target_dag.py
[2024-01-23T22:23:12.363+0000] {logging_mixin.py:188} INFO - [2024-01-23T22:23:12.363+0000] {dag.py:3036} INFO - Sync 1 DAGs
[2024-01-23T22:23:12.372+0000] {logging_mixin.py:188} INFO - [2024-01-23T22:23:12.372+0000] {dag.py:3823} INFO - Setting next_dagrun for example_trigger_target_dag to None, run_after=None
[2024-01-23T22:23:12.383+0000] {processor.py:183} INFO - Processing /home/airflow/.local/lib/python3.8/site-packages/airflow/example_dags/example_trigger_target_dag.py took 0.039 seconds
[2024-01-23T22:23:42.421+0000] {processor.py:161} INFO - Started process (PID=459) to work on /home/airflow/.local/lib/python3.8/site-packages/airflow/example_dags/example_trigger_target_dag.py
[2024-01-23T22:23:42.421+0000] {processor.py:830} INFO - Processing file /home/airflow/.local/lib/python3.8/site-packages/airflow/example_dags/example_trigger_target_dag.py for tasks to queue
[2024-01-23T22:23:42.422+0000] {logging_mixin.py:188} INFO - [2024-01-23T22:23:42.422+0000] {dagbag.py:538} INFO - Filling up the DagBag from /home/airflow/.local/lib/python3.8/site-packages/airflow/example_dags/example_trigger_target_dag.py
[2024-01-23T22:23:42.425+0000] {processor.py:840} INFO - DAG(s) 'example_trigger_target_dag' retrieved from /home/airflow/.local/lib/python3.8/site-packages/airflow/example_dags/example_trigger_target_dag.py
[2024-01-23T22:23:42.438+0000] {logging_mixin.py:188} INFO - [2024-01-23T22:23:42.438+0000] {dag.py:3036} INFO - Sync 1 DAGs
[2024-01-23T22:23:42.445+0000] {logging_mixin.py:188} INFO - [2024-01-23T22:23:42.445+0000] {dag.py:3823} INFO - Setting next_dagrun for example_trigger_target_dag to None, run_after=None
[2024-01-23T22:23:42.455+0000] {processor.py:183} INFO - Processing /home/airflow/.local/lib/python3.8/site-packages/airflow/example_dags/example_trigger_target_dag.py took 0.036 seconds
[2024-01-23T22:24:13.074+0000] {processor.py:161} INFO - Started process (PID=514) to work on /home/airflow/.local/lib/python3.8/site-packages/airflow/example_dags/example_trigger_target_dag.py
[2024-01-23T22:24:13.075+0000] {processor.py:830} INFO - Processing file /home/airflow/.local/lib/python3.8/site-packages/airflow/example_dags/example_trigger_target_dag.py for tasks to queue
[2024-01-23T22:24:13.076+0000] {logging_mixin.py:188} INFO - [2024-01-23T22:24:13.076+0000] {dagbag.py:538} INFO - Filling up the DagBag from /home/airflow/.local/lib/python3.8/site-packages/airflow/example_dags/example_trigger_target_dag.py
[2024-01-23T22:24:13.079+0000] {processor.py:840} INFO - DAG(s) 'example_trigger_target_dag' retrieved from /home/airflow/.local/lib/python3.8/site-packages/airflow/example_dags/example_trigger_target_dag.py
[2024-01-23T22:24:13.093+0000] {logging_mixin.py:188} INFO - [2024-01-23T22:24:13.093+0000] {dag.py:3036} INFO - Sync 1 DAGs
[2024-01-23T22:24:13.101+0000] {logging_mixin.py:188} INFO - [2024-01-23T22:24:13.101+0000] {dag.py:3823} INFO - Setting next_dagrun for example_trigger_target_dag to None, run_after=None
[2024-01-23T22:24:13.117+0000] {processor.py:183} INFO - Processing /home/airflow/.local/lib/python3.8/site-packages/airflow/example_dags/example_trigger_target_dag.py took 0.045 seconds
[2024-01-23T22:24:43.398+0000] {processor.py:161} INFO - Started process (PID=569) to work on /home/airflow/.local/lib/python3.8/site-packages/airflow/example_dags/example_trigger_target_dag.py
[2024-01-23T22:24:43.399+0000] {processor.py:830} INFO - Processing file /home/airflow/.local/lib/python3.8/site-packages/airflow/example_dags/example_trigger_target_dag.py for tasks to queue
[2024-01-23T22:24:43.400+0000] {logging_mixin.py:188} INFO - [2024-01-23T22:24:43.400+0000] {dagbag.py:538} INFO - Filling up the DagBag from /home/airflow/.local/lib/python3.8/site-packages/airflow/example_dags/example_trigger_target_dag.py
[2024-01-23T22:24:43.405+0000] {processor.py:840} INFO - DAG(s) 'example_trigger_target_dag' retrieved from /home/airflow/.local/lib/python3.8/site-packages/airflow/example_dags/example_trigger_target_dag.py
[2024-01-23T22:24:43.419+0000] {logging_mixin.py:188} INFO - [2024-01-23T22:24:43.418+0000] {dag.py:3036} INFO - Sync 1 DAGs
[2024-01-23T22:24:43.430+0000] {logging_mixin.py:188} INFO - [2024-01-23T22:24:43.429+0000] {dag.py:3823} INFO - Setting next_dagrun for example_trigger_target_dag to None, run_after=None
[2024-01-23T22:24:43.443+0000] {processor.py:183} INFO - Processing /home/airflow/.local/lib/python3.8/site-packages/airflow/example_dags/example_trigger_target_dag.py took 0.047 seconds
[2024-01-23T22:25:13.472+0000] {processor.py:161} INFO - Started process (PID=626) to work on /home/airflow/.local/lib/python3.8/site-packages/airflow/example_dags/example_trigger_target_dag.py
[2024-01-23T22:25:13.473+0000] {processor.py:830} INFO - Processing file /home/airflow/.local/lib/python3.8/site-packages/airflow/example_dags/example_trigger_target_dag.py for tasks to queue
[2024-01-23T22:25:13.474+0000] {logging_mixin.py:188} INFO - [2024-01-23T22:25:13.473+0000] {dagbag.py:538} INFO - Filling up the DagBag from /home/airflow/.local/lib/python3.8/site-packages/airflow/example_dags/example_trigger_target_dag.py
[2024-01-23T22:25:13.477+0000] {processor.py:840} INFO - DAG(s) 'example_trigger_target_dag' retrieved from /home/airflow/.local/lib/python3.8/site-packages/airflow/example_dags/example_trigger_target_dag.py
[2024-01-23T22:25:13.491+0000] {logging_mixin.py:188} INFO - [2024-01-23T22:25:13.490+0000] {dag.py:3036} INFO - Sync 1 DAGs
[2024-01-23T22:25:13.498+0000] {logging_mixin.py:188} INFO - [2024-01-23T22:25:13.498+0000] {dag.py:3823} INFO - Setting next_dagrun for example_trigger_target_dag to None, run_after=None
[2024-01-23T22:25:13.510+0000] {processor.py:183} INFO - Processing /home/airflow/.local/lib/python3.8/site-packages/airflow/example_dags/example_trigger_target_dag.py took 0.040 seconds
[2024-01-23T22:25:43.687+0000] {processor.py:161} INFO - Started process (PID=683) to work on /home/airflow/.local/lib/python3.8/site-packages/airflow/example_dags/example_trigger_target_dag.py
[2024-01-23T22:25:43.687+0000] {processor.py:830} INFO - Processing file /home/airflow/.local/lib/python3.8/site-packages/airflow/example_dags/example_trigger_target_dag.py for tasks to queue
[2024-01-23T22:25:43.688+0000] {logging_mixin.py:188} INFO - [2024-01-23T22:25:43.688+0000] {dagbag.py:538} INFO - Filling up the DagBag from /home/airflow/.local/lib/python3.8/site-packages/airflow/example_dags/example_trigger_target_dag.py
[2024-01-23T22:25:43.692+0000] {processor.py:840} INFO - DAG(s) 'example_trigger_target_dag' retrieved from /home/airflow/.local/lib/python3.8/site-packages/airflow/example_dags/example_trigger_target_dag.py
[2024-01-23T22:25:43.703+0000] {logging_mixin.py:188} INFO - [2024-01-23T22:25:43.703+0000] {dag.py:3036} INFO - Sync 1 DAGs
[2024-01-23T22:25:43.710+0000] {logging_mixin.py:188} INFO - [2024-01-23T22:25:43.709+0000] {dag.py:3823} INFO - Setting next_dagrun for example_trigger_target_dag to None, run_after=None
[2024-01-23T22:25:43.720+0000] {processor.py:183} INFO - Processing /home/airflow/.local/lib/python3.8/site-packages/airflow/example_dags/example_trigger_target_dag.py took 0.035 seconds
[2024-01-23T22:26:13.825+0000] {processor.py:161} INFO - Started process (PID=740) to work on /home/airflow/.local/lib/python3.8/site-packages/airflow/example_dags/example_trigger_target_dag.py
[2024-01-23T22:26:13.826+0000] {processor.py:830} INFO - Processing file /home/airflow/.local/lib/python3.8/site-packages/airflow/example_dags/example_trigger_target_dag.py for tasks to queue
[2024-01-23T22:26:13.827+0000] {logging_mixin.py:188} INFO - [2024-01-23T22:26:13.827+0000] {dagbag.py:538} INFO - Filling up the DagBag from /home/airflow/.local/lib/python3.8/site-packages/airflow/example_dags/example_trigger_target_dag.py
[2024-01-23T22:26:13.830+0000] {processor.py:840} INFO - DAG(s) 'example_trigger_target_dag' retrieved from /home/airflow/.local/lib/python3.8/site-packages/airflow/example_dags/example_trigger_target_dag.py
[2024-01-23T22:26:13.843+0000] {logging_mixin.py:188} INFO - [2024-01-23T22:26:13.843+0000] {dag.py:3036} INFO - Sync 1 DAGs
[2024-01-23T22:26:13.851+0000] {logging_mixin.py:188} INFO - [2024-01-23T22:26:13.850+0000] {dag.py:3823} INFO - Setting next_dagrun for example_trigger_target_dag to None, run_after=None
[2024-01-23T22:26:13.864+0000] {processor.py:183} INFO - Processing /home/airflow/.local/lib/python3.8/site-packages/airflow/example_dags/example_trigger_target_dag.py took 0.040 seconds
[2024-01-23T22:26:44.214+0000] {processor.py:161} INFO - Started process (PID=796) to work on /home/airflow/.local/lib/python3.8/site-packages/airflow/example_dags/example_trigger_target_dag.py
[2024-01-23T22:26:44.215+0000] {processor.py:830} INFO - Processing file /home/airflow/.local/lib/python3.8/site-packages/airflow/example_dags/example_trigger_target_dag.py for tasks to queue
[2024-01-23T22:26:44.216+0000] {logging_mixin.py:188} INFO - [2024-01-23T22:26:44.216+0000] {dagbag.py:538} INFO - Filling up the DagBag from /home/airflow/.local/lib/python3.8/site-packages/airflow/example_dags/example_trigger_target_dag.py
[2024-01-23T22:26:44.221+0000] {processor.py:840} INFO - DAG(s) 'example_trigger_target_dag' retrieved from /home/airflow/.local/lib/python3.8/site-packages/airflow/example_dags/example_trigger_target_dag.py
[2024-01-23T22:26:44.236+0000] {logging_mixin.py:188} INFO - [2024-01-23T22:26:44.236+0000] {dag.py:3036} INFO - Sync 1 DAGs
[2024-01-23T22:26:44.247+0000] {logging_mixin.py:188} INFO - [2024-01-23T22:26:44.246+0000] {dag.py:3823} INFO - Setting next_dagrun for example_trigger_target_dag to None, run_after=None
[2024-01-23T22:26:44.263+0000] {processor.py:183} INFO - Processing /home/airflow/.local/lib/python3.8/site-packages/airflow/example_dags/example_trigger_target_dag.py took 0.051 seconds
[2024-01-23T22:27:15.192+0000] {processor.py:161} INFO - Started process (PID=853) to work on /home/airflow/.local/lib/python3.8/site-packages/airflow/example_dags/example_trigger_target_dag.py
[2024-01-23T22:27:15.193+0000] {processor.py:830} INFO - Processing file /home/airflow/.local/lib/python3.8/site-packages/airflow/example_dags/example_trigger_target_dag.py for tasks to queue
[2024-01-23T22:27:15.194+0000] {logging_mixin.py:188} INFO - [2024-01-23T22:27:15.194+0000] {dagbag.py:538} INFO - Filling up the DagBag from /home/airflow/.local/lib/python3.8/site-packages/airflow/example_dags/example_trigger_target_dag.py
[2024-01-23T22:27:15.197+0000] {processor.py:840} INFO - DAG(s) 'example_trigger_target_dag' retrieved from /home/airflow/.local/lib/python3.8/site-packages/airflow/example_dags/example_trigger_target_dag.py
[2024-01-23T22:27:15.210+0000] {logging_mixin.py:188} INFO - [2024-01-23T22:27:15.210+0000] {dag.py:3036} INFO - Sync 1 DAGs
[2024-01-23T22:27:15.217+0000] {logging_mixin.py:188} INFO - [2024-01-23T22:27:15.217+0000] {dag.py:3823} INFO - Setting next_dagrun for example_trigger_target_dag to None, run_after=None
[2024-01-23T22:27:15.229+0000] {processor.py:183} INFO - Processing /home/airflow/.local/lib/python3.8/site-packages/airflow/example_dags/example_trigger_target_dag.py took 0.039 seconds
[2024-01-23T22:27:45.546+0000] {processor.py:161} INFO - Started process (PID=911) to work on /home/airflow/.local/lib/python3.8/site-packages/airflow/example_dags/example_trigger_target_dag.py
[2024-01-23T22:27:45.547+0000] {processor.py:830} INFO - Processing file /home/airflow/.local/lib/python3.8/site-packages/airflow/example_dags/example_trigger_target_dag.py for tasks to queue
[2024-01-23T22:27:45.548+0000] {logging_mixin.py:188} INFO - [2024-01-23T22:27:45.548+0000] {dagbag.py:538} INFO - Filling up the DagBag from /home/airflow/.local/lib/python3.8/site-packages/airflow/example_dags/example_trigger_target_dag.py
[2024-01-23T22:27:45.552+0000] {processor.py:840} INFO - DAG(s) 'example_trigger_target_dag' retrieved from /home/airflow/.local/lib/python3.8/site-packages/airflow/example_dags/example_trigger_target_dag.py
[2024-01-23T22:27:45.566+0000] {logging_mixin.py:188} INFO - [2024-01-23T22:27:45.565+0000] {dag.py:3036} INFO - Sync 1 DAGs
[2024-01-23T22:27:45.574+0000] {logging_mixin.py:188} INFO - [2024-01-23T22:27:45.574+0000] {dag.py:3823} INFO - Setting next_dagrun for example_trigger_target_dag to None, run_after=None
[2024-01-23T22:27:45.586+0000] {processor.py:183} INFO - Processing /home/airflow/.local/lib/python3.8/site-packages/airflow/example_dags/example_trigger_target_dag.py took 0.042 seconds
[2024-01-23T22:28:15.653+0000] {processor.py:161} INFO - Started process (PID=968) to work on /home/airflow/.local/lib/python3.8/site-packages/airflow/example_dags/example_trigger_target_dag.py
[2024-01-23T22:28:15.654+0000] {processor.py:830} INFO - Processing file /home/airflow/.local/lib/python3.8/site-packages/airflow/example_dags/example_trigger_target_dag.py for tasks to queue
[2024-01-23T22:28:15.655+0000] {logging_mixin.py:188} INFO - [2024-01-23T22:28:15.654+0000] {dagbag.py:538} INFO - Filling up the DagBag from /home/airflow/.local/lib/python3.8/site-packages/airflow/example_dags/example_trigger_target_dag.py
[2024-01-23T22:28:15.658+0000] {processor.py:840} INFO - DAG(s) 'example_trigger_target_dag' retrieved from /home/airflow/.local/lib/python3.8/site-packages/airflow/example_dags/example_trigger_target_dag.py
[2024-01-23T22:28:15.670+0000] {logging_mixin.py:188} INFO - [2024-01-23T22:28:15.670+0000] {dag.py:3036} INFO - Sync 1 DAGs
[2024-01-23T22:28:15.677+0000] {logging_mixin.py:188} INFO - [2024-01-23T22:28:15.677+0000] {dag.py:3823} INFO - Setting next_dagrun for example_trigger_target_dag to None, run_after=None
[2024-01-23T22:28:15.688+0000] {processor.py:183} INFO - Processing /home/airflow/.local/lib/python3.8/site-packages/airflow/example_dags/example_trigger_target_dag.py took 0.036 seconds
[2024-01-23T22:28:45.909+0000] {processor.py:161} INFO - Started process (PID=1025) to work on /home/airflow/.local/lib/python3.8/site-packages/airflow/example_dags/example_trigger_target_dag.py
[2024-01-23T22:28:45.909+0000] {processor.py:830} INFO - Processing file /home/airflow/.local/lib/python3.8/site-packages/airflow/example_dags/example_trigger_target_dag.py for tasks to queue
[2024-01-23T22:28:45.910+0000] {logging_mixin.py:188} INFO - [2024-01-23T22:28:45.910+0000] {dagbag.py:538} INFO - Filling up the DagBag from /home/airflow/.local/lib/python3.8/site-packages/airflow/example_dags/example_trigger_target_dag.py
[2024-01-23T22:28:45.914+0000] {processor.py:840} INFO - DAG(s) 'example_trigger_target_dag' retrieved from /home/airflow/.local/lib/python3.8/site-packages/airflow/example_dags/example_trigger_target_dag.py
[2024-01-23T22:28:45.925+0000] {logging_mixin.py:188} INFO - [2024-01-23T22:28:45.925+0000] {dag.py:3036} INFO - Sync 1 DAGs
[2024-01-23T22:28:45.932+0000] {logging_mixin.py:188} INFO - [2024-01-23T22:28:45.932+0000] {dag.py:3823} INFO - Setting next_dagrun for example_trigger_target_dag to None, run_after=None
[2024-01-23T22:28:45.943+0000] {processor.py:183} INFO - Processing /home/airflow/.local/lib/python3.8/site-packages/airflow/example_dags/example_trigger_target_dag.py took 0.036 seconds
[2024-01-23T22:29:16.186+0000] {processor.py:161} INFO - Started process (PID=1082) to work on /home/airflow/.local/lib/python3.8/site-packages/airflow/example_dags/example_trigger_target_dag.py
[2024-01-23T22:29:16.187+0000] {processor.py:830} INFO - Processing file /home/airflow/.local/lib/python3.8/site-packages/airflow/example_dags/example_trigger_target_dag.py for tasks to queue
[2024-01-23T22:29:16.188+0000] {logging_mixin.py:188} INFO - [2024-01-23T22:29:16.188+0000] {dagbag.py:538} INFO - Filling up the DagBag from /home/airflow/.local/lib/python3.8/site-packages/airflow/example_dags/example_trigger_target_dag.py
[2024-01-23T22:29:16.191+0000] {processor.py:840} INFO - DAG(s) 'example_trigger_target_dag' retrieved from /home/airflow/.local/lib/python3.8/site-packages/airflow/example_dags/example_trigger_target_dag.py
[2024-01-23T22:29:16.206+0000] {logging_mixin.py:188} INFO - [2024-01-23T22:29:16.205+0000] {dag.py:3036} INFO - Sync 1 DAGs
[2024-01-23T22:29:16.217+0000] {logging_mixin.py:188} INFO - [2024-01-23T22:29:16.216+0000] {dag.py:3823} INFO - Setting next_dagrun for example_trigger_target_dag to None, run_after=None
[2024-01-23T22:29:16.230+0000] {processor.py:183} INFO - Processing /home/airflow/.local/lib/python3.8/site-packages/airflow/example_dags/example_trigger_target_dag.py took 0.046 seconds
[2024-01-23T22:29:46.363+0000] {processor.py:161} INFO - Started process (PID=1139) to work on /home/airflow/.local/lib/python3.8/site-packages/airflow/example_dags/example_trigger_target_dag.py
[2024-01-23T22:29:46.363+0000] {processor.py:830} INFO - Processing file /home/airflow/.local/lib/python3.8/site-packages/airflow/example_dags/example_trigger_target_dag.py for tasks to queue
[2024-01-23T22:29:46.364+0000] {logging_mixin.py:188} INFO - [2024-01-23T22:29:46.364+0000] {dagbag.py:538} INFO - Filling up the DagBag from /home/airflow/.local/lib/python3.8/site-packages/airflow/example_dags/example_trigger_target_dag.py
[2024-01-23T22:29:46.368+0000] {processor.py:840} INFO - DAG(s) 'example_trigger_target_dag' retrieved from /home/airflow/.local/lib/python3.8/site-packages/airflow/example_dags/example_trigger_target_dag.py
[2024-01-23T22:29:46.379+0000] {logging_mixin.py:188} INFO - [2024-01-23T22:29:46.379+0000] {dag.py:3036} INFO - Sync 1 DAGs
[2024-01-23T22:29:46.386+0000] {logging_mixin.py:188} INFO - [2024-01-23T22:29:46.386+0000] {dag.py:3823} INFO - Setting next_dagrun for example_trigger_target_dag to None, run_after=None
[2024-01-23T22:29:46.397+0000] {processor.py:183} INFO - Processing /home/airflow/.local/lib/python3.8/site-packages/airflow/example_dags/example_trigger_target_dag.py took 0.036 seconds
