[2024-01-23T22:20:08.592+0000] {processor.py:161} INFO - Started process (PID=77) to work on /home/airflow/.local/lib/python3.8/site-packages/airflow/example_dags/example_nested_branch_dag.py
[2024-01-23T22:20:08.592+0000] {processor.py:830} INFO - Processing file /home/airflow/.local/lib/python3.8/site-packages/airflow/example_dags/example_nested_branch_dag.py for tasks to queue
[2024-01-23T22:20:08.593+0000] {logging_mixin.py:188} INFO - [2024-01-23T22:20:08.593+0000] {dagbag.py:538} INFO - Filling up the DagBag from /home/airflow/.local/lib/python3.8/site-packages/airflow/example_dags/example_nested_branch_dag.py
[2024-01-23T22:20:08.599+0000] {processor.py:840} INFO - DAG(s) 'example_nested_branch_dag' retrieved from /home/airflow/.local/lib/python3.8/site-packages/airflow/example_dags/example_nested_branch_dag.py
[2024-01-23T22:20:08.665+0000] {logging_mixin.py:188} INFO - [2024-01-23T22:20:08.665+0000] {override.py:1769} INFO - Created Permission View: can delete on DAG:example_nested_branch_dag
[2024-01-23T22:20:08.673+0000] {logging_mixin.py:188} INFO - [2024-01-23T22:20:08.672+0000] {override.py:1769} INFO - Created Permission View: can edit on DAG:example_nested_branch_dag
[2024-01-23T22:20:08.677+0000] {logging_mixin.py:188} INFO - [2024-01-23T22:20:08.676+0000] {override.py:1769} INFO - Created Permission View: can read on DAG:example_nested_branch_dag
[2024-01-23T22:20:08.677+0000] {logging_mixin.py:188} INFO - [2024-01-23T22:20:08.677+0000] {dag.py:3036} INFO - Sync 1 DAGs
[2024-01-23T22:20:08.683+0000] {logging_mixin.py:188} INFO - [2024-01-23T22:20:08.683+0000] {dag.py:3058} INFO - Creating ORM DAG for example_nested_branch_dag
[2024-01-23T22:20:08.691+0000] {logging_mixin.py:188} INFO - [2024-01-23T22:20:08.691+0000] {dag.py:3823} INFO - Setting next_dagrun for example_nested_branch_dag to 2024-01-22 00:00:00+00:00, run_after=2024-01-23 00:00:00+00:00
[2024-01-23T22:20:08.701+0000] {processor.py:183} INFO - Processing /home/airflow/.local/lib/python3.8/site-packages/airflow/example_dags/example_nested_branch_dag.py took 0.111 seconds
[2024-01-23T22:20:39.043+0000] {processor.py:161} INFO - Started process (PID=132) to work on /home/airflow/.local/lib/python3.8/site-packages/airflow/example_dags/example_nested_branch_dag.py
[2024-01-23T22:20:39.043+0000] {processor.py:830} INFO - Processing file /home/airflow/.local/lib/python3.8/site-packages/airflow/example_dags/example_nested_branch_dag.py for tasks to queue
[2024-01-23T22:20:39.044+0000] {logging_mixin.py:188} INFO - [2024-01-23T22:20:39.044+0000] {dagbag.py:538} INFO - Filling up the DagBag from /home/airflow/.local/lib/python3.8/site-packages/airflow/example_dags/example_nested_branch_dag.py
[2024-01-23T22:20:39.050+0000] {processor.py:840} INFO - DAG(s) 'example_nested_branch_dag' retrieved from /home/airflow/.local/lib/python3.8/site-packages/airflow/example_dags/example_nested_branch_dag.py
[2024-01-23T22:20:39.062+0000] {logging_mixin.py:188} INFO - [2024-01-23T22:20:39.062+0000] {dag.py:3036} INFO - Sync 1 DAGs
[2024-01-23T22:20:39.075+0000] {logging_mixin.py:188} INFO - [2024-01-23T22:20:39.075+0000] {dag.py:3823} INFO - Setting next_dagrun for example_nested_branch_dag to 2024-01-22 00:00:00+00:00, run_after=2024-01-23 00:00:00+00:00
[2024-01-23T22:20:39.087+0000] {processor.py:183} INFO - Processing /home/airflow/.local/lib/python3.8/site-packages/airflow/example_dags/example_nested_branch_dag.py took 0.046 seconds
[2024-01-23T22:21:09.704+0000] {processor.py:161} INFO - Started process (PID=187) to work on /home/airflow/.local/lib/python3.8/site-packages/airflow/example_dags/example_nested_branch_dag.py
[2024-01-23T22:21:09.704+0000] {processor.py:830} INFO - Processing file /home/airflow/.local/lib/python3.8/site-packages/airflow/example_dags/example_nested_branch_dag.py for tasks to queue
[2024-01-23T22:21:09.705+0000] {logging_mixin.py:188} INFO - [2024-01-23T22:21:09.705+0000] {dagbag.py:538} INFO - Filling up the DagBag from /home/airflow/.local/lib/python3.8/site-packages/airflow/example_dags/example_nested_branch_dag.py
[2024-01-23T22:21:09.711+0000] {processor.py:840} INFO - DAG(s) 'example_nested_branch_dag' retrieved from /home/airflow/.local/lib/python3.8/site-packages/airflow/example_dags/example_nested_branch_dag.py
[2024-01-23T22:21:09.723+0000] {logging_mixin.py:188} INFO - [2024-01-23T22:21:09.723+0000] {dag.py:3036} INFO - Sync 1 DAGs
[2024-01-23T22:21:09.736+0000] {logging_mixin.py:188} INFO - [2024-01-23T22:21:09.736+0000] {dag.py:3823} INFO - Setting next_dagrun for example_nested_branch_dag to 2024-01-22 00:00:00+00:00, run_after=2024-01-23 00:00:00+00:00
[2024-01-23T22:21:09.747+0000] {processor.py:183} INFO - Processing /home/airflow/.local/lib/python3.8/site-packages/airflow/example_dags/example_nested_branch_dag.py took 0.045 seconds
[2024-01-23T22:21:40.374+0000] {processor.py:161} INFO - Started process (PID=242) to work on /home/airflow/.local/lib/python3.8/site-packages/airflow/example_dags/example_nested_branch_dag.py
[2024-01-23T22:21:40.374+0000] {processor.py:830} INFO - Processing file /home/airflow/.local/lib/python3.8/site-packages/airflow/example_dags/example_nested_branch_dag.py for tasks to queue
[2024-01-23T22:21:40.375+0000] {logging_mixin.py:188} INFO - [2024-01-23T22:21:40.375+0000] {dagbag.py:538} INFO - Filling up the DagBag from /home/airflow/.local/lib/python3.8/site-packages/airflow/example_dags/example_nested_branch_dag.py
[2024-01-23T22:21:40.381+0000] {processor.py:840} INFO - DAG(s) 'example_nested_branch_dag' retrieved from /home/airflow/.local/lib/python3.8/site-packages/airflow/example_dags/example_nested_branch_dag.py
[2024-01-23T22:21:40.394+0000] {logging_mixin.py:188} INFO - [2024-01-23T22:21:40.394+0000] {dag.py:3036} INFO - Sync 1 DAGs
[2024-01-23T22:21:40.408+0000] {logging_mixin.py:188} INFO - [2024-01-23T22:21:40.407+0000] {dag.py:3823} INFO - Setting next_dagrun for example_nested_branch_dag to 2024-01-22 00:00:00+00:00, run_after=2024-01-23 00:00:00+00:00
[2024-01-23T22:21:40.419+0000] {processor.py:183} INFO - Processing /home/airflow/.local/lib/python3.8/site-packages/airflow/example_dags/example_nested_branch_dag.py took 0.047 seconds
[2024-01-23T22:22:11.479+0000] {processor.py:161} INFO - Started process (PID=297) to work on /home/airflow/.local/lib/python3.8/site-packages/airflow/example_dags/example_nested_branch_dag.py
[2024-01-23T22:22:11.480+0000] {processor.py:830} INFO - Processing file /home/airflow/.local/lib/python3.8/site-packages/airflow/example_dags/example_nested_branch_dag.py for tasks to queue
[2024-01-23T22:22:11.481+0000] {logging_mixin.py:188} INFO - [2024-01-23T22:22:11.481+0000] {dagbag.py:538} INFO - Filling up the DagBag from /home/airflow/.local/lib/python3.8/site-packages/airflow/example_dags/example_nested_branch_dag.py
[2024-01-23T22:22:11.489+0000] {processor.py:840} INFO - DAG(s) 'example_nested_branch_dag' retrieved from /home/airflow/.local/lib/python3.8/site-packages/airflow/example_dags/example_nested_branch_dag.py
[2024-01-23T22:22:11.503+0000] {logging_mixin.py:188} INFO - [2024-01-23T22:22:11.503+0000] {dag.py:3036} INFO - Sync 1 DAGs
[2024-01-23T22:22:11.519+0000] {logging_mixin.py:188} INFO - [2024-01-23T22:22:11.519+0000] {dag.py:3823} INFO - Setting next_dagrun for example_nested_branch_dag to 2024-01-22 00:00:00+00:00, run_after=2024-01-23 00:00:00+00:00
[2024-01-23T22:22:11.534+0000] {processor.py:183} INFO - Processing /home/airflow/.local/lib/python3.8/site-packages/airflow/example_dags/example_nested_branch_dag.py took 0.058 seconds
[2024-01-23T22:22:42.495+0000] {processor.py:161} INFO - Started process (PID=352) to work on /home/airflow/.local/lib/python3.8/site-packages/airflow/example_dags/example_nested_branch_dag.py
[2024-01-23T22:22:42.496+0000] {processor.py:830} INFO - Processing file /home/airflow/.local/lib/python3.8/site-packages/airflow/example_dags/example_nested_branch_dag.py for tasks to queue
[2024-01-23T22:22:42.497+0000] {logging_mixin.py:188} INFO - [2024-01-23T22:22:42.497+0000] {dagbag.py:538} INFO - Filling up the DagBag from /home/airflow/.local/lib/python3.8/site-packages/airflow/example_dags/example_nested_branch_dag.py
[2024-01-23T22:22:42.504+0000] {processor.py:840} INFO - DAG(s) 'example_nested_branch_dag' retrieved from /home/airflow/.local/lib/python3.8/site-packages/airflow/example_dags/example_nested_branch_dag.py
[2024-01-23T22:22:42.517+0000] {logging_mixin.py:188} INFO - [2024-01-23T22:22:42.517+0000] {dag.py:3036} INFO - Sync 1 DAGs
[2024-01-23T22:22:42.531+0000] {logging_mixin.py:188} INFO - [2024-01-23T22:22:42.530+0000] {dag.py:3823} INFO - Setting next_dagrun for example_nested_branch_dag to 2024-01-22 00:00:00+00:00, run_after=2024-01-23 00:00:00+00:00
[2024-01-23T22:22:42.542+0000] {processor.py:183} INFO - Processing /home/airflow/.local/lib/python3.8/site-packages/airflow/example_dags/example_nested_branch_dag.py took 0.049 seconds
[2024-01-23T22:23:13.424+0000] {processor.py:161} INFO - Started process (PID=407) to work on /home/airflow/.local/lib/python3.8/site-packages/airflow/example_dags/example_nested_branch_dag.py
[2024-01-23T22:23:13.426+0000] {processor.py:830} INFO - Processing file /home/airflow/.local/lib/python3.8/site-packages/airflow/example_dags/example_nested_branch_dag.py for tasks to queue
[2024-01-23T22:23:13.427+0000] {logging_mixin.py:188} INFO - [2024-01-23T22:23:13.427+0000] {dagbag.py:538} INFO - Filling up the DagBag from /home/airflow/.local/lib/python3.8/site-packages/airflow/example_dags/example_nested_branch_dag.py
[2024-01-23T22:23:13.434+0000] {processor.py:840} INFO - DAG(s) 'example_nested_branch_dag' retrieved from /home/airflow/.local/lib/python3.8/site-packages/airflow/example_dags/example_nested_branch_dag.py
[2024-01-23T22:23:13.448+0000] {logging_mixin.py:188} INFO - [2024-01-23T22:23:13.448+0000] {dag.py:3036} INFO - Sync 1 DAGs
[2024-01-23T22:23:13.464+0000] {logging_mixin.py:188} INFO - [2024-01-23T22:23:13.464+0000] {dag.py:3823} INFO - Setting next_dagrun for example_nested_branch_dag to 2024-01-22 00:00:00+00:00, run_after=2024-01-23 00:00:00+00:00
[2024-01-23T22:23:13.478+0000] {processor.py:183} INFO - Processing /home/airflow/.local/lib/python3.8/site-packages/airflow/example_dags/example_nested_branch_dag.py took 0.056 seconds
[2024-01-23T22:23:43.527+0000] {processor.py:161} INFO - Started process (PID=461) to work on /home/airflow/.local/lib/python3.8/site-packages/airflow/example_dags/example_nested_branch_dag.py
[2024-01-23T22:23:43.534+0000] {processor.py:830} INFO - Processing file /home/airflow/.local/lib/python3.8/site-packages/airflow/example_dags/example_nested_branch_dag.py for tasks to queue
[2024-01-23T22:23:43.535+0000] {logging_mixin.py:188} INFO - [2024-01-23T22:23:43.535+0000] {dagbag.py:538} INFO - Filling up the DagBag from /home/airflow/.local/lib/python3.8/site-packages/airflow/example_dags/example_nested_branch_dag.py
[2024-01-23T22:23:43.542+0000] {processor.py:840} INFO - DAG(s) 'example_nested_branch_dag' retrieved from /home/airflow/.local/lib/python3.8/site-packages/airflow/example_dags/example_nested_branch_dag.py
[2024-01-23T22:23:43.555+0000] {logging_mixin.py:188} INFO - [2024-01-23T22:23:43.555+0000] {dag.py:3036} INFO - Sync 1 DAGs
[2024-01-23T22:23:43.569+0000] {logging_mixin.py:188} INFO - [2024-01-23T22:23:43.569+0000] {dag.py:3823} INFO - Setting next_dagrun for example_nested_branch_dag to 2024-01-22 00:00:00+00:00, run_after=2024-01-23 00:00:00+00:00
[2024-01-23T22:23:43.580+0000] {processor.py:183} INFO - Processing /home/airflow/.local/lib/python3.8/site-packages/airflow/example_dags/example_nested_branch_dag.py took 0.055 seconds
[2024-01-23T22:24:14.159+0000] {processor.py:161} INFO - Started process (PID=517) to work on /home/airflow/.local/lib/python3.8/site-packages/airflow/example_dags/example_nested_branch_dag.py
[2024-01-23T22:24:14.159+0000] {processor.py:830} INFO - Processing file /home/airflow/.local/lib/python3.8/site-packages/airflow/example_dags/example_nested_branch_dag.py for tasks to queue
[2024-01-23T22:24:14.161+0000] {logging_mixin.py:188} INFO - [2024-01-23T22:24:14.161+0000] {dagbag.py:538} INFO - Filling up the DagBag from /home/airflow/.local/lib/python3.8/site-packages/airflow/example_dags/example_nested_branch_dag.py
[2024-01-23T22:24:14.170+0000] {processor.py:840} INFO - DAG(s) 'example_nested_branch_dag' retrieved from /home/airflow/.local/lib/python3.8/site-packages/airflow/example_dags/example_nested_branch_dag.py
[2024-01-23T22:24:14.192+0000] {logging_mixin.py:188} INFO - [2024-01-23T22:24:14.192+0000] {dag.py:3036} INFO - Sync 1 DAGs
[2024-01-23T22:24:14.219+0000] {logging_mixin.py:188} INFO - [2024-01-23T22:24:14.218+0000] {dag.py:3823} INFO - Setting next_dagrun for example_nested_branch_dag to 2024-01-22 00:00:00+00:00, run_after=2024-01-23 00:00:00+00:00
[2024-01-23T22:24:14.236+0000] {processor.py:183} INFO - Processing /home/airflow/.local/lib/python3.8/site-packages/airflow/example_dags/example_nested_branch_dag.py took 0.080 seconds
[2024-01-23T22:24:44.480+0000] {processor.py:161} INFO - Started process (PID=572) to work on /home/airflow/.local/lib/python3.8/site-packages/airflow/example_dags/example_nested_branch_dag.py
[2024-01-23T22:24:44.483+0000] {processor.py:830} INFO - Processing file /home/airflow/.local/lib/python3.8/site-packages/airflow/example_dags/example_nested_branch_dag.py for tasks to queue
[2024-01-23T22:24:44.484+0000] {logging_mixin.py:188} INFO - [2024-01-23T22:24:44.484+0000] {dagbag.py:538} INFO - Filling up the DagBag from /home/airflow/.local/lib/python3.8/site-packages/airflow/example_dags/example_nested_branch_dag.py
[2024-01-23T22:24:44.490+0000] {processor.py:840} INFO - DAG(s) 'example_nested_branch_dag' retrieved from /home/airflow/.local/lib/python3.8/site-packages/airflow/example_dags/example_nested_branch_dag.py
[2024-01-23T22:24:44.503+0000] {logging_mixin.py:188} INFO - [2024-01-23T22:24:44.503+0000] {dag.py:3036} INFO - Sync 1 DAGs
[2024-01-23T22:24:44.517+0000] {logging_mixin.py:188} INFO - [2024-01-23T22:24:44.517+0000] {dag.py:3823} INFO - Setting next_dagrun for example_nested_branch_dag to 2024-01-22 00:00:00+00:00, run_after=2024-01-23 00:00:00+00:00
[2024-01-23T22:24:44.534+0000] {processor.py:183} INFO - Processing /home/airflow/.local/lib/python3.8/site-packages/airflow/example_dags/example_nested_branch_dag.py took 0.055 seconds
[2024-01-23T22:25:15.549+0000] {processor.py:161} INFO - Started process (PID=629) to work on /home/airflow/.local/lib/python3.8/site-packages/airflow/example_dags/example_nested_branch_dag.py
[2024-01-23T22:25:15.552+0000] {processor.py:830} INFO - Processing file /home/airflow/.local/lib/python3.8/site-packages/airflow/example_dags/example_nested_branch_dag.py for tasks to queue
[2024-01-23T22:25:15.553+0000] {logging_mixin.py:188} INFO - [2024-01-23T22:25:15.553+0000] {dagbag.py:538} INFO - Filling up the DagBag from /home/airflow/.local/lib/python3.8/site-packages/airflow/example_dags/example_nested_branch_dag.py
[2024-01-23T22:25:15.560+0000] {processor.py:840} INFO - DAG(s) 'example_nested_branch_dag' retrieved from /home/airflow/.local/lib/python3.8/site-packages/airflow/example_dags/example_nested_branch_dag.py
[2024-01-23T22:25:15.574+0000] {logging_mixin.py:188} INFO - [2024-01-23T22:25:15.574+0000] {dag.py:3036} INFO - Sync 1 DAGs
[2024-01-23T22:25:15.590+0000] {logging_mixin.py:188} INFO - [2024-01-23T22:25:15.589+0000] {dag.py:3823} INFO - Setting next_dagrun for example_nested_branch_dag to 2024-01-22 00:00:00+00:00, run_after=2024-01-23 00:00:00+00:00
[2024-01-23T22:25:15.601+0000] {processor.py:183} INFO - Processing /home/airflow/.local/lib/python3.8/site-packages/airflow/example_dags/example_nested_branch_dag.py took 0.053 seconds
[2024-01-23T22:25:45.754+0000] {processor.py:161} INFO - Started process (PID=686) to work on /home/airflow/.local/lib/python3.8/site-packages/airflow/example_dags/example_nested_branch_dag.py
[2024-01-23T22:25:45.755+0000] {processor.py:830} INFO - Processing file /home/airflow/.local/lib/python3.8/site-packages/airflow/example_dags/example_nested_branch_dag.py for tasks to queue
[2024-01-23T22:25:45.756+0000] {logging_mixin.py:188} INFO - [2024-01-23T22:25:45.756+0000] {dagbag.py:538} INFO - Filling up the DagBag from /home/airflow/.local/lib/python3.8/site-packages/airflow/example_dags/example_nested_branch_dag.py
[2024-01-23T22:25:45.762+0000] {processor.py:840} INFO - DAG(s) 'example_nested_branch_dag' retrieved from /home/airflow/.local/lib/python3.8/site-packages/airflow/example_dags/example_nested_branch_dag.py
[2024-01-23T22:25:45.777+0000] {logging_mixin.py:188} INFO - [2024-01-23T22:25:45.776+0000] {dag.py:3036} INFO - Sync 1 DAGs
[2024-01-23T22:25:45.793+0000] {logging_mixin.py:188} INFO - [2024-01-23T22:25:45.792+0000] {dag.py:3823} INFO - Setting next_dagrun for example_nested_branch_dag to 2024-01-22 00:00:00+00:00, run_after=2024-01-23 00:00:00+00:00
[2024-01-23T22:25:45.806+0000] {processor.py:183} INFO - Processing /home/airflow/.local/lib/python3.8/site-packages/airflow/example_dags/example_nested_branch_dag.py took 0.054 seconds
[2024-01-23T22:26:15.897+0000] {processor.py:161} INFO - Started process (PID=742) to work on /home/airflow/.local/lib/python3.8/site-packages/airflow/example_dags/example_nested_branch_dag.py
[2024-01-23T22:26:15.905+0000] {processor.py:830} INFO - Processing file /home/airflow/.local/lib/python3.8/site-packages/airflow/example_dags/example_nested_branch_dag.py for tasks to queue
[2024-01-23T22:26:15.906+0000] {logging_mixin.py:188} INFO - [2024-01-23T22:26:15.906+0000] {dagbag.py:538} INFO - Filling up the DagBag from /home/airflow/.local/lib/python3.8/site-packages/airflow/example_dags/example_nested_branch_dag.py
[2024-01-23T22:26:15.912+0000] {processor.py:840} INFO - DAG(s) 'example_nested_branch_dag' retrieved from /home/airflow/.local/lib/python3.8/site-packages/airflow/example_dags/example_nested_branch_dag.py
[2024-01-23T22:26:15.925+0000] {logging_mixin.py:188} INFO - [2024-01-23T22:26:15.925+0000] {dag.py:3036} INFO - Sync 1 DAGs
[2024-01-23T22:26:15.938+0000] {logging_mixin.py:188} INFO - [2024-01-23T22:26:15.938+0000] {dag.py:3823} INFO - Setting next_dagrun for example_nested_branch_dag to 2024-01-22 00:00:00+00:00, run_after=2024-01-23 00:00:00+00:00
[2024-01-23T22:26:15.949+0000] {processor.py:183} INFO - Processing /home/airflow/.local/lib/python3.8/site-packages/airflow/example_dags/example_nested_branch_dag.py took 0.054 seconds
[2024-01-23T22:26:46.379+0000] {processor.py:161} INFO - Started process (PID=800) to work on /home/airflow/.local/lib/python3.8/site-packages/airflow/example_dags/example_nested_branch_dag.py
[2024-01-23T22:26:46.380+0000] {processor.py:830} INFO - Processing file /home/airflow/.local/lib/python3.8/site-packages/airflow/example_dags/example_nested_branch_dag.py for tasks to queue
[2024-01-23T22:26:46.381+0000] {logging_mixin.py:188} INFO - [2024-01-23T22:26:46.381+0000] {dagbag.py:538} INFO - Filling up the DagBag from /home/airflow/.local/lib/python3.8/site-packages/airflow/example_dags/example_nested_branch_dag.py
[2024-01-23T22:26:46.388+0000] {processor.py:840} INFO - DAG(s) 'example_nested_branch_dag' retrieved from /home/airflow/.local/lib/python3.8/site-packages/airflow/example_dags/example_nested_branch_dag.py
[2024-01-23T22:26:46.404+0000] {logging_mixin.py:188} INFO - [2024-01-23T22:26:46.404+0000] {dag.py:3036} INFO - Sync 1 DAGs
[2024-01-23T22:26:46.427+0000] {logging_mixin.py:188} INFO - [2024-01-23T22:26:46.427+0000] {dag.py:3823} INFO - Setting next_dagrun for example_nested_branch_dag to 2024-01-22 00:00:00+00:00, run_after=2024-01-23 00:00:00+00:00
[2024-01-23T22:26:46.444+0000] {processor.py:183} INFO - Processing /home/airflow/.local/lib/python3.8/site-packages/airflow/example_dags/example_nested_branch_dag.py took 0.067 seconds
[2024-01-23T22:27:17.273+0000] {processor.py:161} INFO - Started process (PID=857) to work on /home/airflow/.local/lib/python3.8/site-packages/airflow/example_dags/example_nested_branch_dag.py
[2024-01-23T22:27:17.274+0000] {processor.py:830} INFO - Processing file /home/airflow/.local/lib/python3.8/site-packages/airflow/example_dags/example_nested_branch_dag.py for tasks to queue
[2024-01-23T22:27:17.275+0000] {logging_mixin.py:188} INFO - [2024-01-23T22:27:17.275+0000] {dagbag.py:538} INFO - Filling up the DagBag from /home/airflow/.local/lib/python3.8/site-packages/airflow/example_dags/example_nested_branch_dag.py
[2024-01-23T22:27:17.281+0000] {processor.py:840} INFO - DAG(s) 'example_nested_branch_dag' retrieved from /home/airflow/.local/lib/python3.8/site-packages/airflow/example_dags/example_nested_branch_dag.py
[2024-01-23T22:27:17.389+0000] {logging_mixin.py:188} INFO - [2024-01-23T22:27:17.389+0000] {dag.py:3036} INFO - Sync 1 DAGs
[2024-01-23T22:27:17.400+0000] {logging_mixin.py:188} INFO - [2024-01-23T22:27:17.400+0000] {dag.py:3058} INFO - Creating ORM DAG for example_nested_branch_dag
[2024-01-23T22:27:17.412+0000] {logging_mixin.py:188} INFO - [2024-01-23T22:27:17.412+0000] {dag.py:3823} INFO - Setting next_dagrun for example_nested_branch_dag to 2024-01-22 00:00:00+00:00, run_after=2024-01-23 00:00:00+00:00
[2024-01-23T22:27:17.434+0000] {processor.py:183} INFO - Processing /home/airflow/.local/lib/python3.8/site-packages/airflow/example_dags/example_nested_branch_dag.py took 0.164 seconds
[2024-01-23T22:27:47.633+0000] {processor.py:161} INFO - Started process (PID=914) to work on /home/airflow/.local/lib/python3.8/site-packages/airflow/example_dags/example_nested_branch_dag.py
[2024-01-23T22:27:47.638+0000] {processor.py:830} INFO - Processing file /home/airflow/.local/lib/python3.8/site-packages/airflow/example_dags/example_nested_branch_dag.py for tasks to queue
[2024-01-23T22:27:47.640+0000] {logging_mixin.py:188} INFO - [2024-01-23T22:27:47.639+0000] {dagbag.py:538} INFO - Filling up the DagBag from /home/airflow/.local/lib/python3.8/site-packages/airflow/example_dags/example_nested_branch_dag.py
[2024-01-23T22:27:47.649+0000] {processor.py:840} INFO - DAG(s) 'example_nested_branch_dag' retrieved from /home/airflow/.local/lib/python3.8/site-packages/airflow/example_dags/example_nested_branch_dag.py
[2024-01-23T22:27:47.674+0000] {logging_mixin.py:188} INFO - [2024-01-23T22:27:47.673+0000] {dag.py:3036} INFO - Sync 1 DAGs
[2024-01-23T22:27:47.698+0000] {logging_mixin.py:188} INFO - [2024-01-23T22:27:47.697+0000] {dag.py:3823} INFO - Setting next_dagrun for example_nested_branch_dag to 2024-01-22 00:00:00+00:00, run_after=2024-01-23 00:00:00+00:00
[2024-01-23T22:27:47.719+0000] {processor.py:183} INFO - Processing /home/airflow/.local/lib/python3.8/site-packages/airflow/example_dags/example_nested_branch_dag.py took 0.089 seconds
[2024-01-23T22:28:18.718+0000] {processor.py:161} INFO - Started process (PID=971) to work on /home/airflow/.local/lib/python3.8/site-packages/airflow/example_dags/example_nested_branch_dag.py
[2024-01-23T22:28:18.721+0000] {processor.py:830} INFO - Processing file /home/airflow/.local/lib/python3.8/site-packages/airflow/example_dags/example_nested_branch_dag.py for tasks to queue
[2024-01-23T22:28:18.722+0000] {logging_mixin.py:188} INFO - [2024-01-23T22:28:18.722+0000] {dagbag.py:538} INFO - Filling up the DagBag from /home/airflow/.local/lib/python3.8/site-packages/airflow/example_dags/example_nested_branch_dag.py
[2024-01-23T22:28:18.728+0000] {processor.py:840} INFO - DAG(s) 'example_nested_branch_dag' retrieved from /home/airflow/.local/lib/python3.8/site-packages/airflow/example_dags/example_nested_branch_dag.py
[2024-01-23T22:28:18.744+0000] {logging_mixin.py:188} INFO - [2024-01-23T22:28:18.744+0000] {dag.py:3036} INFO - Sync 1 DAGs
[2024-01-23T22:28:18.764+0000] {logging_mixin.py:188} INFO - [2024-01-23T22:28:18.764+0000] {dag.py:3823} INFO - Setting next_dagrun for example_nested_branch_dag to 2024-01-22 00:00:00+00:00, run_after=2024-01-23 00:00:00+00:00
[2024-01-23T22:28:18.780+0000] {processor.py:183} INFO - Processing /home/airflow/.local/lib/python3.8/site-packages/airflow/example_dags/example_nested_branch_dag.py took 0.064 seconds
[2024-01-23T22:28:48.992+0000] {processor.py:161} INFO - Started process (PID=1028) to work on /home/airflow/.local/lib/python3.8/site-packages/airflow/example_dags/example_nested_branch_dag.py
[2024-01-23T22:28:48.995+0000] {processor.py:830} INFO - Processing file /home/airflow/.local/lib/python3.8/site-packages/airflow/example_dags/example_nested_branch_dag.py for tasks to queue
[2024-01-23T22:28:48.997+0000] {logging_mixin.py:188} INFO - [2024-01-23T22:28:48.996+0000] {dagbag.py:538} INFO - Filling up the DagBag from /home/airflow/.local/lib/python3.8/site-packages/airflow/example_dags/example_nested_branch_dag.py
[2024-01-23T22:28:49.008+0000] {processor.py:840} INFO - DAG(s) 'example_nested_branch_dag' retrieved from /home/airflow/.local/lib/python3.8/site-packages/airflow/example_dags/example_nested_branch_dag.py
[2024-01-23T22:28:49.020+0000] {logging_mixin.py:188} INFO - [2024-01-23T22:28:49.020+0000] {dag.py:3036} INFO - Sync 1 DAGs
[2024-01-23T22:28:49.034+0000] {logging_mixin.py:188} INFO - [2024-01-23T22:28:49.034+0000] {dag.py:3823} INFO - Setting next_dagrun for example_nested_branch_dag to 2024-01-22 00:00:00+00:00, run_after=2024-01-23 00:00:00+00:00
[2024-01-23T22:28:49.045+0000] {processor.py:183} INFO - Processing /home/airflow/.local/lib/python3.8/site-packages/airflow/example_dags/example_nested_branch_dag.py took 0.056 seconds
[2024-01-23T22:29:19.277+0000] {processor.py:161} INFO - Started process (PID=1085) to work on /home/airflow/.local/lib/python3.8/site-packages/airflow/example_dags/example_nested_branch_dag.py
[2024-01-23T22:29:19.278+0000] {processor.py:830} INFO - Processing file /home/airflow/.local/lib/python3.8/site-packages/airflow/example_dags/example_nested_branch_dag.py for tasks to queue
[2024-01-23T22:29:19.279+0000] {logging_mixin.py:188} INFO - [2024-01-23T22:29:19.279+0000] {dagbag.py:538} INFO - Filling up the DagBag from /home/airflow/.local/lib/python3.8/site-packages/airflow/example_dags/example_nested_branch_dag.py
[2024-01-23T22:29:19.285+0000] {processor.py:840} INFO - DAG(s) 'example_nested_branch_dag' retrieved from /home/airflow/.local/lib/python3.8/site-packages/airflow/example_dags/example_nested_branch_dag.py
[2024-01-23T22:29:19.303+0000] {logging_mixin.py:188} INFO - [2024-01-23T22:29:19.302+0000] {dag.py:3036} INFO - Sync 1 DAGs
[2024-01-23T22:29:19.325+0000] {logging_mixin.py:188} INFO - [2024-01-23T22:29:19.325+0000] {dag.py:3823} INFO - Setting next_dagrun for example_nested_branch_dag to 2024-01-22 00:00:00+00:00, run_after=2024-01-23 00:00:00+00:00
[2024-01-23T22:29:19.344+0000] {processor.py:183} INFO - Processing /home/airflow/.local/lib/python3.8/site-packages/airflow/example_dags/example_nested_branch_dag.py took 0.068 seconds
[2024-01-23T22:29:49.439+0000] {processor.py:161} INFO - Started process (PID=1141) to work on /home/airflow/.local/lib/python3.8/site-packages/airflow/example_dags/example_nested_branch_dag.py
[2024-01-23T22:29:49.440+0000] {processor.py:830} INFO - Processing file /home/airflow/.local/lib/python3.8/site-packages/airflow/example_dags/example_nested_branch_dag.py for tasks to queue
[2024-01-23T22:29:49.442+0000] {logging_mixin.py:188} INFO - [2024-01-23T22:29:49.441+0000] {dagbag.py:538} INFO - Filling up the DagBag from /home/airflow/.local/lib/python3.8/site-packages/airflow/example_dags/example_nested_branch_dag.py
[2024-01-23T22:29:49.449+0000] {processor.py:840} INFO - DAG(s) 'example_nested_branch_dag' retrieved from /home/airflow/.local/lib/python3.8/site-packages/airflow/example_dags/example_nested_branch_dag.py
[2024-01-23T22:29:49.462+0000] {logging_mixin.py:188} INFO - [2024-01-23T22:29:49.462+0000] {dag.py:3036} INFO - Sync 1 DAGs
[2024-01-23T22:29:49.476+0000] {logging_mixin.py:188} INFO - [2024-01-23T22:29:49.475+0000] {dag.py:3823} INFO - Setting next_dagrun for example_nested_branch_dag to 2024-01-22 00:00:00+00:00, run_after=2024-01-23 00:00:00+00:00
[2024-01-23T22:29:49.487+0000] {processor.py:183} INFO - Processing /home/airflow/.local/lib/python3.8/site-packages/airflow/example_dags/example_nested_branch_dag.py took 0.052 seconds
