[2024-01-23T22:20:08.481+0000] {processor.py:161} INFO - Started process (PID=76) to work on /home/airflow/.local/lib/python3.8/site-packages/airflow/example_dags/example_time_delta_sensor_async.py
[2024-01-23T22:20:08.482+0000] {processor.py:830} INFO - Processing file /home/airflow/.local/lib/python3.8/site-packages/airflow/example_dags/example_time_delta_sensor_async.py for tasks to queue
[2024-01-23T22:20:08.482+0000] {logging_mixin.py:188} INFO - [2024-01-23T22:20:08.482+0000] {dagbag.py:538} INFO - Filling up the DagBag from /home/airflow/.local/lib/python3.8/site-packages/airflow/example_dags/example_time_delta_sensor_async.py
[2024-01-23T22:20:08.486+0000] {processor.py:840} INFO - DAG(s) 'example_time_delta_sensor_async' retrieved from /home/airflow/.local/lib/python3.8/site-packages/airflow/example_dags/example_time_delta_sensor_async.py
[2024-01-23T22:20:08.549+0000] {logging_mixin.py:188} INFO - [2024-01-23T22:20:08.549+0000] {override.py:1769} INFO - Created Permission View: can delete on DAG:example_time_delta_sensor_async
[2024-01-23T22:20:08.556+0000] {logging_mixin.py:188} INFO - [2024-01-23T22:20:08.555+0000] {override.py:1769} INFO - Created Permission View: can edit on DAG:example_time_delta_sensor_async
[2024-01-23T22:20:08.560+0000] {logging_mixin.py:188} INFO - [2024-01-23T22:20:08.559+0000] {override.py:1769} INFO - Created Permission View: can read on DAG:example_time_delta_sensor_async
[2024-01-23T22:20:08.560+0000] {logging_mixin.py:188} INFO - [2024-01-23T22:20:08.560+0000] {dag.py:3036} INFO - Sync 1 DAGs
[2024-01-23T22:20:08.566+0000] {logging_mixin.py:188} INFO - [2024-01-23T22:20:08.566+0000] {dag.py:3058} INFO - Creating ORM DAG for example_time_delta_sensor_async
[2024-01-23T22:20:08.567+0000] {logging_mixin.py:188} INFO - [2024-01-23T22:20:08.567+0000] {dag.py:3823} INFO - Setting next_dagrun for example_time_delta_sensor_async to None, run_after=None
[2024-01-23T22:20:08.576+0000] {processor.py:183} INFO - Processing /home/airflow/.local/lib/python3.8/site-packages/airflow/example_dags/example_time_delta_sensor_async.py took 0.097 seconds
[2024-01-23T22:20:38.995+0000] {processor.py:161} INFO - Started process (PID=131) to work on /home/airflow/.local/lib/python3.8/site-packages/airflow/example_dags/example_time_delta_sensor_async.py
[2024-01-23T22:20:38.996+0000] {processor.py:830} INFO - Processing file /home/airflow/.local/lib/python3.8/site-packages/airflow/example_dags/example_time_delta_sensor_async.py for tasks to queue
[2024-01-23T22:20:38.997+0000] {logging_mixin.py:188} INFO - [2024-01-23T22:20:38.996+0000] {dagbag.py:538} INFO - Filling up the DagBag from /home/airflow/.local/lib/python3.8/site-packages/airflow/example_dags/example_time_delta_sensor_async.py
[2024-01-23T22:20:38.999+0000] {processor.py:840} INFO - DAG(s) 'example_time_delta_sensor_async' retrieved from /home/airflow/.local/lib/python3.8/site-packages/airflow/example_dags/example_time_delta_sensor_async.py
[2024-01-23T22:20:39.011+0000] {logging_mixin.py:188} INFO - [2024-01-23T22:20:39.011+0000] {dag.py:3036} INFO - Sync 1 DAGs
[2024-01-23T22:20:39.018+0000] {logging_mixin.py:188} INFO - [2024-01-23T22:20:39.018+0000] {dag.py:3823} INFO - Setting next_dagrun for example_time_delta_sensor_async to None, run_after=None
[2024-01-23T22:20:39.028+0000] {processor.py:183} INFO - Processing /home/airflow/.local/lib/python3.8/site-packages/airflow/example_dags/example_time_delta_sensor_async.py took 0.035 seconds
[2024-01-23T22:21:09.653+0000] {processor.py:161} INFO - Started process (PID=185) to work on /home/airflow/.local/lib/python3.8/site-packages/airflow/example_dags/example_time_delta_sensor_async.py
[2024-01-23T22:21:09.654+0000] {processor.py:830} INFO - Processing file /home/airflow/.local/lib/python3.8/site-packages/airflow/example_dags/example_time_delta_sensor_async.py for tasks to queue
[2024-01-23T22:21:09.655+0000] {logging_mixin.py:188} INFO - [2024-01-23T22:21:09.655+0000] {dagbag.py:538} INFO - Filling up the DagBag from /home/airflow/.local/lib/python3.8/site-packages/airflow/example_dags/example_time_delta_sensor_async.py
[2024-01-23T22:21:09.657+0000] {processor.py:840} INFO - DAG(s) 'example_time_delta_sensor_async' retrieved from /home/airflow/.local/lib/python3.8/site-packages/airflow/example_dags/example_time_delta_sensor_async.py
[2024-01-23T22:21:09.669+0000] {logging_mixin.py:188} INFO - [2024-01-23T22:21:09.668+0000] {dag.py:3036} INFO - Sync 1 DAGs
[2024-01-23T22:21:09.675+0000] {logging_mixin.py:188} INFO - [2024-01-23T22:21:09.675+0000] {dag.py:3823} INFO - Setting next_dagrun for example_time_delta_sensor_async to None, run_after=None
[2024-01-23T22:21:09.686+0000] {processor.py:183} INFO - Processing /home/airflow/.local/lib/python3.8/site-packages/airflow/example_dags/example_time_delta_sensor_async.py took 0.034 seconds
[2024-01-23T22:21:40.323+0000] {processor.py:161} INFO - Started process (PID=240) to work on /home/airflow/.local/lib/python3.8/site-packages/airflow/example_dags/example_time_delta_sensor_async.py
[2024-01-23T22:21:40.324+0000] {processor.py:830} INFO - Processing file /home/airflow/.local/lib/python3.8/site-packages/airflow/example_dags/example_time_delta_sensor_async.py for tasks to queue
[2024-01-23T22:21:40.325+0000] {logging_mixin.py:188} INFO - [2024-01-23T22:21:40.324+0000] {dagbag.py:538} INFO - Filling up the DagBag from /home/airflow/.local/lib/python3.8/site-packages/airflow/example_dags/example_time_delta_sensor_async.py
[2024-01-23T22:21:40.327+0000] {processor.py:840} INFO - DAG(s) 'example_time_delta_sensor_async' retrieved from /home/airflow/.local/lib/python3.8/site-packages/airflow/example_dags/example_time_delta_sensor_async.py
[2024-01-23T22:21:40.339+0000] {logging_mixin.py:188} INFO - [2024-01-23T22:21:40.338+0000] {dag.py:3036} INFO - Sync 1 DAGs
[2024-01-23T22:21:40.345+0000] {logging_mixin.py:188} INFO - [2024-01-23T22:21:40.345+0000] {dag.py:3823} INFO - Setting next_dagrun for example_time_delta_sensor_async to None, run_after=None
[2024-01-23T22:21:40.355+0000] {processor.py:183} INFO - Processing /home/airflow/.local/lib/python3.8/site-packages/airflow/example_dags/example_time_delta_sensor_async.py took 0.034 seconds
[2024-01-23T22:22:11.388+0000] {processor.py:161} INFO - Started process (PID=296) to work on /home/airflow/.local/lib/python3.8/site-packages/airflow/example_dags/example_time_delta_sensor_async.py
[2024-01-23T22:22:11.389+0000] {processor.py:830} INFO - Processing file /home/airflow/.local/lib/python3.8/site-packages/airflow/example_dags/example_time_delta_sensor_async.py for tasks to queue
[2024-01-23T22:22:11.390+0000] {logging_mixin.py:188} INFO - [2024-01-23T22:22:11.390+0000] {dagbag.py:538} INFO - Filling up the DagBag from /home/airflow/.local/lib/python3.8/site-packages/airflow/example_dags/example_time_delta_sensor_async.py
[2024-01-23T22:22:11.394+0000] {processor.py:840} INFO - DAG(s) 'example_time_delta_sensor_async' retrieved from /home/airflow/.local/lib/python3.8/site-packages/airflow/example_dags/example_time_delta_sensor_async.py
[2024-01-23T22:22:11.417+0000] {logging_mixin.py:188} INFO - [2024-01-23T22:22:11.417+0000] {dag.py:3036} INFO - Sync 1 DAGs
[2024-01-23T22:22:11.427+0000] {logging_mixin.py:188} INFO - [2024-01-23T22:22:11.427+0000] {dag.py:3823} INFO - Setting next_dagrun for example_time_delta_sensor_async to None, run_after=None
[2024-01-23T22:22:11.448+0000] {processor.py:183} INFO - Processing /home/airflow/.local/lib/python3.8/site-packages/airflow/example_dags/example_time_delta_sensor_async.py took 0.063 seconds
[2024-01-23T22:22:41.478+0000] {processor.py:161} INFO - Started process (PID=350) to work on /home/airflow/.local/lib/python3.8/site-packages/airflow/example_dags/example_time_delta_sensor_async.py
[2024-01-23T22:22:41.479+0000] {processor.py:830} INFO - Processing file /home/airflow/.local/lib/python3.8/site-packages/airflow/example_dags/example_time_delta_sensor_async.py for tasks to queue
[2024-01-23T22:22:41.480+0000] {logging_mixin.py:188} INFO - [2024-01-23T22:22:41.480+0000] {dagbag.py:538} INFO - Filling up the DagBag from /home/airflow/.local/lib/python3.8/site-packages/airflow/example_dags/example_time_delta_sensor_async.py
[2024-01-23T22:22:41.482+0000] {processor.py:840} INFO - DAG(s) 'example_time_delta_sensor_async' retrieved from /home/airflow/.local/lib/python3.8/site-packages/airflow/example_dags/example_time_delta_sensor_async.py
[2024-01-23T22:22:41.496+0000] {logging_mixin.py:188} INFO - [2024-01-23T22:22:41.496+0000] {dag.py:3036} INFO - Sync 1 DAGs
[2024-01-23T22:22:41.506+0000] {logging_mixin.py:188} INFO - [2024-01-23T22:22:41.506+0000] {dag.py:3823} INFO - Setting next_dagrun for example_time_delta_sensor_async to None, run_after=None
[2024-01-23T22:22:41.520+0000] {processor.py:183} INFO - Processing /home/airflow/.local/lib/python3.8/site-packages/airflow/example_dags/example_time_delta_sensor_async.py took 0.046 seconds
[2024-01-23T22:23:12.404+0000] {processor.py:161} INFO - Started process (PID=405) to work on /home/airflow/.local/lib/python3.8/site-packages/airflow/example_dags/example_time_delta_sensor_async.py
[2024-01-23T22:23:12.404+0000] {processor.py:830} INFO - Processing file /home/airflow/.local/lib/python3.8/site-packages/airflow/example_dags/example_time_delta_sensor_async.py for tasks to queue
[2024-01-23T22:23:12.406+0000] {logging_mixin.py:188} INFO - [2024-01-23T22:23:12.405+0000] {dagbag.py:538} INFO - Filling up the DagBag from /home/airflow/.local/lib/python3.8/site-packages/airflow/example_dags/example_time_delta_sensor_async.py
[2024-01-23T22:23:12.408+0000] {processor.py:840} INFO - DAG(s) 'example_time_delta_sensor_async' retrieved from /home/airflow/.local/lib/python3.8/site-packages/airflow/example_dags/example_time_delta_sensor_async.py
[2024-01-23T22:23:12.421+0000] {logging_mixin.py:188} INFO - [2024-01-23T22:23:12.421+0000] {dag.py:3036} INFO - Sync 1 DAGs
[2024-01-23T22:23:12.428+0000] {logging_mixin.py:188} INFO - [2024-01-23T22:23:12.428+0000] {dag.py:3823} INFO - Setting next_dagrun for example_time_delta_sensor_async to None, run_after=None
[2024-01-23T22:23:12.440+0000] {processor.py:183} INFO - Processing /home/airflow/.local/lib/python3.8/site-packages/airflow/example_dags/example_time_delta_sensor_async.py took 0.039 seconds
[2024-01-23T22:23:42.470+0000] {processor.py:161} INFO - Started process (PID=460) to work on /home/airflow/.local/lib/python3.8/site-packages/airflow/example_dags/example_time_delta_sensor_async.py
[2024-01-23T22:23:42.471+0000] {processor.py:830} INFO - Processing file /home/airflow/.local/lib/python3.8/site-packages/airflow/example_dags/example_time_delta_sensor_async.py for tasks to queue
[2024-01-23T22:23:42.472+0000] {logging_mixin.py:188} INFO - [2024-01-23T22:23:42.472+0000] {dagbag.py:538} INFO - Filling up the DagBag from /home/airflow/.local/lib/python3.8/site-packages/airflow/example_dags/example_time_delta_sensor_async.py
[2024-01-23T22:23:42.475+0000] {processor.py:840} INFO - DAG(s) 'example_time_delta_sensor_async' retrieved from /home/airflow/.local/lib/python3.8/site-packages/airflow/example_dags/example_time_delta_sensor_async.py
[2024-01-23T22:23:42.488+0000] {logging_mixin.py:188} INFO - [2024-01-23T22:23:42.487+0000] {dag.py:3036} INFO - Sync 1 DAGs
[2024-01-23T22:23:42.495+0000] {logging_mixin.py:188} INFO - [2024-01-23T22:23:42.495+0000] {dag.py:3823} INFO - Setting next_dagrun for example_time_delta_sensor_async to None, run_after=None
[2024-01-23T22:23:42.506+0000] {processor.py:183} INFO - Processing /home/airflow/.local/lib/python3.8/site-packages/airflow/example_dags/example_time_delta_sensor_async.py took 0.038 seconds
[2024-01-23T22:24:13.133+0000] {processor.py:161} INFO - Started process (PID=515) to work on /home/airflow/.local/lib/python3.8/site-packages/airflow/example_dags/example_time_delta_sensor_async.py
[2024-01-23T22:24:13.134+0000] {processor.py:830} INFO - Processing file /home/airflow/.local/lib/python3.8/site-packages/airflow/example_dags/example_time_delta_sensor_async.py for tasks to queue
[2024-01-23T22:24:13.135+0000] {logging_mixin.py:188} INFO - [2024-01-23T22:24:13.135+0000] {dagbag.py:538} INFO - Filling up the DagBag from /home/airflow/.local/lib/python3.8/site-packages/airflow/example_dags/example_time_delta_sensor_async.py
[2024-01-23T22:24:13.138+0000] {processor.py:840} INFO - DAG(s) 'example_time_delta_sensor_async' retrieved from /home/airflow/.local/lib/python3.8/site-packages/airflow/example_dags/example_time_delta_sensor_async.py
[2024-01-23T22:24:13.151+0000] {logging_mixin.py:188} INFO - [2024-01-23T22:24:13.150+0000] {dag.py:3036} INFO - Sync 1 DAGs
[2024-01-23T22:24:13.158+0000] {logging_mixin.py:188} INFO - [2024-01-23T22:24:13.158+0000] {dag.py:3823} INFO - Setting next_dagrun for example_time_delta_sensor_async to None, run_after=None
[2024-01-23T22:24:13.170+0000] {processor.py:183} INFO - Processing /home/airflow/.local/lib/python3.8/site-packages/airflow/example_dags/example_time_delta_sensor_async.py took 0.040 seconds
[2024-01-23T22:24:43.404+0000] {processor.py:161} INFO - Started process (PID=570) to work on /home/airflow/.local/lib/python3.8/site-packages/airflow/example_dags/example_time_delta_sensor_async.py
[2024-01-23T22:24:43.405+0000] {processor.py:830} INFO - Processing file /home/airflow/.local/lib/python3.8/site-packages/airflow/example_dags/example_time_delta_sensor_async.py for tasks to queue
[2024-01-23T22:24:43.406+0000] {logging_mixin.py:188} INFO - [2024-01-23T22:24:43.406+0000] {dagbag.py:538} INFO - Filling up the DagBag from /home/airflow/.local/lib/python3.8/site-packages/airflow/example_dags/example_time_delta_sensor_async.py
[2024-01-23T22:24:43.410+0000] {processor.py:840} INFO - DAG(s) 'example_time_delta_sensor_async' retrieved from /home/airflow/.local/lib/python3.8/site-packages/airflow/example_dags/example_time_delta_sensor_async.py
[2024-01-23T22:24:43.423+0000] {logging_mixin.py:188} INFO - [2024-01-23T22:24:43.423+0000] {dag.py:3036} INFO - Sync 1 DAGs
[2024-01-23T22:24:43.433+0000] {logging_mixin.py:188} INFO - [2024-01-23T22:24:43.433+0000] {dag.py:3823} INFO - Setting next_dagrun for example_time_delta_sensor_async to None, run_after=None
[2024-01-23T22:24:43.447+0000] {processor.py:183} INFO - Processing /home/airflow/.local/lib/python3.8/site-packages/airflow/example_dags/example_time_delta_sensor_async.py took 0.045 seconds
[2024-01-23T22:25:13.476+0000] {processor.py:161} INFO - Started process (PID=627) to work on /home/airflow/.local/lib/python3.8/site-packages/airflow/example_dags/example_time_delta_sensor_async.py
[2024-01-23T22:25:13.477+0000] {processor.py:830} INFO - Processing file /home/airflow/.local/lib/python3.8/site-packages/airflow/example_dags/example_time_delta_sensor_async.py for tasks to queue
[2024-01-23T22:25:13.478+0000] {logging_mixin.py:188} INFO - [2024-01-23T22:25:13.478+0000] {dagbag.py:538} INFO - Filling up the DagBag from /home/airflow/.local/lib/python3.8/site-packages/airflow/example_dags/example_time_delta_sensor_async.py
[2024-01-23T22:25:13.480+0000] {processor.py:840} INFO - DAG(s) 'example_time_delta_sensor_async' retrieved from /home/airflow/.local/lib/python3.8/site-packages/airflow/example_dags/example_time_delta_sensor_async.py
[2024-01-23T22:25:13.495+0000] {logging_mixin.py:188} INFO - [2024-01-23T22:25:13.495+0000] {dag.py:3036} INFO - Sync 1 DAGs
[2024-01-23T22:25:13.502+0000] {logging_mixin.py:188} INFO - [2024-01-23T22:25:13.502+0000] {dag.py:3823} INFO - Setting next_dagrun for example_time_delta_sensor_async to None, run_after=None
[2024-01-23T22:25:13.516+0000] {processor.py:183} INFO - Processing /home/airflow/.local/lib/python3.8/site-packages/airflow/example_dags/example_time_delta_sensor_async.py took 0.041 seconds
[2024-01-23T22:25:43.735+0000] {processor.py:161} INFO - Started process (PID=684) to work on /home/airflow/.local/lib/python3.8/site-packages/airflow/example_dags/example_time_delta_sensor_async.py
[2024-01-23T22:25:43.736+0000] {processor.py:830} INFO - Processing file /home/airflow/.local/lib/python3.8/site-packages/airflow/example_dags/example_time_delta_sensor_async.py for tasks to queue
[2024-01-23T22:25:43.736+0000] {logging_mixin.py:188} INFO - [2024-01-23T22:25:43.736+0000] {dagbag.py:538} INFO - Filling up the DagBag from /home/airflow/.local/lib/python3.8/site-packages/airflow/example_dags/example_time_delta_sensor_async.py
[2024-01-23T22:25:43.739+0000] {processor.py:840} INFO - DAG(s) 'example_time_delta_sensor_async' retrieved from /home/airflow/.local/lib/python3.8/site-packages/airflow/example_dags/example_time_delta_sensor_async.py
[2024-01-23T22:25:43.751+0000] {logging_mixin.py:188} INFO - [2024-01-23T22:25:43.750+0000] {dag.py:3036} INFO - Sync 1 DAGs
[2024-01-23T22:25:43.758+0000] {logging_mixin.py:188} INFO - [2024-01-23T22:25:43.757+0000] {dag.py:3823} INFO - Setting next_dagrun for example_time_delta_sensor_async to None, run_after=None
[2024-01-23T22:25:43.768+0000] {processor.py:183} INFO - Processing /home/airflow/.local/lib/python3.8/site-packages/airflow/example_dags/example_time_delta_sensor_async.py took 0.034 seconds
[2024-01-23T22:26:13.882+0000] {processor.py:161} INFO - Started process (PID=741) to work on /home/airflow/.local/lib/python3.8/site-packages/airflow/example_dags/example_time_delta_sensor_async.py
[2024-01-23T22:26:13.883+0000] {processor.py:830} INFO - Processing file /home/airflow/.local/lib/python3.8/site-packages/airflow/example_dags/example_time_delta_sensor_async.py for tasks to queue
[2024-01-23T22:26:13.884+0000] {logging_mixin.py:188} INFO - [2024-01-23T22:26:13.884+0000] {dagbag.py:538} INFO - Filling up the DagBag from /home/airflow/.local/lib/python3.8/site-packages/airflow/example_dags/example_time_delta_sensor_async.py
[2024-01-23T22:26:13.889+0000] {processor.py:840} INFO - DAG(s) 'example_time_delta_sensor_async' retrieved from /home/airflow/.local/lib/python3.8/site-packages/airflow/example_dags/example_time_delta_sensor_async.py
[2024-01-23T22:26:13.905+0000] {logging_mixin.py:188} INFO - [2024-01-23T22:26:13.905+0000] {dag.py:3036} INFO - Sync 1 DAGs
[2024-01-23T22:26:13.915+0000] {logging_mixin.py:188} INFO - [2024-01-23T22:26:13.915+0000] {dag.py:3823} INFO - Setting next_dagrun for example_time_delta_sensor_async to None, run_after=None
[2024-01-23T22:26:13.929+0000] {processor.py:183} INFO - Processing /home/airflow/.local/lib/python3.8/site-packages/airflow/example_dags/example_time_delta_sensor_async.py took 0.049 seconds
[2024-01-23T22:26:44.289+0000] {processor.py:161} INFO - Started process (PID=798) to work on /home/airflow/.local/lib/python3.8/site-packages/airflow/example_dags/example_time_delta_sensor_async.py
[2024-01-23T22:26:44.290+0000] {processor.py:830} INFO - Processing file /home/airflow/.local/lib/python3.8/site-packages/airflow/example_dags/example_time_delta_sensor_async.py for tasks to queue
[2024-01-23T22:26:44.292+0000] {logging_mixin.py:188} INFO - [2024-01-23T22:26:44.292+0000] {dagbag.py:538} INFO - Filling up the DagBag from /home/airflow/.local/lib/python3.8/site-packages/airflow/example_dags/example_time_delta_sensor_async.py
[2024-01-23T22:26:44.296+0000] {processor.py:840} INFO - DAG(s) 'example_time_delta_sensor_async' retrieved from /home/airflow/.local/lib/python3.8/site-packages/airflow/example_dags/example_time_delta_sensor_async.py
[2024-01-23T22:26:44.320+0000] {logging_mixin.py:188} INFO - [2024-01-23T22:26:44.319+0000] {dag.py:3036} INFO - Sync 1 DAGs
[2024-01-23T22:26:44.330+0000] {logging_mixin.py:188} INFO - [2024-01-23T22:26:44.330+0000] {dag.py:3823} INFO - Setting next_dagrun for example_time_delta_sensor_async to None, run_after=None
[2024-01-23T22:26:44.349+0000] {processor.py:183} INFO - Processing /home/airflow/.local/lib/python3.8/site-packages/airflow/example_dags/example_time_delta_sensor_async.py took 0.063 seconds
[2024-01-23T22:27:15.251+0000] {processor.py:161} INFO - Started process (PID=855) to work on /home/airflow/.local/lib/python3.8/site-packages/airflow/example_dags/example_time_delta_sensor_async.py
[2024-01-23T22:27:15.252+0000] {processor.py:830} INFO - Processing file /home/airflow/.local/lib/python3.8/site-packages/airflow/example_dags/example_time_delta_sensor_async.py for tasks to queue
[2024-01-23T22:27:15.253+0000] {logging_mixin.py:188} INFO - [2024-01-23T22:27:15.253+0000] {dagbag.py:538} INFO - Filling up the DagBag from /home/airflow/.local/lib/python3.8/site-packages/airflow/example_dags/example_time_delta_sensor_async.py
[2024-01-23T22:27:15.257+0000] {processor.py:840} INFO - DAG(s) 'example_time_delta_sensor_async' retrieved from /home/airflow/.local/lib/python3.8/site-packages/airflow/example_dags/example_time_delta_sensor_async.py
[2024-01-23T22:27:15.270+0000] {logging_mixin.py:188} INFO - [2024-01-23T22:27:15.270+0000] {dag.py:3036} INFO - Sync 1 DAGs
[2024-01-23T22:27:15.278+0000] {logging_mixin.py:188} INFO - [2024-01-23T22:27:15.277+0000] {dag.py:3823} INFO - Setting next_dagrun for example_time_delta_sensor_async to None, run_after=None
[2024-01-23T22:27:15.290+0000] {processor.py:183} INFO - Processing /home/airflow/.local/lib/python3.8/site-packages/airflow/example_dags/example_time_delta_sensor_async.py took 0.042 seconds
[2024-01-23T22:27:45.603+0000] {processor.py:161} INFO - Started process (PID=912) to work on /home/airflow/.local/lib/python3.8/site-packages/airflow/example_dags/example_time_delta_sensor_async.py
[2024-01-23T22:27:45.603+0000] {processor.py:830} INFO - Processing file /home/airflow/.local/lib/python3.8/site-packages/airflow/example_dags/example_time_delta_sensor_async.py for tasks to queue
[2024-01-23T22:27:45.605+0000] {logging_mixin.py:188} INFO - [2024-01-23T22:27:45.604+0000] {dagbag.py:538} INFO - Filling up the DagBag from /home/airflow/.local/lib/python3.8/site-packages/airflow/example_dags/example_time_delta_sensor_async.py
[2024-01-23T22:27:45.608+0000] {processor.py:840} INFO - DAG(s) 'example_time_delta_sensor_async' retrieved from /home/airflow/.local/lib/python3.8/site-packages/airflow/example_dags/example_time_delta_sensor_async.py
[2024-01-23T22:27:45.620+0000] {logging_mixin.py:188} INFO - [2024-01-23T22:27:45.619+0000] {dag.py:3036} INFO - Sync 1 DAGs
[2024-01-23T22:27:45.628+0000] {logging_mixin.py:188} INFO - [2024-01-23T22:27:45.627+0000] {dag.py:3823} INFO - Setting next_dagrun for example_time_delta_sensor_async to None, run_after=None
[2024-01-23T22:27:45.640+0000] {processor.py:183} INFO - Processing /home/airflow/.local/lib/python3.8/site-packages/airflow/example_dags/example_time_delta_sensor_async.py took 0.039 seconds
[2024-01-23T22:28:15.668+0000] {processor.py:161} INFO - Started process (PID=969) to work on /home/airflow/.local/lib/python3.8/site-packages/airflow/example_dags/example_time_delta_sensor_async.py
[2024-01-23T22:28:15.669+0000] {processor.py:830} INFO - Processing file /home/airflow/.local/lib/python3.8/site-packages/airflow/example_dags/example_time_delta_sensor_async.py for tasks to queue
[2024-01-23T22:28:15.670+0000] {logging_mixin.py:188} INFO - [2024-01-23T22:28:15.670+0000] {dagbag.py:538} INFO - Filling up the DagBag from /home/airflow/.local/lib/python3.8/site-packages/airflow/example_dags/example_time_delta_sensor_async.py
[2024-01-23T22:28:15.672+0000] {processor.py:840} INFO - DAG(s) 'example_time_delta_sensor_async' retrieved from /home/airflow/.local/lib/python3.8/site-packages/airflow/example_dags/example_time_delta_sensor_async.py
[2024-01-23T22:28:15.684+0000] {logging_mixin.py:188} INFO - [2024-01-23T22:28:15.684+0000] {dag.py:3036} INFO - Sync 1 DAGs
[2024-01-23T22:28:15.691+0000] {logging_mixin.py:188} INFO - [2024-01-23T22:28:15.691+0000] {dag.py:3823} INFO - Setting next_dagrun for example_time_delta_sensor_async to None, run_after=None
[2024-01-23T22:28:15.702+0000] {processor.py:183} INFO - Processing /home/airflow/.local/lib/python3.8/site-packages/airflow/example_dags/example_time_delta_sensor_async.py took 0.036 seconds
[2024-01-23T22:28:45.958+0000] {processor.py:161} INFO - Started process (PID=1026) to work on /home/airflow/.local/lib/python3.8/site-packages/airflow/example_dags/example_time_delta_sensor_async.py
[2024-01-23T22:28:45.958+0000] {processor.py:830} INFO - Processing file /home/airflow/.local/lib/python3.8/site-packages/airflow/example_dags/example_time_delta_sensor_async.py for tasks to queue
[2024-01-23T22:28:45.959+0000] {logging_mixin.py:188} INFO - [2024-01-23T22:28:45.959+0000] {dagbag.py:538} INFO - Filling up the DagBag from /home/airflow/.local/lib/python3.8/site-packages/airflow/example_dags/example_time_delta_sensor_async.py
[2024-01-23T22:28:45.962+0000] {processor.py:840} INFO - DAG(s) 'example_time_delta_sensor_async' retrieved from /home/airflow/.local/lib/python3.8/site-packages/airflow/example_dags/example_time_delta_sensor_async.py
[2024-01-23T22:28:45.974+0000] {logging_mixin.py:188} INFO - [2024-01-23T22:28:45.974+0000] {dag.py:3036} INFO - Sync 1 DAGs
[2024-01-23T22:28:45.981+0000] {logging_mixin.py:188} INFO - [2024-01-23T22:28:45.981+0000] {dag.py:3823} INFO - Setting next_dagrun for example_time_delta_sensor_async to None, run_after=None
[2024-01-23T22:28:45.992+0000] {processor.py:183} INFO - Processing /home/airflow/.local/lib/python3.8/site-packages/airflow/example_dags/example_time_delta_sensor_async.py took 0.036 seconds
[2024-01-23T22:29:16.191+0000] {processor.py:161} INFO - Started process (PID=1083) to work on /home/airflow/.local/lib/python3.8/site-packages/airflow/example_dags/example_time_delta_sensor_async.py
[2024-01-23T22:29:16.191+0000] {processor.py:830} INFO - Processing file /home/airflow/.local/lib/python3.8/site-packages/airflow/example_dags/example_time_delta_sensor_async.py for tasks to queue
[2024-01-23T22:29:16.192+0000] {logging_mixin.py:188} INFO - [2024-01-23T22:29:16.192+0000] {dagbag.py:538} INFO - Filling up the DagBag from /home/airflow/.local/lib/python3.8/site-packages/airflow/example_dags/example_time_delta_sensor_async.py
[2024-01-23T22:29:16.195+0000] {processor.py:840} INFO - DAG(s) 'example_time_delta_sensor_async' retrieved from /home/airflow/.local/lib/python3.8/site-packages/airflow/example_dags/example_time_delta_sensor_async.py
[2024-01-23T22:29:16.211+0000] {logging_mixin.py:188} INFO - [2024-01-23T22:29:16.211+0000] {dag.py:3036} INFO - Sync 1 DAGs
[2024-01-23T22:29:16.221+0000] {logging_mixin.py:188} INFO - [2024-01-23T22:29:16.220+0000] {dag.py:3823} INFO - Setting next_dagrun for example_time_delta_sensor_async to None, run_after=None
[2024-01-23T22:29:16.236+0000] {processor.py:183} INFO - Processing /home/airflow/.local/lib/python3.8/site-packages/airflow/example_dags/example_time_delta_sensor_async.py took 0.047 seconds
[2024-01-23T22:29:46.382+0000] {processor.py:161} INFO - Started process (PID=1140) to work on /home/airflow/.local/lib/python3.8/site-packages/airflow/example_dags/example_time_delta_sensor_async.py
[2024-01-23T22:29:46.383+0000] {processor.py:830} INFO - Processing file /home/airflow/.local/lib/python3.8/site-packages/airflow/example_dags/example_time_delta_sensor_async.py for tasks to queue
[2024-01-23T22:29:46.384+0000] {logging_mixin.py:188} INFO - [2024-01-23T22:29:46.384+0000] {dagbag.py:538} INFO - Filling up the DagBag from /home/airflow/.local/lib/python3.8/site-packages/airflow/example_dags/example_time_delta_sensor_async.py
[2024-01-23T22:29:46.386+0000] {processor.py:840} INFO - DAG(s) 'example_time_delta_sensor_async' retrieved from /home/airflow/.local/lib/python3.8/site-packages/airflow/example_dags/example_time_delta_sensor_async.py
[2024-01-23T22:29:46.398+0000] {logging_mixin.py:188} INFO - [2024-01-23T22:29:46.398+0000] {dag.py:3036} INFO - Sync 1 DAGs
[2024-01-23T22:29:46.405+0000] {logging_mixin.py:188} INFO - [2024-01-23T22:29:46.405+0000] {dag.py:3823} INFO - Setting next_dagrun for example_time_delta_sensor_async to None, run_after=None
[2024-01-23T22:29:46.415+0000] {processor.py:183} INFO - Processing /home/airflow/.local/lib/python3.8/site-packages/airflow/example_dags/example_time_delta_sensor_async.py took 0.035 seconds
