[2024-01-23T22:20:05.547+0000] {processor.py:161} INFO - Started process (PID=40) to work on /home/airflow/.local/lib/python3.8/site-packages/airflow/example_dags/example_bash_operator.py
[2024-01-23T22:20:05.548+0000] {processor.py:830} INFO - Processing file /home/airflow/.local/lib/python3.8/site-packages/airflow/example_dags/example_bash_operator.py for tasks to queue
[2024-01-23T22:20:05.549+0000] {logging_mixin.py:188} INFO - [2024-01-23T22:20:05.548+0000] {dagbag.py:538} INFO - Filling up the DagBag from /home/airflow/.local/lib/python3.8/site-packages/airflow/example_dags/example_bash_operator.py
[2024-01-23T22:20:05.557+0000] {processor.py:840} INFO - DAG(s) 'example_bash_operator' retrieved from /home/airflow/.local/lib/python3.8/site-packages/airflow/example_dags/example_bash_operator.py
[2024-01-23T22:20:05.640+0000] {logging_mixin.py:188} INFO - [2024-01-23T22:20:05.639+0000] {override.py:1769} INFO - Created Permission View: can delete on DAG:example_bash_operator
[2024-01-23T22:20:05.651+0000] {logging_mixin.py:188} INFO - [2024-01-23T22:20:05.651+0000] {override.py:1769} INFO - Created Permission View: can edit on DAG:example_bash_operator
[2024-01-23T22:20:05.659+0000] {logging_mixin.py:188} INFO - [2024-01-23T22:20:05.658+0000] {override.py:1769} INFO - Created Permission View: can read on DAG:example_bash_operator
[2024-01-23T22:20:05.659+0000] {logging_mixin.py:188} INFO - [2024-01-23T22:20:05.659+0000] {dag.py:3036} INFO - Sync 1 DAGs
[2024-01-23T22:20:05.673+0000] {logging_mixin.py:188} INFO - [2024-01-23T22:20:05.673+0000] {dag.py:3058} INFO - Creating ORM DAG for example_bash_operator
[2024-01-23T22:20:05.685+0000] {logging_mixin.py:188} INFO - [2024-01-23T22:20:05.684+0000] {dag.py:3823} INFO - Setting next_dagrun for example_bash_operator to 2024-01-22 00:00:00+00:00, run_after=2024-01-23 00:00:00+00:00
[2024-01-23T22:20:05.703+0000] {processor.py:183} INFO - Processing /home/airflow/.local/lib/python3.8/site-packages/airflow/example_dags/example_bash_operator.py took 0.157 seconds
[2024-01-23T22:20:35.801+0000] {processor.py:161} INFO - Started process (PID=95) to work on /home/airflow/.local/lib/python3.8/site-packages/airflow/example_dags/example_bash_operator.py
[2024-01-23T22:20:35.802+0000] {processor.py:830} INFO - Processing file /home/airflow/.local/lib/python3.8/site-packages/airflow/example_dags/example_bash_operator.py for tasks to queue
[2024-01-23T22:20:35.803+0000] {logging_mixin.py:188} INFO - [2024-01-23T22:20:35.803+0000] {dagbag.py:538} INFO - Filling up the DagBag from /home/airflow/.local/lib/python3.8/site-packages/airflow/example_dags/example_bash_operator.py
[2024-01-23T22:20:35.809+0000] {processor.py:840} INFO - DAG(s) 'example_bash_operator' retrieved from /home/airflow/.local/lib/python3.8/site-packages/airflow/example_dags/example_bash_operator.py
[2024-01-23T22:20:35.827+0000] {logging_mixin.py:188} INFO - [2024-01-23T22:20:35.827+0000] {dag.py:3036} INFO - Sync 1 DAGs
[2024-01-23T22:20:35.841+0000] {logging_mixin.py:188} INFO - [2024-01-23T22:20:35.841+0000] {dag.py:3823} INFO - Setting next_dagrun for example_bash_operator to 2024-01-22 00:00:00+00:00, run_after=2024-01-23 00:00:00+00:00
[2024-01-23T22:20:35.851+0000] {processor.py:183} INFO - Processing /home/airflow/.local/lib/python3.8/site-packages/airflow/example_dags/example_bash_operator.py took 0.052 seconds
[2024-01-23T22:21:06.548+0000] {processor.py:161} INFO - Started process (PID=150) to work on /home/airflow/.local/lib/python3.8/site-packages/airflow/example_dags/example_bash_operator.py
[2024-01-23T22:21:06.549+0000] {processor.py:830} INFO - Processing file /home/airflow/.local/lib/python3.8/site-packages/airflow/example_dags/example_bash_operator.py for tasks to queue
[2024-01-23T22:21:06.550+0000] {logging_mixin.py:188} INFO - [2024-01-23T22:21:06.550+0000] {dagbag.py:538} INFO - Filling up the DagBag from /home/airflow/.local/lib/python3.8/site-packages/airflow/example_dags/example_bash_operator.py
[2024-01-23T22:21:06.556+0000] {processor.py:840} INFO - DAG(s) 'example_bash_operator' retrieved from /home/airflow/.local/lib/python3.8/site-packages/airflow/example_dags/example_bash_operator.py
[2024-01-23T22:21:06.573+0000] {logging_mixin.py:188} INFO - [2024-01-23T22:21:06.573+0000] {dag.py:3036} INFO - Sync 1 DAGs
[2024-01-23T22:21:06.587+0000] {logging_mixin.py:188} INFO - [2024-01-23T22:21:06.587+0000] {dag.py:3823} INFO - Setting next_dagrun for example_bash_operator to 2024-01-22 00:00:00+00:00, run_after=2024-01-23 00:00:00+00:00
[2024-01-23T22:21:06.598+0000] {processor.py:183} INFO - Processing /home/airflow/.local/lib/python3.8/site-packages/airflow/example_dags/example_bash_operator.py took 0.051 seconds
[2024-01-23T22:21:37.178+0000] {processor.py:161} INFO - Started process (PID=205) to work on /home/airflow/.local/lib/python3.8/site-packages/airflow/example_dags/example_bash_operator.py
[2024-01-23T22:21:37.179+0000] {processor.py:830} INFO - Processing file /home/airflow/.local/lib/python3.8/site-packages/airflow/example_dags/example_bash_operator.py for tasks to queue
[2024-01-23T22:21:37.180+0000] {logging_mixin.py:188} INFO - [2024-01-23T22:21:37.180+0000] {dagbag.py:538} INFO - Filling up the DagBag from /home/airflow/.local/lib/python3.8/site-packages/airflow/example_dags/example_bash_operator.py
[2024-01-23T22:21:37.187+0000] {processor.py:840} INFO - DAG(s) 'example_bash_operator' retrieved from /home/airflow/.local/lib/python3.8/site-packages/airflow/example_dags/example_bash_operator.py
[2024-01-23T22:21:37.203+0000] {logging_mixin.py:188} INFO - [2024-01-23T22:21:37.203+0000] {dag.py:3036} INFO - Sync 1 DAGs
[2024-01-23T22:21:37.216+0000] {logging_mixin.py:188} INFO - [2024-01-23T22:21:37.216+0000] {dag.py:3823} INFO - Setting next_dagrun for example_bash_operator to 2024-01-22 00:00:00+00:00, run_after=2024-01-23 00:00:00+00:00
[2024-01-23T22:21:37.228+0000] {processor.py:183} INFO - Processing /home/airflow/.local/lib/python3.8/site-packages/airflow/example_dags/example_bash_operator.py took 0.051 seconds
[2024-01-23T22:22:08.016+0000] {processor.py:161} INFO - Started process (PID=260) to work on /home/airflow/.local/lib/python3.8/site-packages/airflow/example_dags/example_bash_operator.py
[2024-01-23T22:22:08.017+0000] {processor.py:830} INFO - Processing file /home/airflow/.local/lib/python3.8/site-packages/airflow/example_dags/example_bash_operator.py for tasks to queue
[2024-01-23T22:22:08.020+0000] {logging_mixin.py:188} INFO - [2024-01-23T22:22:08.019+0000] {dagbag.py:538} INFO - Filling up the DagBag from /home/airflow/.local/lib/python3.8/site-packages/airflow/example_dags/example_bash_operator.py
[2024-01-23T22:22:08.027+0000] {processor.py:840} INFO - DAG(s) 'example_bash_operator' retrieved from /home/airflow/.local/lib/python3.8/site-packages/airflow/example_dags/example_bash_operator.py
[2024-01-23T22:22:08.059+0000] {logging_mixin.py:188} INFO - [2024-01-23T22:22:08.059+0000] {dag.py:3036} INFO - Sync 1 DAGs
[2024-01-23T22:22:08.079+0000] {logging_mixin.py:188} INFO - [2024-01-23T22:22:08.079+0000] {dag.py:3823} INFO - Setting next_dagrun for example_bash_operator to 2024-01-22 00:00:00+00:00, run_after=2024-01-23 00:00:00+00:00
[2024-01-23T22:22:08.103+0000] {processor.py:183} INFO - Processing /home/airflow/.local/lib/python3.8/site-packages/airflow/example_dags/example_bash_operator.py took 0.091 seconds
[2024-01-23T22:22:38.308+0000] {processor.py:161} INFO - Started process (PID=315) to work on /home/airflow/.local/lib/python3.8/site-packages/airflow/example_dags/example_bash_operator.py
[2024-01-23T22:22:38.309+0000] {processor.py:830} INFO - Processing file /home/airflow/.local/lib/python3.8/site-packages/airflow/example_dags/example_bash_operator.py for tasks to queue
[2024-01-23T22:22:38.310+0000] {logging_mixin.py:188} INFO - [2024-01-23T22:22:38.310+0000] {dagbag.py:538} INFO - Filling up the DagBag from /home/airflow/.local/lib/python3.8/site-packages/airflow/example_dags/example_bash_operator.py
[2024-01-23T22:22:38.317+0000] {processor.py:840} INFO - DAG(s) 'example_bash_operator' retrieved from /home/airflow/.local/lib/python3.8/site-packages/airflow/example_dags/example_bash_operator.py
[2024-01-23T22:22:38.334+0000] {logging_mixin.py:188} INFO - [2024-01-23T22:22:38.334+0000] {dag.py:3036} INFO - Sync 1 DAGs
[2024-01-23T22:22:38.347+0000] {logging_mixin.py:188} INFO - [2024-01-23T22:22:38.347+0000] {dag.py:3823} INFO - Setting next_dagrun for example_bash_operator to 2024-01-22 00:00:00+00:00, run_after=2024-01-23 00:00:00+00:00
[2024-01-23T22:22:38.358+0000] {processor.py:183} INFO - Processing /home/airflow/.local/lib/python3.8/site-packages/airflow/example_dags/example_bash_operator.py took 0.051 seconds
[2024-01-23T22:23:09.050+0000] {processor.py:161} INFO - Started process (PID=370) to work on /home/airflow/.local/lib/python3.8/site-packages/airflow/example_dags/example_bash_operator.py
[2024-01-23T22:23:09.050+0000] {processor.py:830} INFO - Processing file /home/airflow/.local/lib/python3.8/site-packages/airflow/example_dags/example_bash_operator.py for tasks to queue
[2024-01-23T22:23:09.051+0000] {logging_mixin.py:188} INFO - [2024-01-23T22:23:09.051+0000] {dagbag.py:538} INFO - Filling up the DagBag from /home/airflow/.local/lib/python3.8/site-packages/airflow/example_dags/example_bash_operator.py
[2024-01-23T22:23:09.058+0000] {processor.py:840} INFO - DAG(s) 'example_bash_operator' retrieved from /home/airflow/.local/lib/python3.8/site-packages/airflow/example_dags/example_bash_operator.py
[2024-01-23T22:23:09.076+0000] {logging_mixin.py:188} INFO - [2024-01-23T22:23:09.076+0000] {dag.py:3036} INFO - Sync 1 DAGs
[2024-01-23T22:23:09.089+0000] {logging_mixin.py:188} INFO - [2024-01-23T22:23:09.089+0000] {dag.py:3823} INFO - Setting next_dagrun for example_bash_operator to 2024-01-22 00:00:00+00:00, run_after=2024-01-23 00:00:00+00:00
[2024-01-23T22:23:09.102+0000] {processor.py:183} INFO - Processing /home/airflow/.local/lib/python3.8/site-packages/airflow/example_dags/example_bash_operator.py took 0.054 seconds
[2024-01-23T22:23:39.208+0000] {processor.py:161} INFO - Started process (PID=425) to work on /home/airflow/.local/lib/python3.8/site-packages/airflow/example_dags/example_bash_operator.py
[2024-01-23T22:23:39.209+0000] {processor.py:830} INFO - Processing file /home/airflow/.local/lib/python3.8/site-packages/airflow/example_dags/example_bash_operator.py for tasks to queue
[2024-01-23T22:23:39.210+0000] {logging_mixin.py:188} INFO - [2024-01-23T22:23:39.210+0000] {dagbag.py:538} INFO - Filling up the DagBag from /home/airflow/.local/lib/python3.8/site-packages/airflow/example_dags/example_bash_operator.py
[2024-01-23T22:23:39.217+0000] {processor.py:840} INFO - DAG(s) 'example_bash_operator' retrieved from /home/airflow/.local/lib/python3.8/site-packages/airflow/example_dags/example_bash_operator.py
[2024-01-23T22:23:39.235+0000] {logging_mixin.py:188} INFO - [2024-01-23T22:23:39.235+0000] {dag.py:3036} INFO - Sync 1 DAGs
[2024-01-23T22:23:39.249+0000] {logging_mixin.py:188} INFO - [2024-01-23T22:23:39.248+0000] {dag.py:3823} INFO - Setting next_dagrun for example_bash_operator to 2024-01-22 00:00:00+00:00, run_after=2024-01-23 00:00:00+00:00
[2024-01-23T22:23:39.259+0000] {processor.py:183} INFO - Processing /home/airflow/.local/lib/python3.8/site-packages/airflow/example_dags/example_bash_operator.py took 0.053 seconds
[2024-01-23T22:24:09.422+0000] {processor.py:161} INFO - Started process (PID=480) to work on /home/airflow/.local/lib/python3.8/site-packages/airflow/example_dags/example_bash_operator.py
[2024-01-23T22:24:09.423+0000] {processor.py:830} INFO - Processing file /home/airflow/.local/lib/python3.8/site-packages/airflow/example_dags/example_bash_operator.py for tasks to queue
[2024-01-23T22:24:09.424+0000] {logging_mixin.py:188} INFO - [2024-01-23T22:24:09.424+0000] {dagbag.py:538} INFO - Filling up the DagBag from /home/airflow/.local/lib/python3.8/site-packages/airflow/example_dags/example_bash_operator.py
[2024-01-23T22:24:09.432+0000] {processor.py:840} INFO - DAG(s) 'example_bash_operator' retrieved from /home/airflow/.local/lib/python3.8/site-packages/airflow/example_dags/example_bash_operator.py
[2024-01-23T22:24:09.457+0000] {logging_mixin.py:188} INFO - [2024-01-23T22:24:09.457+0000] {dag.py:3036} INFO - Sync 1 DAGs
[2024-01-23T22:24:09.478+0000] {logging_mixin.py:188} INFO - [2024-01-23T22:24:09.478+0000] {dag.py:3823} INFO - Setting next_dagrun for example_bash_operator to 2024-01-22 00:00:00+00:00, run_after=2024-01-23 00:00:00+00:00
[2024-01-23T22:24:09.493+0000] {processor.py:183} INFO - Processing /home/airflow/.local/lib/python3.8/site-packages/airflow/example_dags/example_bash_operator.py took 0.073 seconds
[2024-01-23T22:24:39.824+0000] {processor.py:161} INFO - Started process (PID=535) to work on /home/airflow/.local/lib/python3.8/site-packages/airflow/example_dags/example_bash_operator.py
[2024-01-23T22:24:39.824+0000] {processor.py:830} INFO - Processing file /home/airflow/.local/lib/python3.8/site-packages/airflow/example_dags/example_bash_operator.py for tasks to queue
[2024-01-23T22:24:39.826+0000] {logging_mixin.py:188} INFO - [2024-01-23T22:24:39.826+0000] {dagbag.py:538} INFO - Filling up the DagBag from /home/airflow/.local/lib/python3.8/site-packages/airflow/example_dags/example_bash_operator.py
[2024-01-23T22:24:39.841+0000] {processor.py:840} INFO - DAG(s) 'example_bash_operator' retrieved from /home/airflow/.local/lib/python3.8/site-packages/airflow/example_dags/example_bash_operator.py
[2024-01-23T22:24:39.961+0000] {logging_mixin.py:188} INFO - [2024-01-23T22:24:39.960+0000] {dag.py:3036} INFO - Sync 1 DAGs
[2024-01-23T22:24:39.972+0000] {logging_mixin.py:188} INFO - [2024-01-23T22:24:39.972+0000] {dag.py:3058} INFO - Creating ORM DAG for example_bash_operator
[2024-01-23T22:24:39.982+0000] {logging_mixin.py:188} INFO - [2024-01-23T22:24:39.981+0000] {dag.py:3823} INFO - Setting next_dagrun for example_bash_operator to 2024-01-22 00:00:00+00:00, run_after=2024-01-23 00:00:00+00:00
[2024-01-23T22:24:39.997+0000] {processor.py:183} INFO - Processing /home/airflow/.local/lib/python3.8/site-packages/airflow/example_dags/example_bash_operator.py took 0.176 seconds
[2024-01-23T22:25:10.280+0000] {processor.py:161} INFO - Started process (PID=592) to work on /home/airflow/.local/lib/python3.8/site-packages/airflow/example_dags/example_bash_operator.py
[2024-01-23T22:25:10.281+0000] {processor.py:830} INFO - Processing file /home/airflow/.local/lib/python3.8/site-packages/airflow/example_dags/example_bash_operator.py for tasks to queue
[2024-01-23T22:25:10.282+0000] {logging_mixin.py:188} INFO - [2024-01-23T22:25:10.282+0000] {dagbag.py:538} INFO - Filling up the DagBag from /home/airflow/.local/lib/python3.8/site-packages/airflow/example_dags/example_bash_operator.py
[2024-01-23T22:25:10.288+0000] {processor.py:840} INFO - DAG(s) 'example_bash_operator' retrieved from /home/airflow/.local/lib/python3.8/site-packages/airflow/example_dags/example_bash_operator.py
[2024-01-23T22:25:10.307+0000] {logging_mixin.py:188} INFO - [2024-01-23T22:25:10.306+0000] {dag.py:3036} INFO - Sync 1 DAGs
[2024-01-23T22:25:10.321+0000] {logging_mixin.py:188} INFO - [2024-01-23T22:25:10.321+0000] {dag.py:3823} INFO - Setting next_dagrun for example_bash_operator to 2024-01-22 00:00:00+00:00, run_after=2024-01-23 00:00:00+00:00
[2024-01-23T22:25:10.333+0000] {processor.py:183} INFO - Processing /home/airflow/.local/lib/python3.8/site-packages/airflow/example_dags/example_bash_operator.py took 0.055 seconds
[2024-01-23T22:25:41.338+0000] {processor.py:161} INFO - Started process (PID=649) to work on /home/airflow/.local/lib/python3.8/site-packages/airflow/example_dags/example_bash_operator.py
[2024-01-23T22:25:41.339+0000] {processor.py:830} INFO - Processing file /home/airflow/.local/lib/python3.8/site-packages/airflow/example_dags/example_bash_operator.py for tasks to queue
[2024-01-23T22:25:41.340+0000] {logging_mixin.py:188} INFO - [2024-01-23T22:25:41.340+0000] {dagbag.py:538} INFO - Filling up the DagBag from /home/airflow/.local/lib/python3.8/site-packages/airflow/example_dags/example_bash_operator.py
[2024-01-23T22:25:41.346+0000] {processor.py:840} INFO - DAG(s) 'example_bash_operator' retrieved from /home/airflow/.local/lib/python3.8/site-packages/airflow/example_dags/example_bash_operator.py
[2024-01-23T22:25:41.365+0000] {logging_mixin.py:188} INFO - [2024-01-23T22:25:41.365+0000] {dag.py:3036} INFO - Sync 1 DAGs
[2024-01-23T22:25:41.381+0000] {logging_mixin.py:188} INFO - [2024-01-23T22:25:41.381+0000] {dag.py:3823} INFO - Setting next_dagrun for example_bash_operator to 2024-01-22 00:00:00+00:00, run_after=2024-01-23 00:00:00+00:00
[2024-01-23T22:25:41.395+0000] {processor.py:183} INFO - Processing /home/airflow/.local/lib/python3.8/site-packages/airflow/example_dags/example_bash_operator.py took 0.060 seconds
[2024-01-23T22:26:11.553+0000] {processor.py:161} INFO - Started process (PID=706) to work on /home/airflow/.local/lib/python3.8/site-packages/airflow/example_dags/example_bash_operator.py
[2024-01-23T22:26:11.553+0000] {processor.py:830} INFO - Processing file /home/airflow/.local/lib/python3.8/site-packages/airflow/example_dags/example_bash_operator.py for tasks to queue
[2024-01-23T22:26:11.554+0000] {logging_mixin.py:188} INFO - [2024-01-23T22:26:11.554+0000] {dagbag.py:538} INFO - Filling up the DagBag from /home/airflow/.local/lib/python3.8/site-packages/airflow/example_dags/example_bash_operator.py
[2024-01-23T22:26:11.561+0000] {processor.py:840} INFO - DAG(s) 'example_bash_operator' retrieved from /home/airflow/.local/lib/python3.8/site-packages/airflow/example_dags/example_bash_operator.py
[2024-01-23T22:26:11.578+0000] {logging_mixin.py:188} INFO - [2024-01-23T22:26:11.578+0000] {dag.py:3036} INFO - Sync 1 DAGs
[2024-01-23T22:26:11.592+0000] {logging_mixin.py:188} INFO - [2024-01-23T22:26:11.592+0000] {dag.py:3823} INFO - Setting next_dagrun for example_bash_operator to 2024-01-22 00:00:00+00:00, run_after=2024-01-23 00:00:00+00:00
[2024-01-23T22:26:11.606+0000] {processor.py:183} INFO - Processing /home/airflow/.local/lib/python3.8/site-packages/airflow/example_dags/example_bash_operator.py took 0.055 seconds
[2024-01-23T22:26:41.692+0000] {processor.py:161} INFO - Started process (PID=763) to work on /home/airflow/.local/lib/python3.8/site-packages/airflow/example_dags/example_bash_operator.py
[2024-01-23T22:26:41.693+0000] {processor.py:830} INFO - Processing file /home/airflow/.local/lib/python3.8/site-packages/airflow/example_dags/example_bash_operator.py for tasks to queue
[2024-01-23T22:26:41.694+0000] {logging_mixin.py:188} INFO - [2024-01-23T22:26:41.694+0000] {dagbag.py:538} INFO - Filling up the DagBag from /home/airflow/.local/lib/python3.8/site-packages/airflow/example_dags/example_bash_operator.py
[2024-01-23T22:26:41.702+0000] {processor.py:840} INFO - DAG(s) 'example_bash_operator' retrieved from /home/airflow/.local/lib/python3.8/site-packages/airflow/example_dags/example_bash_operator.py
[2024-01-23T22:26:41.810+0000] {logging_mixin.py:188} INFO - [2024-01-23T22:26:41.810+0000] {dag.py:3036} INFO - Sync 1 DAGs
[2024-01-23T22:26:41.821+0000] {logging_mixin.py:188} INFO - [2024-01-23T22:26:41.821+0000] {dag.py:3058} INFO - Creating ORM DAG for example_bash_operator
[2024-01-23T22:26:41.834+0000] {logging_mixin.py:188} INFO - [2024-01-23T22:26:41.834+0000] {dag.py:3823} INFO - Setting next_dagrun for example_bash_operator to 2024-01-22 00:00:00+00:00, run_after=2024-01-23 00:00:00+00:00
[2024-01-23T22:26:41.858+0000] {processor.py:183} INFO - Processing /home/airflow/.local/lib/python3.8/site-packages/airflow/example_dags/example_bash_operator.py took 0.168 seconds
[2024-01-23T22:27:12.294+0000] {processor.py:161} INFO - Started process (PID=820) to work on /home/airflow/.local/lib/python3.8/site-packages/airflow/example_dags/example_bash_operator.py
[2024-01-23T22:27:12.295+0000] {processor.py:830} INFO - Processing file /home/airflow/.local/lib/python3.8/site-packages/airflow/example_dags/example_bash_operator.py for tasks to queue
[2024-01-23T22:27:12.296+0000] {logging_mixin.py:188} INFO - [2024-01-23T22:27:12.296+0000] {dagbag.py:538} INFO - Filling up the DagBag from /home/airflow/.local/lib/python3.8/site-packages/airflow/example_dags/example_bash_operator.py
[2024-01-23T22:27:12.308+0000] {processor.py:840} INFO - DAG(s) 'example_bash_operator' retrieved from /home/airflow/.local/lib/python3.8/site-packages/airflow/example_dags/example_bash_operator.py
[2024-01-23T22:27:12.416+0000] {logging_mixin.py:188} INFO - [2024-01-23T22:27:12.415+0000] {dag.py:3036} INFO - Sync 1 DAGs
[2024-01-23T22:27:12.426+0000] {logging_mixin.py:188} INFO - [2024-01-23T22:27:12.426+0000] {dag.py:3058} INFO - Creating ORM DAG for example_bash_operator
[2024-01-23T22:27:12.437+0000] {logging_mixin.py:188} INFO - [2024-01-23T22:27:12.437+0000] {dag.py:3823} INFO - Setting next_dagrun for example_bash_operator to 2024-01-22 00:00:00+00:00, run_after=2024-01-23 00:00:00+00:00
[2024-01-23T22:27:12.452+0000] {processor.py:183} INFO - Processing /home/airflow/.local/lib/python3.8/site-packages/airflow/example_dags/example_bash_operator.py took 0.161 seconds
[2024-01-23T22:27:43.257+0000] {processor.py:161} INFO - Started process (PID=877) to work on /home/airflow/.local/lib/python3.8/site-packages/airflow/example_dags/example_bash_operator.py
[2024-01-23T22:27:43.257+0000] {processor.py:830} INFO - Processing file /home/airflow/.local/lib/python3.8/site-packages/airflow/example_dags/example_bash_operator.py for tasks to queue
[2024-01-23T22:27:43.259+0000] {logging_mixin.py:188} INFO - [2024-01-23T22:27:43.258+0000] {dagbag.py:538} INFO - Filling up the DagBag from /home/airflow/.local/lib/python3.8/site-packages/airflow/example_dags/example_bash_operator.py
[2024-01-23T22:27:43.266+0000] {processor.py:840} INFO - DAG(s) 'example_bash_operator' retrieved from /home/airflow/.local/lib/python3.8/site-packages/airflow/example_dags/example_bash_operator.py
[2024-01-23T22:27:43.332+0000] {logging_mixin.py:188} INFO - [2024-01-23T22:27:43.332+0000] {dag.py:3036} INFO - Sync 1 DAGs
[2024-01-23T22:27:43.339+0000] {logging_mixin.py:188} INFO - [2024-01-23T22:27:43.339+0000] {dag.py:3058} INFO - Creating ORM DAG for example_bash_operator
[2024-01-23T22:27:43.346+0000] {logging_mixin.py:188} INFO - [2024-01-23T22:27:43.346+0000] {dag.py:3823} INFO - Setting next_dagrun for example_bash_operator to 2024-01-22 00:00:00+00:00, run_after=2024-01-23 00:00:00+00:00
[2024-01-23T22:27:43.357+0000] {processor.py:183} INFO - Processing /home/airflow/.local/lib/python3.8/site-packages/airflow/example_dags/example_bash_operator.py took 0.102 seconds
[2024-01-23T22:28:13.518+0000] {processor.py:161} INFO - Started process (PID=934) to work on /home/airflow/.local/lib/python3.8/site-packages/airflow/example_dags/example_bash_operator.py
[2024-01-23T22:28:13.519+0000] {processor.py:830} INFO - Processing file /home/airflow/.local/lib/python3.8/site-packages/airflow/example_dags/example_bash_operator.py for tasks to queue
[2024-01-23T22:28:13.520+0000] {logging_mixin.py:188} INFO - [2024-01-23T22:28:13.519+0000] {dagbag.py:538} INFO - Filling up the DagBag from /home/airflow/.local/lib/python3.8/site-packages/airflow/example_dags/example_bash_operator.py
[2024-01-23T22:28:13.527+0000] {processor.py:840} INFO - DAG(s) 'example_bash_operator' retrieved from /home/airflow/.local/lib/python3.8/site-packages/airflow/example_dags/example_bash_operator.py
[2024-01-23T22:28:13.545+0000] {logging_mixin.py:188} INFO - [2024-01-23T22:28:13.545+0000] {dag.py:3036} INFO - Sync 1 DAGs
[2024-01-23T22:28:13.560+0000] {logging_mixin.py:188} INFO - [2024-01-23T22:28:13.560+0000] {dag.py:3823} INFO - Setting next_dagrun for example_bash_operator to 2024-01-22 00:00:00+00:00, run_after=2024-01-23 00:00:00+00:00
[2024-01-23T22:28:13.574+0000] {processor.py:183} INFO - Processing /home/airflow/.local/lib/python3.8/site-packages/airflow/example_dags/example_bash_operator.py took 0.058 seconds
[2024-01-23T22:28:43.646+0000] {processor.py:161} INFO - Started process (PID=991) to work on /home/airflow/.local/lib/python3.8/site-packages/airflow/example_dags/example_bash_operator.py
[2024-01-23T22:28:43.647+0000] {processor.py:830} INFO - Processing file /home/airflow/.local/lib/python3.8/site-packages/airflow/example_dags/example_bash_operator.py for tasks to queue
[2024-01-23T22:28:43.648+0000] {logging_mixin.py:188} INFO - [2024-01-23T22:28:43.647+0000] {dagbag.py:538} INFO - Filling up the DagBag from /home/airflow/.local/lib/python3.8/site-packages/airflow/example_dags/example_bash_operator.py
[2024-01-23T22:28:43.654+0000] {processor.py:840} INFO - DAG(s) 'example_bash_operator' retrieved from /home/airflow/.local/lib/python3.8/site-packages/airflow/example_dags/example_bash_operator.py
[2024-01-23T22:28:43.673+0000] {logging_mixin.py:188} INFO - [2024-01-23T22:28:43.673+0000] {dag.py:3036} INFO - Sync 1 DAGs
[2024-01-23T22:28:43.687+0000] {logging_mixin.py:188} INFO - [2024-01-23T22:28:43.687+0000] {dag.py:3823} INFO - Setting next_dagrun for example_bash_operator to 2024-01-22 00:00:00+00:00, run_after=2024-01-23 00:00:00+00:00
[2024-01-23T22:28:43.698+0000] {processor.py:183} INFO - Processing /home/airflow/.local/lib/python3.8/site-packages/airflow/example_dags/example_bash_operator.py took 0.054 seconds
[2024-01-23T22:29:13.799+0000] {processor.py:161} INFO - Started process (PID=1048) to work on /home/airflow/.local/lib/python3.8/site-packages/airflow/example_dags/example_bash_operator.py
[2024-01-23T22:29:13.799+0000] {processor.py:830} INFO - Processing file /home/airflow/.local/lib/python3.8/site-packages/airflow/example_dags/example_bash_operator.py for tasks to queue
[2024-01-23T22:29:13.800+0000] {logging_mixin.py:188} INFO - [2024-01-23T22:29:13.800+0000] {dagbag.py:538} INFO - Filling up the DagBag from /home/airflow/.local/lib/python3.8/site-packages/airflow/example_dags/example_bash_operator.py
[2024-01-23T22:29:13.807+0000] {processor.py:840} INFO - DAG(s) 'example_bash_operator' retrieved from /home/airflow/.local/lib/python3.8/site-packages/airflow/example_dags/example_bash_operator.py
[2024-01-23T22:29:13.824+0000] {logging_mixin.py:188} INFO - [2024-01-23T22:29:13.824+0000] {dag.py:3036} INFO - Sync 1 DAGs
[2024-01-23T22:29:13.837+0000] {logging_mixin.py:188} INFO - [2024-01-23T22:29:13.837+0000] {dag.py:3823} INFO - Setting next_dagrun for example_bash_operator to 2024-01-22 00:00:00+00:00, run_after=2024-01-23 00:00:00+00:00
[2024-01-23T22:29:13.848+0000] {processor.py:183} INFO - Processing /home/airflow/.local/lib/python3.8/site-packages/airflow/example_dags/example_bash_operator.py took 0.051 seconds
[2024-01-23T22:29:44.146+0000] {processor.py:161} INFO - Started process (PID=1105) to work on /home/airflow/.local/lib/python3.8/site-packages/airflow/example_dags/example_bash_operator.py
[2024-01-23T22:29:44.147+0000] {processor.py:830} INFO - Processing file /home/airflow/.local/lib/python3.8/site-packages/airflow/example_dags/example_bash_operator.py for tasks to queue
[2024-01-23T22:29:44.148+0000] {logging_mixin.py:188} INFO - [2024-01-23T22:29:44.147+0000] {dagbag.py:538} INFO - Filling up the DagBag from /home/airflow/.local/lib/python3.8/site-packages/airflow/example_dags/example_bash_operator.py
[2024-01-23T22:29:44.155+0000] {processor.py:840} INFO - DAG(s) 'example_bash_operator' retrieved from /home/airflow/.local/lib/python3.8/site-packages/airflow/example_dags/example_bash_operator.py
[2024-01-23T22:29:44.173+0000] {logging_mixin.py:188} INFO - [2024-01-23T22:29:44.173+0000] {dag.py:3036} INFO - Sync 1 DAGs
[2024-01-23T22:29:44.189+0000] {logging_mixin.py:188} INFO - [2024-01-23T22:29:44.189+0000] {dag.py:3823} INFO - Setting next_dagrun for example_bash_operator to 2024-01-22 00:00:00+00:00, run_after=2024-01-23 00:00:00+00:00
[2024-01-23T22:29:44.200+0000] {processor.py:183} INFO - Processing /home/airflow/.local/lib/python3.8/site-packages/airflow/example_dags/example_bash_operator.py took 0.056 seconds
