[2024-01-23T22:20:08.385+0000] {processor.py:161} INFO - Started process (PID=75) to work on /home/airflow/.local/lib/python3.8/site-packages/airflow/example_dags/example_dag_decorator.py
[2024-01-23T22:20:08.385+0000] {processor.py:830} INFO - Processing file /home/airflow/.local/lib/python3.8/site-packages/airflow/example_dags/example_dag_decorator.py for tasks to queue
[2024-01-23T22:20:08.386+0000] {logging_mixin.py:188} INFO - [2024-01-23T22:20:08.386+0000] {dagbag.py:538} INFO - Filling up the DagBag from /home/airflow/.local/lib/python3.8/site-packages/airflow/example_dags/example_dag_decorator.py
[2024-01-23T22:20:08.510+0000] {processor.py:840} INFO - DAG(s) 'example_dag_decorator' retrieved from /home/airflow/.local/lib/python3.8/site-packages/airflow/example_dags/example_dag_decorator.py
[2024-01-23T22:20:08.577+0000] {logging_mixin.py:188} INFO - [2024-01-23T22:20:08.577+0000] {override.py:1769} INFO - Created Permission View: can delete on DAG:example_dag_decorator
[2024-01-23T22:20:08.584+0000] {logging_mixin.py:188} INFO - [2024-01-23T22:20:08.583+0000] {override.py:1769} INFO - Created Permission View: can edit on DAG:example_dag_decorator
[2024-01-23T22:20:08.588+0000] {logging_mixin.py:188} INFO - [2024-01-23T22:20:08.588+0000] {override.py:1769} INFO - Created Permission View: can read on DAG:example_dag_decorator
[2024-01-23T22:20:08.589+0000] {logging_mixin.py:188} INFO - [2024-01-23T22:20:08.588+0000] {dag.py:3036} INFO - Sync 1 DAGs
[2024-01-23T22:20:08.596+0000] {logging_mixin.py:188} INFO - [2024-01-23T22:20:08.596+0000] {dag.py:3058} INFO - Creating ORM DAG for example_dag_decorator
[2024-01-23T22:20:08.596+0000] {logging_mixin.py:188} INFO - [2024-01-23T22:20:08.596+0000] {dag.py:3823} INFO - Setting next_dagrun for example_dag_decorator to None, run_after=None
[2024-01-23T22:20:08.608+0000] {processor.py:183} INFO - Processing /home/airflow/.local/lib/python3.8/site-packages/airflow/example_dags/example_dag_decorator.py took 0.225 seconds
[2024-01-23T22:20:38.956+0000] {processor.py:161} INFO - Started process (PID=130) to work on /home/airflow/.local/lib/python3.8/site-packages/airflow/example_dags/example_dag_decorator.py
[2024-01-23T22:20:38.956+0000] {processor.py:830} INFO - Processing file /home/airflow/.local/lib/python3.8/site-packages/airflow/example_dags/example_dag_decorator.py for tasks to queue
[2024-01-23T22:20:38.957+0000] {logging_mixin.py:188} INFO - [2024-01-23T22:20:38.957+0000] {dagbag.py:538} INFO - Filling up the DagBag from /home/airflow/.local/lib/python3.8/site-packages/airflow/example_dags/example_dag_decorator.py
[2024-01-23T22:20:39.009+0000] {processor.py:840} INFO - DAG(s) 'example_dag_decorator' retrieved from /home/airflow/.local/lib/python3.8/site-packages/airflow/example_dags/example_dag_decorator.py
[2024-01-23T22:20:39.071+0000] {logging_mixin.py:188} INFO - [2024-01-23T22:20:39.071+0000] {dag.py:3036} INFO - Sync 1 DAGs
[2024-01-23T22:20:39.077+0000] {logging_mixin.py:188} INFO - [2024-01-23T22:20:39.077+0000] {dag.py:3823} INFO - Setting next_dagrun for example_dag_decorator to None, run_after=None
[2024-01-23T22:20:39.089+0000] {processor.py:183} INFO - Processing /home/airflow/.local/lib/python3.8/site-packages/airflow/example_dags/example_dag_decorator.py took 0.135 seconds
[2024-01-23T22:21:09.699+0000] {processor.py:161} INFO - Started process (PID=186) to work on /home/airflow/.local/lib/python3.8/site-packages/airflow/example_dags/example_dag_decorator.py
[2024-01-23T22:21:09.700+0000] {processor.py:830} INFO - Processing file /home/airflow/.local/lib/python3.8/site-packages/airflow/example_dags/example_dag_decorator.py for tasks to queue
[2024-01-23T22:21:09.701+0000] {logging_mixin.py:188} INFO - [2024-01-23T22:21:09.701+0000] {dagbag.py:538} INFO - Filling up the DagBag from /home/airflow/.local/lib/python3.8/site-packages/airflow/example_dags/example_dag_decorator.py
[2024-01-23T22:21:09.756+0000] {processor.py:840} INFO - DAG(s) 'example_dag_decorator' retrieved from /home/airflow/.local/lib/python3.8/site-packages/airflow/example_dags/example_dag_decorator.py
[2024-01-23T22:21:09.817+0000] {logging_mixin.py:188} INFO - [2024-01-23T22:21:09.817+0000] {dag.py:3036} INFO - Sync 1 DAGs
[2024-01-23T22:21:09.823+0000] {logging_mixin.py:188} INFO - [2024-01-23T22:21:09.823+0000] {dag.py:3823} INFO - Setting next_dagrun for example_dag_decorator to None, run_after=None
[2024-01-23T22:21:09.834+0000] {processor.py:183} INFO - Processing /home/airflow/.local/lib/python3.8/site-packages/airflow/example_dags/example_dag_decorator.py took 0.137 seconds
[2024-01-23T22:21:40.369+0000] {processor.py:161} INFO - Started process (PID=241) to work on /home/airflow/.local/lib/python3.8/site-packages/airflow/example_dags/example_dag_decorator.py
[2024-01-23T22:21:40.370+0000] {processor.py:830} INFO - Processing file /home/airflow/.local/lib/python3.8/site-packages/airflow/example_dags/example_dag_decorator.py for tasks to queue
[2024-01-23T22:21:40.371+0000] {logging_mixin.py:188} INFO - [2024-01-23T22:21:40.371+0000] {dagbag.py:538} INFO - Filling up the DagBag from /home/airflow/.local/lib/python3.8/site-packages/airflow/example_dags/example_dag_decorator.py
[2024-01-23T22:21:40.424+0000] {processor.py:840} INFO - DAG(s) 'example_dag_decorator' retrieved from /home/airflow/.local/lib/python3.8/site-packages/airflow/example_dags/example_dag_decorator.py
[2024-01-23T22:21:40.485+0000] {logging_mixin.py:188} INFO - [2024-01-23T22:21:40.485+0000] {dag.py:3036} INFO - Sync 1 DAGs
[2024-01-23T22:21:40.492+0000] {logging_mixin.py:188} INFO - [2024-01-23T22:21:40.491+0000] {dag.py:3823} INFO - Setting next_dagrun for example_dag_decorator to None, run_after=None
[2024-01-23T22:21:40.503+0000] {processor.py:183} INFO - Processing /home/airflow/.local/lib/python3.8/site-packages/airflow/example_dags/example_dag_decorator.py took 0.136 seconds
[2024-01-23T22:22:11.377+0000] {processor.py:161} INFO - Started process (PID=295) to work on /home/airflow/.local/lib/python3.8/site-packages/airflow/example_dags/example_dag_decorator.py
[2024-01-23T22:22:11.378+0000] {processor.py:830} INFO - Processing file /home/airflow/.local/lib/python3.8/site-packages/airflow/example_dags/example_dag_decorator.py for tasks to queue
[2024-01-23T22:22:11.380+0000] {logging_mixin.py:188} INFO - [2024-01-23T22:22:11.379+0000] {dagbag.py:538} INFO - Filling up the DagBag from /home/airflow/.local/lib/python3.8/site-packages/airflow/example_dags/example_dag_decorator.py
[2024-01-23T22:22:11.468+0000] {processor.py:840} INFO - DAG(s) 'example_dag_decorator' retrieved from /home/airflow/.local/lib/python3.8/site-packages/airflow/example_dags/example_dag_decorator.py
[2024-01-23T22:22:11.553+0000] {logging_mixin.py:188} INFO - [2024-01-23T22:22:11.553+0000] {dag.py:3036} INFO - Sync 1 DAGs
[2024-01-23T22:22:11.564+0000] {logging_mixin.py:188} INFO - [2024-01-23T22:22:11.564+0000] {dag.py:3823} INFO - Setting next_dagrun for example_dag_decorator to None, run_after=None
[2024-01-23T22:22:11.581+0000] {processor.py:183} INFO - Processing /home/airflow/.local/lib/python3.8/site-packages/airflow/example_dags/example_dag_decorator.py took 0.207 seconds
[2024-01-23T22:22:42.490+0000] {processor.py:161} INFO - Started process (PID=351) to work on /home/airflow/.local/lib/python3.8/site-packages/airflow/example_dags/example_dag_decorator.py
[2024-01-23T22:22:42.491+0000] {processor.py:830} INFO - Processing file /home/airflow/.local/lib/python3.8/site-packages/airflow/example_dags/example_dag_decorator.py for tasks to queue
[2024-01-23T22:22:42.492+0000] {logging_mixin.py:188} INFO - [2024-01-23T22:22:42.492+0000] {dagbag.py:538} INFO - Filling up the DagBag from /home/airflow/.local/lib/python3.8/site-packages/airflow/example_dags/example_dag_decorator.py
[2024-01-23T22:22:42.547+0000] {processor.py:840} INFO - DAG(s) 'example_dag_decorator' retrieved from /home/airflow/.local/lib/python3.8/site-packages/airflow/example_dags/example_dag_decorator.py
[2024-01-23T22:22:42.619+0000] {logging_mixin.py:188} INFO - [2024-01-23T22:22:42.619+0000] {dag.py:3036} INFO - Sync 1 DAGs
[2024-01-23T22:22:42.626+0000] {logging_mixin.py:188} INFO - [2024-01-23T22:22:42.626+0000] {dag.py:3823} INFO - Setting next_dagrun for example_dag_decorator to None, run_after=None
[2024-01-23T22:22:42.638+0000] {processor.py:183} INFO - Processing /home/airflow/.local/lib/python3.8/site-packages/airflow/example_dags/example_dag_decorator.py took 0.151 seconds
[2024-01-23T22:23:13.418+0000] {processor.py:161} INFO - Started process (PID=406) to work on /home/airflow/.local/lib/python3.8/site-packages/airflow/example_dags/example_dag_decorator.py
[2024-01-23T22:23:13.426+0000] {processor.py:830} INFO - Processing file /home/airflow/.local/lib/python3.8/site-packages/airflow/example_dags/example_dag_decorator.py for tasks to queue
[2024-01-23T22:23:13.427+0000] {logging_mixin.py:188} INFO - [2024-01-23T22:23:13.427+0000] {dagbag.py:538} INFO - Filling up the DagBag from /home/airflow/.local/lib/python3.8/site-packages/airflow/example_dags/example_dag_decorator.py
[2024-01-23T22:23:13.486+0000] {processor.py:840} INFO - DAG(s) 'example_dag_decorator' retrieved from /home/airflow/.local/lib/python3.8/site-packages/airflow/example_dags/example_dag_decorator.py
[2024-01-23T22:23:13.502+0000] {logging_mixin.py:188} INFO - [2024-01-23T22:23:13.501+0000] {dag.py:3036} INFO - Sync 1 DAGs
[2024-01-23T22:23:13.511+0000] {logging_mixin.py:188} INFO - [2024-01-23T22:23:13.511+0000] {dag.py:3823} INFO - Setting next_dagrun for example_dag_decorator to None, run_after=None
[2024-01-23T22:23:13.527+0000] {processor.py:183} INFO - Processing /home/airflow/.local/lib/python3.8/site-packages/airflow/example_dags/example_dag_decorator.py took 0.112 seconds
[2024-01-23T22:23:43.595+0000] {processor.py:161} INFO - Started process (PID=462) to work on /home/airflow/.local/lib/python3.8/site-packages/airflow/example_dags/example_dag_decorator.py
[2024-01-23T22:23:43.596+0000] {processor.py:830} INFO - Processing file /home/airflow/.local/lib/python3.8/site-packages/airflow/example_dags/example_dag_decorator.py for tasks to queue
[2024-01-23T22:23:43.597+0000] {logging_mixin.py:188} INFO - [2024-01-23T22:23:43.597+0000] {dagbag.py:538} INFO - Filling up the DagBag from /home/airflow/.local/lib/python3.8/site-packages/airflow/example_dags/example_dag_decorator.py
[2024-01-23T22:23:43.651+0000] {processor.py:840} INFO - DAG(s) 'example_dag_decorator' retrieved from /home/airflow/.local/lib/python3.8/site-packages/airflow/example_dags/example_dag_decorator.py
[2024-01-23T22:23:43.715+0000] {logging_mixin.py:188} INFO - [2024-01-23T22:23:43.715+0000] {dag.py:3036} INFO - Sync 1 DAGs
[2024-01-23T22:23:43.721+0000] {logging_mixin.py:188} INFO - [2024-01-23T22:23:43.721+0000] {dag.py:3823} INFO - Setting next_dagrun for example_dag_decorator to None, run_after=None
[2024-01-23T22:23:43.733+0000] {processor.py:183} INFO - Processing /home/airflow/.local/lib/python3.8/site-packages/airflow/example_dags/example_dag_decorator.py took 0.140 seconds
[2024-01-23T22:24:14.148+0000] {processor.py:161} INFO - Started process (PID=516) to work on /home/airflow/.local/lib/python3.8/site-packages/airflow/example_dags/example_dag_decorator.py
[2024-01-23T22:24:14.149+0000] {processor.py:830} INFO - Processing file /home/airflow/.local/lib/python3.8/site-packages/airflow/example_dags/example_dag_decorator.py for tasks to queue
[2024-01-23T22:24:14.151+0000] {logging_mixin.py:188} INFO - [2024-01-23T22:24:14.150+0000] {dagbag.py:538} INFO - Filling up the DagBag from /home/airflow/.local/lib/python3.8/site-packages/airflow/example_dags/example_dag_decorator.py
[2024-01-23T22:24:14.238+0000] {processor.py:840} INFO - DAG(s) 'example_dag_decorator' retrieved from /home/airflow/.local/lib/python3.8/site-packages/airflow/example_dags/example_dag_decorator.py
[2024-01-23T22:24:14.347+0000] {logging_mixin.py:188} INFO - [2024-01-23T22:24:14.347+0000] {dag.py:3036} INFO - Sync 1 DAGs
[2024-01-23T22:24:14.357+0000] {logging_mixin.py:188} INFO - [2024-01-23T22:24:14.357+0000] {dag.py:3823} INFO - Setting next_dagrun for example_dag_decorator to None, run_after=None
[2024-01-23T22:24:14.383+0000] {processor.py:183} INFO - Processing /home/airflow/.local/lib/python3.8/site-packages/airflow/example_dags/example_dag_decorator.py took 0.238 seconds
[2024-01-23T22:24:44.475+0000] {processor.py:161} INFO - Started process (PID=571) to work on /home/airflow/.local/lib/python3.8/site-packages/airflow/example_dags/example_dag_decorator.py
[2024-01-23T22:24:44.483+0000] {processor.py:830} INFO - Processing file /home/airflow/.local/lib/python3.8/site-packages/airflow/example_dags/example_dag_decorator.py for tasks to queue
[2024-01-23T22:24:44.484+0000] {logging_mixin.py:188} INFO - [2024-01-23T22:24:44.484+0000] {dagbag.py:538} INFO - Filling up the DagBag from /home/airflow/.local/lib/python3.8/site-packages/airflow/example_dags/example_dag_decorator.py
[2024-01-23T22:24:44.543+0000] {processor.py:840} INFO - DAG(s) 'example_dag_decorator' retrieved from /home/airflow/.local/lib/python3.8/site-packages/airflow/example_dags/example_dag_decorator.py
[2024-01-23T22:24:44.613+0000] {logging_mixin.py:188} INFO - [2024-01-23T22:24:44.613+0000] {dag.py:3036} INFO - Sync 1 DAGs
[2024-01-23T22:24:44.619+0000] {logging_mixin.py:188} INFO - [2024-01-23T22:24:44.619+0000] {dag.py:3823} INFO - Setting next_dagrun for example_dag_decorator to None, run_after=None
[2024-01-23T22:24:44.631+0000] {processor.py:183} INFO - Processing /home/airflow/.local/lib/python3.8/site-packages/airflow/example_dags/example_dag_decorator.py took 0.159 seconds
[2024-01-23T22:25:15.544+0000] {processor.py:161} INFO - Started process (PID=628) to work on /home/airflow/.local/lib/python3.8/site-packages/airflow/example_dags/example_dag_decorator.py
[2024-01-23T22:25:15.552+0000] {processor.py:830} INFO - Processing file /home/airflow/.local/lib/python3.8/site-packages/airflow/example_dags/example_dag_decorator.py for tasks to queue
[2024-01-23T22:25:15.553+0000] {logging_mixin.py:188} INFO - [2024-01-23T22:25:15.553+0000] {dagbag.py:538} INFO - Filling up the DagBag from /home/airflow/.local/lib/python3.8/site-packages/airflow/example_dags/example_dag_decorator.py
[2024-01-23T22:25:15.612+0000] {processor.py:840} INFO - DAG(s) 'example_dag_decorator' retrieved from /home/airflow/.local/lib/python3.8/site-packages/airflow/example_dags/example_dag_decorator.py
[2024-01-23T22:25:15.679+0000] {logging_mixin.py:188} INFO - [2024-01-23T22:25:15.679+0000] {dag.py:3036} INFO - Sync 1 DAGs
[2024-01-23T22:25:15.686+0000] {logging_mixin.py:188} INFO - [2024-01-23T22:25:15.686+0000] {dag.py:3823} INFO - Setting next_dagrun for example_dag_decorator to None, run_after=None
[2024-01-23T22:25:15.702+0000] {processor.py:183} INFO - Processing /home/airflow/.local/lib/python3.8/site-packages/airflow/example_dags/example_dag_decorator.py took 0.160 seconds
[2024-01-23T22:25:45.748+0000] {processor.py:161} INFO - Started process (PID=685) to work on /home/airflow/.local/lib/python3.8/site-packages/airflow/example_dags/example_dag_decorator.py
[2024-01-23T22:25:45.755+0000] {processor.py:830} INFO - Processing file /home/airflow/.local/lib/python3.8/site-packages/airflow/example_dags/example_dag_decorator.py for tasks to queue
[2024-01-23T22:25:45.756+0000] {logging_mixin.py:188} INFO - [2024-01-23T22:25:45.756+0000] {dagbag.py:538} INFO - Filling up the DagBag from /home/airflow/.local/lib/python3.8/site-packages/airflow/example_dags/example_dag_decorator.py
[2024-01-23T22:25:45.816+0000] {processor.py:840} INFO - DAG(s) 'example_dag_decorator' retrieved from /home/airflow/.local/lib/python3.8/site-packages/airflow/example_dags/example_dag_decorator.py
[2024-01-23T22:25:45.900+0000] {logging_mixin.py:188} INFO - [2024-01-23T22:25:45.900+0000] {dag.py:3036} INFO - Sync 1 DAGs
[2024-01-23T22:25:45.908+0000] {logging_mixin.py:188} INFO - [2024-01-23T22:25:45.908+0000] {dag.py:3823} INFO - Setting next_dagrun for example_dag_decorator to None, run_after=None
[2024-01-23T22:25:45.922+0000] {processor.py:183} INFO - Processing /home/airflow/.local/lib/python3.8/site-packages/airflow/example_dags/example_dag_decorator.py took 0.176 seconds
[2024-01-23T22:26:15.963+0000] {processor.py:161} INFO - Started process (PID=744) to work on /home/airflow/.local/lib/python3.8/site-packages/airflow/example_dags/example_dag_decorator.py
[2024-01-23T22:26:15.963+0000] {processor.py:830} INFO - Processing file /home/airflow/.local/lib/python3.8/site-packages/airflow/example_dags/example_dag_decorator.py for tasks to queue
[2024-01-23T22:26:15.964+0000] {logging_mixin.py:188} INFO - [2024-01-23T22:26:15.964+0000] {dagbag.py:538} INFO - Filling up the DagBag from /home/airflow/.local/lib/python3.8/site-packages/airflow/example_dags/example_dag_decorator.py
[2024-01-23T22:26:16.018+0000] {processor.py:840} INFO - DAG(s) 'example_dag_decorator' retrieved from /home/airflow/.local/lib/python3.8/site-packages/airflow/example_dags/example_dag_decorator.py
[2024-01-23T22:26:16.077+0000] {logging_mixin.py:188} INFO - [2024-01-23T22:26:16.077+0000] {dag.py:3036} INFO - Sync 1 DAGs
[2024-01-23T22:26:16.083+0000] {logging_mixin.py:188} INFO - [2024-01-23T22:26:16.083+0000] {dag.py:3823} INFO - Setting next_dagrun for example_dag_decorator to None, run_after=None
[2024-01-23T22:26:16.094+0000] {processor.py:183} INFO - Processing /home/airflow/.local/lib/python3.8/site-packages/airflow/example_dags/example_dag_decorator.py took 0.134 seconds
[2024-01-23T22:26:46.372+0000] {processor.py:161} INFO - Started process (PID=799) to work on /home/airflow/.local/lib/python3.8/site-packages/airflow/example_dags/example_dag_decorator.py
[2024-01-23T22:26:46.374+0000] {processor.py:830} INFO - Processing file /home/airflow/.local/lib/python3.8/site-packages/airflow/example_dags/example_dag_decorator.py for tasks to queue
[2024-01-23T22:26:46.375+0000] {logging_mixin.py:188} INFO - [2024-01-23T22:26:46.375+0000] {dagbag.py:538} INFO - Filling up the DagBag from /home/airflow/.local/lib/python3.8/site-packages/airflow/example_dags/example_dag_decorator.py
[2024-01-23T22:26:46.437+0000] {processor.py:840} INFO - DAG(s) 'example_dag_decorator' retrieved from /home/airflow/.local/lib/python3.8/site-packages/airflow/example_dags/example_dag_decorator.py
[2024-01-23T22:26:46.527+0000] {logging_mixin.py:188} INFO - [2024-01-23T22:26:46.527+0000] {dag.py:3036} INFO - Sync 1 DAGs
[2024-01-23T22:26:46.537+0000] {logging_mixin.py:188} INFO - [2024-01-23T22:26:46.537+0000] {dag.py:3058} INFO - Creating ORM DAG for example_dag_decorator
[2024-01-23T22:26:46.538+0000] {logging_mixin.py:188} INFO - [2024-01-23T22:26:46.538+0000] {dag.py:3823} INFO - Setting next_dagrun for example_dag_decorator to None, run_after=None
[2024-01-23T22:26:46.552+0000] {processor.py:183} INFO - Processing /home/airflow/.local/lib/python3.8/site-packages/airflow/example_dags/example_dag_decorator.py took 0.183 seconds
[2024-01-23T22:27:17.265+0000] {processor.py:161} INFO - Started process (PID=856) to work on /home/airflow/.local/lib/python3.8/site-packages/airflow/example_dags/example_dag_decorator.py
[2024-01-23T22:27:17.265+0000] {processor.py:830} INFO - Processing file /home/airflow/.local/lib/python3.8/site-packages/airflow/example_dags/example_dag_decorator.py for tasks to queue
[2024-01-23T22:27:17.267+0000] {logging_mixin.py:188} INFO - [2024-01-23T22:27:17.267+0000] {dagbag.py:538} INFO - Filling up the DagBag from /home/airflow/.local/lib/python3.8/site-packages/airflow/example_dags/example_dag_decorator.py
[2024-01-23T22:27:17.338+0000] {processor.py:840} INFO - DAG(s) 'example_dag_decorator' retrieved from /home/airflow/.local/lib/python3.8/site-packages/airflow/example_dags/example_dag_decorator.py
[2024-01-23T22:27:17.442+0000] {logging_mixin.py:188} INFO - [2024-01-23T22:27:17.442+0000] {dag.py:3036} INFO - Sync 1 DAGs
[2024-01-23T22:27:17.453+0000] {logging_mixin.py:188} INFO - [2024-01-23T22:27:17.452+0000] {dag.py:3058} INFO - Creating ORM DAG for example_dag_decorator
[2024-01-23T22:27:17.453+0000] {logging_mixin.py:188} INFO - [2024-01-23T22:27:17.453+0000] {dag.py:3823} INFO - Setting next_dagrun for example_dag_decorator to None, run_after=None
[2024-01-23T22:27:17.470+0000] {processor.py:183} INFO - Processing /home/airflow/.local/lib/python3.8/site-packages/airflow/example_dags/example_dag_decorator.py took 0.208 seconds
[2024-01-23T22:27:47.633+0000] {processor.py:161} INFO - Started process (PID=913) to work on /home/airflow/.local/lib/python3.8/site-packages/airflow/example_dags/example_dag_decorator.py
[2024-01-23T22:27:47.637+0000] {processor.py:830} INFO - Processing file /home/airflow/.local/lib/python3.8/site-packages/airflow/example_dags/example_dag_decorator.py for tasks to queue
[2024-01-23T22:27:47.639+0000] {logging_mixin.py:188} INFO - [2024-01-23T22:27:47.639+0000] {dagbag.py:538} INFO - Filling up the DagBag from /home/airflow/.local/lib/python3.8/site-packages/airflow/example_dags/example_dag_decorator.py
[2024-01-23T22:27:47.731+0000] {processor.py:840} INFO - DAG(s) 'example_dag_decorator' retrieved from /home/airflow/.local/lib/python3.8/site-packages/airflow/example_dags/example_dag_decorator.py
[2024-01-23T22:27:47.862+0000] {logging_mixin.py:188} INFO - [2024-01-23T22:27:47.862+0000] {dag.py:3036} INFO - Sync 1 DAGs
[2024-01-23T22:27:47.871+0000] {logging_mixin.py:188} INFO - [2024-01-23T22:27:47.871+0000] {dag.py:3823} INFO - Setting next_dagrun for example_dag_decorator to None, run_after=None
[2024-01-23T22:27:47.888+0000] {processor.py:183} INFO - Processing /home/airflow/.local/lib/python3.8/site-packages/airflow/example_dags/example_dag_decorator.py took 0.257 seconds
[2024-01-23T22:28:18.713+0000] {processor.py:161} INFO - Started process (PID=970) to work on /home/airflow/.local/lib/python3.8/site-packages/airflow/example_dags/example_dag_decorator.py
[2024-01-23T22:28:18.721+0000] {processor.py:830} INFO - Processing file /home/airflow/.local/lib/python3.8/site-packages/airflow/example_dags/example_dag_decorator.py for tasks to queue
[2024-01-23T22:28:18.722+0000] {logging_mixin.py:188} INFO - [2024-01-23T22:28:18.722+0000] {dagbag.py:538} INFO - Filling up the DagBag from /home/airflow/.local/lib/python3.8/site-packages/airflow/example_dags/example_dag_decorator.py
[2024-01-23T22:28:18.798+0000] {processor.py:840} INFO - DAG(s) 'example_dag_decorator' retrieved from /home/airflow/.local/lib/python3.8/site-packages/airflow/example_dags/example_dag_decorator.py
[2024-01-23T22:28:18.898+0000] {logging_mixin.py:188} INFO - [2024-01-23T22:28:18.898+0000] {dag.py:3036} INFO - Sync 1 DAGs
[2024-01-23T22:28:18.909+0000] {logging_mixin.py:188} INFO - [2024-01-23T22:28:18.908+0000] {dag.py:3823} INFO - Setting next_dagrun for example_dag_decorator to None, run_after=None
[2024-01-23T22:28:18.925+0000] {processor.py:183} INFO - Processing /home/airflow/.local/lib/python3.8/site-packages/airflow/example_dags/example_dag_decorator.py took 0.214 seconds
[2024-01-23T22:28:48.987+0000] {processor.py:161} INFO - Started process (PID=1027) to work on /home/airflow/.local/lib/python3.8/site-packages/airflow/example_dags/example_dag_decorator.py
[2024-01-23T22:28:48.995+0000] {processor.py:830} INFO - Processing file /home/airflow/.local/lib/python3.8/site-packages/airflow/example_dags/example_dag_decorator.py for tasks to queue
[2024-01-23T22:28:48.997+0000] {logging_mixin.py:188} INFO - [2024-01-23T22:28:48.996+0000] {dagbag.py:538} INFO - Filling up the DagBag from /home/airflow/.local/lib/python3.8/site-packages/airflow/example_dags/example_dag_decorator.py
[2024-01-23T22:28:49.055+0000] {processor.py:840} INFO - DAG(s) 'example_dag_decorator' retrieved from /home/airflow/.local/lib/python3.8/site-packages/airflow/example_dags/example_dag_decorator.py
[2024-01-23T22:28:49.137+0000] {logging_mixin.py:188} INFO - [2024-01-23T22:28:49.136+0000] {dag.py:3036} INFO - Sync 1 DAGs
[2024-01-23T22:28:49.145+0000] {logging_mixin.py:188} INFO - [2024-01-23T22:28:49.144+0000] {dag.py:3823} INFO - Setting next_dagrun for example_dag_decorator to None, run_after=None
[2024-01-23T22:28:49.157+0000] {processor.py:183} INFO - Processing /home/airflow/.local/lib/python3.8/site-packages/airflow/example_dags/example_dag_decorator.py took 0.174 seconds
[2024-01-23T22:29:19.272+0000] {processor.py:161} INFO - Started process (PID=1084) to work on /home/airflow/.local/lib/python3.8/site-packages/airflow/example_dags/example_dag_decorator.py
[2024-01-23T22:29:19.273+0000] {processor.py:830} INFO - Processing file /home/airflow/.local/lib/python3.8/site-packages/airflow/example_dags/example_dag_decorator.py for tasks to queue
[2024-01-23T22:29:19.274+0000] {logging_mixin.py:188} INFO - [2024-01-23T22:29:19.274+0000] {dagbag.py:538} INFO - Filling up the DagBag from /home/airflow/.local/lib/python3.8/site-packages/airflow/example_dags/example_dag_decorator.py
[2024-01-23T22:29:19.347+0000] {processor.py:840} INFO - DAG(s) 'example_dag_decorator' retrieved from /home/airflow/.local/lib/python3.8/site-packages/airflow/example_dags/example_dag_decorator.py
[2024-01-23T22:29:19.427+0000] {logging_mixin.py:188} INFO - [2024-01-23T22:29:19.427+0000] {dag.py:3036} INFO - Sync 1 DAGs
[2024-01-23T22:29:19.434+0000] {logging_mixin.py:188} INFO - [2024-01-23T22:29:19.433+0000] {dag.py:3823} INFO - Setting next_dagrun for example_dag_decorator to None, run_after=None
[2024-01-23T22:29:19.536+0000] {processor.py:183} INFO - Processing /home/airflow/.local/lib/python3.8/site-packages/airflow/example_dags/example_dag_decorator.py took 0.268 seconds
[2024-01-23T22:29:49.551+0000] {processor.py:161} INFO - Started process (PID=1145) to work on /home/airflow/.local/lib/python3.8/site-packages/airflow/example_dags/example_dag_decorator.py
[2024-01-23T22:29:49.552+0000] {processor.py:830} INFO - Processing file /home/airflow/.local/lib/python3.8/site-packages/airflow/example_dags/example_dag_decorator.py for tasks to queue
[2024-01-23T22:29:49.553+0000] {logging_mixin.py:188} INFO - [2024-01-23T22:29:49.552+0000] {dagbag.py:538} INFO - Filling up the DagBag from /home/airflow/.local/lib/python3.8/site-packages/airflow/example_dags/example_dag_decorator.py
[2024-01-23T22:29:49.602+0000] {processor.py:840} INFO - DAG(s) 'example_dag_decorator' retrieved from /home/airflow/.local/lib/python3.8/site-packages/airflow/example_dags/example_dag_decorator.py
[2024-01-23T22:29:49.658+0000] {logging_mixin.py:188} INFO - [2024-01-23T22:29:49.658+0000] {dag.py:3036} INFO - Sync 1 DAGs
[2024-01-23T22:29:49.664+0000] {logging_mixin.py:188} INFO - [2024-01-23T22:29:49.664+0000] {dag.py:3823} INFO - Setting next_dagrun for example_dag_decorator to None, run_after=None
[2024-01-23T22:29:49.763+0000] {processor.py:183} INFO - Processing /home/airflow/.local/lib/python3.8/site-packages/airflow/example_dags/example_dag_decorator.py took 0.214 seconds
