[2024-01-23T22:20:08.624+0000] {processor.py:161} INFO - Started process (PID=78) to work on /home/airflow/.local/lib/python3.8/site-packages/airflow/example_dags/example_skip_dag.py
[2024-01-23T22:20:08.624+0000] {processor.py:830} INFO - Processing file /home/airflow/.local/lib/python3.8/site-packages/airflow/example_dags/example_skip_dag.py for tasks to queue
[2024-01-23T22:20:08.625+0000] {logging_mixin.py:188} INFO - [2024-01-23T22:20:08.625+0000] {dagbag.py:538} INFO - Filling up the DagBag from /home/airflow/.local/lib/python3.8/site-packages/airflow/example_dags/example_skip_dag.py
[2024-01-23T22:20:08.630+0000] {processor.py:840} INFO - DAG(s) 'example_skip_dag' retrieved from /home/airflow/.local/lib/python3.8/site-packages/airflow/example_dags/example_skip_dag.py
[2024-01-23T22:20:08.712+0000] {logging_mixin.py:188} INFO - [2024-01-23T22:20:08.711+0000] {override.py:1769} INFO - Created Permission View: can delete on DAG:example_skip_dag
[2024-01-23T22:20:08.718+0000] {logging_mixin.py:188} INFO - [2024-01-23T22:20:08.718+0000] {override.py:1769} INFO - Created Permission View: can edit on DAG:example_skip_dag
[2024-01-23T22:20:08.722+0000] {logging_mixin.py:188} INFO - [2024-01-23T22:20:08.722+0000] {override.py:1769} INFO - Created Permission View: can read on DAG:example_skip_dag
[2024-01-23T22:20:08.723+0000] {logging_mixin.py:188} INFO - [2024-01-23T22:20:08.723+0000] {dag.py:3036} INFO - Sync 1 DAGs
[2024-01-23T22:20:08.729+0000] {logging_mixin.py:188} INFO - [2024-01-23T22:20:08.729+0000] {dag.py:3058} INFO - Creating ORM DAG for example_skip_dag
[2024-01-23T22:20:08.736+0000] {logging_mixin.py:188} INFO - [2024-01-23T22:20:08.736+0000] {dag.py:3823} INFO - Setting next_dagrun for example_skip_dag to 2024-01-22 00:00:00+00:00, run_after=2024-01-23 00:00:00+00:00
[2024-01-23T22:20:08.748+0000] {processor.py:183} INFO - Processing /home/airflow/.local/lib/python3.8/site-packages/airflow/example_dags/example_skip_dag.py took 0.126 seconds
[2024-01-23T22:20:39.101+0000] {processor.py:161} INFO - Started process (PID=133) to work on /home/airflow/.local/lib/python3.8/site-packages/airflow/example_dags/example_skip_dag.py
[2024-01-23T22:20:39.102+0000] {processor.py:830} INFO - Processing file /home/airflow/.local/lib/python3.8/site-packages/airflow/example_dags/example_skip_dag.py for tasks to queue
[2024-01-23T22:20:39.103+0000] {logging_mixin.py:188} INFO - [2024-01-23T22:20:39.103+0000] {dagbag.py:538} INFO - Filling up the DagBag from /home/airflow/.local/lib/python3.8/site-packages/airflow/example_dags/example_skip_dag.py
[2024-01-23T22:20:39.107+0000] {processor.py:840} INFO - DAG(s) 'example_skip_dag' retrieved from /home/airflow/.local/lib/python3.8/site-packages/airflow/example_dags/example_skip_dag.py
[2024-01-23T22:20:39.119+0000] {logging_mixin.py:188} INFO - [2024-01-23T22:20:39.118+0000] {dag.py:3036} INFO - Sync 1 DAGs
[2024-01-23T22:20:39.130+0000] {logging_mixin.py:188} INFO - [2024-01-23T22:20:39.130+0000] {dag.py:3823} INFO - Setting next_dagrun for example_skip_dag to 2024-01-22 00:00:00+00:00, run_after=2024-01-23 00:00:00+00:00
[2024-01-23T22:20:39.141+0000] {processor.py:183} INFO - Processing /home/airflow/.local/lib/python3.8/site-packages/airflow/example_dags/example_skip_dag.py took 0.041 seconds
[2024-01-23T22:21:09.762+0000] {processor.py:161} INFO - Started process (PID=188) to work on /home/airflow/.local/lib/python3.8/site-packages/airflow/example_dags/example_skip_dag.py
[2024-01-23T22:21:09.763+0000] {processor.py:830} INFO - Processing file /home/airflow/.local/lib/python3.8/site-packages/airflow/example_dags/example_skip_dag.py for tasks to queue
[2024-01-23T22:21:09.764+0000] {logging_mixin.py:188} INFO - [2024-01-23T22:21:09.763+0000] {dagbag.py:538} INFO - Filling up the DagBag from /home/airflow/.local/lib/python3.8/site-packages/airflow/example_dags/example_skip_dag.py
[2024-01-23T22:21:09.767+0000] {processor.py:840} INFO - DAG(s) 'example_skip_dag' retrieved from /home/airflow/.local/lib/python3.8/site-packages/airflow/example_dags/example_skip_dag.py
[2024-01-23T22:21:09.780+0000] {logging_mixin.py:188} INFO - [2024-01-23T22:21:09.779+0000] {dag.py:3036} INFO - Sync 1 DAGs
[2024-01-23T22:21:09.792+0000] {logging_mixin.py:188} INFO - [2024-01-23T22:21:09.792+0000] {dag.py:3823} INFO - Setting next_dagrun for example_skip_dag to 2024-01-22 00:00:00+00:00, run_after=2024-01-23 00:00:00+00:00
[2024-01-23T22:21:09.803+0000] {processor.py:183} INFO - Processing /home/airflow/.local/lib/python3.8/site-packages/airflow/example_dags/example_skip_dag.py took 0.043 seconds
[2024-01-23T22:21:40.434+0000] {processor.py:161} INFO - Started process (PID=243) to work on /home/airflow/.local/lib/python3.8/site-packages/airflow/example_dags/example_skip_dag.py
[2024-01-23T22:21:40.435+0000] {processor.py:830} INFO - Processing file /home/airflow/.local/lib/python3.8/site-packages/airflow/example_dags/example_skip_dag.py for tasks to queue
[2024-01-23T22:21:40.436+0000] {logging_mixin.py:188} INFO - [2024-01-23T22:21:40.436+0000] {dagbag.py:538} INFO - Filling up the DagBag from /home/airflow/.local/lib/python3.8/site-packages/airflow/example_dags/example_skip_dag.py
[2024-01-23T22:21:40.440+0000] {processor.py:840} INFO - DAG(s) 'example_skip_dag' retrieved from /home/airflow/.local/lib/python3.8/site-packages/airflow/example_dags/example_skip_dag.py
[2024-01-23T22:21:40.452+0000] {logging_mixin.py:188} INFO - [2024-01-23T22:21:40.452+0000] {dag.py:3036} INFO - Sync 1 DAGs
[2024-01-23T22:21:40.465+0000] {logging_mixin.py:188} INFO - [2024-01-23T22:21:40.465+0000] {dag.py:3823} INFO - Setting next_dagrun for example_skip_dag to 2024-01-22 00:00:00+00:00, run_after=2024-01-23 00:00:00+00:00
[2024-01-23T22:21:40.476+0000] {processor.py:183} INFO - Processing /home/airflow/.local/lib/python3.8/site-packages/airflow/example_dags/example_skip_dag.py took 0.044 seconds
[2024-01-23T22:22:11.554+0000] {processor.py:161} INFO - Started process (PID=298) to work on /home/airflow/.local/lib/python3.8/site-packages/airflow/example_dags/example_skip_dag.py
[2024-01-23T22:22:11.554+0000] {processor.py:830} INFO - Processing file /home/airflow/.local/lib/python3.8/site-packages/airflow/example_dags/example_skip_dag.py for tasks to queue
[2024-01-23T22:22:11.555+0000] {logging_mixin.py:188} INFO - [2024-01-23T22:22:11.555+0000] {dagbag.py:538} INFO - Filling up the DagBag from /home/airflow/.local/lib/python3.8/site-packages/airflow/example_dags/example_skip_dag.py
[2024-01-23T22:22:11.560+0000] {processor.py:840} INFO - DAG(s) 'example_skip_dag' retrieved from /home/airflow/.local/lib/python3.8/site-packages/airflow/example_dags/example_skip_dag.py
[2024-01-23T22:22:11.577+0000] {logging_mixin.py:188} INFO - [2024-01-23T22:22:11.577+0000] {dag.py:3036} INFO - Sync 1 DAGs
[2024-01-23T22:22:11.595+0000] {logging_mixin.py:188} INFO - [2024-01-23T22:22:11.595+0000] {dag.py:3823} INFO - Setting next_dagrun for example_skip_dag to 2024-01-22 00:00:00+00:00, run_after=2024-01-23 00:00:00+00:00
[2024-01-23T22:22:11.610+0000] {processor.py:183} INFO - Processing /home/airflow/.local/lib/python3.8/site-packages/airflow/example_dags/example_skip_dag.py took 0.059 seconds
[2024-01-23T22:22:42.558+0000] {processor.py:161} INFO - Started process (PID=353) to work on /home/airflow/.local/lib/python3.8/site-packages/airflow/example_dags/example_skip_dag.py
[2024-01-23T22:22:42.558+0000] {processor.py:830} INFO - Processing file /home/airflow/.local/lib/python3.8/site-packages/airflow/example_dags/example_skip_dag.py for tasks to queue
[2024-01-23T22:22:42.559+0000] {logging_mixin.py:188} INFO - [2024-01-23T22:22:42.559+0000] {dagbag.py:538} INFO - Filling up the DagBag from /home/airflow/.local/lib/python3.8/site-packages/airflow/example_dags/example_skip_dag.py
[2024-01-23T22:22:42.563+0000] {processor.py:840} INFO - DAG(s) 'example_skip_dag' retrieved from /home/airflow/.local/lib/python3.8/site-packages/airflow/example_dags/example_skip_dag.py
[2024-01-23T22:22:42.578+0000] {logging_mixin.py:188} INFO - [2024-01-23T22:22:42.577+0000] {dag.py:3036} INFO - Sync 1 DAGs
[2024-01-23T22:22:42.593+0000] {logging_mixin.py:188} INFO - [2024-01-23T22:22:42.593+0000] {dag.py:3823} INFO - Setting next_dagrun for example_skip_dag to 2024-01-22 00:00:00+00:00, run_after=2024-01-23 00:00:00+00:00
[2024-01-23T22:22:42.605+0000] {processor.py:183} INFO - Processing /home/airflow/.local/lib/python3.8/site-packages/airflow/example_dags/example_skip_dag.py took 0.050 seconds
[2024-01-23T22:23:13.497+0000] {processor.py:161} INFO - Started process (PID=408) to work on /home/airflow/.local/lib/python3.8/site-packages/airflow/example_dags/example_skip_dag.py
[2024-01-23T22:23:13.497+0000] {processor.py:830} INFO - Processing file /home/airflow/.local/lib/python3.8/site-packages/airflow/example_dags/example_skip_dag.py for tasks to queue
[2024-01-23T22:23:13.498+0000] {logging_mixin.py:188} INFO - [2024-01-23T22:23:13.498+0000] {dagbag.py:538} INFO - Filling up the DagBag from /home/airflow/.local/lib/python3.8/site-packages/airflow/example_dags/example_skip_dag.py
[2024-01-23T22:23:13.503+0000] {processor.py:840} INFO - DAG(s) 'example_skip_dag' retrieved from /home/airflow/.local/lib/python3.8/site-packages/airflow/example_dags/example_skip_dag.py
[2024-01-23T22:23:13.520+0000] {logging_mixin.py:188} INFO - [2024-01-23T22:23:13.520+0000] {dag.py:3036} INFO - Sync 1 DAGs
[2024-01-23T22:23:13.538+0000] {logging_mixin.py:188} INFO - [2024-01-23T22:23:13.538+0000] {dag.py:3823} INFO - Setting next_dagrun for example_skip_dag to 2024-01-22 00:00:00+00:00, run_after=2024-01-23 00:00:00+00:00
[2024-01-23T22:23:13.550+0000] {processor.py:183} INFO - Processing /home/airflow/.local/lib/python3.8/site-packages/airflow/example_dags/example_skip_dag.py took 0.055 seconds
[2024-01-23T22:23:43.600+0000] {processor.py:161} INFO - Started process (PID=463) to work on /home/airflow/.local/lib/python3.8/site-packages/airflow/example_dags/example_skip_dag.py
[2024-01-23T22:23:43.601+0000] {processor.py:830} INFO - Processing file /home/airflow/.local/lib/python3.8/site-packages/airflow/example_dags/example_skip_dag.py for tasks to queue
[2024-01-23T22:23:43.602+0000] {logging_mixin.py:188} INFO - [2024-01-23T22:23:43.602+0000] {dagbag.py:538} INFO - Filling up the DagBag from /home/airflow/.local/lib/python3.8/site-packages/airflow/example_dags/example_skip_dag.py
[2024-01-23T22:23:43.606+0000] {processor.py:840} INFO - DAG(s) 'example_skip_dag' retrieved from /home/airflow/.local/lib/python3.8/site-packages/airflow/example_dags/example_skip_dag.py
[2024-01-23T22:23:43.619+0000] {logging_mixin.py:188} INFO - [2024-01-23T22:23:43.618+0000] {dag.py:3036} INFO - Sync 1 DAGs
[2024-01-23T22:23:43.632+0000] {logging_mixin.py:188} INFO - [2024-01-23T22:23:43.631+0000] {dag.py:3823} INFO - Setting next_dagrun for example_skip_dag to 2024-01-22 00:00:00+00:00, run_after=2024-01-23 00:00:00+00:00
[2024-01-23T22:23:43.644+0000] {processor.py:183} INFO - Processing /home/airflow/.local/lib/python3.8/site-packages/airflow/example_dags/example_skip_dag.py took 0.045 seconds
[2024-01-23T22:24:14.262+0000] {processor.py:161} INFO - Started process (PID=518) to work on /home/airflow/.local/lib/python3.8/site-packages/airflow/example_dags/example_skip_dag.py
[2024-01-23T22:24:14.263+0000] {processor.py:830} INFO - Processing file /home/airflow/.local/lib/python3.8/site-packages/airflow/example_dags/example_skip_dag.py for tasks to queue
[2024-01-23T22:24:14.265+0000] {logging_mixin.py:188} INFO - [2024-01-23T22:24:14.265+0000] {dagbag.py:538} INFO - Filling up the DagBag from /home/airflow/.local/lib/python3.8/site-packages/airflow/example_dags/example_skip_dag.py
[2024-01-23T22:24:14.272+0000] {processor.py:840} INFO - DAG(s) 'example_skip_dag' retrieved from /home/airflow/.local/lib/python3.8/site-packages/airflow/example_dags/example_skip_dag.py
[2024-01-23T22:24:14.295+0000] {logging_mixin.py:188} INFO - [2024-01-23T22:24:14.294+0000] {dag.py:3036} INFO - Sync 1 DAGs
[2024-01-23T22:24:14.318+0000] {logging_mixin.py:188} INFO - [2024-01-23T22:24:14.318+0000] {dag.py:3823} INFO - Setting next_dagrun for example_skip_dag to 2024-01-22 00:00:00+00:00, run_after=2024-01-23 00:00:00+00:00
[2024-01-23T22:24:14.339+0000] {processor.py:183} INFO - Processing /home/airflow/.local/lib/python3.8/site-packages/airflow/example_dags/example_skip_dag.py took 0.079 seconds
[2024-01-23T22:24:44.551+0000] {processor.py:161} INFO - Started process (PID=573) to work on /home/airflow/.local/lib/python3.8/site-packages/airflow/example_dags/example_skip_dag.py
[2024-01-23T22:24:44.552+0000] {processor.py:830} INFO - Processing file /home/airflow/.local/lib/python3.8/site-packages/airflow/example_dags/example_skip_dag.py for tasks to queue
[2024-01-23T22:24:44.553+0000] {logging_mixin.py:188} INFO - [2024-01-23T22:24:44.553+0000] {dagbag.py:538} INFO - Filling up the DagBag from /home/airflow/.local/lib/python3.8/site-packages/airflow/example_dags/example_skip_dag.py
[2024-01-23T22:24:44.557+0000] {processor.py:840} INFO - DAG(s) 'example_skip_dag' retrieved from /home/airflow/.local/lib/python3.8/site-packages/airflow/example_dags/example_skip_dag.py
[2024-01-23T22:24:44.571+0000] {logging_mixin.py:188} INFO - [2024-01-23T22:24:44.570+0000] {dag.py:3036} INFO - Sync 1 DAGs
[2024-01-23T22:24:44.583+0000] {logging_mixin.py:188} INFO - [2024-01-23T22:24:44.583+0000] {dag.py:3823} INFO - Setting next_dagrun for example_skip_dag to 2024-01-22 00:00:00+00:00, run_after=2024-01-23 00:00:00+00:00
[2024-01-23T22:24:44.595+0000] {processor.py:183} INFO - Processing /home/airflow/.local/lib/python3.8/site-packages/airflow/example_dags/example_skip_dag.py took 0.045 seconds
[2024-01-23T22:25:15.617+0000] {processor.py:161} INFO - Started process (PID=630) to work on /home/airflow/.local/lib/python3.8/site-packages/airflow/example_dags/example_skip_dag.py
[2024-01-23T22:25:15.618+0000] {processor.py:830} INFO - Processing file /home/airflow/.local/lib/python3.8/site-packages/airflow/example_dags/example_skip_dag.py for tasks to queue
[2024-01-23T22:25:15.619+0000] {logging_mixin.py:188} INFO - [2024-01-23T22:25:15.619+0000] {dagbag.py:538} INFO - Filling up the DagBag from /home/airflow/.local/lib/python3.8/site-packages/airflow/example_dags/example_skip_dag.py
[2024-01-23T22:25:15.623+0000] {processor.py:840} INFO - DAG(s) 'example_skip_dag' retrieved from /home/airflow/.local/lib/python3.8/site-packages/airflow/example_dags/example_skip_dag.py
[2024-01-23T22:25:15.637+0000] {logging_mixin.py:188} INFO - [2024-01-23T22:25:15.636+0000] {dag.py:3036} INFO - Sync 1 DAGs
[2024-01-23T22:25:15.650+0000] {logging_mixin.py:188} INFO - [2024-01-23T22:25:15.650+0000] {dag.py:3823} INFO - Setting next_dagrun for example_skip_dag to 2024-01-22 00:00:00+00:00, run_after=2024-01-23 00:00:00+00:00
[2024-01-23T22:25:15.662+0000] {processor.py:183} INFO - Processing /home/airflow/.local/lib/python3.8/site-packages/airflow/example_dags/example_skip_dag.py took 0.048 seconds
[2024-01-23T22:25:45.822+0000] {processor.py:161} INFO - Started process (PID=687) to work on /home/airflow/.local/lib/python3.8/site-packages/airflow/example_dags/example_skip_dag.py
[2024-01-23T22:25:45.822+0000] {processor.py:830} INFO - Processing file /home/airflow/.local/lib/python3.8/site-packages/airflow/example_dags/example_skip_dag.py for tasks to queue
[2024-01-23T22:25:45.823+0000] {logging_mixin.py:188} INFO - [2024-01-23T22:25:45.823+0000] {dagbag.py:538} INFO - Filling up the DagBag from /home/airflow/.local/lib/python3.8/site-packages/airflow/example_dags/example_skip_dag.py
[2024-01-23T22:25:45.827+0000] {processor.py:840} INFO - DAG(s) 'example_skip_dag' retrieved from /home/airflow/.local/lib/python3.8/site-packages/airflow/example_dags/example_skip_dag.py
[2024-01-23T22:25:45.843+0000] {logging_mixin.py:188} INFO - [2024-01-23T22:25:45.843+0000] {dag.py:3036} INFO - Sync 1 DAGs
[2024-01-23T22:25:45.863+0000] {logging_mixin.py:188} INFO - [2024-01-23T22:25:45.863+0000] {dag.py:3823} INFO - Setting next_dagrun for example_skip_dag to 2024-01-22 00:00:00+00:00, run_after=2024-01-23 00:00:00+00:00
[2024-01-23T22:25:45.879+0000] {processor.py:183} INFO - Processing /home/airflow/.local/lib/python3.8/site-packages/airflow/example_dags/example_skip_dag.py took 0.060 seconds
[2024-01-23T22:26:15.903+0000] {processor.py:161} INFO - Started process (PID=743) to work on /home/airflow/.local/lib/python3.8/site-packages/airflow/example_dags/example_skip_dag.py
[2024-01-23T22:26:15.905+0000] {processor.py:830} INFO - Processing file /home/airflow/.local/lib/python3.8/site-packages/airflow/example_dags/example_skip_dag.py for tasks to queue
[2024-01-23T22:26:15.906+0000] {logging_mixin.py:188} INFO - [2024-01-23T22:26:15.906+0000] {dagbag.py:538} INFO - Filling up the DagBag from /home/airflow/.local/lib/python3.8/site-packages/airflow/example_dags/example_skip_dag.py
[2024-01-23T22:26:15.910+0000] {processor.py:840} INFO - DAG(s) 'example_skip_dag' retrieved from /home/airflow/.local/lib/python3.8/site-packages/airflow/example_dags/example_skip_dag.py
[2024-01-23T22:26:15.923+0000] {logging_mixin.py:188} INFO - [2024-01-23T22:26:15.923+0000] {dag.py:3036} INFO - Sync 1 DAGs
[2024-01-23T22:26:15.937+0000] {logging_mixin.py:188} INFO - [2024-01-23T22:26:15.937+0000] {dag.py:3823} INFO - Setting next_dagrun for example_skip_dag to 2024-01-22 00:00:00+00:00, run_after=2024-01-23 00:00:00+00:00
[2024-01-23T22:26:15.948+0000] {processor.py:183} INFO - Processing /home/airflow/.local/lib/python3.8/site-packages/airflow/example_dags/example_skip_dag.py took 0.047 seconds
[2024-01-23T22:26:46.463+0000] {processor.py:161} INFO - Started process (PID=801) to work on /home/airflow/.local/lib/python3.8/site-packages/airflow/example_dags/example_skip_dag.py
[2024-01-23T22:26:46.464+0000] {processor.py:830} INFO - Processing file /home/airflow/.local/lib/python3.8/site-packages/airflow/example_dags/example_skip_dag.py for tasks to queue
[2024-01-23T22:26:46.466+0000] {logging_mixin.py:188} INFO - [2024-01-23T22:26:46.466+0000] {dagbag.py:538} INFO - Filling up the DagBag from /home/airflow/.local/lib/python3.8/site-packages/airflow/example_dags/example_skip_dag.py
[2024-01-23T22:26:46.471+0000] {processor.py:840} INFO - DAG(s) 'example_skip_dag' retrieved from /home/airflow/.local/lib/python3.8/site-packages/airflow/example_dags/example_skip_dag.py
[2024-01-23T22:26:46.485+0000] {logging_mixin.py:188} INFO - [2024-01-23T22:26:46.485+0000] {dag.py:3036} INFO - Sync 1 DAGs
[2024-01-23T22:26:46.504+0000] {logging_mixin.py:188} INFO - [2024-01-23T22:26:46.504+0000] {dag.py:3823} INFO - Setting next_dagrun for example_skip_dag to 2024-01-22 00:00:00+00:00, run_after=2024-01-23 00:00:00+00:00
[2024-01-23T22:26:46.528+0000] {processor.py:183} INFO - Processing /home/airflow/.local/lib/python3.8/site-packages/airflow/example_dags/example_skip_dag.py took 0.066 seconds
[2024-01-23T22:27:17.484+0000] {processor.py:161} INFO - Started process (PID=858) to work on /home/airflow/.local/lib/python3.8/site-packages/airflow/example_dags/example_skip_dag.py
[2024-01-23T22:27:17.485+0000] {processor.py:830} INFO - Processing file /home/airflow/.local/lib/python3.8/site-packages/airflow/example_dags/example_skip_dag.py for tasks to queue
[2024-01-23T22:27:17.487+0000] {logging_mixin.py:188} INFO - [2024-01-23T22:27:17.486+0000] {dagbag.py:538} INFO - Filling up the DagBag from /home/airflow/.local/lib/python3.8/site-packages/airflow/example_dags/example_skip_dag.py
[2024-01-23T22:27:17.493+0000] {processor.py:840} INFO - DAG(s) 'example_skip_dag' retrieved from /home/airflow/.local/lib/python3.8/site-packages/airflow/example_dags/example_skip_dag.py
[2024-01-23T22:27:17.517+0000] {logging_mixin.py:188} INFO - [2024-01-23T22:27:17.516+0000] {dag.py:3036} INFO - Sync 1 DAGs
[2024-01-23T22:27:17.540+0000] {logging_mixin.py:188} INFO - [2024-01-23T22:27:17.540+0000] {dag.py:3823} INFO - Setting next_dagrun for example_skip_dag to 2024-01-22 00:00:00+00:00, run_after=2024-01-23 00:00:00+00:00
[2024-01-23T22:27:17.560+0000] {processor.py:183} INFO - Processing /home/airflow/.local/lib/python3.8/site-packages/airflow/example_dags/example_skip_dag.py took 0.079 seconds
[2024-01-23T22:27:47.752+0000] {processor.py:161} INFO - Started process (PID=915) to work on /home/airflow/.local/lib/python3.8/site-packages/airflow/example_dags/example_skip_dag.py
[2024-01-23T22:27:47.756+0000] {processor.py:830} INFO - Processing file /home/airflow/.local/lib/python3.8/site-packages/airflow/example_dags/example_skip_dag.py for tasks to queue
[2024-01-23T22:27:47.758+0000] {logging_mixin.py:188} INFO - [2024-01-23T22:27:47.757+0000] {dagbag.py:538} INFO - Filling up the DagBag from /home/airflow/.local/lib/python3.8/site-packages/airflow/example_dags/example_skip_dag.py
[2024-01-23T22:27:47.766+0000] {processor.py:840} INFO - DAG(s) 'example_skip_dag' retrieved from /home/airflow/.local/lib/python3.8/site-packages/airflow/example_dags/example_skip_dag.py
[2024-01-23T22:27:47.789+0000] {logging_mixin.py:188} INFO - [2024-01-23T22:27:47.788+0000] {dag.py:3036} INFO - Sync 1 DAGs
[2024-01-23T22:27:47.813+0000] {logging_mixin.py:188} INFO - [2024-01-23T22:27:47.813+0000] {dag.py:3823} INFO - Setting next_dagrun for example_skip_dag to 2024-01-22 00:00:00+00:00, run_after=2024-01-23 00:00:00+00:00
[2024-01-23T22:27:47.848+0000] {processor.py:183} INFO - Processing /home/airflow/.local/lib/python3.8/site-packages/airflow/example_dags/example_skip_dag.py took 0.099 seconds
[2024-01-23T22:28:18.800+0000] {processor.py:161} INFO - Started process (PID=972) to work on /home/airflow/.local/lib/python3.8/site-packages/airflow/example_dags/example_skip_dag.py
[2024-01-23T22:28:18.801+0000] {processor.py:830} INFO - Processing file /home/airflow/.local/lib/python3.8/site-packages/airflow/example_dags/example_skip_dag.py for tasks to queue
[2024-01-23T22:28:18.802+0000] {logging_mixin.py:188} INFO - [2024-01-23T22:28:18.802+0000] {dagbag.py:538} INFO - Filling up the DagBag from /home/airflow/.local/lib/python3.8/site-packages/airflow/example_dags/example_skip_dag.py
[2024-01-23T22:28:18.807+0000] {processor.py:840} INFO - DAG(s) 'example_skip_dag' retrieved from /home/airflow/.local/lib/python3.8/site-packages/airflow/example_dags/example_skip_dag.py
[2024-01-23T22:28:18.820+0000] {logging_mixin.py:188} INFO - [2024-01-23T22:28:18.820+0000] {dag.py:3036} INFO - Sync 1 DAGs
[2024-01-23T22:28:18.834+0000] {logging_mixin.py:188} INFO - [2024-01-23T22:28:18.834+0000] {dag.py:3823} INFO - Setting next_dagrun for example_skip_dag to 2024-01-22 00:00:00+00:00, run_after=2024-01-23 00:00:00+00:00
[2024-01-23T22:28:18.846+0000] {processor.py:183} INFO - Processing /home/airflow/.local/lib/python3.8/site-packages/airflow/example_dags/example_skip_dag.py took 0.048 seconds
[2024-01-23T22:28:49.061+0000] {processor.py:161} INFO - Started process (PID=1029) to work on /home/airflow/.local/lib/python3.8/site-packages/airflow/example_dags/example_skip_dag.py
[2024-01-23T22:28:49.062+0000] {processor.py:830} INFO - Processing file /home/airflow/.local/lib/python3.8/site-packages/airflow/example_dags/example_skip_dag.py for tasks to queue
[2024-01-23T22:28:49.063+0000] {logging_mixin.py:188} INFO - [2024-01-23T22:28:49.063+0000] {dagbag.py:538} INFO - Filling up the DagBag from /home/airflow/.local/lib/python3.8/site-packages/airflow/example_dags/example_skip_dag.py
[2024-01-23T22:28:49.068+0000] {processor.py:840} INFO - DAG(s) 'example_skip_dag' retrieved from /home/airflow/.local/lib/python3.8/site-packages/airflow/example_dags/example_skip_dag.py
[2024-01-23T22:28:49.085+0000] {logging_mixin.py:188} INFO - [2024-01-23T22:28:49.084+0000] {dag.py:3036} INFO - Sync 1 DAGs
[2024-01-23T22:28:49.105+0000] {logging_mixin.py:188} INFO - [2024-01-23T22:28:49.104+0000] {dag.py:3823} INFO - Setting next_dagrun for example_skip_dag to 2024-01-22 00:00:00+00:00, run_after=2024-01-23 00:00:00+00:00
[2024-01-23T22:28:49.120+0000] {processor.py:183} INFO - Processing /home/airflow/.local/lib/python3.8/site-packages/airflow/example_dags/example_skip_dag.py took 0.061 seconds
[2024-01-23T22:29:19.362+0000] {processor.py:161} INFO - Started process (PID=1086) to work on /home/airflow/.local/lib/python3.8/site-packages/airflow/example_dags/example_skip_dag.py
[2024-01-23T22:29:19.363+0000] {processor.py:830} INFO - Processing file /home/airflow/.local/lib/python3.8/site-packages/airflow/example_dags/example_skip_dag.py for tasks to queue
[2024-01-23T22:29:19.364+0000] {logging_mixin.py:188} INFO - [2024-01-23T22:29:19.364+0000] {dagbag.py:538} INFO - Filling up the DagBag from /home/airflow/.local/lib/python3.8/site-packages/airflow/example_dags/example_skip_dag.py
[2024-01-23T22:29:19.370+0000] {processor.py:840} INFO - DAG(s) 'example_skip_dag' retrieved from /home/airflow/.local/lib/python3.8/site-packages/airflow/example_dags/example_skip_dag.py
[2024-01-23T22:29:19.383+0000] {logging_mixin.py:188} INFO - [2024-01-23T22:29:19.383+0000] {dag.py:3036} INFO - Sync 1 DAGs
[2024-01-23T22:29:19.403+0000] {logging_mixin.py:188} INFO - [2024-01-23T22:29:19.403+0000] {dag.py:3823} INFO - Setting next_dagrun for example_skip_dag to 2024-01-22 00:00:00+00:00, run_after=2024-01-23 00:00:00+00:00
[2024-01-23T22:29:19.422+0000] {processor.py:183} INFO - Processing /home/airflow/.local/lib/python3.8/site-packages/airflow/example_dags/example_skip_dag.py took 0.063 seconds
[2024-01-23T22:29:49.450+0000] {processor.py:161} INFO - Started process (PID=1142) to work on /home/airflow/.local/lib/python3.8/site-packages/airflow/example_dags/example_skip_dag.py
[2024-01-23T22:29:49.450+0000] {processor.py:830} INFO - Processing file /home/airflow/.local/lib/python3.8/site-packages/airflow/example_dags/example_skip_dag.py for tasks to queue
[2024-01-23T22:29:49.451+0000] {logging_mixin.py:188} INFO - [2024-01-23T22:29:49.451+0000] {dagbag.py:538} INFO - Filling up the DagBag from /home/airflow/.local/lib/python3.8/site-packages/airflow/example_dags/example_skip_dag.py
[2024-01-23T22:29:49.455+0000] {processor.py:840} INFO - DAG(s) 'example_skip_dag' retrieved from /home/airflow/.local/lib/python3.8/site-packages/airflow/example_dags/example_skip_dag.py
[2024-01-23T22:29:49.468+0000] {logging_mixin.py:188} INFO - [2024-01-23T22:29:49.468+0000] {dag.py:3036} INFO - Sync 1 DAGs
[2024-01-23T22:29:49.480+0000] {logging_mixin.py:188} INFO - [2024-01-23T22:29:49.480+0000] {dag.py:3823} INFO - Setting next_dagrun for example_skip_dag to 2024-01-22 00:00:00+00:00, run_after=2024-01-23 00:00:00+00:00
[2024-01-23T22:29:49.492+0000] {processor.py:183} INFO - Processing /home/airflow/.local/lib/python3.8/site-packages/airflow/example_dags/example_skip_dag.py took 0.044 seconds
