[2024-01-23T22:20:07.357+0000] {processor.py:161} INFO - Started process (PID=59) to work on /home/airflow/.local/lib/python3.8/site-packages/airflow/example_dags/example_complex.py
[2024-01-23T22:20:07.358+0000] {processor.py:830} INFO - Processing file /home/airflow/.local/lib/python3.8/site-packages/airflow/example_dags/example_complex.py for tasks to queue
[2024-01-23T22:20:07.359+0000] {logging_mixin.py:188} INFO - [2024-01-23T22:20:07.359+0000] {dagbag.py:538} INFO - Filling up the DagBag from /home/airflow/.local/lib/python3.8/site-packages/airflow/example_dags/example_complex.py
[2024-01-23T22:20:07.367+0000] {processor.py:840} INFO - DAG(s) 'example_complex' retrieved from /home/airflow/.local/lib/python3.8/site-packages/airflow/example_dags/example_complex.py
[2024-01-23T22:20:07.438+0000] {logging_mixin.py:188} INFO - [2024-01-23T22:20:07.437+0000] {override.py:1769} INFO - Created Permission View: can delete on DAG:example_complex
[2024-01-23T22:20:07.444+0000] {logging_mixin.py:188} INFO - [2024-01-23T22:20:07.444+0000] {override.py:1769} INFO - Created Permission View: can edit on DAG:example_complex
[2024-01-23T22:20:07.448+0000] {logging_mixin.py:188} INFO - [2024-01-23T22:20:07.448+0000] {override.py:1769} INFO - Created Permission View: can read on DAG:example_complex
[2024-01-23T22:20:07.449+0000] {logging_mixin.py:188} INFO - [2024-01-23T22:20:07.449+0000] {dag.py:3036} INFO - Sync 1 DAGs
[2024-01-23T22:20:07.455+0000] {logging_mixin.py:188} INFO - [2024-01-23T22:20:07.455+0000] {dag.py:3058} INFO - Creating ORM DAG for example_complex
[2024-01-23T22:20:07.456+0000] {logging_mixin.py:188} INFO - [2024-01-23T22:20:07.455+0000] {dag.py:3823} INFO - Setting next_dagrun for example_complex to None, run_after=None
[2024-01-23T22:20:07.466+0000] {processor.py:183} INFO - Processing /home/airflow/.local/lib/python3.8/site-packages/airflow/example_dags/example_complex.py took 0.111 seconds
[2024-01-23T22:20:38.389+0000] {processor.py:161} INFO - Started process (PID=114) to work on /home/airflow/.local/lib/python3.8/site-packages/airflow/example_dags/example_complex.py
[2024-01-23T22:20:38.389+0000] {processor.py:830} INFO - Processing file /home/airflow/.local/lib/python3.8/site-packages/airflow/example_dags/example_complex.py for tasks to queue
[2024-01-23T22:20:38.390+0000] {logging_mixin.py:188} INFO - [2024-01-23T22:20:38.390+0000] {dagbag.py:538} INFO - Filling up the DagBag from /home/airflow/.local/lib/python3.8/site-packages/airflow/example_dags/example_complex.py
[2024-01-23T22:20:38.397+0000] {processor.py:840} INFO - DAG(s) 'example_complex' retrieved from /home/airflow/.local/lib/python3.8/site-packages/airflow/example_dags/example_complex.py
[2024-01-23T22:20:38.414+0000] {logging_mixin.py:188} INFO - [2024-01-23T22:20:38.414+0000] {dag.py:3036} INFO - Sync 1 DAGs
[2024-01-23T22:20:38.421+0000] {logging_mixin.py:188} INFO - [2024-01-23T22:20:38.420+0000] {dag.py:3823} INFO - Setting next_dagrun for example_complex to None, run_after=None
[2024-01-23T22:20:38.431+0000] {processor.py:183} INFO - Processing /home/airflow/.local/lib/python3.8/site-packages/airflow/example_dags/example_complex.py took 0.044 seconds
[2024-01-23T22:21:09.123+0000] {processor.py:161} INFO - Started process (PID=169) to work on /home/airflow/.local/lib/python3.8/site-packages/airflow/example_dags/example_complex.py
[2024-01-23T22:21:09.124+0000] {processor.py:830} INFO - Processing file /home/airflow/.local/lib/python3.8/site-packages/airflow/example_dags/example_complex.py for tasks to queue
[2024-01-23T22:21:09.125+0000] {logging_mixin.py:188} INFO - [2024-01-23T22:21:09.124+0000] {dagbag.py:538} INFO - Filling up the DagBag from /home/airflow/.local/lib/python3.8/site-packages/airflow/example_dags/example_complex.py
[2024-01-23T22:21:09.131+0000] {processor.py:840} INFO - DAG(s) 'example_complex' retrieved from /home/airflow/.local/lib/python3.8/site-packages/airflow/example_dags/example_complex.py
[2024-01-23T22:21:09.148+0000] {logging_mixin.py:188} INFO - [2024-01-23T22:21:09.148+0000] {dag.py:3036} INFO - Sync 1 DAGs
[2024-01-23T22:21:09.155+0000] {logging_mixin.py:188} INFO - [2024-01-23T22:21:09.154+0000] {dag.py:3823} INFO - Setting next_dagrun for example_complex to None, run_after=None
[2024-01-23T22:21:09.165+0000] {processor.py:183} INFO - Processing /home/airflow/.local/lib/python3.8/site-packages/airflow/example_dags/example_complex.py took 0.044 seconds
[2024-01-23T22:21:39.787+0000] {processor.py:161} INFO - Started process (PID=224) to work on /home/airflow/.local/lib/python3.8/site-packages/airflow/example_dags/example_complex.py
[2024-01-23T22:21:39.787+0000] {processor.py:830} INFO - Processing file /home/airflow/.local/lib/python3.8/site-packages/airflow/example_dags/example_complex.py for tasks to queue
[2024-01-23T22:21:39.788+0000] {logging_mixin.py:188} INFO - [2024-01-23T22:21:39.788+0000] {dagbag.py:538} INFO - Filling up the DagBag from /home/airflow/.local/lib/python3.8/site-packages/airflow/example_dags/example_complex.py
[2024-01-23T22:21:39.794+0000] {processor.py:840} INFO - DAG(s) 'example_complex' retrieved from /home/airflow/.local/lib/python3.8/site-packages/airflow/example_dags/example_complex.py
[2024-01-23T22:21:39.812+0000] {logging_mixin.py:188} INFO - [2024-01-23T22:21:39.812+0000] {dag.py:3036} INFO - Sync 1 DAGs
[2024-01-23T22:21:39.819+0000] {logging_mixin.py:188} INFO - [2024-01-23T22:21:39.818+0000] {dag.py:3823} INFO - Setting next_dagrun for example_complex to None, run_after=None
[2024-01-23T22:21:39.829+0000] {processor.py:183} INFO - Processing /home/airflow/.local/lib/python3.8/site-packages/airflow/example_dags/example_complex.py took 0.044 seconds
[2024-01-23T22:22:10.678+0000] {processor.py:161} INFO - Started process (PID=279) to work on /home/airflow/.local/lib/python3.8/site-packages/airflow/example_dags/example_complex.py
[2024-01-23T22:22:10.678+0000] {processor.py:830} INFO - Processing file /home/airflow/.local/lib/python3.8/site-packages/airflow/example_dags/example_complex.py for tasks to queue
[2024-01-23T22:22:10.679+0000] {logging_mixin.py:188} INFO - [2024-01-23T22:22:10.679+0000] {dagbag.py:538} INFO - Filling up the DagBag from /home/airflow/.local/lib/python3.8/site-packages/airflow/example_dags/example_complex.py
[2024-01-23T22:22:10.686+0000] {processor.py:840} INFO - DAG(s) 'example_complex' retrieved from /home/airflow/.local/lib/python3.8/site-packages/airflow/example_dags/example_complex.py
[2024-01-23T22:22:10.703+0000] {logging_mixin.py:188} INFO - [2024-01-23T22:22:10.703+0000] {dag.py:3036} INFO - Sync 1 DAGs
[2024-01-23T22:22:10.710+0000] {logging_mixin.py:188} INFO - [2024-01-23T22:22:10.710+0000] {dag.py:3823} INFO - Setting next_dagrun for example_complex to None, run_after=None
[2024-01-23T22:22:10.720+0000] {processor.py:183} INFO - Processing /home/airflow/.local/lib/python3.8/site-packages/airflow/example_dags/example_complex.py took 0.044 seconds
[2024-01-23T22:22:40.922+0000] {processor.py:161} INFO - Started process (PID=334) to work on /home/airflow/.local/lib/python3.8/site-packages/airflow/example_dags/example_complex.py
[2024-01-23T22:22:40.922+0000] {processor.py:830} INFO - Processing file /home/airflow/.local/lib/python3.8/site-packages/airflow/example_dags/example_complex.py for tasks to queue
[2024-01-23T22:22:40.923+0000] {logging_mixin.py:188} INFO - [2024-01-23T22:22:40.923+0000] {dagbag.py:538} INFO - Filling up the DagBag from /home/airflow/.local/lib/python3.8/site-packages/airflow/example_dags/example_complex.py
[2024-01-23T22:22:40.930+0000] {processor.py:840} INFO - DAG(s) 'example_complex' retrieved from /home/airflow/.local/lib/python3.8/site-packages/airflow/example_dags/example_complex.py
[2024-01-23T22:22:40.948+0000] {logging_mixin.py:188} INFO - [2024-01-23T22:22:40.948+0000] {dag.py:3036} INFO - Sync 1 DAGs
[2024-01-23T22:22:40.955+0000] {logging_mixin.py:188} INFO - [2024-01-23T22:22:40.955+0000] {dag.py:3823} INFO - Setting next_dagrun for example_complex to None, run_after=None
[2024-01-23T22:22:40.965+0000] {processor.py:183} INFO - Processing /home/airflow/.local/lib/python3.8/site-packages/airflow/example_dags/example_complex.py took 0.045 seconds
[2024-01-23T22:23:11.791+0000] {processor.py:161} INFO - Started process (PID=389) to work on /home/airflow/.local/lib/python3.8/site-packages/airflow/example_dags/example_complex.py
[2024-01-23T22:23:11.791+0000] {processor.py:830} INFO - Processing file /home/airflow/.local/lib/python3.8/site-packages/airflow/example_dags/example_complex.py for tasks to queue
[2024-01-23T22:23:11.792+0000] {logging_mixin.py:188} INFO - [2024-01-23T22:23:11.792+0000] {dagbag.py:538} INFO - Filling up the DagBag from /home/airflow/.local/lib/python3.8/site-packages/airflow/example_dags/example_complex.py
[2024-01-23T22:23:11.799+0000] {processor.py:840} INFO - DAG(s) 'example_complex' retrieved from /home/airflow/.local/lib/python3.8/site-packages/airflow/example_dags/example_complex.py
[2024-01-23T22:23:11.819+0000] {logging_mixin.py:188} INFO - [2024-01-23T22:23:11.819+0000] {dag.py:3036} INFO - Sync 1 DAGs
[2024-01-23T22:23:11.826+0000] {logging_mixin.py:188} INFO - [2024-01-23T22:23:11.826+0000] {dag.py:3823} INFO - Setting next_dagrun for example_complex to None, run_after=None
[2024-01-23T22:23:11.837+0000] {processor.py:183} INFO - Processing /home/airflow/.local/lib/python3.8/site-packages/airflow/example_dags/example_complex.py took 0.048 seconds
[2024-01-23T22:23:41.902+0000] {processor.py:161} INFO - Started process (PID=444) to work on /home/airflow/.local/lib/python3.8/site-packages/airflow/example_dags/example_complex.py
[2024-01-23T22:23:41.903+0000] {processor.py:830} INFO - Processing file /home/airflow/.local/lib/python3.8/site-packages/airflow/example_dags/example_complex.py for tasks to queue
[2024-01-23T22:23:41.904+0000] {logging_mixin.py:188} INFO - [2024-01-23T22:23:41.904+0000] {dagbag.py:538} INFO - Filling up the DagBag from /home/airflow/.local/lib/python3.8/site-packages/airflow/example_dags/example_complex.py
[2024-01-23T22:23:41.912+0000] {processor.py:840} INFO - DAG(s) 'example_complex' retrieved from /home/airflow/.local/lib/python3.8/site-packages/airflow/example_dags/example_complex.py
[2024-01-23T22:23:41.933+0000] {logging_mixin.py:188} INFO - [2024-01-23T22:23:41.932+0000] {dag.py:3036} INFO - Sync 1 DAGs
[2024-01-23T22:23:41.940+0000] {logging_mixin.py:188} INFO - [2024-01-23T22:23:41.940+0000] {dag.py:3823} INFO - Setting next_dagrun for example_complex to None, run_after=None
[2024-01-23T22:23:41.951+0000] {processor.py:183} INFO - Processing /home/airflow/.local/lib/python3.8/site-packages/airflow/example_dags/example_complex.py took 0.051 seconds
[2024-01-23T22:24:12.359+0000] {processor.py:161} INFO - Started process (PID=499) to work on /home/airflow/.local/lib/python3.8/site-packages/airflow/example_dags/example_complex.py
[2024-01-23T22:24:12.360+0000] {processor.py:830} INFO - Processing file /home/airflow/.local/lib/python3.8/site-packages/airflow/example_dags/example_complex.py for tasks to queue
[2024-01-23T22:24:12.361+0000] {logging_mixin.py:188} INFO - [2024-01-23T22:24:12.361+0000] {dagbag.py:538} INFO - Filling up the DagBag from /home/airflow/.local/lib/python3.8/site-packages/airflow/example_dags/example_complex.py
[2024-01-23T22:24:12.373+0000] {processor.py:840} INFO - DAG(s) 'example_complex' retrieved from /home/airflow/.local/lib/python3.8/site-packages/airflow/example_dags/example_complex.py
[2024-01-23T22:24:12.397+0000] {logging_mixin.py:188} INFO - [2024-01-23T22:24:12.397+0000] {dag.py:3036} INFO - Sync 1 DAGs
[2024-01-23T22:24:12.408+0000] {logging_mixin.py:188} INFO - [2024-01-23T22:24:12.408+0000] {dag.py:3823} INFO - Setting next_dagrun for example_complex to None, run_after=None
[2024-01-23T22:24:12.424+0000] {processor.py:183} INFO - Processing /home/airflow/.local/lib/python3.8/site-packages/airflow/example_dags/example_complex.py took 0.068 seconds
[2024-01-23T22:24:42.586+0000] {processor.py:161} INFO - Started process (PID=554) to work on /home/airflow/.local/lib/python3.8/site-packages/airflow/example_dags/example_complex.py
[2024-01-23T22:24:42.587+0000] {processor.py:830} INFO - Processing file /home/airflow/.local/lib/python3.8/site-packages/airflow/example_dags/example_complex.py for tasks to queue
[2024-01-23T22:24:42.588+0000] {logging_mixin.py:188} INFO - [2024-01-23T22:24:42.588+0000] {dagbag.py:538} INFO - Filling up the DagBag from /home/airflow/.local/lib/python3.8/site-packages/airflow/example_dags/example_complex.py
[2024-01-23T22:24:42.594+0000] {processor.py:840} INFO - DAG(s) 'example_complex' retrieved from /home/airflow/.local/lib/python3.8/site-packages/airflow/example_dags/example_complex.py
[2024-01-23T22:24:42.660+0000] {logging_mixin.py:188} INFO - [2024-01-23T22:24:42.660+0000] {dag.py:3036} INFO - Sync 1 DAGs
[2024-01-23T22:24:42.666+0000] {logging_mixin.py:188} INFO - [2024-01-23T22:24:42.666+0000] {dag.py:3058} INFO - Creating ORM DAG for example_complex
[2024-01-23T22:24:42.667+0000] {logging_mixin.py:188} INFO - [2024-01-23T22:24:42.667+0000] {dag.py:3823} INFO - Setting next_dagrun for example_complex to None, run_after=None
[2024-01-23T22:24:42.679+0000] {processor.py:183} INFO - Processing /home/airflow/.local/lib/python3.8/site-packages/airflow/example_dags/example_complex.py took 0.095 seconds
[2024-01-23T22:25:12.938+0000] {processor.py:161} INFO - Started process (PID=611) to work on /home/airflow/.local/lib/python3.8/site-packages/airflow/example_dags/example_complex.py
[2024-01-23T22:25:12.939+0000] {processor.py:830} INFO - Processing file /home/airflow/.local/lib/python3.8/site-packages/airflow/example_dags/example_complex.py for tasks to queue
[2024-01-23T22:25:12.940+0000] {logging_mixin.py:188} INFO - [2024-01-23T22:25:12.940+0000] {dagbag.py:538} INFO - Filling up the DagBag from /home/airflow/.local/lib/python3.8/site-packages/airflow/example_dags/example_complex.py
[2024-01-23T22:25:12.946+0000] {processor.py:840} INFO - DAG(s) 'example_complex' retrieved from /home/airflow/.local/lib/python3.8/site-packages/airflow/example_dags/example_complex.py
[2024-01-23T22:25:12.966+0000] {logging_mixin.py:188} INFO - [2024-01-23T22:25:12.965+0000] {dag.py:3036} INFO - Sync 1 DAGs
[2024-01-23T22:25:12.974+0000] {logging_mixin.py:188} INFO - [2024-01-23T22:25:12.974+0000] {dag.py:3823} INFO - Setting next_dagrun for example_complex to None, run_after=None
[2024-01-23T22:25:12.987+0000] {processor.py:183} INFO - Processing /home/airflow/.local/lib/python3.8/site-packages/airflow/example_dags/example_complex.py took 0.051 seconds
[2024-01-23T22:25:43.143+0000] {processor.py:161} INFO - Started process (PID=668) to work on /home/airflow/.local/lib/python3.8/site-packages/airflow/example_dags/example_complex.py
[2024-01-23T22:25:43.144+0000] {processor.py:830} INFO - Processing file /home/airflow/.local/lib/python3.8/site-packages/airflow/example_dags/example_complex.py for tasks to queue
[2024-01-23T22:25:43.145+0000] {logging_mixin.py:188} INFO - [2024-01-23T22:25:43.145+0000] {dagbag.py:538} INFO - Filling up the DagBag from /home/airflow/.local/lib/python3.8/site-packages/airflow/example_dags/example_complex.py
[2024-01-23T22:25:43.152+0000] {processor.py:840} INFO - DAG(s) 'example_complex' retrieved from /home/airflow/.local/lib/python3.8/site-packages/airflow/example_dags/example_complex.py
[2024-01-23T22:25:43.178+0000] {logging_mixin.py:188} INFO - [2024-01-23T22:25:43.178+0000] {dag.py:3036} INFO - Sync 1 DAGs
[2024-01-23T22:25:43.188+0000] {logging_mixin.py:188} INFO - [2024-01-23T22:25:43.188+0000] {dag.py:3823} INFO - Setting next_dagrun for example_complex to None, run_after=None
[2024-01-23T22:25:43.200+0000] {processor.py:183} INFO - Processing /home/airflow/.local/lib/python3.8/site-packages/airflow/example_dags/example_complex.py took 0.059 seconds
[2024-01-23T22:26:13.309+0000] {processor.py:161} INFO - Started process (PID=725) to work on /home/airflow/.local/lib/python3.8/site-packages/airflow/example_dags/example_complex.py
[2024-01-23T22:26:13.310+0000] {processor.py:830} INFO - Processing file /home/airflow/.local/lib/python3.8/site-packages/airflow/example_dags/example_complex.py for tasks to queue
[2024-01-23T22:26:13.311+0000] {logging_mixin.py:188} INFO - [2024-01-23T22:26:13.311+0000] {dagbag.py:538} INFO - Filling up the DagBag from /home/airflow/.local/lib/python3.8/site-packages/airflow/example_dags/example_complex.py
[2024-01-23T22:26:13.317+0000] {processor.py:840} INFO - DAG(s) 'example_complex' retrieved from /home/airflow/.local/lib/python3.8/site-packages/airflow/example_dags/example_complex.py
[2024-01-23T22:26:13.338+0000] {logging_mixin.py:188} INFO - [2024-01-23T22:26:13.338+0000] {dag.py:3036} INFO - Sync 1 DAGs
[2024-01-23T22:26:13.345+0000] {logging_mixin.py:188} INFO - [2024-01-23T22:26:13.345+0000] {dag.py:3823} INFO - Setting next_dagrun for example_complex to None, run_after=None
[2024-01-23T22:26:13.358+0000] {processor.py:183} INFO - Processing /home/airflow/.local/lib/python3.8/site-packages/airflow/example_dags/example_complex.py took 0.051 seconds
[2024-01-23T22:26:43.602+0000] {processor.py:161} INFO - Started process (PID=782) to work on /home/airflow/.local/lib/python3.8/site-packages/airflow/example_dags/example_complex.py
[2024-01-23T22:26:43.603+0000] {processor.py:830} INFO - Processing file /home/airflow/.local/lib/python3.8/site-packages/airflow/example_dags/example_complex.py for tasks to queue
[2024-01-23T22:26:43.604+0000] {logging_mixin.py:188} INFO - [2024-01-23T22:26:43.604+0000] {dagbag.py:538} INFO - Filling up the DagBag from /home/airflow/.local/lib/python3.8/site-packages/airflow/example_dags/example_complex.py
[2024-01-23T22:26:43.611+0000] {processor.py:840} INFO - DAG(s) 'example_complex' retrieved from /home/airflow/.local/lib/python3.8/site-packages/airflow/example_dags/example_complex.py
[2024-01-23T22:26:43.693+0000] {logging_mixin.py:188} INFO - [2024-01-23T22:26:43.693+0000] {dag.py:3036} INFO - Sync 1 DAGs
[2024-01-23T22:26:43.701+0000] {logging_mixin.py:188} INFO - [2024-01-23T22:26:43.701+0000] {dag.py:3058} INFO - Creating ORM DAG for example_complex
[2024-01-23T22:26:43.701+0000] {logging_mixin.py:188} INFO - [2024-01-23T22:26:43.701+0000] {dag.py:3823} INFO - Setting next_dagrun for example_complex to None, run_after=None
[2024-01-23T22:26:43.716+0000] {processor.py:183} INFO - Processing /home/airflow/.local/lib/python3.8/site-packages/airflow/example_dags/example_complex.py took 0.116 seconds
[2024-01-23T22:27:14.404+0000] {processor.py:161} INFO - Started process (PID=839) to work on /home/airflow/.local/lib/python3.8/site-packages/airflow/example_dags/example_complex.py
[2024-01-23T22:27:14.405+0000] {processor.py:830} INFO - Processing file /home/airflow/.local/lib/python3.8/site-packages/airflow/example_dags/example_complex.py for tasks to queue
[2024-01-23T22:27:14.406+0000] {logging_mixin.py:188} INFO - [2024-01-23T22:27:14.406+0000] {dagbag.py:538} INFO - Filling up the DagBag from /home/airflow/.local/lib/python3.8/site-packages/airflow/example_dags/example_complex.py
[2024-01-23T22:27:14.412+0000] {processor.py:840} INFO - DAG(s) 'example_complex' retrieved from /home/airflow/.local/lib/python3.8/site-packages/airflow/example_dags/example_complex.py
[2024-01-23T22:27:14.479+0000] {logging_mixin.py:188} INFO - [2024-01-23T22:27:14.479+0000] {dag.py:3036} INFO - Sync 1 DAGs
[2024-01-23T22:27:14.487+0000] {logging_mixin.py:188} INFO - [2024-01-23T22:27:14.487+0000] {dag.py:3058} INFO - Creating ORM DAG for example_complex
[2024-01-23T22:27:14.488+0000] {logging_mixin.py:188} INFO - [2024-01-23T22:27:14.487+0000] {dag.py:3823} INFO - Setting next_dagrun for example_complex to None, run_after=None
[2024-01-23T22:27:14.501+0000] {processor.py:183} INFO - Processing /home/airflow/.local/lib/python3.8/site-packages/airflow/example_dags/example_complex.py took 0.099 seconds
[2024-01-23T22:27:44.947+0000] {processor.py:161} INFO - Started process (PID=896) to work on /home/airflow/.local/lib/python3.8/site-packages/airflow/example_dags/example_complex.py
[2024-01-23T22:27:44.947+0000] {processor.py:830} INFO - Processing file /home/airflow/.local/lib/python3.8/site-packages/airflow/example_dags/example_complex.py for tasks to queue
[2024-01-23T22:27:44.948+0000] {logging_mixin.py:188} INFO - [2024-01-23T22:27:44.948+0000] {dagbag.py:538} INFO - Filling up the DagBag from /home/airflow/.local/lib/python3.8/site-packages/airflow/example_dags/example_complex.py
[2024-01-23T22:27:44.955+0000] {processor.py:840} INFO - DAG(s) 'example_complex' retrieved from /home/airflow/.local/lib/python3.8/site-packages/airflow/example_dags/example_complex.py
[2024-01-23T22:27:44.973+0000] {logging_mixin.py:188} INFO - [2024-01-23T22:27:44.973+0000] {dag.py:3036} INFO - Sync 1 DAGs
[2024-01-23T22:27:44.981+0000] {logging_mixin.py:188} INFO - [2024-01-23T22:27:44.980+0000] {dag.py:3823} INFO - Setting next_dagrun for example_complex to None, run_after=None
[2024-01-23T22:27:44.995+0000] {processor.py:183} INFO - Processing /home/airflow/.local/lib/python3.8/site-packages/airflow/example_dags/example_complex.py took 0.050 seconds
[2024-01-23T22:28:15.167+0000] {processor.py:161} INFO - Started process (PID=953) to work on /home/airflow/.local/lib/python3.8/site-packages/airflow/example_dags/example_complex.py
[2024-01-23T22:28:15.167+0000] {processor.py:830} INFO - Processing file /home/airflow/.local/lib/python3.8/site-packages/airflow/example_dags/example_complex.py for tasks to queue
[2024-01-23T22:28:15.168+0000] {logging_mixin.py:188} INFO - [2024-01-23T22:28:15.168+0000] {dagbag.py:538} INFO - Filling up the DagBag from /home/airflow/.local/lib/python3.8/site-packages/airflow/example_dags/example_complex.py
[2024-01-23T22:28:15.175+0000] {processor.py:840} INFO - DAG(s) 'example_complex' retrieved from /home/airflow/.local/lib/python3.8/site-packages/airflow/example_dags/example_complex.py
[2024-01-23T22:28:15.195+0000] {logging_mixin.py:188} INFO - [2024-01-23T22:28:15.195+0000] {dag.py:3036} INFO - Sync 1 DAGs
[2024-01-23T22:28:15.203+0000] {logging_mixin.py:188} INFO - [2024-01-23T22:28:15.203+0000] {dag.py:3823} INFO - Setting next_dagrun for example_complex to None, run_after=None
[2024-01-23T22:28:15.216+0000] {processor.py:183} INFO - Processing /home/airflow/.local/lib/python3.8/site-packages/airflow/example_dags/example_complex.py took 0.051 seconds
[2024-01-23T22:28:45.374+0000] {processor.py:161} INFO - Started process (PID=1010) to work on /home/airflow/.local/lib/python3.8/site-packages/airflow/example_dags/example_complex.py
[2024-01-23T22:28:45.375+0000] {processor.py:830} INFO - Processing file /home/airflow/.local/lib/python3.8/site-packages/airflow/example_dags/example_complex.py for tasks to queue
[2024-01-23T22:28:45.376+0000] {logging_mixin.py:188} INFO - [2024-01-23T22:28:45.376+0000] {dagbag.py:538} INFO - Filling up the DagBag from /home/airflow/.local/lib/python3.8/site-packages/airflow/example_dags/example_complex.py
[2024-01-23T22:28:45.382+0000] {processor.py:840} INFO - DAG(s) 'example_complex' retrieved from /home/airflow/.local/lib/python3.8/site-packages/airflow/example_dags/example_complex.py
[2024-01-23T22:28:45.400+0000] {logging_mixin.py:188} INFO - [2024-01-23T22:28:45.400+0000] {dag.py:3036} INFO - Sync 1 DAGs
[2024-01-23T22:28:45.407+0000] {logging_mixin.py:188} INFO - [2024-01-23T22:28:45.407+0000] {dag.py:3823} INFO - Setting next_dagrun for example_complex to None, run_after=None
[2024-01-23T22:28:45.417+0000] {processor.py:183} INFO - Processing /home/airflow/.local/lib/python3.8/site-packages/airflow/example_dags/example_complex.py took 0.044 seconds
[2024-01-23T22:29:15.561+0000] {processor.py:161} INFO - Started process (PID=1067) to work on /home/airflow/.local/lib/python3.8/site-packages/airflow/example_dags/example_complex.py
[2024-01-23T22:29:15.561+0000] {processor.py:830} INFO - Processing file /home/airflow/.local/lib/python3.8/site-packages/airflow/example_dags/example_complex.py for tasks to queue
[2024-01-23T22:29:15.562+0000] {logging_mixin.py:188} INFO - [2024-01-23T22:29:15.562+0000] {dagbag.py:538} INFO - Filling up the DagBag from /home/airflow/.local/lib/python3.8/site-packages/airflow/example_dags/example_complex.py
[2024-01-23T22:29:15.568+0000] {processor.py:840} INFO - DAG(s) 'example_complex' retrieved from /home/airflow/.local/lib/python3.8/site-packages/airflow/example_dags/example_complex.py
[2024-01-23T22:29:15.586+0000] {logging_mixin.py:188} INFO - [2024-01-23T22:29:15.585+0000] {dag.py:3036} INFO - Sync 1 DAGs
[2024-01-23T22:29:15.592+0000] {logging_mixin.py:188} INFO - [2024-01-23T22:29:15.592+0000] {dag.py:3823} INFO - Setting next_dagrun for example_complex to None, run_after=None
[2024-01-23T22:29:15.605+0000] {processor.py:183} INFO - Processing /home/airflow/.local/lib/python3.8/site-packages/airflow/example_dags/example_complex.py took 0.046 seconds
[2024-01-23T22:29:45.905+0000] {processor.py:161} INFO - Started process (PID=1124) to work on /home/airflow/.local/lib/python3.8/site-packages/airflow/example_dags/example_complex.py
[2024-01-23T22:29:45.906+0000] {processor.py:830} INFO - Processing file /home/airflow/.local/lib/python3.8/site-packages/airflow/example_dags/example_complex.py for tasks to queue
[2024-01-23T22:29:45.907+0000] {logging_mixin.py:188} INFO - [2024-01-23T22:29:45.907+0000] {dagbag.py:538} INFO - Filling up the DagBag from /home/airflow/.local/lib/python3.8/site-packages/airflow/example_dags/example_complex.py
[2024-01-23T22:29:45.913+0000] {processor.py:840} INFO - DAG(s) 'example_complex' retrieved from /home/airflow/.local/lib/python3.8/site-packages/airflow/example_dags/example_complex.py
[2024-01-23T22:29:45.932+0000] {logging_mixin.py:188} INFO - [2024-01-23T22:29:45.932+0000] {dag.py:3036} INFO - Sync 1 DAGs
[2024-01-23T22:29:45.939+0000] {logging_mixin.py:188} INFO - [2024-01-23T22:29:45.939+0000] {dag.py:3823} INFO - Setting next_dagrun for example_complex to None, run_after=None
[2024-01-23T22:29:45.951+0000] {processor.py:183} INFO - Processing /home/airflow/.local/lib/python3.8/site-packages/airflow/example_dags/example_complex.py took 0.048 seconds
