[2024-01-23T22:20:05.035+0000] {processor.py:161} INFO - Started process (PID=35) to work on /home/airflow/.local/lib/python3.8/site-packages/airflow/example_dags/example_sla_dag.py
[2024-01-23T22:20:05.036+0000] {processor.py:830} INFO - Processing file /home/airflow/.local/lib/python3.8/site-packages/airflow/example_dags/example_sla_dag.py for tasks to queue
[2024-01-23T22:20:05.044+0000] {logging_mixin.py:188} INFO - [2024-01-23T22:20:05.044+0000] {dagbag.py:538} INFO - Filling up the DagBag from /home/airflow/.local/lib/python3.8/site-packages/airflow/example_dags/example_sla_dag.py
[2024-01-23T22:20:05.060+0000] {processor.py:840} INFO - DAG(s) 'example_sla_dag' retrieved from /home/airflow/.local/lib/python3.8/site-packages/airflow/example_dags/example_sla_dag.py
[2024-01-23T22:20:05.206+0000] {logging_mixin.py:188} INFO - [2024-01-23T22:20:05.205+0000] {override.py:1769} INFO - Created Permission View: can delete on DAG:example_sla_dag
[2024-01-23T22:20:05.213+0000] {logging_mixin.py:188} INFO - [2024-01-23T22:20:05.212+0000] {override.py:1769} INFO - Created Permission View: can edit on DAG:example_sla_dag
[2024-01-23T22:20:05.217+0000] {logging_mixin.py:188} INFO - [2024-01-23T22:20:05.217+0000] {override.py:1769} INFO - Created Permission View: can read on DAG:example_sla_dag
[2024-01-23T22:20:05.217+0000] {logging_mixin.py:188} INFO - [2024-01-23T22:20:05.217+0000] {dag.py:3036} INFO - Sync 1 DAGs
[2024-01-23T22:20:05.224+0000] {logging_mixin.py:188} INFO - [2024-01-23T22:20:05.224+0000] {dag.py:3058} INFO - Creating ORM DAG for example_sla_dag
[2024-01-23T22:20:05.233+0000] {logging_mixin.py:188} INFO - [2024-01-23T22:20:05.233+0000] {dag.py:3823} INFO - Setting next_dagrun for example_sla_dag to 2024-01-23 22:18:00+00:00, run_after=2024-01-23 22:20:00+00:00
[2024-01-23T22:20:05.244+0000] {processor.py:183} INFO - Processing /home/airflow/.local/lib/python3.8/site-packages/airflow/example_dags/example_sla_dag.py took 0.211 seconds
[2024-01-23T22:20:35.630+0000] {processor.py:161} INFO - Started process (PID=90) to work on /home/airflow/.local/lib/python3.8/site-packages/airflow/example_dags/example_sla_dag.py
[2024-01-23T22:20:35.638+0000] {processor.py:830} INFO - Processing file /home/airflow/.local/lib/python3.8/site-packages/airflow/example_dags/example_sla_dag.py for tasks to queue
[2024-01-23T22:20:35.639+0000] {logging_mixin.py:188} INFO - [2024-01-23T22:20:35.639+0000] {dagbag.py:538} INFO - Filling up the DagBag from /home/airflow/.local/lib/python3.8/site-packages/airflow/example_dags/example_sla_dag.py
[2024-01-23T22:20:35.644+0000] {processor.py:840} INFO - DAG(s) 'example_sla_dag' retrieved from /home/airflow/.local/lib/python3.8/site-packages/airflow/example_dags/example_sla_dag.py
[2024-01-23T22:20:35.656+0000] {logging_mixin.py:188} INFO - [2024-01-23T22:20:35.656+0000] {dag.py:3036} INFO - Sync 1 DAGs
[2024-01-23T22:20:35.671+0000] {logging_mixin.py:188} INFO - [2024-01-23T22:20:35.671+0000] {dag.py:3823} INFO - Setting next_dagrun for example_sla_dag to 2024-01-23 22:18:00+00:00, run_after=2024-01-23 22:20:00+00:00
[2024-01-23T22:20:35.681+0000] {processor.py:183} INFO - Processing /home/airflow/.local/lib/python3.8/site-packages/airflow/example_dags/example_sla_dag.py took 0.055 seconds
[2024-01-23T22:21:06.380+0000] {processor.py:161} INFO - Started process (PID=145) to work on /home/airflow/.local/lib/python3.8/site-packages/airflow/example_dags/example_sla_dag.py
[2024-01-23T22:21:06.387+0000] {processor.py:830} INFO - Processing file /home/airflow/.local/lib/python3.8/site-packages/airflow/example_dags/example_sla_dag.py for tasks to queue
[2024-01-23T22:21:06.388+0000] {logging_mixin.py:188} INFO - [2024-01-23T22:21:06.388+0000] {dagbag.py:538} INFO - Filling up the DagBag from /home/airflow/.local/lib/python3.8/site-packages/airflow/example_dags/example_sla_dag.py
[2024-01-23T22:21:06.393+0000] {processor.py:840} INFO - DAG(s) 'example_sla_dag' retrieved from /home/airflow/.local/lib/python3.8/site-packages/airflow/example_dags/example_sla_dag.py
[2024-01-23T22:21:06.404+0000] {logging_mixin.py:188} INFO - [2024-01-23T22:21:06.404+0000] {dag.py:3036} INFO - Sync 1 DAGs
[2024-01-23T22:21:06.419+0000] {logging_mixin.py:188} INFO - [2024-01-23T22:21:06.419+0000] {dag.py:3823} INFO - Setting next_dagrun for example_sla_dag to 2024-01-23 22:18:00+00:00, run_after=2024-01-23 22:20:00+00:00
[2024-01-23T22:21:06.429+0000] {processor.py:183} INFO - Processing /home/airflow/.local/lib/python3.8/site-packages/airflow/example_dags/example_sla_dag.py took 0.053 seconds
[2024-01-23T22:21:37.047+0000] {processor.py:161} INFO - Started process (PID=200) to work on /home/airflow/.local/lib/python3.8/site-packages/airflow/example_dags/example_sla_dag.py
[2024-01-23T22:21:37.055+0000] {processor.py:830} INFO - Processing file /home/airflow/.local/lib/python3.8/site-packages/airflow/example_dags/example_sla_dag.py for tasks to queue
[2024-01-23T22:21:37.056+0000] {logging_mixin.py:188} INFO - [2024-01-23T22:21:37.055+0000] {dagbag.py:538} INFO - Filling up the DagBag from /home/airflow/.local/lib/python3.8/site-packages/airflow/example_dags/example_sla_dag.py
[2024-01-23T22:21:37.060+0000] {processor.py:840} INFO - DAG(s) 'example_sla_dag' retrieved from /home/airflow/.local/lib/python3.8/site-packages/airflow/example_dags/example_sla_dag.py
[2024-01-23T22:21:37.074+0000] {logging_mixin.py:188} INFO - [2024-01-23T22:21:37.073+0000] {dag.py:3036} INFO - Sync 1 DAGs
[2024-01-23T22:21:37.088+0000] {logging_mixin.py:188} INFO - [2024-01-23T22:21:37.088+0000] {dag.py:3823} INFO - Setting next_dagrun for example_sla_dag to 2024-01-23 22:18:00+00:00, run_after=2024-01-23 22:20:00+00:00
[2024-01-23T22:21:37.102+0000] {processor.py:183} INFO - Processing /home/airflow/.local/lib/python3.8/site-packages/airflow/example_dags/example_sla_dag.py took 0.058 seconds
[2024-01-23T22:22:07.722+0000] {processor.py:161} INFO - Started process (PID=255) to work on /home/airflow/.local/lib/python3.8/site-packages/airflow/example_dags/example_sla_dag.py
[2024-01-23T22:22:07.724+0000] {processor.py:830} INFO - Processing file /home/airflow/.local/lib/python3.8/site-packages/airflow/example_dags/example_sla_dag.py for tasks to queue
[2024-01-23T22:22:07.726+0000] {logging_mixin.py:188} INFO - [2024-01-23T22:22:07.725+0000] {dagbag.py:538} INFO - Filling up the DagBag from /home/airflow/.local/lib/python3.8/site-packages/airflow/example_dags/example_sla_dag.py
[2024-01-23T22:22:07.735+0000] {processor.py:840} INFO - DAG(s) 'example_sla_dag' retrieved from /home/airflow/.local/lib/python3.8/site-packages/airflow/example_dags/example_sla_dag.py
[2024-01-23T22:22:07.753+0000] {logging_mixin.py:188} INFO - [2024-01-23T22:22:07.753+0000] {dag.py:3036} INFO - Sync 1 DAGs
[2024-01-23T22:22:07.773+0000] {logging_mixin.py:188} INFO - [2024-01-23T22:22:07.773+0000] {dag.py:3823} INFO - Setting next_dagrun for example_sla_dag to 2024-01-23 22:20:00+00:00, run_after=2024-01-23 22:22:00+00:00
[2024-01-23T22:22:07.797+0000] {processor.py:183} INFO - Processing /home/airflow/.local/lib/python3.8/site-packages/airflow/example_dags/example_sla_dag.py took 0.077 seconds
[2024-01-23T22:22:38.136+0000] {processor.py:161} INFO - Started process (PID=310) to work on /home/airflow/.local/lib/python3.8/site-packages/airflow/example_dags/example_sla_dag.py
[2024-01-23T22:22:38.136+0000] {processor.py:830} INFO - Processing file /home/airflow/.local/lib/python3.8/site-packages/airflow/example_dags/example_sla_dag.py for tasks to queue
[2024-01-23T22:22:38.138+0000] {logging_mixin.py:188} INFO - [2024-01-23T22:22:38.137+0000] {dagbag.py:538} INFO - Filling up the DagBag from /home/airflow/.local/lib/python3.8/site-packages/airflow/example_dags/example_sla_dag.py
[2024-01-23T22:22:38.143+0000] {processor.py:840} INFO - DAG(s) 'example_sla_dag' retrieved from /home/airflow/.local/lib/python3.8/site-packages/airflow/example_dags/example_sla_dag.py
[2024-01-23T22:22:38.155+0000] {logging_mixin.py:188} INFO - [2024-01-23T22:22:38.155+0000] {dag.py:3036} INFO - Sync 1 DAGs
[2024-01-23T22:22:38.170+0000] {logging_mixin.py:188} INFO - [2024-01-23T22:22:38.170+0000] {dag.py:3823} INFO - Setting next_dagrun for example_sla_dag to 2024-01-23 22:20:00+00:00, run_after=2024-01-23 22:22:00+00:00
[2024-01-23T22:22:38.182+0000] {processor.py:183} INFO - Processing /home/airflow/.local/lib/python3.8/site-packages/airflow/example_dags/example_sla_dag.py took 0.049 seconds
[2024-01-23T22:23:08.873+0000] {processor.py:161} INFO - Started process (PID=365) to work on /home/airflow/.local/lib/python3.8/site-packages/airflow/example_dags/example_sla_dag.py
[2024-01-23T22:23:08.874+0000] {processor.py:830} INFO - Processing file /home/airflow/.local/lib/python3.8/site-packages/airflow/example_dags/example_sla_dag.py for tasks to queue
[2024-01-23T22:23:08.875+0000] {logging_mixin.py:188} INFO - [2024-01-23T22:23:08.875+0000] {dagbag.py:538} INFO - Filling up the DagBag from /home/airflow/.local/lib/python3.8/site-packages/airflow/example_dags/example_sla_dag.py
[2024-01-23T22:23:08.881+0000] {processor.py:840} INFO - DAG(s) 'example_sla_dag' retrieved from /home/airflow/.local/lib/python3.8/site-packages/airflow/example_dags/example_sla_dag.py
[2024-01-23T22:23:08.895+0000] {logging_mixin.py:188} INFO - [2024-01-23T22:23:08.894+0000] {dag.py:3036} INFO - Sync 1 DAGs
[2024-01-23T22:23:08.914+0000] {logging_mixin.py:188} INFO - [2024-01-23T22:23:08.913+0000] {dag.py:3823} INFO - Setting next_dagrun for example_sla_dag to 2024-01-23 22:20:00+00:00, run_after=2024-01-23 22:22:00+00:00
[2024-01-23T22:23:08.926+0000] {processor.py:183} INFO - Processing /home/airflow/.local/lib/python3.8/site-packages/airflow/example_dags/example_sla_dag.py took 0.056 seconds
[2024-01-23T22:23:39.021+0000] {processor.py:161} INFO - Started process (PID=420) to work on /home/airflow/.local/lib/python3.8/site-packages/airflow/example_dags/example_sla_dag.py
[2024-01-23T22:23:39.022+0000] {processor.py:830} INFO - Processing file /home/airflow/.local/lib/python3.8/site-packages/airflow/example_dags/example_sla_dag.py for tasks to queue
[2024-01-23T22:23:39.023+0000] {logging_mixin.py:188} INFO - [2024-01-23T22:23:39.023+0000] {dagbag.py:538} INFO - Filling up the DagBag from /home/airflow/.local/lib/python3.8/site-packages/airflow/example_dags/example_sla_dag.py
[2024-01-23T22:23:39.030+0000] {processor.py:840} INFO - DAG(s) 'example_sla_dag' retrieved from /home/airflow/.local/lib/python3.8/site-packages/airflow/example_dags/example_sla_dag.py
[2024-01-23T22:23:39.045+0000] {logging_mixin.py:188} INFO - [2024-01-23T22:23:39.045+0000] {dag.py:3036} INFO - Sync 1 DAGs
[2024-01-23T22:23:39.063+0000] {logging_mixin.py:188} INFO - [2024-01-23T22:23:39.062+0000] {dag.py:3823} INFO - Setting next_dagrun for example_sla_dag to 2024-01-23 22:20:00+00:00, run_after=2024-01-23 22:22:00+00:00
[2024-01-23T22:23:39.074+0000] {processor.py:183} INFO - Processing /home/airflow/.local/lib/python3.8/site-packages/airflow/example_dags/example_sla_dag.py took 0.056 seconds
[2024-01-23T22:24:09.215+0000] {processor.py:161} INFO - Started process (PID=475) to work on /home/airflow/.local/lib/python3.8/site-packages/airflow/example_dags/example_sla_dag.py
[2024-01-23T22:24:09.216+0000] {processor.py:830} INFO - Processing file /home/airflow/.local/lib/python3.8/site-packages/airflow/example_dags/example_sla_dag.py for tasks to queue
[2024-01-23T22:24:09.218+0000] {logging_mixin.py:188} INFO - [2024-01-23T22:24:09.218+0000] {dagbag.py:538} INFO - Filling up the DagBag from /home/airflow/.local/lib/python3.8/site-packages/airflow/example_dags/example_sla_dag.py
[2024-01-23T22:24:09.225+0000] {processor.py:840} INFO - DAG(s) 'example_sla_dag' retrieved from /home/airflow/.local/lib/python3.8/site-packages/airflow/example_dags/example_sla_dag.py
[2024-01-23T22:24:09.241+0000] {logging_mixin.py:188} INFO - [2024-01-23T22:24:09.240+0000] {dag.py:3036} INFO - Sync 1 DAGs
[2024-01-23T22:24:09.265+0000] {logging_mixin.py:188} INFO - [2024-01-23T22:24:09.265+0000] {dag.py:3823} INFO - Setting next_dagrun for example_sla_dag to 2024-01-23 22:22:00+00:00, run_after=2024-01-23 22:24:00+00:00
[2024-01-23T22:24:09.280+0000] {processor.py:183} INFO - Processing /home/airflow/.local/lib/python3.8/site-packages/airflow/example_dags/example_sla_dag.py took 0.068 seconds
[2024-01-23T22:24:39.588+0000] {processor.py:161} INFO - Started process (PID=530) to work on /home/airflow/.local/lib/python3.8/site-packages/airflow/example_dags/example_sla_dag.py
[2024-01-23T22:24:39.589+0000] {processor.py:830} INFO - Processing file /home/airflow/.local/lib/python3.8/site-packages/airflow/example_dags/example_sla_dag.py for tasks to queue
[2024-01-23T22:24:39.591+0000] {logging_mixin.py:188} INFO - [2024-01-23T22:24:39.590+0000] {dagbag.py:538} INFO - Filling up the DagBag from /home/airflow/.local/lib/python3.8/site-packages/airflow/example_dags/example_sla_dag.py
[2024-01-23T22:24:39.595+0000] {processor.py:840} INFO - DAG(s) 'example_sla_dag' retrieved from /home/airflow/.local/lib/python3.8/site-packages/airflow/example_dags/example_sla_dag.py
[2024-01-23T22:24:39.611+0000] {logging_mixin.py:188} INFO - [2024-01-23T22:24:39.610+0000] {dag.py:3036} INFO - Sync 1 DAGs
[2024-01-23T22:24:39.635+0000] {logging_mixin.py:188} INFO - [2024-01-23T22:24:39.634+0000] {dag.py:3823} INFO - Setting next_dagrun for example_sla_dag to 2024-01-23 22:22:00+00:00, run_after=2024-01-23 22:24:00+00:00
[2024-01-23T22:24:39.652+0000] {processor.py:183} INFO - Processing /home/airflow/.local/lib/python3.8/site-packages/airflow/example_dags/example_sla_dag.py took 0.066 seconds
[2024-01-23T22:25:10.111+0000] {processor.py:161} INFO - Started process (PID=587) to work on /home/airflow/.local/lib/python3.8/site-packages/airflow/example_dags/example_sla_dag.py
[2024-01-23T22:25:10.112+0000] {processor.py:830} INFO - Processing file /home/airflow/.local/lib/python3.8/site-packages/airflow/example_dags/example_sla_dag.py for tasks to queue
[2024-01-23T22:25:10.113+0000] {logging_mixin.py:188} INFO - [2024-01-23T22:25:10.113+0000] {dagbag.py:538} INFO - Filling up the DagBag from /home/airflow/.local/lib/python3.8/site-packages/airflow/example_dags/example_sla_dag.py
[2024-01-23T22:25:10.118+0000] {processor.py:840} INFO - DAG(s) 'example_sla_dag' retrieved from /home/airflow/.local/lib/python3.8/site-packages/airflow/example_dags/example_sla_dag.py
[2024-01-23T22:25:10.130+0000] {logging_mixin.py:188} INFO - [2024-01-23T22:25:10.130+0000] {dag.py:3036} INFO - Sync 1 DAGs
[2024-01-23T22:25:10.145+0000] {logging_mixin.py:188} INFO - [2024-01-23T22:25:10.145+0000] {dag.py:3823} INFO - Setting next_dagrun for example_sla_dag to 2024-01-23 22:22:00+00:00, run_after=2024-01-23 22:24:00+00:00
[2024-01-23T22:25:10.156+0000] {processor.py:183} INFO - Processing /home/airflow/.local/lib/python3.8/site-packages/airflow/example_dags/example_sla_dag.py took 0.046 seconds
[2024-01-23T22:25:41.134+0000] {processor.py:161} INFO - Started process (PID=644) to work on /home/airflow/.local/lib/python3.8/site-packages/airflow/example_dags/example_sla_dag.py
[2024-01-23T22:25:41.136+0000] {processor.py:830} INFO - Processing file /home/airflow/.local/lib/python3.8/site-packages/airflow/example_dags/example_sla_dag.py for tasks to queue
[2024-01-23T22:25:41.138+0000] {logging_mixin.py:188} INFO - [2024-01-23T22:25:41.138+0000] {dagbag.py:538} INFO - Filling up the DagBag from /home/airflow/.local/lib/python3.8/site-packages/airflow/example_dags/example_sla_dag.py
[2024-01-23T22:25:41.143+0000] {processor.py:840} INFO - DAG(s) 'example_sla_dag' retrieved from /home/airflow/.local/lib/python3.8/site-packages/airflow/example_dags/example_sla_dag.py
[2024-01-23T22:25:41.157+0000] {logging_mixin.py:188} INFO - [2024-01-23T22:25:41.157+0000] {dag.py:3036} INFO - Sync 1 DAGs
[2024-01-23T22:25:41.175+0000] {logging_mixin.py:188} INFO - [2024-01-23T22:25:41.175+0000] {dag.py:3823} INFO - Setting next_dagrun for example_sla_dag to 2024-01-23 22:22:00+00:00, run_after=2024-01-23 22:24:00+00:00
[2024-01-23T22:25:41.189+0000] {processor.py:183} INFO - Processing /home/airflow/.local/lib/python3.8/site-packages/airflow/example_dags/example_sla_dag.py took 0.057 seconds
[2024-01-23T22:26:11.378+0000] {processor.py:161} INFO - Started process (PID=701) to work on /home/airflow/.local/lib/python3.8/site-packages/airflow/example_dags/example_sla_dag.py
[2024-01-23T22:26:11.379+0000] {processor.py:830} INFO - Processing file /home/airflow/.local/lib/python3.8/site-packages/airflow/example_dags/example_sla_dag.py for tasks to queue
[2024-01-23T22:26:11.380+0000] {logging_mixin.py:188} INFO - [2024-01-23T22:26:11.380+0000] {dagbag.py:538} INFO - Filling up the DagBag from /home/airflow/.local/lib/python3.8/site-packages/airflow/example_dags/example_sla_dag.py
[2024-01-23T22:26:11.386+0000] {processor.py:840} INFO - DAG(s) 'example_sla_dag' retrieved from /home/airflow/.local/lib/python3.8/site-packages/airflow/example_dags/example_sla_dag.py
[2024-01-23T22:26:11.398+0000] {logging_mixin.py:188} INFO - [2024-01-23T22:26:11.398+0000] {dag.py:3036} INFO - Sync 1 DAGs
[2024-01-23T22:26:11.413+0000] {logging_mixin.py:188} INFO - [2024-01-23T22:26:11.413+0000] {dag.py:3823} INFO - Setting next_dagrun for example_sla_dag to 2024-01-23 22:24:00+00:00, run_after=2024-01-23 22:26:00+00:00
[2024-01-23T22:26:11.425+0000] {processor.py:183} INFO - Processing /home/airflow/.local/lib/python3.8/site-packages/airflow/example_dags/example_sla_dag.py took 0.051 seconds
[2024-01-23T22:26:41.453+0000] {processor.py:161} INFO - Started process (PID=758) to work on /home/airflow/.local/lib/python3.8/site-packages/airflow/example_dags/example_sla_dag.py
[2024-01-23T22:26:41.461+0000] {processor.py:830} INFO - Processing file /home/airflow/.local/lib/python3.8/site-packages/airflow/example_dags/example_sla_dag.py for tasks to queue
[2024-01-23T22:26:41.463+0000] {logging_mixin.py:188} INFO - [2024-01-23T22:26:41.462+0000] {dagbag.py:538} INFO - Filling up the DagBag from /home/airflow/.local/lib/python3.8/site-packages/airflow/example_dags/example_sla_dag.py
[2024-01-23T22:26:41.468+0000] {processor.py:840} INFO - DAG(s) 'example_sla_dag' retrieved from /home/airflow/.local/lib/python3.8/site-packages/airflow/example_dags/example_sla_dag.py
[2024-01-23T22:26:41.482+0000] {logging_mixin.py:188} INFO - [2024-01-23T22:26:41.482+0000] {dag.py:3036} INFO - Sync 1 DAGs
[2024-01-23T22:26:41.498+0000] {logging_mixin.py:188} INFO - [2024-01-23T22:26:41.498+0000] {dag.py:3823} INFO - Setting next_dagrun for example_sla_dag to 2024-01-23 22:24:00+00:00, run_after=2024-01-23 22:26:00+00:00
[2024-01-23T22:26:41.512+0000] {processor.py:183} INFO - Processing /home/airflow/.local/lib/python3.8/site-packages/airflow/example_dags/example_sla_dag.py took 0.061 seconds
[2024-01-23T22:27:12.016+0000] {processor.py:161} INFO - Started process (PID=815) to work on /home/airflow/.local/lib/python3.8/site-packages/airflow/example_dags/example_sla_dag.py
[2024-01-23T22:27:12.016+0000] {processor.py:830} INFO - Processing file /home/airflow/.local/lib/python3.8/site-packages/airflow/example_dags/example_sla_dag.py for tasks to queue
[2024-01-23T22:27:12.017+0000] {logging_mixin.py:188} INFO - [2024-01-23T22:27:12.017+0000] {dagbag.py:538} INFO - Filling up the DagBag from /home/airflow/.local/lib/python3.8/site-packages/airflow/example_dags/example_sla_dag.py
[2024-01-23T22:27:12.024+0000] {processor.py:840} INFO - DAG(s) 'example_sla_dag' retrieved from /home/airflow/.local/lib/python3.8/site-packages/airflow/example_dags/example_sla_dag.py
[2024-01-23T22:27:12.042+0000] {logging_mixin.py:188} INFO - [2024-01-23T22:27:12.041+0000] {dag.py:3036} INFO - Sync 1 DAGs
[2024-01-23T22:27:12.062+0000] {logging_mixin.py:188} INFO - [2024-01-23T22:27:12.062+0000] {dag.py:3823} INFO - Setting next_dagrun for example_sla_dag to 2024-01-23 22:24:00+00:00, run_after=2024-01-23 22:26:00+00:00
[2024-01-23T22:27:12.083+0000] {processor.py:183} INFO - Processing /home/airflow/.local/lib/python3.8/site-packages/airflow/example_dags/example_sla_dag.py took 0.070 seconds
[2024-01-23T22:27:42.130+0000] {processor.py:161} INFO - Started process (PID=872) to work on /home/airflow/.local/lib/python3.8/site-packages/airflow/example_dags/example_sla_dag.py
[2024-01-23T22:27:42.133+0000] {processor.py:830} INFO - Processing file /home/airflow/.local/lib/python3.8/site-packages/airflow/example_dags/example_sla_dag.py for tasks to queue
[2024-01-23T22:27:42.135+0000] {logging_mixin.py:188} INFO - [2024-01-23T22:27:42.135+0000] {dagbag.py:538} INFO - Filling up the DagBag from /home/airflow/.local/lib/python3.8/site-packages/airflow/example_dags/example_sla_dag.py
[2024-01-23T22:27:42.144+0000] {processor.py:840} INFO - DAG(s) 'example_sla_dag' retrieved from /home/airflow/.local/lib/python3.8/site-packages/airflow/example_dags/example_sla_dag.py
[2024-01-23T22:27:42.156+0000] {logging_mixin.py:188} INFO - [2024-01-23T22:27:42.156+0000] {dag.py:3036} INFO - Sync 1 DAGs
[2024-01-23T22:27:42.171+0000] {logging_mixin.py:188} INFO - [2024-01-23T22:27:42.171+0000] {dag.py:3823} INFO - Setting next_dagrun for example_sla_dag to 2024-01-23 22:24:00+00:00, run_after=2024-01-23 22:26:00+00:00
[2024-01-23T22:27:42.181+0000] {processor.py:183} INFO - Processing /home/airflow/.local/lib/python3.8/site-packages/airflow/example_dags/example_sla_dag.py took 0.054 seconds
[2024-01-23T22:28:12.391+0000] {processor.py:161} INFO - Started process (PID=929) to work on /home/airflow/.local/lib/python3.8/site-packages/airflow/example_dags/example_sla_dag.py
[2024-01-23T22:28:12.393+0000] {processor.py:830} INFO - Processing file /home/airflow/.local/lib/python3.8/site-packages/airflow/example_dags/example_sla_dag.py for tasks to queue
[2024-01-23T22:28:12.395+0000] {logging_mixin.py:188} INFO - [2024-01-23T22:28:12.395+0000] {dagbag.py:538} INFO - Filling up the DagBag from /home/airflow/.local/lib/python3.8/site-packages/airflow/example_dags/example_sla_dag.py
[2024-01-23T22:28:12.402+0000] {processor.py:840} INFO - DAG(s) 'example_sla_dag' retrieved from /home/airflow/.local/lib/python3.8/site-packages/airflow/example_dags/example_sla_dag.py
[2024-01-23T22:28:12.414+0000] {logging_mixin.py:188} INFO - [2024-01-23T22:28:12.414+0000] {dag.py:3036} INFO - Sync 1 DAGs
[2024-01-23T22:28:12.430+0000] {logging_mixin.py:188} INFO - [2024-01-23T22:28:12.429+0000] {dag.py:3823} INFO - Setting next_dagrun for example_sla_dag to 2024-01-23 22:26:00+00:00, run_after=2024-01-23 22:28:00+00:00
[2024-01-23T22:28:12.440+0000] {processor.py:183} INFO - Processing /home/airflow/.local/lib/python3.8/site-packages/airflow/example_dags/example_sla_dag.py took 0.054 seconds
[2024-01-23T22:28:43.390+0000] {processor.py:161} INFO - Started process (PID=986) to work on /home/airflow/.local/lib/python3.8/site-packages/airflow/example_dags/example_sla_dag.py
[2024-01-23T22:28:43.398+0000] {processor.py:830} INFO - Processing file /home/airflow/.local/lib/python3.8/site-packages/airflow/example_dags/example_sla_dag.py for tasks to queue
[2024-01-23T22:28:43.400+0000] {logging_mixin.py:188} INFO - [2024-01-23T22:28:43.400+0000] {dagbag.py:538} INFO - Filling up the DagBag from /home/airflow/.local/lib/python3.8/site-packages/airflow/example_dags/example_sla_dag.py
[2024-01-23T22:28:43.411+0000] {processor.py:840} INFO - DAG(s) 'example_sla_dag' retrieved from /home/airflow/.local/lib/python3.8/site-packages/airflow/example_dags/example_sla_dag.py
[2024-01-23T22:28:43.423+0000] {logging_mixin.py:188} INFO - [2024-01-23T22:28:43.423+0000] {dag.py:3036} INFO - Sync 1 DAGs
[2024-01-23T22:28:43.438+0000] {logging_mixin.py:188} INFO - [2024-01-23T22:28:43.438+0000] {dag.py:3823} INFO - Setting next_dagrun for example_sla_dag to 2024-01-23 22:26:00+00:00, run_after=2024-01-23 22:28:00+00:00
[2024-01-23T22:28:43.449+0000] {processor.py:183} INFO - Processing /home/airflow/.local/lib/python3.8/site-packages/airflow/example_dags/example_sla_dag.py took 0.061 seconds
[2024-01-23T22:29:13.624+0000] {processor.py:161} INFO - Started process (PID=1043) to work on /home/airflow/.local/lib/python3.8/site-packages/airflow/example_dags/example_sla_dag.py
[2024-01-23T22:29:13.632+0000] {processor.py:830} INFO - Processing file /home/airflow/.local/lib/python3.8/site-packages/airflow/example_dags/example_sla_dag.py for tasks to queue
[2024-01-23T22:29:13.633+0000] {logging_mixin.py:188} INFO - [2024-01-23T22:29:13.633+0000] {dagbag.py:538} INFO - Filling up the DagBag from /home/airflow/.local/lib/python3.8/site-packages/airflow/example_dags/example_sla_dag.py
[2024-01-23T22:29:13.639+0000] {processor.py:840} INFO - DAG(s) 'example_sla_dag' retrieved from /home/airflow/.local/lib/python3.8/site-packages/airflow/example_dags/example_sla_dag.py
[2024-01-23T22:29:13.650+0000] {logging_mixin.py:188} INFO - [2024-01-23T22:29:13.650+0000] {dag.py:3036} INFO - Sync 1 DAGs
[2024-01-23T22:29:13.665+0000] {logging_mixin.py:188} INFO - [2024-01-23T22:29:13.665+0000] {dag.py:3823} INFO - Setting next_dagrun for example_sla_dag to 2024-01-23 22:26:00+00:00, run_after=2024-01-23 22:28:00+00:00
[2024-01-23T22:29:13.675+0000] {processor.py:183} INFO - Processing /home/airflow/.local/lib/python3.8/site-packages/airflow/example_dags/example_sla_dag.py took 0.053 seconds
[2024-01-23T22:29:43.968+0000] {processor.py:161} INFO - Started process (PID=1100) to work on /home/airflow/.local/lib/python3.8/site-packages/airflow/example_dags/example_sla_dag.py
[2024-01-23T22:29:43.976+0000] {processor.py:830} INFO - Processing file /home/airflow/.local/lib/python3.8/site-packages/airflow/example_dags/example_sla_dag.py for tasks to queue
[2024-01-23T22:29:43.978+0000] {logging_mixin.py:188} INFO - [2024-01-23T22:29:43.977+0000] {dagbag.py:538} INFO - Filling up the DagBag from /home/airflow/.local/lib/python3.8/site-packages/airflow/example_dags/example_sla_dag.py
[2024-01-23T22:29:43.985+0000] {processor.py:840} INFO - DAG(s) 'example_sla_dag' retrieved from /home/airflow/.local/lib/python3.8/site-packages/airflow/example_dags/example_sla_dag.py
[2024-01-23T22:29:43.996+0000] {logging_mixin.py:188} INFO - [2024-01-23T22:29:43.996+0000] {dag.py:3036} INFO - Sync 1 DAGs
[2024-01-23T22:29:44.012+0000] {logging_mixin.py:188} INFO - [2024-01-23T22:29:44.012+0000] {dag.py:3823} INFO - Setting next_dagrun for example_sla_dag to 2024-01-23 22:26:00+00:00, run_after=2024-01-23 22:28:00+00:00
[2024-01-23T22:29:44.024+0000] {processor.py:183} INFO - Processing /home/airflow/.local/lib/python3.8/site-packages/airflow/example_dags/example_sla_dag.py took 0.059 seconds
