[2024-01-23T22:20:07.100+0000] {processor.py:161} INFO - Started process (PID=55) to work on /home/airflow/.local/lib/python3.8/site-packages/airflow/example_dags/example_branch_day_of_week_operator.py
[2024-01-23T22:20:07.101+0000] {processor.py:830} INFO - Processing file /home/airflow/.local/lib/python3.8/site-packages/airflow/example_dags/example_branch_day_of_week_operator.py for tasks to queue
[2024-01-23T22:20:07.102+0000] {logging_mixin.py:188} INFO - [2024-01-23T22:20:07.101+0000] {dagbag.py:538} INFO - Filling up the DagBag from /home/airflow/.local/lib/python3.8/site-packages/airflow/example_dags/example_branch_day_of_week_operator.py
[2024-01-23T22:20:07.108+0000] {processor.py:840} INFO - DAG(s) 'example_weekday_branch_operator' retrieved from /home/airflow/.local/lib/python3.8/site-packages/airflow/example_dags/example_branch_day_of_week_operator.py
[2024-01-23T22:20:07.180+0000] {logging_mixin.py:188} INFO - [2024-01-23T22:20:07.180+0000] {override.py:1769} INFO - Created Permission View: can delete on DAG:example_weekday_branch_operator
[2024-01-23T22:20:07.187+0000] {logging_mixin.py:188} INFO - [2024-01-23T22:20:07.187+0000] {override.py:1769} INFO - Created Permission View: can edit on DAG:example_weekday_branch_operator
[2024-01-23T22:20:07.193+0000] {logging_mixin.py:188} INFO - [2024-01-23T22:20:07.192+0000] {override.py:1769} INFO - Created Permission View: can read on DAG:example_weekday_branch_operator
[2024-01-23T22:20:07.193+0000] {logging_mixin.py:188} INFO - [2024-01-23T22:20:07.193+0000] {dag.py:3036} INFO - Sync 1 DAGs
[2024-01-23T22:20:07.199+0000] {logging_mixin.py:188} INFO - [2024-01-23T22:20:07.199+0000] {dag.py:3058} INFO - Creating ORM DAG for example_weekday_branch_operator
[2024-01-23T22:20:07.206+0000] {logging_mixin.py:188} INFO - [2024-01-23T22:20:07.206+0000] {dag.py:3823} INFO - Setting next_dagrun for example_weekday_branch_operator to 2024-01-22 00:00:00+00:00, run_after=2024-01-23 00:00:00+00:00
[2024-01-23T22:20:07.215+0000] {processor.py:183} INFO - Processing /home/airflow/.local/lib/python3.8/site-packages/airflow/example_dags/example_branch_day_of_week_operator.py took 0.117 seconds
[2024-01-23T22:20:37.263+0000] {processor.py:161} INFO - Started process (PID=110) to work on /home/airflow/.local/lib/python3.8/site-packages/airflow/example_dags/example_branch_day_of_week_operator.py
[2024-01-23T22:20:37.264+0000] {processor.py:830} INFO - Processing file /home/airflow/.local/lib/python3.8/site-packages/airflow/example_dags/example_branch_day_of_week_operator.py for tasks to queue
[2024-01-23T22:20:37.265+0000] {logging_mixin.py:188} INFO - [2024-01-23T22:20:37.264+0000] {dagbag.py:538} INFO - Filling up the DagBag from /home/airflow/.local/lib/python3.8/site-packages/airflow/example_dags/example_branch_day_of_week_operator.py
[2024-01-23T22:20:37.269+0000] {processor.py:840} INFO - DAG(s) 'example_weekday_branch_operator' retrieved from /home/airflow/.local/lib/python3.8/site-packages/airflow/example_dags/example_branch_day_of_week_operator.py
[2024-01-23T22:20:37.281+0000] {logging_mixin.py:188} INFO - [2024-01-23T22:20:37.281+0000] {dag.py:3036} INFO - Sync 1 DAGs
[2024-01-23T22:20:37.295+0000] {logging_mixin.py:188} INFO - [2024-01-23T22:20:37.295+0000] {dag.py:3823} INFO - Setting next_dagrun for example_weekday_branch_operator to 2024-01-22 00:00:00+00:00, run_after=2024-01-23 00:00:00+00:00
[2024-01-23T22:20:37.307+0000] {processor.py:183} INFO - Processing /home/airflow/.local/lib/python3.8/site-packages/airflow/example_dags/example_branch_day_of_week_operator.py took 0.045 seconds
[2024-01-23T22:21:07.996+0000] {processor.py:161} INFO - Started process (PID=165) to work on /home/airflow/.local/lib/python3.8/site-packages/airflow/example_dags/example_branch_day_of_week_operator.py
[2024-01-23T22:21:07.996+0000] {processor.py:830} INFO - Processing file /home/airflow/.local/lib/python3.8/site-packages/airflow/example_dags/example_branch_day_of_week_operator.py for tasks to queue
[2024-01-23T22:21:07.997+0000] {logging_mixin.py:188} INFO - [2024-01-23T22:21:07.997+0000] {dagbag.py:538} INFO - Filling up the DagBag from /home/airflow/.local/lib/python3.8/site-packages/airflow/example_dags/example_branch_day_of_week_operator.py
[2024-01-23T22:21:08.002+0000] {processor.py:840} INFO - DAG(s) 'example_weekday_branch_operator' retrieved from /home/airflow/.local/lib/python3.8/site-packages/airflow/example_dags/example_branch_day_of_week_operator.py
[2024-01-23T22:21:08.014+0000] {logging_mixin.py:188} INFO - [2024-01-23T22:21:08.014+0000] {dag.py:3036} INFO - Sync 1 DAGs
[2024-01-23T22:21:08.028+0000] {logging_mixin.py:188} INFO - [2024-01-23T22:21:08.028+0000] {dag.py:3823} INFO - Setting next_dagrun for example_weekday_branch_operator to 2024-01-22 00:00:00+00:00, run_after=2024-01-23 00:00:00+00:00
[2024-01-23T22:21:08.039+0000] {processor.py:183} INFO - Processing /home/airflow/.local/lib/python3.8/site-packages/airflow/example_dags/example_branch_day_of_week_operator.py took 0.045 seconds
[2024-01-23T22:21:38.646+0000] {processor.py:161} INFO - Started process (PID=220) to work on /home/airflow/.local/lib/python3.8/site-packages/airflow/example_dags/example_branch_day_of_week_operator.py
[2024-01-23T22:21:38.647+0000] {processor.py:830} INFO - Processing file /home/airflow/.local/lib/python3.8/site-packages/airflow/example_dags/example_branch_day_of_week_operator.py for tasks to queue
[2024-01-23T22:21:38.648+0000] {logging_mixin.py:188} INFO - [2024-01-23T22:21:38.648+0000] {dagbag.py:538} INFO - Filling up the DagBag from /home/airflow/.local/lib/python3.8/site-packages/airflow/example_dags/example_branch_day_of_week_operator.py
[2024-01-23T22:21:38.652+0000] {processor.py:840} INFO - DAG(s) 'example_weekday_branch_operator' retrieved from /home/airflow/.local/lib/python3.8/site-packages/airflow/example_dags/example_branch_day_of_week_operator.py
[2024-01-23T22:21:38.665+0000] {logging_mixin.py:188} INFO - [2024-01-23T22:21:38.665+0000] {dag.py:3036} INFO - Sync 1 DAGs
[2024-01-23T22:21:38.679+0000] {logging_mixin.py:188} INFO - [2024-01-23T22:21:38.679+0000] {dag.py:3823} INFO - Setting next_dagrun for example_weekday_branch_operator to 2024-01-22 00:00:00+00:00, run_after=2024-01-23 00:00:00+00:00
[2024-01-23T22:21:38.691+0000] {processor.py:183} INFO - Processing /home/airflow/.local/lib/python3.8/site-packages/airflow/example_dags/example_branch_day_of_week_operator.py took 0.047 seconds
[2024-01-23T22:22:09.534+0000] {processor.py:161} INFO - Started process (PID=275) to work on /home/airflow/.local/lib/python3.8/site-packages/airflow/example_dags/example_branch_day_of_week_operator.py
[2024-01-23T22:22:09.535+0000] {processor.py:830} INFO - Processing file /home/airflow/.local/lib/python3.8/site-packages/airflow/example_dags/example_branch_day_of_week_operator.py for tasks to queue
[2024-01-23T22:22:09.536+0000] {logging_mixin.py:188} INFO - [2024-01-23T22:22:09.536+0000] {dagbag.py:538} INFO - Filling up the DagBag from /home/airflow/.local/lib/python3.8/site-packages/airflow/example_dags/example_branch_day_of_week_operator.py
[2024-01-23T22:22:09.540+0000] {processor.py:840} INFO - DAG(s) 'example_weekday_branch_operator' retrieved from /home/airflow/.local/lib/python3.8/site-packages/airflow/example_dags/example_branch_day_of_week_operator.py
[2024-01-23T22:22:09.554+0000] {logging_mixin.py:188} INFO - [2024-01-23T22:22:09.554+0000] {dag.py:3036} INFO - Sync 1 DAGs
[2024-01-23T22:22:09.568+0000] {logging_mixin.py:188} INFO - [2024-01-23T22:22:09.567+0000] {dag.py:3823} INFO - Setting next_dagrun for example_weekday_branch_operator to 2024-01-22 00:00:00+00:00, run_after=2024-01-23 00:00:00+00:00
[2024-01-23T22:22:09.580+0000] {processor.py:183} INFO - Processing /home/airflow/.local/lib/python3.8/site-packages/airflow/example_dags/example_branch_day_of_week_operator.py took 0.047 seconds
[2024-01-23T22:22:39.779+0000] {processor.py:161} INFO - Started process (PID=330) to work on /home/airflow/.local/lib/python3.8/site-packages/airflow/example_dags/example_branch_day_of_week_operator.py
[2024-01-23T22:22:39.779+0000] {processor.py:830} INFO - Processing file /home/airflow/.local/lib/python3.8/site-packages/airflow/example_dags/example_branch_day_of_week_operator.py for tasks to queue
[2024-01-23T22:22:39.781+0000] {logging_mixin.py:188} INFO - [2024-01-23T22:22:39.780+0000] {dagbag.py:538} INFO - Filling up the DagBag from /home/airflow/.local/lib/python3.8/site-packages/airflow/example_dags/example_branch_day_of_week_operator.py
[2024-01-23T22:22:39.786+0000] {processor.py:840} INFO - DAG(s) 'example_weekday_branch_operator' retrieved from /home/airflow/.local/lib/python3.8/site-packages/airflow/example_dags/example_branch_day_of_week_operator.py
[2024-01-23T22:22:39.799+0000] {logging_mixin.py:188} INFO - [2024-01-23T22:22:39.798+0000] {dag.py:3036} INFO - Sync 1 DAGs
[2024-01-23T22:22:39.813+0000] {logging_mixin.py:188} INFO - [2024-01-23T22:22:39.813+0000] {dag.py:3823} INFO - Setting next_dagrun for example_weekday_branch_operator to 2024-01-22 00:00:00+00:00, run_after=2024-01-23 00:00:00+00:00
[2024-01-23T22:22:39.824+0000] {processor.py:183} INFO - Processing /home/airflow/.local/lib/python3.8/site-packages/airflow/example_dags/example_branch_day_of_week_operator.py took 0.047 seconds
[2024-01-23T22:23:10.626+0000] {processor.py:161} INFO - Started process (PID=385) to work on /home/airflow/.local/lib/python3.8/site-packages/airflow/example_dags/example_branch_day_of_week_operator.py
[2024-01-23T22:23:10.626+0000] {processor.py:830} INFO - Processing file /home/airflow/.local/lib/python3.8/site-packages/airflow/example_dags/example_branch_day_of_week_operator.py for tasks to queue
[2024-01-23T22:23:10.627+0000] {logging_mixin.py:188} INFO - [2024-01-23T22:23:10.627+0000] {dagbag.py:538} INFO - Filling up the DagBag from /home/airflow/.local/lib/python3.8/site-packages/airflow/example_dags/example_branch_day_of_week_operator.py
[2024-01-23T22:23:10.633+0000] {processor.py:840} INFO - DAG(s) 'example_weekday_branch_operator' retrieved from /home/airflow/.local/lib/python3.8/site-packages/airflow/example_dags/example_branch_day_of_week_operator.py
[2024-01-23T22:23:10.649+0000] {logging_mixin.py:188} INFO - [2024-01-23T22:23:10.649+0000] {dag.py:3036} INFO - Sync 1 DAGs
[2024-01-23T22:23:10.668+0000] {logging_mixin.py:188} INFO - [2024-01-23T22:23:10.668+0000] {dag.py:3823} INFO - Setting next_dagrun for example_weekday_branch_operator to 2024-01-22 00:00:00+00:00, run_after=2024-01-23 00:00:00+00:00
[2024-01-23T22:23:10.680+0000] {processor.py:183} INFO - Processing /home/airflow/.local/lib/python3.8/site-packages/airflow/example_dags/example_branch_day_of_week_operator.py took 0.056 seconds
[2024-01-23T22:23:40.705+0000] {processor.py:161} INFO - Started process (PID=439) to work on /home/airflow/.local/lib/python3.8/site-packages/airflow/example_dags/example_branch_day_of_week_operator.py
[2024-01-23T22:23:40.706+0000] {processor.py:830} INFO - Processing file /home/airflow/.local/lib/python3.8/site-packages/airflow/example_dags/example_branch_day_of_week_operator.py for tasks to queue
[2024-01-23T22:23:40.707+0000] {logging_mixin.py:188} INFO - [2024-01-23T22:23:40.707+0000] {dagbag.py:538} INFO - Filling up the DagBag from /home/airflow/.local/lib/python3.8/site-packages/airflow/example_dags/example_branch_day_of_week_operator.py
[2024-01-23T22:23:40.711+0000] {processor.py:840} INFO - DAG(s) 'example_weekday_branch_operator' retrieved from /home/airflow/.local/lib/python3.8/site-packages/airflow/example_dags/example_branch_day_of_week_operator.py
[2024-01-23T22:23:40.723+0000] {logging_mixin.py:188} INFO - [2024-01-23T22:23:40.723+0000] {dag.py:3036} INFO - Sync 1 DAGs
[2024-01-23T22:23:40.737+0000] {logging_mixin.py:188} INFO - [2024-01-23T22:23:40.736+0000] {dag.py:3823} INFO - Setting next_dagrun for example_weekday_branch_operator to 2024-01-22 00:00:00+00:00, run_after=2024-01-23 00:00:00+00:00
[2024-01-23T22:23:40.747+0000] {processor.py:183} INFO - Processing /home/airflow/.local/lib/python3.8/site-packages/airflow/example_dags/example_branch_day_of_week_operator.py took 0.044 seconds
[2024-01-23T22:24:11.069+0000] {processor.py:161} INFO - Started process (PID=494) to work on /home/airflow/.local/lib/python3.8/site-packages/airflow/example_dags/example_branch_day_of_week_operator.py
[2024-01-23T22:24:11.070+0000] {processor.py:830} INFO - Processing file /home/airflow/.local/lib/python3.8/site-packages/airflow/example_dags/example_branch_day_of_week_operator.py for tasks to queue
[2024-01-23T22:24:11.071+0000] {logging_mixin.py:188} INFO - [2024-01-23T22:24:11.071+0000] {dagbag.py:538} INFO - Filling up the DagBag from /home/airflow/.local/lib/python3.8/site-packages/airflow/example_dags/example_branch_day_of_week_operator.py
[2024-01-23T22:24:11.077+0000] {processor.py:840} INFO - DAG(s) 'example_weekday_branch_operator' retrieved from /home/airflow/.local/lib/python3.8/site-packages/airflow/example_dags/example_branch_day_of_week_operator.py
[2024-01-23T22:24:11.093+0000] {logging_mixin.py:188} INFO - [2024-01-23T22:24:11.093+0000] {dag.py:3036} INFO - Sync 1 DAGs
[2024-01-23T22:24:11.112+0000] {logging_mixin.py:188} INFO - [2024-01-23T22:24:11.112+0000] {dag.py:3823} INFO - Setting next_dagrun for example_weekday_branch_operator to 2024-01-22 00:00:00+00:00, run_after=2024-01-23 00:00:00+00:00
[2024-01-23T22:24:11.129+0000] {processor.py:183} INFO - Processing /home/airflow/.local/lib/python3.8/site-packages/airflow/example_dags/example_branch_day_of_week_operator.py took 0.062 seconds
[2024-01-23T22:24:41.382+0000] {processor.py:161} INFO - Started process (PID=549) to work on /home/airflow/.local/lib/python3.8/site-packages/airflow/example_dags/example_branch_day_of_week_operator.py
[2024-01-23T22:24:41.383+0000] {processor.py:830} INFO - Processing file /home/airflow/.local/lib/python3.8/site-packages/airflow/example_dags/example_branch_day_of_week_operator.py for tasks to queue
[2024-01-23T22:24:41.384+0000] {logging_mixin.py:188} INFO - [2024-01-23T22:24:41.384+0000] {dagbag.py:538} INFO - Filling up the DagBag from /home/airflow/.local/lib/python3.8/site-packages/airflow/example_dags/example_branch_day_of_week_operator.py
[2024-01-23T22:24:41.389+0000] {processor.py:840} INFO - DAG(s) 'example_weekday_branch_operator' retrieved from /home/airflow/.local/lib/python3.8/site-packages/airflow/example_dags/example_branch_day_of_week_operator.py
[2024-01-23T22:24:41.407+0000] {logging_mixin.py:188} INFO - [2024-01-23T22:24:41.406+0000] {dag.py:3036} INFO - Sync 1 DAGs
[2024-01-23T22:24:41.427+0000] {logging_mixin.py:188} INFO - [2024-01-23T22:24:41.427+0000] {dag.py:3823} INFO - Setting next_dagrun for example_weekday_branch_operator to 2024-01-22 00:00:00+00:00, run_after=2024-01-23 00:00:00+00:00
[2024-01-23T22:24:41.441+0000] {processor.py:183} INFO - Processing /home/airflow/.local/lib/python3.8/site-packages/airflow/example_dags/example_branch_day_of_week_operator.py took 0.061 seconds
[2024-01-23T22:25:11.792+0000] {processor.py:161} INFO - Started process (PID=607) to work on /home/airflow/.local/lib/python3.8/site-packages/airflow/example_dags/example_branch_day_of_week_operator.py
[2024-01-23T22:25:11.792+0000] {processor.py:830} INFO - Processing file /home/airflow/.local/lib/python3.8/site-packages/airflow/example_dags/example_branch_day_of_week_operator.py for tasks to queue
[2024-01-23T22:25:11.793+0000] {logging_mixin.py:188} INFO - [2024-01-23T22:25:11.793+0000] {dagbag.py:538} INFO - Filling up the DagBag from /home/airflow/.local/lib/python3.8/site-packages/airflow/example_dags/example_branch_day_of_week_operator.py
[2024-01-23T22:25:11.798+0000] {processor.py:840} INFO - DAG(s) 'example_weekday_branch_operator' retrieved from /home/airflow/.local/lib/python3.8/site-packages/airflow/example_dags/example_branch_day_of_week_operator.py
[2024-01-23T22:25:11.813+0000] {logging_mixin.py:188} INFO - [2024-01-23T22:25:11.813+0000] {dag.py:3036} INFO - Sync 1 DAGs
[2024-01-23T22:25:11.831+0000] {logging_mixin.py:188} INFO - [2024-01-23T22:25:11.831+0000] {dag.py:3823} INFO - Setting next_dagrun for example_weekday_branch_operator to 2024-01-22 00:00:00+00:00, run_after=2024-01-23 00:00:00+00:00
[2024-01-23T22:25:11.842+0000] {processor.py:183} INFO - Processing /home/airflow/.local/lib/python3.8/site-packages/airflow/example_dags/example_branch_day_of_week_operator.py took 0.052 seconds
[2024-01-23T22:25:42.000+0000] {processor.py:161} INFO - Started process (PID=664) to work on /home/airflow/.local/lib/python3.8/site-packages/airflow/example_dags/example_branch_day_of_week_operator.py
[2024-01-23T22:25:42.001+0000] {processor.py:830} INFO - Processing file /home/airflow/.local/lib/python3.8/site-packages/airflow/example_dags/example_branch_day_of_week_operator.py for tasks to queue
[2024-01-23T22:25:42.003+0000] {logging_mixin.py:188} INFO - [2024-01-23T22:25:42.002+0000] {dagbag.py:538} INFO - Filling up the DagBag from /home/airflow/.local/lib/python3.8/site-packages/airflow/example_dags/example_branch_day_of_week_operator.py
[2024-01-23T22:25:42.008+0000] {processor.py:840} INFO - DAG(s) 'example_weekday_branch_operator' retrieved from /home/airflow/.local/lib/python3.8/site-packages/airflow/example_dags/example_branch_day_of_week_operator.py
[2024-01-23T22:25:42.024+0000] {logging_mixin.py:188} INFO - [2024-01-23T22:25:42.024+0000] {dag.py:3036} INFO - Sync 1 DAGs
[2024-01-23T22:25:42.042+0000] {logging_mixin.py:188} INFO - [2024-01-23T22:25:42.041+0000] {dag.py:3823} INFO - Setting next_dagrun for example_weekday_branch_operator to 2024-01-22 00:00:00+00:00, run_after=2024-01-23 00:00:00+00:00
[2024-01-23T22:25:42.057+0000] {processor.py:183} INFO - Processing /home/airflow/.local/lib/python3.8/site-packages/airflow/example_dags/example_branch_day_of_week_operator.py took 0.059 seconds
[2024-01-23T22:26:12.107+0000] {processor.py:161} INFO - Started process (PID=721) to work on /home/airflow/.local/lib/python3.8/site-packages/airflow/example_dags/example_branch_day_of_week_operator.py
[2024-01-23T22:26:12.108+0000] {processor.py:830} INFO - Processing file /home/airflow/.local/lib/python3.8/site-packages/airflow/example_dags/example_branch_day_of_week_operator.py for tasks to queue
[2024-01-23T22:26:12.109+0000] {logging_mixin.py:188} INFO - [2024-01-23T22:26:12.109+0000] {dagbag.py:538} INFO - Filling up the DagBag from /home/airflow/.local/lib/python3.8/site-packages/airflow/example_dags/example_branch_day_of_week_operator.py
[2024-01-23T22:26:12.113+0000] {processor.py:840} INFO - DAG(s) 'example_weekday_branch_operator' retrieved from /home/airflow/.local/lib/python3.8/site-packages/airflow/example_dags/example_branch_day_of_week_operator.py
[2024-01-23T22:26:12.125+0000] {logging_mixin.py:188} INFO - [2024-01-23T22:26:12.125+0000] {dag.py:3036} INFO - Sync 1 DAGs
[2024-01-23T22:26:12.139+0000] {logging_mixin.py:188} INFO - [2024-01-23T22:26:12.138+0000] {dag.py:3823} INFO - Setting next_dagrun for example_weekday_branch_operator to 2024-01-22 00:00:00+00:00, run_after=2024-01-23 00:00:00+00:00
[2024-01-23T22:26:12.150+0000] {processor.py:183} INFO - Processing /home/airflow/.local/lib/python3.8/site-packages/airflow/example_dags/example_branch_day_of_week_operator.py took 0.045 seconds
[2024-01-23T22:26:42.398+0000] {processor.py:161} INFO - Started process (PID=777) to work on /home/airflow/.local/lib/python3.8/site-packages/airflow/example_dags/example_branch_day_of_week_operator.py
[2024-01-23T22:26:42.399+0000] {processor.py:830} INFO - Processing file /home/airflow/.local/lib/python3.8/site-packages/airflow/example_dags/example_branch_day_of_week_operator.py for tasks to queue
[2024-01-23T22:26:42.400+0000] {logging_mixin.py:188} INFO - [2024-01-23T22:26:42.400+0000] {dagbag.py:538} INFO - Filling up the DagBag from /home/airflow/.local/lib/python3.8/site-packages/airflow/example_dags/example_branch_day_of_week_operator.py
[2024-01-23T22:26:42.406+0000] {processor.py:840} INFO - DAG(s) 'example_weekday_branch_operator' retrieved from /home/airflow/.local/lib/python3.8/site-packages/airflow/example_dags/example_branch_day_of_week_operator.py
[2024-01-23T22:26:42.421+0000] {logging_mixin.py:188} INFO - [2024-01-23T22:26:42.420+0000] {dag.py:3036} INFO - Sync 1 DAGs
[2024-01-23T22:26:42.436+0000] {logging_mixin.py:188} INFO - [2024-01-23T22:26:42.436+0000] {dag.py:3823} INFO - Setting next_dagrun for example_weekday_branch_operator to 2024-01-22 00:00:00+00:00, run_after=2024-01-23 00:00:00+00:00
[2024-01-23T22:26:42.447+0000] {processor.py:183} INFO - Processing /home/airflow/.local/lib/python3.8/site-packages/airflow/example_dags/example_branch_day_of_week_operator.py took 0.051 seconds
[2024-01-23T22:27:13.134+0000] {processor.py:161} INFO - Started process (PID=834) to work on /home/airflow/.local/lib/python3.8/site-packages/airflow/example_dags/example_branch_day_of_week_operator.py
[2024-01-23T22:27:13.135+0000] {processor.py:830} INFO - Processing file /home/airflow/.local/lib/python3.8/site-packages/airflow/example_dags/example_branch_day_of_week_operator.py for tasks to queue
[2024-01-23T22:27:13.137+0000] {logging_mixin.py:188} INFO - [2024-01-23T22:27:13.137+0000] {dagbag.py:538} INFO - Filling up the DagBag from /home/airflow/.local/lib/python3.8/site-packages/airflow/example_dags/example_branch_day_of_week_operator.py
[2024-01-23T22:27:13.142+0000] {processor.py:840} INFO - DAG(s) 'example_weekday_branch_operator' retrieved from /home/airflow/.local/lib/python3.8/site-packages/airflow/example_dags/example_branch_day_of_week_operator.py
[2024-01-23T22:27:13.160+0000] {logging_mixin.py:188} INFO - [2024-01-23T22:27:13.160+0000] {dag.py:3036} INFO - Sync 1 DAGs
[2024-01-23T22:27:13.178+0000] {logging_mixin.py:188} INFO - [2024-01-23T22:27:13.178+0000] {dag.py:3823} INFO - Setting next_dagrun for example_weekday_branch_operator to 2024-01-22 00:00:00+00:00, run_after=2024-01-23 00:00:00+00:00
[2024-01-23T22:27:13.195+0000] {processor.py:183} INFO - Processing /home/airflow/.local/lib/python3.8/site-packages/airflow/example_dags/example_branch_day_of_week_operator.py took 0.063 seconds
[2024-01-23T22:27:43.760+0000] {processor.py:161} INFO - Started process (PID=892) to work on /home/airflow/.local/lib/python3.8/site-packages/airflow/example_dags/example_branch_day_of_week_operator.py
[2024-01-23T22:27:43.761+0000] {processor.py:830} INFO - Processing file /home/airflow/.local/lib/python3.8/site-packages/airflow/example_dags/example_branch_day_of_week_operator.py for tasks to queue
[2024-01-23T22:27:43.762+0000] {logging_mixin.py:188} INFO - [2024-01-23T22:27:43.762+0000] {dagbag.py:538} INFO - Filling up the DagBag from /home/airflow/.local/lib/python3.8/site-packages/airflow/example_dags/example_branch_day_of_week_operator.py
[2024-01-23T22:27:43.766+0000] {processor.py:840} INFO - DAG(s) 'example_weekday_branch_operator' retrieved from /home/airflow/.local/lib/python3.8/site-packages/airflow/example_dags/example_branch_day_of_week_operator.py
[2024-01-23T22:27:43.783+0000] {logging_mixin.py:188} INFO - [2024-01-23T22:27:43.783+0000] {dag.py:3036} INFO - Sync 1 DAGs
[2024-01-23T22:27:43.801+0000] {logging_mixin.py:188} INFO - [2024-01-23T22:27:43.801+0000] {dag.py:3823} INFO - Setting next_dagrun for example_weekday_branch_operator to 2024-01-22 00:00:00+00:00, run_after=2024-01-23 00:00:00+00:00
[2024-01-23T22:27:43.815+0000] {processor.py:183} INFO - Processing /home/airflow/.local/lib/python3.8/site-packages/airflow/example_dags/example_branch_day_of_week_operator.py took 0.057 seconds
[2024-01-23T22:28:14.024+0000] {processor.py:161} INFO - Started process (PID=949) to work on /home/airflow/.local/lib/python3.8/site-packages/airflow/example_dags/example_branch_day_of_week_operator.py
[2024-01-23T22:28:14.025+0000] {processor.py:830} INFO - Processing file /home/airflow/.local/lib/python3.8/site-packages/airflow/example_dags/example_branch_day_of_week_operator.py for tasks to queue
[2024-01-23T22:28:14.026+0000] {logging_mixin.py:188} INFO - [2024-01-23T22:28:14.026+0000] {dagbag.py:538} INFO - Filling up the DagBag from /home/airflow/.local/lib/python3.8/site-packages/airflow/example_dags/example_branch_day_of_week_operator.py
[2024-01-23T22:28:14.031+0000] {processor.py:840} INFO - DAG(s) 'example_weekday_branch_operator' retrieved from /home/airflow/.local/lib/python3.8/site-packages/airflow/example_dags/example_branch_day_of_week_operator.py
[2024-01-23T22:28:14.044+0000] {logging_mixin.py:188} INFO - [2024-01-23T22:28:14.044+0000] {dag.py:3036} INFO - Sync 1 DAGs
[2024-01-23T22:28:14.059+0000] {logging_mixin.py:188} INFO - [2024-01-23T22:28:14.059+0000] {dag.py:3823} INFO - Setting next_dagrun for example_weekday_branch_operator to 2024-01-22 00:00:00+00:00, run_after=2024-01-23 00:00:00+00:00
[2024-01-23T22:28:14.069+0000] {processor.py:183} INFO - Processing /home/airflow/.local/lib/python3.8/site-packages/airflow/example_dags/example_branch_day_of_week_operator.py took 0.047 seconds
[2024-01-23T22:28:44.244+0000] {processor.py:161} INFO - Started process (PID=1006) to work on /home/airflow/.local/lib/python3.8/site-packages/airflow/example_dags/example_branch_day_of_week_operator.py
[2024-01-23T22:28:44.245+0000] {processor.py:830} INFO - Processing file /home/airflow/.local/lib/python3.8/site-packages/airflow/example_dags/example_branch_day_of_week_operator.py for tasks to queue
[2024-01-23T22:28:44.246+0000] {logging_mixin.py:188} INFO - [2024-01-23T22:28:44.246+0000] {dagbag.py:538} INFO - Filling up the DagBag from /home/airflow/.local/lib/python3.8/site-packages/airflow/example_dags/example_branch_day_of_week_operator.py
[2024-01-23T22:28:44.251+0000] {processor.py:840} INFO - DAG(s) 'example_weekday_branch_operator' retrieved from /home/airflow/.local/lib/python3.8/site-packages/airflow/example_dags/example_branch_day_of_week_operator.py
[2024-01-23T22:28:44.263+0000] {logging_mixin.py:188} INFO - [2024-01-23T22:28:44.262+0000] {dag.py:3036} INFO - Sync 1 DAGs
[2024-01-23T22:28:44.276+0000] {logging_mixin.py:188} INFO - [2024-01-23T22:28:44.276+0000] {dag.py:3823} INFO - Setting next_dagrun for example_weekday_branch_operator to 2024-01-22 00:00:00+00:00, run_after=2024-01-23 00:00:00+00:00
[2024-01-23T22:28:44.286+0000] {processor.py:183} INFO - Processing /home/airflow/.local/lib/python3.8/site-packages/airflow/example_dags/example_branch_day_of_week_operator.py took 0.044 seconds
[2024-01-23T22:29:14.413+0000] {processor.py:161} INFO - Started process (PID=1063) to work on /home/airflow/.local/lib/python3.8/site-packages/airflow/example_dags/example_branch_day_of_week_operator.py
[2024-01-23T22:29:14.414+0000] {processor.py:830} INFO - Processing file /home/airflow/.local/lib/python3.8/site-packages/airflow/example_dags/example_branch_day_of_week_operator.py for tasks to queue
[2024-01-23T22:29:14.415+0000] {logging_mixin.py:188} INFO - [2024-01-23T22:29:14.415+0000] {dagbag.py:538} INFO - Filling up the DagBag from /home/airflow/.local/lib/python3.8/site-packages/airflow/example_dags/example_branch_day_of_week_operator.py
[2024-01-23T22:29:14.420+0000] {processor.py:840} INFO - DAG(s) 'example_weekday_branch_operator' retrieved from /home/airflow/.local/lib/python3.8/site-packages/airflow/example_dags/example_branch_day_of_week_operator.py
[2024-01-23T22:29:14.432+0000] {logging_mixin.py:188} INFO - [2024-01-23T22:29:14.432+0000] {dag.py:3036} INFO - Sync 1 DAGs
[2024-01-23T22:29:14.446+0000] {logging_mixin.py:188} INFO - [2024-01-23T22:29:14.446+0000] {dag.py:3823} INFO - Setting next_dagrun for example_weekday_branch_operator to 2024-01-22 00:00:00+00:00, run_after=2024-01-23 00:00:00+00:00
[2024-01-23T22:29:14.457+0000] {processor.py:183} INFO - Processing /home/airflow/.local/lib/python3.8/site-packages/airflow/example_dags/example_branch_day_of_week_operator.py took 0.045 seconds
[2024-01-23T22:29:44.741+0000] {processor.py:161} INFO - Started process (PID=1120) to work on /home/airflow/.local/lib/python3.8/site-packages/airflow/example_dags/example_branch_day_of_week_operator.py
[2024-01-23T22:29:44.742+0000] {processor.py:830} INFO - Processing file /home/airflow/.local/lib/python3.8/site-packages/airflow/example_dags/example_branch_day_of_week_operator.py for tasks to queue
[2024-01-23T22:29:44.743+0000] {logging_mixin.py:188} INFO - [2024-01-23T22:29:44.743+0000] {dagbag.py:538} INFO - Filling up the DagBag from /home/airflow/.local/lib/python3.8/site-packages/airflow/example_dags/example_branch_day_of_week_operator.py
[2024-01-23T22:29:44.748+0000] {processor.py:840} INFO - DAG(s) 'example_weekday_branch_operator' retrieved from /home/airflow/.local/lib/python3.8/site-packages/airflow/example_dags/example_branch_day_of_week_operator.py
[2024-01-23T22:29:44.762+0000] {logging_mixin.py:188} INFO - [2024-01-23T22:29:44.762+0000] {dag.py:3036} INFO - Sync 1 DAGs
[2024-01-23T22:29:44.777+0000] {logging_mixin.py:188} INFO - [2024-01-23T22:29:44.777+0000] {dag.py:3823} INFO - Setting next_dagrun for example_weekday_branch_operator to 2024-01-22 00:00:00+00:00, run_after=2024-01-23 00:00:00+00:00
[2024-01-23T22:29:44.790+0000] {processor.py:183} INFO - Processing /home/airflow/.local/lib/python3.8/site-packages/airflow/example_dags/example_branch_day_of_week_operator.py took 0.050 seconds
