[2024-01-23T22:20:06.120+0000] {processor.py:161} INFO - Started process (PID=46) to work on /home/airflow/.local/lib/python3.8/site-packages/airflow/example_dags/example_branch_python_dop_operator_3.py
[2024-01-23T22:20:06.121+0000] {processor.py:830} INFO - Processing file /home/airflow/.local/lib/python3.8/site-packages/airflow/example_dags/example_branch_python_dop_operator_3.py for tasks to queue
[2024-01-23T22:20:06.123+0000] {logging_mixin.py:188} INFO - [2024-01-23T22:20:06.122+0000] {dagbag.py:538} INFO - Filling up the DagBag from /home/airflow/.local/lib/python3.8/site-packages/airflow/example_dags/example_branch_python_dop_operator_3.py
[2024-01-23T22:20:06.133+0000] {processor.py:840} INFO - DAG(s) 'example_branch_dop_operator_v3' retrieved from /home/airflow/.local/lib/python3.8/site-packages/airflow/example_dags/example_branch_python_dop_operator_3.py
[2024-01-23T22:20:06.208+0000] {logging_mixin.py:188} INFO - [2024-01-23T22:20:06.207+0000] {override.py:1769} INFO - Created Permission View: can delete on DAG:example_branch_dop_operator_v3
[2024-01-23T22:20:06.218+0000] {logging_mixin.py:188} INFO - [2024-01-23T22:20:06.217+0000] {override.py:1769} INFO - Created Permission View: can edit on DAG:example_branch_dop_operator_v3
[2024-01-23T22:20:06.226+0000] {logging_mixin.py:188} INFO - [2024-01-23T22:20:06.225+0000] {override.py:1769} INFO - Created Permission View: can read on DAG:example_branch_dop_operator_v3
[2024-01-23T22:20:06.226+0000] {logging_mixin.py:188} INFO - [2024-01-23T22:20:06.226+0000] {dag.py:3036} INFO - Sync 1 DAGs
[2024-01-23T22:20:06.233+0000] {logging_mixin.py:188} INFO - [2024-01-23T22:20:06.233+0000] {dag.py:3058} INFO - Creating ORM DAG for example_branch_dop_operator_v3
[2024-01-23T22:20:06.243+0000] {logging_mixin.py:188} INFO - [2024-01-23T22:20:06.243+0000] {dag.py:3823} INFO - Setting next_dagrun for example_branch_dop_operator_v3 to 2024-01-23 22:19:00+00:00, run_after=2024-01-23 22:20:00+00:00
[2024-01-23T22:20:06.258+0000] {processor.py:183} INFO - Processing /home/airflow/.local/lib/python3.8/site-packages/airflow/example_dags/example_branch_python_dop_operator_3.py took 0.141 seconds
[2024-01-23T22:20:36.993+0000] {processor.py:161} INFO - Started process (PID=101) to work on /home/airflow/.local/lib/python3.8/site-packages/airflow/example_dags/example_branch_python_dop_operator_3.py
[2024-01-23T22:20:36.995+0000] {processor.py:830} INFO - Processing file /home/airflow/.local/lib/python3.8/site-packages/airflow/example_dags/example_branch_python_dop_operator_3.py for tasks to queue
[2024-01-23T22:20:36.996+0000] {logging_mixin.py:188} INFO - [2024-01-23T22:20:36.995+0000] {dagbag.py:538} INFO - Filling up the DagBag from /home/airflow/.local/lib/python3.8/site-packages/airflow/example_dags/example_branch_python_dop_operator_3.py
[2024-01-23T22:20:37.001+0000] {processor.py:840} INFO - DAG(s) 'example_branch_dop_operator_v3' retrieved from /home/airflow/.local/lib/python3.8/site-packages/airflow/example_dags/example_branch_python_dop_operator_3.py
[2024-01-23T22:20:37.013+0000] {logging_mixin.py:188} INFO - [2024-01-23T22:20:37.012+0000] {dag.py:3036} INFO - Sync 1 DAGs
[2024-01-23T22:20:37.028+0000] {logging_mixin.py:188} INFO - [2024-01-23T22:20:37.028+0000] {dag.py:3823} INFO - Setting next_dagrun for example_branch_dop_operator_v3 to 2024-01-23 22:19:00+00:00, run_after=2024-01-23 22:20:00+00:00
[2024-01-23T22:20:37.039+0000] {processor.py:183} INFO - Processing /home/airflow/.local/lib/python3.8/site-packages/airflow/example_dags/example_branch_python_dop_operator_3.py took 0.047 seconds
[2024-01-23T22:21:07.733+0000] {processor.py:161} INFO - Started process (PID=156) to work on /home/airflow/.local/lib/python3.8/site-packages/airflow/example_dags/example_branch_python_dop_operator_3.py
[2024-01-23T22:21:07.733+0000] {processor.py:830} INFO - Processing file /home/airflow/.local/lib/python3.8/site-packages/airflow/example_dags/example_branch_python_dop_operator_3.py for tasks to queue
[2024-01-23T22:21:07.734+0000] {logging_mixin.py:188} INFO - [2024-01-23T22:21:07.734+0000] {dagbag.py:538} INFO - Filling up the DagBag from /home/airflow/.local/lib/python3.8/site-packages/airflow/example_dags/example_branch_python_dop_operator_3.py
[2024-01-23T22:21:07.740+0000] {processor.py:840} INFO - DAG(s) 'example_branch_dop_operator_v3' retrieved from /home/airflow/.local/lib/python3.8/site-packages/airflow/example_dags/example_branch_python_dop_operator_3.py
[2024-01-23T22:21:07.751+0000] {logging_mixin.py:188} INFO - [2024-01-23T22:21:07.751+0000] {dag.py:3036} INFO - Sync 1 DAGs
[2024-01-23T22:21:07.767+0000] {logging_mixin.py:188} INFO - [2024-01-23T22:21:07.767+0000] {dag.py:3823} INFO - Setting next_dagrun for example_branch_dop_operator_v3 to 2024-01-23 22:20:00+00:00, run_after=2024-01-23 22:21:00+00:00
[2024-01-23T22:21:07.778+0000] {processor.py:183} INFO - Processing /home/airflow/.local/lib/python3.8/site-packages/airflow/example_dags/example_branch_python_dop_operator_3.py took 0.047 seconds
[2024-01-23T22:21:38.376+0000] {processor.py:161} INFO - Started process (PID=211) to work on /home/airflow/.local/lib/python3.8/site-packages/airflow/example_dags/example_branch_python_dop_operator_3.py
[2024-01-23T22:21:38.376+0000] {processor.py:830} INFO - Processing file /home/airflow/.local/lib/python3.8/site-packages/airflow/example_dags/example_branch_python_dop_operator_3.py for tasks to queue
[2024-01-23T22:21:38.377+0000] {logging_mixin.py:188} INFO - [2024-01-23T22:21:38.377+0000] {dagbag.py:538} INFO - Filling up the DagBag from /home/airflow/.local/lib/python3.8/site-packages/airflow/example_dags/example_branch_python_dop_operator_3.py
[2024-01-23T22:21:38.383+0000] {processor.py:840} INFO - DAG(s) 'example_branch_dop_operator_v3' retrieved from /home/airflow/.local/lib/python3.8/site-packages/airflow/example_dags/example_branch_python_dop_operator_3.py
[2024-01-23T22:21:38.397+0000] {logging_mixin.py:188} INFO - [2024-01-23T22:21:38.396+0000] {dag.py:3036} INFO - Sync 1 DAGs
[2024-01-23T22:21:38.412+0000] {logging_mixin.py:188} INFO - [2024-01-23T22:21:38.412+0000] {dag.py:3823} INFO - Setting next_dagrun for example_branch_dop_operator_v3 to 2024-01-23 22:20:00+00:00, run_after=2024-01-23 22:21:00+00:00
[2024-01-23T22:21:38.423+0000] {processor.py:183} INFO - Processing /home/airflow/.local/lib/python3.8/site-packages/airflow/example_dags/example_branch_python_dop_operator_3.py took 0.049 seconds
[2024-01-23T22:22:09.251+0000] {processor.py:161} INFO - Started process (PID=266) to work on /home/airflow/.local/lib/python3.8/site-packages/airflow/example_dags/example_branch_python_dop_operator_3.py
[2024-01-23T22:22:09.252+0000] {processor.py:830} INFO - Processing file /home/airflow/.local/lib/python3.8/site-packages/airflow/example_dags/example_branch_python_dop_operator_3.py for tasks to queue
[2024-01-23T22:22:09.253+0000] {logging_mixin.py:188} INFO - [2024-01-23T22:22:09.253+0000] {dagbag.py:538} INFO - Filling up the DagBag from /home/airflow/.local/lib/python3.8/site-packages/airflow/example_dags/example_branch_python_dop_operator_3.py
[2024-01-23T22:22:09.259+0000] {processor.py:840} INFO - DAG(s) 'example_branch_dop_operator_v3' retrieved from /home/airflow/.local/lib/python3.8/site-packages/airflow/example_dags/example_branch_python_dop_operator_3.py
[2024-01-23T22:22:09.271+0000] {logging_mixin.py:188} INFO - [2024-01-23T22:22:09.271+0000] {dag.py:3036} INFO - Sync 1 DAGs
[2024-01-23T22:22:09.288+0000] {logging_mixin.py:188} INFO - [2024-01-23T22:22:09.288+0000] {dag.py:3823} INFO - Setting next_dagrun for example_branch_dop_operator_v3 to 2024-01-23 22:21:00+00:00, run_after=2024-01-23 22:22:00+00:00
[2024-01-23T22:22:09.299+0000] {processor.py:183} INFO - Processing /home/airflow/.local/lib/python3.8/site-packages/airflow/example_dags/example_branch_python_dop_operator_3.py took 0.049 seconds
[2024-01-23T22:22:39.499+0000] {processor.py:161} INFO - Started process (PID=321) to work on /home/airflow/.local/lib/python3.8/site-packages/airflow/example_dags/example_branch_python_dop_operator_3.py
[2024-01-23T22:22:39.499+0000] {processor.py:830} INFO - Processing file /home/airflow/.local/lib/python3.8/site-packages/airflow/example_dags/example_branch_python_dop_operator_3.py for tasks to queue
[2024-01-23T22:22:39.501+0000] {logging_mixin.py:188} INFO - [2024-01-23T22:22:39.500+0000] {dagbag.py:538} INFO - Filling up the DagBag from /home/airflow/.local/lib/python3.8/site-packages/airflow/example_dags/example_branch_python_dop_operator_3.py
[2024-01-23T22:22:39.508+0000] {processor.py:840} INFO - DAG(s) 'example_branch_dop_operator_v3' retrieved from /home/airflow/.local/lib/python3.8/site-packages/airflow/example_dags/example_branch_python_dop_operator_3.py
[2024-01-23T22:22:39.522+0000] {logging_mixin.py:188} INFO - [2024-01-23T22:22:39.522+0000] {dag.py:3036} INFO - Sync 1 DAGs
[2024-01-23T22:22:39.538+0000] {logging_mixin.py:188} INFO - [2024-01-23T22:22:39.538+0000] {dag.py:3823} INFO - Setting next_dagrun for example_branch_dop_operator_v3 to 2024-01-23 22:21:00+00:00, run_after=2024-01-23 22:22:00+00:00
[2024-01-23T22:22:39.549+0000] {processor.py:183} INFO - Processing /home/airflow/.local/lib/python3.8/site-packages/airflow/example_dags/example_branch_python_dop_operator_3.py took 0.053 seconds
[2024-01-23T22:23:10.296+0000] {processor.py:161} INFO - Started process (PID=376) to work on /home/airflow/.local/lib/python3.8/site-packages/airflow/example_dags/example_branch_python_dop_operator_3.py
[2024-01-23T22:23:10.297+0000] {processor.py:830} INFO - Processing file /home/airflow/.local/lib/python3.8/site-packages/airflow/example_dags/example_branch_python_dop_operator_3.py for tasks to queue
[2024-01-23T22:23:10.298+0000] {logging_mixin.py:188} INFO - [2024-01-23T22:23:10.297+0000] {dagbag.py:538} INFO - Filling up the DagBag from /home/airflow/.local/lib/python3.8/site-packages/airflow/example_dags/example_branch_python_dop_operator_3.py
[2024-01-23T22:23:10.304+0000] {processor.py:840} INFO - DAG(s) 'example_branch_dop_operator_v3' retrieved from /home/airflow/.local/lib/python3.8/site-packages/airflow/example_dags/example_branch_python_dop_operator_3.py
[2024-01-23T22:23:10.317+0000] {logging_mixin.py:188} INFO - [2024-01-23T22:23:10.317+0000] {dag.py:3036} INFO - Sync 1 DAGs
[2024-01-23T22:23:10.333+0000] {logging_mixin.py:188} INFO - [2024-01-23T22:23:10.333+0000] {dag.py:3823} INFO - Setting next_dagrun for example_branch_dop_operator_v3 to 2024-01-23 22:22:00+00:00, run_after=2024-01-23 22:23:00+00:00
[2024-01-23T22:23:10.344+0000] {processor.py:183} INFO - Processing /home/airflow/.local/lib/python3.8/site-packages/airflow/example_dags/example_branch_python_dop_operator_3.py took 0.050 seconds
[2024-01-23T22:23:40.404+0000] {processor.py:161} INFO - Started process (PID=431) to work on /home/airflow/.local/lib/python3.8/site-packages/airflow/example_dags/example_branch_python_dop_operator_3.py
[2024-01-23T22:23:40.405+0000] {processor.py:830} INFO - Processing file /home/airflow/.local/lib/python3.8/site-packages/airflow/example_dags/example_branch_python_dop_operator_3.py for tasks to queue
[2024-01-23T22:23:40.406+0000] {logging_mixin.py:188} INFO - [2024-01-23T22:23:40.406+0000] {dagbag.py:538} INFO - Filling up the DagBag from /home/airflow/.local/lib/python3.8/site-packages/airflow/example_dags/example_branch_python_dop_operator_3.py
[2024-01-23T22:23:40.411+0000] {processor.py:840} INFO - DAG(s) 'example_branch_dop_operator_v3' retrieved from /home/airflow/.local/lib/python3.8/site-packages/airflow/example_dags/example_branch_python_dop_operator_3.py
[2024-01-23T22:23:40.423+0000] {logging_mixin.py:188} INFO - [2024-01-23T22:23:40.423+0000] {dag.py:3036} INFO - Sync 1 DAGs
[2024-01-23T22:23:40.439+0000] {logging_mixin.py:188} INFO - [2024-01-23T22:23:40.439+0000] {dag.py:3823} INFO - Setting next_dagrun for example_branch_dop_operator_v3 to 2024-01-23 22:22:00+00:00, run_after=2024-01-23 22:23:00+00:00
[2024-01-23T22:23:40.450+0000] {processor.py:183} INFO - Processing /home/airflow/.local/lib/python3.8/site-packages/airflow/example_dags/example_branch_python_dop_operator_3.py took 0.048 seconds
[2024-01-23T22:24:10.678+0000] {processor.py:161} INFO - Started process (PID=486) to work on /home/airflow/.local/lib/python3.8/site-packages/airflow/example_dags/example_branch_python_dop_operator_3.py
[2024-01-23T22:24:10.679+0000] {processor.py:830} INFO - Processing file /home/airflow/.local/lib/python3.8/site-packages/airflow/example_dags/example_branch_python_dop_operator_3.py for tasks to queue
[2024-01-23T22:24:10.680+0000] {logging_mixin.py:188} INFO - [2024-01-23T22:24:10.679+0000] {dagbag.py:538} INFO - Filling up the DagBag from /home/airflow/.local/lib/python3.8/site-packages/airflow/example_dags/example_branch_python_dop_operator_3.py
[2024-01-23T22:24:10.686+0000] {processor.py:840} INFO - DAG(s) 'example_branch_dop_operator_v3' retrieved from /home/airflow/.local/lib/python3.8/site-packages/airflow/example_dags/example_branch_python_dop_operator_3.py
[2024-01-23T22:24:10.698+0000] {logging_mixin.py:188} INFO - [2024-01-23T22:24:10.698+0000] {dag.py:3036} INFO - Sync 1 DAGs
[2024-01-23T22:24:10.714+0000] {logging_mixin.py:188} INFO - [2024-01-23T22:24:10.714+0000] {dag.py:3823} INFO - Setting next_dagrun for example_branch_dop_operator_v3 to 2024-01-23 22:23:00+00:00, run_after=2024-01-23 22:24:00+00:00
[2024-01-23T22:24:10.726+0000] {processor.py:183} INFO - Processing /home/airflow/.local/lib/python3.8/site-packages/airflow/example_dags/example_branch_python_dop_operator_3.py took 0.049 seconds
[2024-01-23T22:24:41.084+0000] {processor.py:161} INFO - Started process (PID=541) to work on /home/airflow/.local/lib/python3.8/site-packages/airflow/example_dags/example_branch_python_dop_operator_3.py
[2024-01-23T22:24:41.085+0000] {processor.py:830} INFO - Processing file /home/airflow/.local/lib/python3.8/site-packages/airflow/example_dags/example_branch_python_dop_operator_3.py for tasks to queue
[2024-01-23T22:24:41.086+0000] {logging_mixin.py:188} INFO - [2024-01-23T22:24:41.086+0000] {dagbag.py:538} INFO - Filling up the DagBag from /home/airflow/.local/lib/python3.8/site-packages/airflow/example_dags/example_branch_python_dop_operator_3.py
[2024-01-23T22:24:41.091+0000] {processor.py:840} INFO - DAG(s) 'example_branch_dop_operator_v3' retrieved from /home/airflow/.local/lib/python3.8/site-packages/airflow/example_dags/example_branch_python_dop_operator_3.py
[2024-01-23T22:24:41.155+0000] {logging_mixin.py:188} INFO - [2024-01-23T22:24:41.155+0000] {dag.py:3036} INFO - Sync 1 DAGs
[2024-01-23T22:24:41.162+0000] {logging_mixin.py:188} INFO - [2024-01-23T22:24:41.162+0000] {dag.py:3058} INFO - Creating ORM DAG for example_branch_dop_operator_v3
[2024-01-23T22:24:41.172+0000] {logging_mixin.py:188} INFO - [2024-01-23T22:24:41.171+0000] {dag.py:3823} INFO - Setting next_dagrun for example_branch_dop_operator_v3 to 2024-01-23 22:23:00+00:00, run_after=2024-01-23 22:24:00+00:00
[2024-01-23T22:24:41.184+0000] {processor.py:183} INFO - Processing /home/airflow/.local/lib/python3.8/site-packages/airflow/example_dags/example_branch_python_dop_operator_3.py took 0.102 seconds
[2024-01-23T22:25:11.498+0000] {processor.py:161} INFO - Started process (PID=598) to work on /home/airflow/.local/lib/python3.8/site-packages/airflow/example_dags/example_branch_python_dop_operator_3.py
[2024-01-23T22:25:11.499+0000] {processor.py:830} INFO - Processing file /home/airflow/.local/lib/python3.8/site-packages/airflow/example_dags/example_branch_python_dop_operator_3.py for tasks to queue
[2024-01-23T22:25:11.501+0000] {logging_mixin.py:188} INFO - [2024-01-23T22:25:11.501+0000] {dagbag.py:538} INFO - Filling up the DagBag from /home/airflow/.local/lib/python3.8/site-packages/airflow/example_dags/example_branch_python_dop_operator_3.py
[2024-01-23T22:25:11.507+0000] {processor.py:840} INFO - DAG(s) 'example_branch_dop_operator_v3' retrieved from /home/airflow/.local/lib/python3.8/site-packages/airflow/example_dags/example_branch_python_dop_operator_3.py
[2024-01-23T22:25:11.520+0000] {logging_mixin.py:188} INFO - [2024-01-23T22:25:11.520+0000] {dag.py:3036} INFO - Sync 1 DAGs
[2024-01-23T22:25:11.536+0000] {logging_mixin.py:188} INFO - [2024-01-23T22:25:11.536+0000] {dag.py:3823} INFO - Setting next_dagrun for example_branch_dop_operator_v3 to 2024-01-23 22:24:00+00:00, run_after=2024-01-23 22:25:00+00:00
[2024-01-23T22:25:11.549+0000] {processor.py:183} INFO - Processing /home/airflow/.local/lib/python3.8/site-packages/airflow/example_dags/example_branch_python_dop_operator_3.py took 0.053 seconds
[2024-01-23T22:25:41.620+0000] {processor.py:161} INFO - Started process (PID=655) to work on /home/airflow/.local/lib/python3.8/site-packages/airflow/example_dags/example_branch_python_dop_operator_3.py
[2024-01-23T22:25:41.620+0000] {processor.py:830} INFO - Processing file /home/airflow/.local/lib/python3.8/site-packages/airflow/example_dags/example_branch_python_dop_operator_3.py for tasks to queue
[2024-01-23T22:25:41.621+0000] {logging_mixin.py:188} INFO - [2024-01-23T22:25:41.621+0000] {dagbag.py:538} INFO - Filling up the DagBag from /home/airflow/.local/lib/python3.8/site-packages/airflow/example_dags/example_branch_python_dop_operator_3.py
[2024-01-23T22:25:41.626+0000] {processor.py:840} INFO - DAG(s) 'example_branch_dop_operator_v3' retrieved from /home/airflow/.local/lib/python3.8/site-packages/airflow/example_dags/example_branch_python_dop_operator_3.py
[2024-01-23T22:25:41.637+0000] {logging_mixin.py:188} INFO - [2024-01-23T22:25:41.637+0000] {dag.py:3036} INFO - Sync 1 DAGs
[2024-01-23T22:25:41.652+0000] {logging_mixin.py:188} INFO - [2024-01-23T22:25:41.652+0000] {dag.py:3823} INFO - Setting next_dagrun for example_branch_dop_operator_v3 to 2024-01-23 22:24:00+00:00, run_after=2024-01-23 22:25:00+00:00
[2024-01-23T22:25:41.662+0000] {processor.py:183} INFO - Processing /home/airflow/.local/lib/python3.8/site-packages/airflow/example_dags/example_branch_python_dop_operator_3.py took 0.044 seconds
[2024-01-23T22:26:11.737+0000] {processor.py:161} INFO - Started process (PID=712) to work on /home/airflow/.local/lib/python3.8/site-packages/airflow/example_dags/example_branch_python_dop_operator_3.py
[2024-01-23T22:26:11.737+0000] {processor.py:830} INFO - Processing file /home/airflow/.local/lib/python3.8/site-packages/airflow/example_dags/example_branch_python_dop_operator_3.py for tasks to queue
[2024-01-23T22:26:11.738+0000] {logging_mixin.py:188} INFO - [2024-01-23T22:26:11.738+0000] {dagbag.py:538} INFO - Filling up the DagBag from /home/airflow/.local/lib/python3.8/site-packages/airflow/example_dags/example_branch_python_dop_operator_3.py
[2024-01-23T22:26:11.744+0000] {processor.py:840} INFO - DAG(s) 'example_branch_dop_operator_v3' retrieved from /home/airflow/.local/lib/python3.8/site-packages/airflow/example_dags/example_branch_python_dop_operator_3.py
[2024-01-23T22:26:11.756+0000] {logging_mixin.py:188} INFO - [2024-01-23T22:26:11.755+0000] {dag.py:3036} INFO - Sync 1 DAGs
[2024-01-23T22:26:11.772+0000] {logging_mixin.py:188} INFO - [2024-01-23T22:26:11.772+0000] {dag.py:3823} INFO - Setting next_dagrun for example_branch_dop_operator_v3 to 2024-01-23 22:25:00+00:00, run_after=2024-01-23 22:26:00+00:00
[2024-01-23T22:26:11.783+0000] {processor.py:183} INFO - Processing /home/airflow/.local/lib/python3.8/site-packages/airflow/example_dags/example_branch_python_dop_operator_3.py took 0.048 seconds
[2024-01-23T22:26:42.063+0000] {processor.py:161} INFO - Started process (PID=769) to work on /home/airflow/.local/lib/python3.8/site-packages/airflow/example_dags/example_branch_python_dop_operator_3.py
[2024-01-23T22:26:42.064+0000] {processor.py:830} INFO - Processing file /home/airflow/.local/lib/python3.8/site-packages/airflow/example_dags/example_branch_python_dop_operator_3.py for tasks to queue
[2024-01-23T22:26:42.065+0000] {logging_mixin.py:188} INFO - [2024-01-23T22:26:42.064+0000] {dagbag.py:538} INFO - Filling up the DagBag from /home/airflow/.local/lib/python3.8/site-packages/airflow/example_dags/example_branch_python_dop_operator_3.py
[2024-01-23T22:26:42.076+0000] {processor.py:840} INFO - DAG(s) 'example_branch_dop_operator_v3' retrieved from /home/airflow/.local/lib/python3.8/site-packages/airflow/example_dags/example_branch_python_dop_operator_3.py
[2024-01-23T22:26:42.152+0000] {logging_mixin.py:188} INFO - [2024-01-23T22:26:42.151+0000] {dag.py:3036} INFO - Sync 1 DAGs
[2024-01-23T22:26:42.159+0000] {logging_mixin.py:188} INFO - [2024-01-23T22:26:42.158+0000] {dag.py:3058} INFO - Creating ORM DAG for example_branch_dop_operator_v3
[2024-01-23T22:26:42.168+0000] {logging_mixin.py:188} INFO - [2024-01-23T22:26:42.168+0000] {dag.py:3823} INFO - Setting next_dagrun for example_branch_dop_operator_v3 to 2024-01-23 22:25:00+00:00, run_after=2024-01-23 22:26:00+00:00
[2024-01-23T22:26:42.182+0000] {processor.py:183} INFO - Processing /home/airflow/.local/lib/python3.8/site-packages/airflow/example_dags/example_branch_python_dop_operator_3.py took 0.121 seconds
[2024-01-23T22:27:12.689+0000] {processor.py:161} INFO - Started process (PID=826) to work on /home/airflow/.local/lib/python3.8/site-packages/airflow/example_dags/example_branch_python_dop_operator_3.py
[2024-01-23T22:27:12.690+0000] {processor.py:830} INFO - Processing file /home/airflow/.local/lib/python3.8/site-packages/airflow/example_dags/example_branch_python_dop_operator_3.py for tasks to queue
[2024-01-23T22:27:12.691+0000] {logging_mixin.py:188} INFO - [2024-01-23T22:27:12.691+0000] {dagbag.py:538} INFO - Filling up the DagBag from /home/airflow/.local/lib/python3.8/site-packages/airflow/example_dags/example_branch_python_dop_operator_3.py
[2024-01-23T22:27:12.696+0000] {processor.py:840} INFO - DAG(s) 'example_branch_dop_operator_v3' retrieved from /home/airflow/.local/lib/python3.8/site-packages/airflow/example_dags/example_branch_python_dop_operator_3.py
[2024-01-23T22:27:12.787+0000] {logging_mixin.py:188} INFO - [2024-01-23T22:27:12.786+0000] {dag.py:3036} INFO - Sync 1 DAGs
[2024-01-23T22:27:12.796+0000] {logging_mixin.py:188} INFO - [2024-01-23T22:27:12.795+0000] {dag.py:3058} INFO - Creating ORM DAG for example_branch_dop_operator_v3
[2024-01-23T22:27:12.811+0000] {logging_mixin.py:188} INFO - [2024-01-23T22:27:12.811+0000] {dag.py:3823} INFO - Setting next_dagrun for example_branch_dop_operator_v3 to 2024-01-23 22:26:00+00:00, run_after=2024-01-23 22:27:00+00:00
[2024-01-23T22:27:12.830+0000] {processor.py:183} INFO - Processing /home/airflow/.local/lib/python3.8/site-packages/airflow/example_dags/example_branch_python_dop_operator_3.py took 0.142 seconds
[2024-01-23T22:27:43.464+0000] {processor.py:161} INFO - Started process (PID=883) to work on /home/airflow/.local/lib/python3.8/site-packages/airflow/example_dags/example_branch_python_dop_operator_3.py
[2024-01-23T22:27:43.465+0000] {processor.py:830} INFO - Processing file /home/airflow/.local/lib/python3.8/site-packages/airflow/example_dags/example_branch_python_dop_operator_3.py for tasks to queue
[2024-01-23T22:27:43.466+0000] {logging_mixin.py:188} INFO - [2024-01-23T22:27:43.466+0000] {dagbag.py:538} INFO - Filling up the DagBag from /home/airflow/.local/lib/python3.8/site-packages/airflow/example_dags/example_branch_python_dop_operator_3.py
[2024-01-23T22:27:43.471+0000] {processor.py:840} INFO - DAG(s) 'example_branch_dop_operator_v3' retrieved from /home/airflow/.local/lib/python3.8/site-packages/airflow/example_dags/example_branch_python_dop_operator_3.py
[2024-01-23T22:27:43.484+0000] {logging_mixin.py:188} INFO - [2024-01-23T22:27:43.484+0000] {dag.py:3036} INFO - Sync 1 DAGs
[2024-01-23T22:27:43.500+0000] {logging_mixin.py:188} INFO - [2024-01-23T22:27:43.499+0000] {dag.py:3823} INFO - Setting next_dagrun for example_branch_dop_operator_v3 to 2024-01-23 22:26:00+00:00, run_after=2024-01-23 22:27:00+00:00
[2024-01-23T22:27:43.510+0000] {processor.py:183} INFO - Processing /home/airflow/.local/lib/python3.8/site-packages/airflow/example_dags/example_branch_python_dop_operator_3.py took 0.048 seconds
[2024-01-23T22:28:13.726+0000] {processor.py:161} INFO - Started process (PID=940) to work on /home/airflow/.local/lib/python3.8/site-packages/airflow/example_dags/example_branch_python_dop_operator_3.py
[2024-01-23T22:28:13.727+0000] {processor.py:830} INFO - Processing file /home/airflow/.local/lib/python3.8/site-packages/airflow/example_dags/example_branch_python_dop_operator_3.py for tasks to queue
[2024-01-23T22:28:13.728+0000] {logging_mixin.py:188} INFO - [2024-01-23T22:28:13.728+0000] {dagbag.py:538} INFO - Filling up the DagBag from /home/airflow/.local/lib/python3.8/site-packages/airflow/example_dags/example_branch_python_dop_operator_3.py
[2024-01-23T22:28:13.733+0000] {processor.py:840} INFO - DAG(s) 'example_branch_dop_operator_v3' retrieved from /home/airflow/.local/lib/python3.8/site-packages/airflow/example_dags/example_branch_python_dop_operator_3.py
[2024-01-23T22:28:13.746+0000] {logging_mixin.py:188} INFO - [2024-01-23T22:28:13.746+0000] {dag.py:3036} INFO - Sync 1 DAGs
[2024-01-23T22:28:13.764+0000] {logging_mixin.py:188} INFO - [2024-01-23T22:28:13.764+0000] {dag.py:3823} INFO - Setting next_dagrun for example_branch_dop_operator_v3 to 2024-01-23 22:27:00+00:00, run_after=2024-01-23 22:28:00+00:00
[2024-01-23T22:28:13.776+0000] {processor.py:183} INFO - Processing /home/airflow/.local/lib/python3.8/site-packages/airflow/example_dags/example_branch_python_dop_operator_3.py took 0.052 seconds
[2024-01-23T22:28:43.879+0000] {processor.py:161} INFO - Started process (PID=997) to work on /home/airflow/.local/lib/python3.8/site-packages/airflow/example_dags/example_branch_python_dop_operator_3.py
[2024-01-23T22:28:43.879+0000] {processor.py:830} INFO - Processing file /home/airflow/.local/lib/python3.8/site-packages/airflow/example_dags/example_branch_python_dop_operator_3.py for tasks to queue
[2024-01-23T22:28:43.880+0000] {logging_mixin.py:188} INFO - [2024-01-23T22:28:43.880+0000] {dagbag.py:538} INFO - Filling up the DagBag from /home/airflow/.local/lib/python3.8/site-packages/airflow/example_dags/example_branch_python_dop_operator_3.py
[2024-01-23T22:28:43.885+0000] {processor.py:840} INFO - DAG(s) 'example_branch_dop_operator_v3' retrieved from /home/airflow/.local/lib/python3.8/site-packages/airflow/example_dags/example_branch_python_dop_operator_3.py
[2024-01-23T22:28:43.897+0000] {logging_mixin.py:188} INFO - [2024-01-23T22:28:43.897+0000] {dag.py:3036} INFO - Sync 1 DAGs
[2024-01-23T22:28:43.912+0000] {logging_mixin.py:188} INFO - [2024-01-23T22:28:43.912+0000] {dag.py:3823} INFO - Setting next_dagrun for example_branch_dop_operator_v3 to 2024-01-23 22:27:00+00:00, run_after=2024-01-23 22:28:00+00:00
[2024-01-23T22:28:43.927+0000] {processor.py:183} INFO - Processing /home/airflow/.local/lib/python3.8/site-packages/airflow/example_dags/example_branch_python_dop_operator_3.py took 0.050 seconds
[2024-01-23T22:29:13.991+0000] {processor.py:161} INFO - Started process (PID=1054) to work on /home/airflow/.local/lib/python3.8/site-packages/airflow/example_dags/example_branch_python_dop_operator_3.py
[2024-01-23T22:29:13.991+0000] {processor.py:830} INFO - Processing file /home/airflow/.local/lib/python3.8/site-packages/airflow/example_dags/example_branch_python_dop_operator_3.py for tasks to queue
[2024-01-23T22:29:13.992+0000] {logging_mixin.py:188} INFO - [2024-01-23T22:29:13.992+0000] {dagbag.py:538} INFO - Filling up the DagBag from /home/airflow/.local/lib/python3.8/site-packages/airflow/example_dags/example_branch_python_dop_operator_3.py
[2024-01-23T22:29:13.997+0000] {processor.py:840} INFO - DAG(s) 'example_branch_dop_operator_v3' retrieved from /home/airflow/.local/lib/python3.8/site-packages/airflow/example_dags/example_branch_python_dop_operator_3.py
[2024-01-23T22:29:14.011+0000] {logging_mixin.py:188} INFO - [2024-01-23T22:29:14.010+0000] {dag.py:3036} INFO - Sync 1 DAGs
[2024-01-23T22:29:14.029+0000] {logging_mixin.py:188} INFO - [2024-01-23T22:29:14.029+0000] {dag.py:3823} INFO - Setting next_dagrun for example_branch_dop_operator_v3 to 2024-01-23 22:28:00+00:00, run_after=2024-01-23 22:29:00+00:00
[2024-01-23T22:29:14.041+0000] {processor.py:183} INFO - Processing /home/airflow/.local/lib/python3.8/site-packages/airflow/example_dags/example_branch_python_dop_operator_3.py took 0.052 seconds
[2024-01-23T22:29:44.352+0000] {processor.py:161} INFO - Started process (PID=1111) to work on /home/airflow/.local/lib/python3.8/site-packages/airflow/example_dags/example_branch_python_dop_operator_3.py
[2024-01-23T22:29:44.353+0000] {processor.py:830} INFO - Processing file /home/airflow/.local/lib/python3.8/site-packages/airflow/example_dags/example_branch_python_dop_operator_3.py for tasks to queue
[2024-01-23T22:29:44.355+0000] {logging_mixin.py:188} INFO - [2024-01-23T22:29:44.354+0000] {dagbag.py:538} INFO - Filling up the DagBag from /home/airflow/.local/lib/python3.8/site-packages/airflow/example_dags/example_branch_python_dop_operator_3.py
[2024-01-23T22:29:44.361+0000] {processor.py:840} INFO - DAG(s) 'example_branch_dop_operator_v3' retrieved from /home/airflow/.local/lib/python3.8/site-packages/airflow/example_dags/example_branch_python_dop_operator_3.py
[2024-01-23T22:29:44.374+0000] {logging_mixin.py:188} INFO - [2024-01-23T22:29:44.373+0000] {dag.py:3036} INFO - Sync 1 DAGs
[2024-01-23T22:29:44.390+0000] {logging_mixin.py:188} INFO - [2024-01-23T22:29:44.390+0000] {dag.py:3823} INFO - Setting next_dagrun for example_branch_dop_operator_v3 to 2024-01-23 22:28:00+00:00, run_after=2024-01-23 22:29:00+00:00
[2024-01-23T22:29:44.403+0000] {processor.py:183} INFO - Processing /home/airflow/.local/lib/python3.8/site-packages/airflow/example_dags/example_branch_python_dop_operator_3.py took 0.052 seconds
