[2024-01-23T22:20:05.768+0000] {processor.py:161} INFO - Started process (PID=43) to work on /home/airflow/.local/lib/python3.8/site-packages/airflow/example_dags/example_sensor_decorator.py
[2024-01-23T22:20:05.768+0000] {processor.py:830} INFO - Processing file /home/airflow/.local/lib/python3.8/site-packages/airflow/example_dags/example_sensor_decorator.py for tasks to queue
[2024-01-23T22:20:05.770+0000] {logging_mixin.py:188} INFO - [2024-01-23T22:20:05.769+0000] {dagbag.py:538} INFO - Filling up the DagBag from /home/airflow/.local/lib/python3.8/site-packages/airflow/example_dags/example_sensor_decorator.py
[2024-01-23T22:20:05.775+0000] {processor.py:840} INFO - DAG(s) 'example_sensor_decorator' retrieved from /home/airflow/.local/lib/python3.8/site-packages/airflow/example_dags/example_sensor_decorator.py
[2024-01-23T22:20:05.875+0000] {logging_mixin.py:188} INFO - [2024-01-23T22:20:05.874+0000] {override.py:1769} INFO - Created Permission View: can delete on DAG:example_sensor_decorator
[2024-01-23T22:20:05.882+0000] {logging_mixin.py:188} INFO - [2024-01-23T22:20:05.882+0000] {override.py:1769} INFO - Created Permission View: can edit on DAG:example_sensor_decorator
[2024-01-23T22:20:05.887+0000] {logging_mixin.py:188} INFO - [2024-01-23T22:20:05.886+0000] {override.py:1769} INFO - Created Permission View: can read on DAG:example_sensor_decorator
[2024-01-23T22:20:05.887+0000] {logging_mixin.py:188} INFO - [2024-01-23T22:20:05.887+0000] {dag.py:3036} INFO - Sync 1 DAGs
[2024-01-23T22:20:05.895+0000] {logging_mixin.py:188} INFO - [2024-01-23T22:20:05.894+0000] {dag.py:3058} INFO - Creating ORM DAG for example_sensor_decorator
[2024-01-23T22:20:05.895+0000] {logging_mixin.py:188} INFO - [2024-01-23T22:20:05.895+0000] {dag.py:3823} INFO - Setting next_dagrun for example_sensor_decorator to None, run_after=None
[2024-01-23T22:20:05.911+0000] {processor.py:183} INFO - Processing /home/airflow/.local/lib/python3.8/site-packages/airflow/example_dags/example_sensor_decorator.py took 0.145 seconds
[2024-01-23T22:20:36.886+0000] {processor.py:161} INFO - Started process (PID=98) to work on /home/airflow/.local/lib/python3.8/site-packages/airflow/example_dags/example_sensor_decorator.py
[2024-01-23T22:20:36.890+0000] {processor.py:830} INFO - Processing file /home/airflow/.local/lib/python3.8/site-packages/airflow/example_dags/example_sensor_decorator.py for tasks to queue
[2024-01-23T22:20:36.891+0000] {logging_mixin.py:188} INFO - [2024-01-23T22:20:36.891+0000] {dagbag.py:538} INFO - Filling up the DagBag from /home/airflow/.local/lib/python3.8/site-packages/airflow/example_dags/example_sensor_decorator.py
[2024-01-23T22:20:36.895+0000] {processor.py:840} INFO - DAG(s) 'example_sensor_decorator' retrieved from /home/airflow/.local/lib/python3.8/site-packages/airflow/example_dags/example_sensor_decorator.py
[2024-01-23T22:20:36.907+0000] {logging_mixin.py:188} INFO - [2024-01-23T22:20:36.907+0000] {dag.py:3036} INFO - Sync 1 DAGs
[2024-01-23T22:20:36.914+0000] {logging_mixin.py:188} INFO - [2024-01-23T22:20:36.914+0000] {dag.py:3823} INFO - Setting next_dagrun for example_sensor_decorator to None, run_after=None
[2024-01-23T22:20:36.925+0000] {processor.py:183} INFO - Processing /home/airflow/.local/lib/python3.8/site-packages/airflow/example_dags/example_sensor_decorator.py took 0.040 seconds
[2024-01-23T22:21:07.630+0000] {processor.py:161} INFO - Started process (PID=153) to work on /home/airflow/.local/lib/python3.8/site-packages/airflow/example_dags/example_sensor_decorator.py
[2024-01-23T22:21:07.631+0000] {processor.py:830} INFO - Processing file /home/airflow/.local/lib/python3.8/site-packages/airflow/example_dags/example_sensor_decorator.py for tasks to queue
[2024-01-23T22:21:07.632+0000] {logging_mixin.py:188} INFO - [2024-01-23T22:21:07.632+0000] {dagbag.py:538} INFO - Filling up the DagBag from /home/airflow/.local/lib/python3.8/site-packages/airflow/example_dags/example_sensor_decorator.py
[2024-01-23T22:21:07.636+0000] {processor.py:840} INFO - DAG(s) 'example_sensor_decorator' retrieved from /home/airflow/.local/lib/python3.8/site-packages/airflow/example_dags/example_sensor_decorator.py
[2024-01-23T22:21:07.646+0000] {logging_mixin.py:188} INFO - [2024-01-23T22:21:07.646+0000] {dag.py:3036} INFO - Sync 1 DAGs
[2024-01-23T22:21:07.654+0000] {logging_mixin.py:188} INFO - [2024-01-23T22:21:07.654+0000] {dag.py:3823} INFO - Setting next_dagrun for example_sensor_decorator to None, run_after=None
[2024-01-23T22:21:07.665+0000] {processor.py:183} INFO - Processing /home/airflow/.local/lib/python3.8/site-packages/airflow/example_dags/example_sensor_decorator.py took 0.037 seconds
[2024-01-23T22:21:38.262+0000] {processor.py:161} INFO - Started process (PID=208) to work on /home/airflow/.local/lib/python3.8/site-packages/airflow/example_dags/example_sensor_decorator.py
[2024-01-23T22:21:38.266+0000] {processor.py:830} INFO - Processing file /home/airflow/.local/lib/python3.8/site-packages/airflow/example_dags/example_sensor_decorator.py for tasks to queue
[2024-01-23T22:21:38.268+0000] {logging_mixin.py:188} INFO - [2024-01-23T22:21:38.267+0000] {dagbag.py:538} INFO - Filling up the DagBag from /home/airflow/.local/lib/python3.8/site-packages/airflow/example_dags/example_sensor_decorator.py
[2024-01-23T22:21:38.275+0000] {processor.py:840} INFO - DAG(s) 'example_sensor_decorator' retrieved from /home/airflow/.local/lib/python3.8/site-packages/airflow/example_dags/example_sensor_decorator.py
[2024-01-23T22:21:38.289+0000] {logging_mixin.py:188} INFO - [2024-01-23T22:21:38.288+0000] {dag.py:3036} INFO - Sync 1 DAGs
[2024-01-23T22:21:38.296+0000] {logging_mixin.py:188} INFO - [2024-01-23T22:21:38.296+0000] {dag.py:3823} INFO - Setting next_dagrun for example_sensor_decorator to None, run_after=None
[2024-01-23T22:21:38.307+0000] {processor.py:183} INFO - Processing /home/airflow/.local/lib/python3.8/site-packages/airflow/example_dags/example_sensor_decorator.py took 0.047 seconds
[2024-01-23T22:22:09.145+0000] {processor.py:161} INFO - Started process (PID=263) to work on /home/airflow/.local/lib/python3.8/site-packages/airflow/example_dags/example_sensor_decorator.py
[2024-01-23T22:22:09.146+0000] {processor.py:830} INFO - Processing file /home/airflow/.local/lib/python3.8/site-packages/airflow/example_dags/example_sensor_decorator.py for tasks to queue
[2024-01-23T22:22:09.147+0000] {logging_mixin.py:188} INFO - [2024-01-23T22:22:09.147+0000] {dagbag.py:538} INFO - Filling up the DagBag from /home/airflow/.local/lib/python3.8/site-packages/airflow/example_dags/example_sensor_decorator.py
[2024-01-23T22:22:09.150+0000] {processor.py:840} INFO - DAG(s) 'example_sensor_decorator' retrieved from /home/airflow/.local/lib/python3.8/site-packages/airflow/example_dags/example_sensor_decorator.py
[2024-01-23T22:22:09.161+0000] {logging_mixin.py:188} INFO - [2024-01-23T22:22:09.161+0000] {dag.py:3036} INFO - Sync 1 DAGs
[2024-01-23T22:22:09.168+0000] {logging_mixin.py:188} INFO - [2024-01-23T22:22:09.168+0000] {dag.py:3823} INFO - Setting next_dagrun for example_sensor_decorator to None, run_after=None
[2024-01-23T22:22:09.179+0000] {processor.py:183} INFO - Processing /home/airflow/.local/lib/python3.8/site-packages/airflow/example_dags/example_sensor_decorator.py took 0.036 seconds
[2024-01-23T22:22:39.391+0000] {processor.py:161} INFO - Started process (PID=318) to work on /home/airflow/.local/lib/python3.8/site-packages/airflow/example_dags/example_sensor_decorator.py
[2024-01-23T22:22:39.395+0000] {processor.py:830} INFO - Processing file /home/airflow/.local/lib/python3.8/site-packages/airflow/example_dags/example_sensor_decorator.py for tasks to queue
[2024-01-23T22:22:39.396+0000] {logging_mixin.py:188} INFO - [2024-01-23T22:22:39.396+0000] {dagbag.py:538} INFO - Filling up the DagBag from /home/airflow/.local/lib/python3.8/site-packages/airflow/example_dags/example_sensor_decorator.py
[2024-01-23T22:22:39.400+0000] {processor.py:840} INFO - DAG(s) 'example_sensor_decorator' retrieved from /home/airflow/.local/lib/python3.8/site-packages/airflow/example_dags/example_sensor_decorator.py
[2024-01-23T22:22:39.412+0000] {logging_mixin.py:188} INFO - [2024-01-23T22:22:39.412+0000] {dag.py:3036} INFO - Sync 1 DAGs
[2024-01-23T22:22:39.419+0000] {logging_mixin.py:188} INFO - [2024-01-23T22:22:39.419+0000] {dag.py:3823} INFO - Setting next_dagrun for example_sensor_decorator to None, run_after=None
[2024-01-23T22:22:39.430+0000] {processor.py:183} INFO - Processing /home/airflow/.local/lib/python3.8/site-packages/airflow/example_dags/example_sensor_decorator.py took 0.041 seconds
[2024-01-23T22:23:10.140+0000] {processor.py:161} INFO - Started process (PID=373) to work on /home/airflow/.local/lib/python3.8/site-packages/airflow/example_dags/example_sensor_decorator.py
[2024-01-23T22:23:10.143+0000] {processor.py:830} INFO - Processing file /home/airflow/.local/lib/python3.8/site-packages/airflow/example_dags/example_sensor_decorator.py for tasks to queue
[2024-01-23T22:23:10.144+0000] {logging_mixin.py:188} INFO - [2024-01-23T22:23:10.144+0000] {dagbag.py:538} INFO - Filling up the DagBag from /home/airflow/.local/lib/python3.8/site-packages/airflow/example_dags/example_sensor_decorator.py
[2024-01-23T22:23:10.148+0000] {processor.py:840} INFO - DAG(s) 'example_sensor_decorator' retrieved from /home/airflow/.local/lib/python3.8/site-packages/airflow/example_dags/example_sensor_decorator.py
[2024-01-23T22:23:10.162+0000] {logging_mixin.py:188} INFO - [2024-01-23T22:23:10.162+0000] {dag.py:3036} INFO - Sync 1 DAGs
[2024-01-23T22:23:10.173+0000] {logging_mixin.py:188} INFO - [2024-01-23T22:23:10.173+0000] {dag.py:3823} INFO - Setting next_dagrun for example_sensor_decorator to None, run_after=None
[2024-01-23T22:23:10.190+0000] {processor.py:183} INFO - Processing /home/airflow/.local/lib/python3.8/site-packages/airflow/example_dags/example_sensor_decorator.py took 0.052 seconds
[2024-01-23T22:23:40.295+0000] {processor.py:161} INFO - Started process (PID=428) to work on /home/airflow/.local/lib/python3.8/site-packages/airflow/example_dags/example_sensor_decorator.py
[2024-01-23T22:23:40.298+0000] {processor.py:830} INFO - Processing file /home/airflow/.local/lib/python3.8/site-packages/airflow/example_dags/example_sensor_decorator.py for tasks to queue
[2024-01-23T22:23:40.300+0000] {logging_mixin.py:188} INFO - [2024-01-23T22:23:40.299+0000] {dagbag.py:538} INFO - Filling up the DagBag from /home/airflow/.local/lib/python3.8/site-packages/airflow/example_dags/example_sensor_decorator.py
[2024-01-23T22:23:40.303+0000] {processor.py:840} INFO - DAG(s) 'example_sensor_decorator' retrieved from /home/airflow/.local/lib/python3.8/site-packages/airflow/example_dags/example_sensor_decorator.py
[2024-01-23T22:23:40.316+0000] {logging_mixin.py:188} INFO - [2024-01-23T22:23:40.316+0000] {dag.py:3036} INFO - Sync 1 DAGs
[2024-01-23T22:23:40.323+0000] {logging_mixin.py:188} INFO - [2024-01-23T22:23:40.323+0000] {dag.py:3823} INFO - Setting next_dagrun for example_sensor_decorator to None, run_after=None
[2024-01-23T22:23:40.333+0000] {processor.py:183} INFO - Processing /home/airflow/.local/lib/python3.8/site-packages/airflow/example_dags/example_sensor_decorator.py took 0.040 seconds
[2024-01-23T22:24:10.524+0000] {processor.py:161} INFO - Started process (PID=483) to work on /home/airflow/.local/lib/python3.8/site-packages/airflow/example_dags/example_sensor_decorator.py
[2024-01-23T22:24:10.525+0000] {processor.py:830} INFO - Processing file /home/airflow/.local/lib/python3.8/site-packages/airflow/example_dags/example_sensor_decorator.py for tasks to queue
[2024-01-23T22:24:10.526+0000] {logging_mixin.py:188} INFO - [2024-01-23T22:24:10.525+0000] {dagbag.py:538} INFO - Filling up the DagBag from /home/airflow/.local/lib/python3.8/site-packages/airflow/example_dags/example_sensor_decorator.py
[2024-01-23T22:24:10.529+0000] {processor.py:840} INFO - DAG(s) 'example_sensor_decorator' retrieved from /home/airflow/.local/lib/python3.8/site-packages/airflow/example_dags/example_sensor_decorator.py
[2024-01-23T22:24:10.544+0000] {logging_mixin.py:188} INFO - [2024-01-23T22:24:10.543+0000] {dag.py:3036} INFO - Sync 1 DAGs
[2024-01-23T22:24:10.552+0000] {logging_mixin.py:188} INFO - [2024-01-23T22:24:10.552+0000] {dag.py:3823} INFO - Setting next_dagrun for example_sensor_decorator to None, run_after=None
[2024-01-23T22:24:10.567+0000] {processor.py:183} INFO - Processing /home/airflow/.local/lib/python3.8/site-packages/airflow/example_dags/example_sensor_decorator.py took 0.045 seconds
[2024-01-23T22:24:40.932+0000] {processor.py:161} INFO - Started process (PID=538) to work on /home/airflow/.local/lib/python3.8/site-packages/airflow/example_dags/example_sensor_decorator.py
[2024-01-23T22:24:40.934+0000] {processor.py:830} INFO - Processing file /home/airflow/.local/lib/python3.8/site-packages/airflow/example_dags/example_sensor_decorator.py for tasks to queue
[2024-01-23T22:24:40.935+0000] {logging_mixin.py:188} INFO - [2024-01-23T22:24:40.935+0000] {dagbag.py:538} INFO - Filling up the DagBag from /home/airflow/.local/lib/python3.8/site-packages/airflow/example_dags/example_sensor_decorator.py
[2024-01-23T22:24:40.940+0000] {processor.py:840} INFO - DAG(s) 'example_sensor_decorator' retrieved from /home/airflow/.local/lib/python3.8/site-packages/airflow/example_dags/example_sensor_decorator.py
[2024-01-23T22:24:40.955+0000] {logging_mixin.py:188} INFO - [2024-01-23T22:24:40.955+0000] {dag.py:3036} INFO - Sync 1 DAGs
[2024-01-23T22:24:40.966+0000] {logging_mixin.py:188} INFO - [2024-01-23T22:24:40.966+0000] {dag.py:3823} INFO - Setting next_dagrun for example_sensor_decorator to None, run_after=None
[2024-01-23T22:24:40.982+0000] {processor.py:183} INFO - Processing /home/airflow/.local/lib/python3.8/site-packages/airflow/example_dags/example_sensor_decorator.py took 0.053 seconds
[2024-01-23T22:25:11.361+0000] {processor.py:161} INFO - Started process (PID=595) to work on /home/airflow/.local/lib/python3.8/site-packages/airflow/example_dags/example_sensor_decorator.py
[2024-01-23T22:25:11.363+0000] {processor.py:830} INFO - Processing file /home/airflow/.local/lib/python3.8/site-packages/airflow/example_dags/example_sensor_decorator.py for tasks to queue
[2024-01-23T22:25:11.364+0000] {logging_mixin.py:188} INFO - [2024-01-23T22:25:11.364+0000] {dagbag.py:538} INFO - Filling up the DagBag from /home/airflow/.local/lib/python3.8/site-packages/airflow/example_dags/example_sensor_decorator.py
[2024-01-23T22:25:11.368+0000] {processor.py:840} INFO - DAG(s) 'example_sensor_decorator' retrieved from /home/airflow/.local/lib/python3.8/site-packages/airflow/example_dags/example_sensor_decorator.py
[2024-01-23T22:25:11.385+0000] {logging_mixin.py:188} INFO - [2024-01-23T22:25:11.385+0000] {dag.py:3036} INFO - Sync 1 DAGs
[2024-01-23T22:25:11.397+0000] {logging_mixin.py:188} INFO - [2024-01-23T22:25:11.396+0000] {dag.py:3823} INFO - Setting next_dagrun for example_sensor_decorator to None, run_after=None
[2024-01-23T22:25:11.411+0000] {processor.py:183} INFO - Processing /home/airflow/.local/lib/python3.8/site-packages/airflow/example_dags/example_sensor_decorator.py took 0.052 seconds
[2024-01-23T22:25:41.425+0000] {processor.py:161} INFO - Started process (PID=651) to work on /home/airflow/.local/lib/python3.8/site-packages/airflow/example_dags/example_sensor_decorator.py
[2024-01-23T22:25:41.426+0000] {processor.py:830} INFO - Processing file /home/airflow/.local/lib/python3.8/site-packages/airflow/example_dags/example_sensor_decorator.py for tasks to queue
[2024-01-23T22:25:41.427+0000] {logging_mixin.py:188} INFO - [2024-01-23T22:25:41.427+0000] {dagbag.py:538} INFO - Filling up the DagBag from /home/airflow/.local/lib/python3.8/site-packages/airflow/example_dags/example_sensor_decorator.py
[2024-01-23T22:25:41.431+0000] {processor.py:840} INFO - DAG(s) 'example_sensor_decorator' retrieved from /home/airflow/.local/lib/python3.8/site-packages/airflow/example_dags/example_sensor_decorator.py
[2024-01-23T22:25:41.444+0000] {logging_mixin.py:188} INFO - [2024-01-23T22:25:41.444+0000] {dag.py:3036} INFO - Sync 1 DAGs
[2024-01-23T22:25:41.452+0000] {logging_mixin.py:188} INFO - [2024-01-23T22:25:41.452+0000] {dag.py:3823} INFO - Setting next_dagrun for example_sensor_decorator to None, run_after=None
[2024-01-23T22:25:41.465+0000] {processor.py:183} INFO - Processing /home/airflow/.local/lib/python3.8/site-packages/airflow/example_dags/example_sensor_decorator.py took 0.042 seconds
[2024-01-23T22:26:11.621+0000] {processor.py:161} INFO - Started process (PID=708) to work on /home/airflow/.local/lib/python3.8/site-packages/airflow/example_dags/example_sensor_decorator.py
[2024-01-23T22:26:11.621+0000] {processor.py:830} INFO - Processing file /home/airflow/.local/lib/python3.8/site-packages/airflow/example_dags/example_sensor_decorator.py for tasks to queue
[2024-01-23T22:26:11.622+0000] {logging_mixin.py:188} INFO - [2024-01-23T22:26:11.622+0000] {dagbag.py:538} INFO - Filling up the DagBag from /home/airflow/.local/lib/python3.8/site-packages/airflow/example_dags/example_sensor_decorator.py
[2024-01-23T22:26:11.626+0000] {processor.py:840} INFO - DAG(s) 'example_sensor_decorator' retrieved from /home/airflow/.local/lib/python3.8/site-packages/airflow/example_dags/example_sensor_decorator.py
[2024-01-23T22:26:11.637+0000] {logging_mixin.py:188} INFO - [2024-01-23T22:26:11.637+0000] {dag.py:3036} INFO - Sync 1 DAGs
[2024-01-23T22:26:11.644+0000] {logging_mixin.py:188} INFO - [2024-01-23T22:26:11.644+0000] {dag.py:3823} INFO - Setting next_dagrun for example_sensor_decorator to None, run_after=None
[2024-01-23T22:26:11.658+0000] {processor.py:183} INFO - Processing /home/airflow/.local/lib/python3.8/site-packages/airflow/example_dags/example_sensor_decorator.py took 0.039 seconds
[2024-01-23T22:26:41.829+0000] {processor.py:161} INFO - Started process (PID=765) to work on /home/airflow/.local/lib/python3.8/site-packages/airflow/example_dags/example_sensor_decorator.py
[2024-01-23T22:26:41.831+0000] {processor.py:830} INFO - Processing file /home/airflow/.local/lib/python3.8/site-packages/airflow/example_dags/example_sensor_decorator.py for tasks to queue
[2024-01-23T22:26:41.833+0000] {logging_mixin.py:188} INFO - [2024-01-23T22:26:41.832+0000] {dagbag.py:538} INFO - Filling up the DagBag from /home/airflow/.local/lib/python3.8/site-packages/airflow/example_dags/example_sensor_decorator.py
[2024-01-23T22:26:41.838+0000] {processor.py:840} INFO - DAG(s) 'example_sensor_decorator' retrieved from /home/airflow/.local/lib/python3.8/site-packages/airflow/example_dags/example_sensor_decorator.py
[2024-01-23T22:26:41.856+0000] {logging_mixin.py:188} INFO - [2024-01-23T22:26:41.856+0000] {dag.py:3036} INFO - Sync 1 DAGs
[2024-01-23T22:26:41.869+0000] {logging_mixin.py:188} INFO - [2024-01-23T22:26:41.869+0000] {dag.py:3823} INFO - Setting next_dagrun for example_sensor_decorator to None, run_after=None
[2024-01-23T22:26:41.892+0000] {processor.py:183} INFO - Processing /home/airflow/.local/lib/python3.8/site-packages/airflow/example_dags/example_sensor_decorator.py took 0.066 seconds
[2024-01-23T22:27:12.472+0000] {processor.py:161} INFO - Started process (PID=822) to work on /home/airflow/.local/lib/python3.8/site-packages/airflow/example_dags/example_sensor_decorator.py
[2024-01-23T22:27:12.473+0000] {processor.py:830} INFO - Processing file /home/airflow/.local/lib/python3.8/site-packages/airflow/example_dags/example_sensor_decorator.py for tasks to queue
[2024-01-23T22:27:12.474+0000] {logging_mixin.py:188} INFO - [2024-01-23T22:27:12.474+0000] {dagbag.py:538} INFO - Filling up the DagBag from /home/airflow/.local/lib/python3.8/site-packages/airflow/example_dags/example_sensor_decorator.py
[2024-01-23T22:27:12.478+0000] {processor.py:840} INFO - DAG(s) 'example_sensor_decorator' retrieved from /home/airflow/.local/lib/python3.8/site-packages/airflow/example_dags/example_sensor_decorator.py
[2024-01-23T22:27:12.492+0000] {logging_mixin.py:188} INFO - [2024-01-23T22:27:12.492+0000] {dag.py:3036} INFO - Sync 1 DAGs
[2024-01-23T22:27:12.500+0000] {logging_mixin.py:188} INFO - [2024-01-23T22:27:12.499+0000] {dag.py:3823} INFO - Setting next_dagrun for example_sensor_decorator to None, run_after=None
[2024-01-23T22:27:12.513+0000] {processor.py:183} INFO - Processing /home/airflow/.local/lib/python3.8/site-packages/airflow/example_dags/example_sensor_decorator.py took 0.042 seconds
[2024-01-23T22:27:43.373+0000] {processor.py:161} INFO - Started process (PID=880) to work on /home/airflow/.local/lib/python3.8/site-packages/airflow/example_dags/example_sensor_decorator.py
[2024-01-23T22:27:43.374+0000] {processor.py:830} INFO - Processing file /home/airflow/.local/lib/python3.8/site-packages/airflow/example_dags/example_sensor_decorator.py for tasks to queue
[2024-01-23T22:27:43.375+0000] {logging_mixin.py:188} INFO - [2024-01-23T22:27:43.374+0000] {dagbag.py:538} INFO - Filling up the DagBag from /home/airflow/.local/lib/python3.8/site-packages/airflow/example_dags/example_sensor_decorator.py
[2024-01-23T22:27:43.378+0000] {processor.py:840} INFO - DAG(s) 'example_sensor_decorator' retrieved from /home/airflow/.local/lib/python3.8/site-packages/airflow/example_dags/example_sensor_decorator.py
[2024-01-23T22:27:43.391+0000] {logging_mixin.py:188} INFO - [2024-01-23T22:27:43.391+0000] {dag.py:3036} INFO - Sync 1 DAGs
[2024-01-23T22:27:43.400+0000] {logging_mixin.py:188} INFO - [2024-01-23T22:27:43.400+0000] {dag.py:3823} INFO - Setting next_dagrun for example_sensor_decorator to None, run_after=None
[2024-01-23T22:27:43.411+0000] {processor.py:183} INFO - Processing /home/airflow/.local/lib/python3.8/site-packages/airflow/example_dags/example_sensor_decorator.py took 0.041 seconds
[2024-01-23T22:28:13.644+0000] {processor.py:161} INFO - Started process (PID=937) to work on /home/airflow/.local/lib/python3.8/site-packages/airflow/example_dags/example_sensor_decorator.py
[2024-01-23T22:28:13.644+0000] {processor.py:830} INFO - Processing file /home/airflow/.local/lib/python3.8/site-packages/airflow/example_dags/example_sensor_decorator.py for tasks to queue
[2024-01-23T22:28:13.645+0000] {logging_mixin.py:188} INFO - [2024-01-23T22:28:13.645+0000] {dagbag.py:538} INFO - Filling up the DagBag from /home/airflow/.local/lib/python3.8/site-packages/airflow/example_dags/example_sensor_decorator.py
[2024-01-23T22:28:13.649+0000] {processor.py:840} INFO - DAG(s) 'example_sensor_decorator' retrieved from /home/airflow/.local/lib/python3.8/site-packages/airflow/example_dags/example_sensor_decorator.py
[2024-01-23T22:28:13.663+0000] {logging_mixin.py:188} INFO - [2024-01-23T22:28:13.663+0000] {dag.py:3036} INFO - Sync 1 DAGs
[2024-01-23T22:28:13.671+0000] {logging_mixin.py:188} INFO - [2024-01-23T22:28:13.670+0000] {dag.py:3823} INFO - Setting next_dagrun for example_sensor_decorator to None, run_after=None
[2024-01-23T22:28:13.683+0000] {processor.py:183} INFO - Processing /home/airflow/.local/lib/python3.8/site-packages/airflow/example_dags/example_sensor_decorator.py took 0.041 seconds
[2024-01-23T22:28:43.777+0000] {processor.py:161} INFO - Started process (PID=994) to work on /home/airflow/.local/lib/python3.8/site-packages/airflow/example_dags/example_sensor_decorator.py
[2024-01-23T22:28:43.778+0000] {processor.py:830} INFO - Processing file /home/airflow/.local/lib/python3.8/site-packages/airflow/example_dags/example_sensor_decorator.py for tasks to queue
[2024-01-23T22:28:43.779+0000] {logging_mixin.py:188} INFO - [2024-01-23T22:28:43.779+0000] {dagbag.py:538} INFO - Filling up the DagBag from /home/airflow/.local/lib/python3.8/site-packages/airflow/example_dags/example_sensor_decorator.py
[2024-01-23T22:28:43.782+0000] {processor.py:840} INFO - DAG(s) 'example_sensor_decorator' retrieved from /home/airflow/.local/lib/python3.8/site-packages/airflow/example_dags/example_sensor_decorator.py
[2024-01-23T22:28:43.794+0000] {logging_mixin.py:188} INFO - [2024-01-23T22:28:43.794+0000] {dag.py:3036} INFO - Sync 1 DAGs
[2024-01-23T22:28:43.801+0000] {logging_mixin.py:188} INFO - [2024-01-23T22:28:43.801+0000] {dag.py:3823} INFO - Setting next_dagrun for example_sensor_decorator to None, run_after=None
[2024-01-23T22:28:43.810+0000] {processor.py:183} INFO - Processing /home/airflow/.local/lib/python3.8/site-packages/airflow/example_dags/example_sensor_decorator.py took 0.035 seconds
[2024-01-23T22:29:13.915+0000] {processor.py:161} INFO - Started process (PID=1051) to work on /home/airflow/.local/lib/python3.8/site-packages/airflow/example_dags/example_sensor_decorator.py
[2024-01-23T22:29:13.916+0000] {processor.py:830} INFO - Processing file /home/airflow/.local/lib/python3.8/site-packages/airflow/example_dags/example_sensor_decorator.py for tasks to queue
[2024-01-23T22:29:13.917+0000] {logging_mixin.py:188} INFO - [2024-01-23T22:29:13.917+0000] {dagbag.py:538} INFO - Filling up the DagBag from /home/airflow/.local/lib/python3.8/site-packages/airflow/example_dags/example_sensor_decorator.py
[2024-01-23T22:29:13.920+0000] {processor.py:840} INFO - DAG(s) 'example_sensor_decorator' retrieved from /home/airflow/.local/lib/python3.8/site-packages/airflow/example_dags/example_sensor_decorator.py
[2024-01-23T22:29:13.934+0000] {logging_mixin.py:188} INFO - [2024-01-23T22:29:13.934+0000] {dag.py:3036} INFO - Sync 1 DAGs
[2024-01-23T22:29:13.941+0000] {logging_mixin.py:188} INFO - [2024-01-23T22:29:13.941+0000] {dag.py:3823} INFO - Setting next_dagrun for example_sensor_decorator to None, run_after=None
[2024-01-23T22:29:13.952+0000] {processor.py:183} INFO - Processing /home/airflow/.local/lib/python3.8/site-packages/airflow/example_dags/example_sensor_decorator.py took 0.039 seconds
[2024-01-23T22:29:44.229+0000] {processor.py:161} INFO - Started process (PID=1108) to work on /home/airflow/.local/lib/python3.8/site-packages/airflow/example_dags/example_sensor_decorator.py
[2024-01-23T22:29:44.229+0000] {processor.py:830} INFO - Processing file /home/airflow/.local/lib/python3.8/site-packages/airflow/example_dags/example_sensor_decorator.py for tasks to queue
[2024-01-23T22:29:44.231+0000] {logging_mixin.py:188} INFO - [2024-01-23T22:29:44.230+0000] {dagbag.py:538} INFO - Filling up the DagBag from /home/airflow/.local/lib/python3.8/site-packages/airflow/example_dags/example_sensor_decorator.py
[2024-01-23T22:29:44.235+0000] {processor.py:840} INFO - DAG(s) 'example_sensor_decorator' retrieved from /home/airflow/.local/lib/python3.8/site-packages/airflow/example_dags/example_sensor_decorator.py
[2024-01-23T22:29:44.248+0000] {logging_mixin.py:188} INFO - [2024-01-23T22:29:44.248+0000] {dag.py:3036} INFO - Sync 1 DAGs
[2024-01-23T22:29:44.255+0000] {logging_mixin.py:188} INFO - [2024-01-23T22:29:44.255+0000] {dag.py:3823} INFO - Setting next_dagrun for example_sensor_decorator to None, run_after=None
[2024-01-23T22:29:44.266+0000] {processor.py:183} INFO - Processing /home/airflow/.local/lib/python3.8/site-packages/airflow/example_dags/example_sensor_decorator.py took 0.040 seconds
