[2024-01-23T22:20:06.437+0000] {processor.py:161} INFO - Started process (PID=49) to work on /home/airflow/.local/lib/python3.8/site-packages/airflow/example_dags/example_xcom.py
[2024-01-23T22:20:06.438+0000] {processor.py:830} INFO - Processing file /home/airflow/.local/lib/python3.8/site-packages/airflow/example_dags/example_xcom.py for tasks to queue
[2024-01-23T22:20:06.439+0000] {logging_mixin.py:188} INFO - [2024-01-23T22:20:06.439+0000] {dagbag.py:538} INFO - Filling up the DagBag from /home/airflow/.local/lib/python3.8/site-packages/airflow/example_dags/example_xcom.py
[2024-01-23T22:20:06.448+0000] {processor.py:840} INFO - DAG(s) 'example_xcom' retrieved from /home/airflow/.local/lib/python3.8/site-packages/airflow/example_dags/example_xcom.py
[2024-01-23T22:20:06.544+0000] {logging_mixin.py:188} INFO - [2024-01-23T22:20:06.544+0000] {override.py:1769} INFO - Created Permission View: can delete on DAG:example_xcom
[2024-01-23T22:20:06.553+0000] {logging_mixin.py:188} INFO - [2024-01-23T22:20:06.552+0000] {override.py:1769} INFO - Created Permission View: can edit on DAG:example_xcom
[2024-01-23T22:20:06.559+0000] {logging_mixin.py:188} INFO - [2024-01-23T22:20:06.559+0000] {override.py:1769} INFO - Created Permission View: can read on DAG:example_xcom
[2024-01-23T22:20:06.560+0000] {logging_mixin.py:188} INFO - [2024-01-23T22:20:06.560+0000] {dag.py:3036} INFO - Sync 1 DAGs
[2024-01-23T22:20:06.572+0000] {logging_mixin.py:188} INFO - [2024-01-23T22:20:06.571+0000] {dag.py:3058} INFO - Creating ORM DAG for example_xcom
[2024-01-23T22:20:06.581+0000] {logging_mixin.py:188} INFO - [2024-01-23T22:20:06.581+0000] {dag.py:3823} INFO - Setting next_dagrun for example_xcom to 2021-01-01 00:00:00+00:00, run_after=2021-01-01 00:00:00+00:00
[2024-01-23T22:20:06.592+0000] {processor.py:183} INFO - Processing /home/airflow/.local/lib/python3.8/site-packages/airflow/example_dags/example_xcom.py took 0.157 seconds
[2024-01-23T22:20:37.074+0000] {processor.py:161} INFO - Started process (PID=104) to work on /home/airflow/.local/lib/python3.8/site-packages/airflow/example_dags/example_xcom.py
[2024-01-23T22:20:37.075+0000] {processor.py:830} INFO - Processing file /home/airflow/.local/lib/python3.8/site-packages/airflow/example_dags/example_xcom.py for tasks to queue
[2024-01-23T22:20:37.076+0000] {logging_mixin.py:188} INFO - [2024-01-23T22:20:37.075+0000] {dagbag.py:538} INFO - Filling up the DagBag from /home/airflow/.local/lib/python3.8/site-packages/airflow/example_dags/example_xcom.py
[2024-01-23T22:20:37.080+0000] {processor.py:840} INFO - DAG(s) 'example_xcom' retrieved from /home/airflow/.local/lib/python3.8/site-packages/airflow/example_dags/example_xcom.py
[2024-01-23T22:20:37.092+0000] {logging_mixin.py:188} INFO - [2024-01-23T22:20:37.092+0000] {dag.py:3036} INFO - Sync 1 DAGs
[2024-01-23T22:20:37.105+0000] {logging_mixin.py:188} INFO - [2024-01-23T22:20:37.105+0000] {dag.py:3823} INFO - Setting next_dagrun for example_xcom to 2021-01-01 00:00:00+00:00, run_after=2021-01-01 00:00:00+00:00
[2024-01-23T22:20:37.116+0000] {processor.py:183} INFO - Processing /home/airflow/.local/lib/python3.8/site-packages/airflow/example_dags/example_xcom.py took 0.044 seconds
[2024-01-23T22:21:07.809+0000] {processor.py:161} INFO - Started process (PID=159) to work on /home/airflow/.local/lib/python3.8/site-packages/airflow/example_dags/example_xcom.py
[2024-01-23T22:21:07.810+0000] {processor.py:830} INFO - Processing file /home/airflow/.local/lib/python3.8/site-packages/airflow/example_dags/example_xcom.py for tasks to queue
[2024-01-23T22:21:07.811+0000] {logging_mixin.py:188} INFO - [2024-01-23T22:21:07.810+0000] {dagbag.py:538} INFO - Filling up the DagBag from /home/airflow/.local/lib/python3.8/site-packages/airflow/example_dags/example_xcom.py
[2024-01-23T22:21:07.815+0000] {processor.py:840} INFO - DAG(s) 'example_xcom' retrieved from /home/airflow/.local/lib/python3.8/site-packages/airflow/example_dags/example_xcom.py
[2024-01-23T22:21:07.827+0000] {logging_mixin.py:188} INFO - [2024-01-23T22:21:07.827+0000] {dag.py:3036} INFO - Sync 1 DAGs
[2024-01-23T22:21:07.841+0000] {logging_mixin.py:188} INFO - [2024-01-23T22:21:07.840+0000] {dag.py:3823} INFO - Setting next_dagrun for example_xcom to 2021-01-01 00:00:00+00:00, run_after=2021-01-01 00:00:00+00:00
[2024-01-23T22:21:07.851+0000] {processor.py:183} INFO - Processing /home/airflow/.local/lib/python3.8/site-packages/airflow/example_dags/example_xcom.py took 0.044 seconds
[2024-01-23T22:21:38.459+0000] {processor.py:161} INFO - Started process (PID=214) to work on /home/airflow/.local/lib/python3.8/site-packages/airflow/example_dags/example_xcom.py
[2024-01-23T22:21:38.459+0000] {processor.py:830} INFO - Processing file /home/airflow/.local/lib/python3.8/site-packages/airflow/example_dags/example_xcom.py for tasks to queue
[2024-01-23T22:21:38.460+0000] {logging_mixin.py:188} INFO - [2024-01-23T22:21:38.460+0000] {dagbag.py:538} INFO - Filling up the DagBag from /home/airflow/.local/lib/python3.8/site-packages/airflow/example_dags/example_xcom.py
[2024-01-23T22:21:38.465+0000] {processor.py:840} INFO - DAG(s) 'example_xcom' retrieved from /home/airflow/.local/lib/python3.8/site-packages/airflow/example_dags/example_xcom.py
[2024-01-23T22:21:38.477+0000] {logging_mixin.py:188} INFO - [2024-01-23T22:21:38.477+0000] {dag.py:3036} INFO - Sync 1 DAGs
[2024-01-23T22:21:38.490+0000] {logging_mixin.py:188} INFO - [2024-01-23T22:21:38.490+0000] {dag.py:3823} INFO - Setting next_dagrun for example_xcom to 2021-01-01 00:00:00+00:00, run_after=2021-01-01 00:00:00+00:00
[2024-01-23T22:21:38.501+0000] {processor.py:183} INFO - Processing /home/airflow/.local/lib/python3.8/site-packages/airflow/example_dags/example_xcom.py took 0.044 seconds
[2024-01-23T22:22:09.330+0000] {processor.py:161} INFO - Started process (PID=269) to work on /home/airflow/.local/lib/python3.8/site-packages/airflow/example_dags/example_xcom.py
[2024-01-23T22:22:09.331+0000] {processor.py:830} INFO - Processing file /home/airflow/.local/lib/python3.8/site-packages/airflow/example_dags/example_xcom.py for tasks to queue
[2024-01-23T22:22:09.332+0000] {logging_mixin.py:188} INFO - [2024-01-23T22:22:09.332+0000] {dagbag.py:538} INFO - Filling up the DagBag from /home/airflow/.local/lib/python3.8/site-packages/airflow/example_dags/example_xcom.py
[2024-01-23T22:22:09.336+0000] {processor.py:840} INFO - DAG(s) 'example_xcom' retrieved from /home/airflow/.local/lib/python3.8/site-packages/airflow/example_dags/example_xcom.py
[2024-01-23T22:22:09.349+0000] {logging_mixin.py:188} INFO - [2024-01-23T22:22:09.349+0000] {dag.py:3036} INFO - Sync 1 DAGs
[2024-01-23T22:22:09.362+0000] {logging_mixin.py:188} INFO - [2024-01-23T22:22:09.362+0000] {dag.py:3823} INFO - Setting next_dagrun for example_xcom to 2021-01-01 00:00:00+00:00, run_after=2021-01-01 00:00:00+00:00
[2024-01-23T22:22:09.374+0000] {processor.py:183} INFO - Processing /home/airflow/.local/lib/python3.8/site-packages/airflow/example_dags/example_xcom.py took 0.045 seconds
[2024-01-23T22:22:39.582+0000] {processor.py:161} INFO - Started process (PID=324) to work on /home/airflow/.local/lib/python3.8/site-packages/airflow/example_dags/example_xcom.py
[2024-01-23T22:22:39.582+0000] {processor.py:830} INFO - Processing file /home/airflow/.local/lib/python3.8/site-packages/airflow/example_dags/example_xcom.py for tasks to queue
[2024-01-23T22:22:39.583+0000] {logging_mixin.py:188} INFO - [2024-01-23T22:22:39.583+0000] {dagbag.py:538} INFO - Filling up the DagBag from /home/airflow/.local/lib/python3.8/site-packages/airflow/example_dags/example_xcom.py
[2024-01-23T22:22:39.588+0000] {processor.py:840} INFO - DAG(s) 'example_xcom' retrieved from /home/airflow/.local/lib/python3.8/site-packages/airflow/example_dags/example_xcom.py
[2024-01-23T22:22:39.600+0000] {logging_mixin.py:188} INFO - [2024-01-23T22:22:39.600+0000] {dag.py:3036} INFO - Sync 1 DAGs
[2024-01-23T22:22:39.615+0000] {logging_mixin.py:188} INFO - [2024-01-23T22:22:39.615+0000] {dag.py:3823} INFO - Setting next_dagrun for example_xcom to 2021-01-01 00:00:00+00:00, run_after=2021-01-01 00:00:00+00:00
[2024-01-23T22:22:39.626+0000] {processor.py:183} INFO - Processing /home/airflow/.local/lib/python3.8/site-packages/airflow/example_dags/example_xcom.py took 0.046 seconds
[2024-01-23T22:23:10.423+0000] {processor.py:161} INFO - Started process (PID=379) to work on /home/airflow/.local/lib/python3.8/site-packages/airflow/example_dags/example_xcom.py
[2024-01-23T22:23:10.424+0000] {processor.py:830} INFO - Processing file /home/airflow/.local/lib/python3.8/site-packages/airflow/example_dags/example_xcom.py for tasks to queue
[2024-01-23T22:23:10.425+0000] {logging_mixin.py:188} INFO - [2024-01-23T22:23:10.425+0000] {dagbag.py:538} INFO - Filling up the DagBag from /home/airflow/.local/lib/python3.8/site-packages/airflow/example_dags/example_xcom.py
[2024-01-23T22:23:10.430+0000] {processor.py:840} INFO - DAG(s) 'example_xcom' retrieved from /home/airflow/.local/lib/python3.8/site-packages/airflow/example_dags/example_xcom.py
[2024-01-23T22:23:10.443+0000] {logging_mixin.py:188} INFO - [2024-01-23T22:23:10.443+0000] {dag.py:3036} INFO - Sync 1 DAGs
[2024-01-23T22:23:10.456+0000] {logging_mixin.py:188} INFO - [2024-01-23T22:23:10.456+0000] {dag.py:3823} INFO - Setting next_dagrun for example_xcom to 2021-01-01 00:00:00+00:00, run_after=2021-01-01 00:00:00+00:00
[2024-01-23T22:23:10.468+0000] {processor.py:183} INFO - Processing /home/airflow/.local/lib/python3.8/site-packages/airflow/example_dags/example_xcom.py took 0.047 seconds
[2024-01-23T22:23:40.486+0000] {processor.py:161} INFO - Started process (PID=434) to work on /home/airflow/.local/lib/python3.8/site-packages/airflow/example_dags/example_xcom.py
[2024-01-23T22:23:40.487+0000] {processor.py:830} INFO - Processing file /home/airflow/.local/lib/python3.8/site-packages/airflow/example_dags/example_xcom.py for tasks to queue
[2024-01-23T22:23:40.488+0000] {logging_mixin.py:188} INFO - [2024-01-23T22:23:40.488+0000] {dagbag.py:538} INFO - Filling up the DagBag from /home/airflow/.local/lib/python3.8/site-packages/airflow/example_dags/example_xcom.py
[2024-01-23T22:23:40.492+0000] {processor.py:840} INFO - DAG(s) 'example_xcom' retrieved from /home/airflow/.local/lib/python3.8/site-packages/airflow/example_dags/example_xcom.py
[2024-01-23T22:23:40.505+0000] {logging_mixin.py:188} INFO - [2024-01-23T22:23:40.505+0000] {dag.py:3036} INFO - Sync 1 DAGs
[2024-01-23T22:23:40.518+0000] {logging_mixin.py:188} INFO - [2024-01-23T22:23:40.518+0000] {dag.py:3823} INFO - Setting next_dagrun for example_xcom to 2021-01-01 00:00:00+00:00, run_after=2021-01-01 00:00:00+00:00
[2024-01-23T22:23:40.529+0000] {processor.py:183} INFO - Processing /home/airflow/.local/lib/python3.8/site-packages/airflow/example_dags/example_xcom.py took 0.044 seconds
[2024-01-23T22:24:10.816+0000] {processor.py:161} INFO - Started process (PID=489) to work on /home/airflow/.local/lib/python3.8/site-packages/airflow/example_dags/example_xcom.py
[2024-01-23T22:24:10.816+0000] {processor.py:830} INFO - Processing file /home/airflow/.local/lib/python3.8/site-packages/airflow/example_dags/example_xcom.py for tasks to queue
[2024-01-23T22:24:10.818+0000] {logging_mixin.py:188} INFO - [2024-01-23T22:24:10.817+0000] {dagbag.py:538} INFO - Filling up the DagBag from /home/airflow/.local/lib/python3.8/site-packages/airflow/example_dags/example_xcom.py
[2024-01-23T22:24:10.822+0000] {processor.py:840} INFO - DAG(s) 'example_xcom' retrieved from /home/airflow/.local/lib/python3.8/site-packages/airflow/example_dags/example_xcom.py
[2024-01-23T22:24:10.836+0000] {logging_mixin.py:188} INFO - [2024-01-23T22:24:10.836+0000] {dag.py:3036} INFO - Sync 1 DAGs
[2024-01-23T22:24:10.850+0000] {logging_mixin.py:188} INFO - [2024-01-23T22:24:10.850+0000] {dag.py:3823} INFO - Setting next_dagrun for example_xcom to 2021-01-01 00:00:00+00:00, run_after=2021-01-01 00:00:00+00:00
[2024-01-23T22:24:10.861+0000] {processor.py:183} INFO - Processing /home/airflow/.local/lib/python3.8/site-packages/airflow/example_dags/example_xcom.py took 0.048 seconds
[2024-01-23T22:24:41.203+0000] {processor.py:161} INFO - Started process (PID=544) to work on /home/airflow/.local/lib/python3.8/site-packages/airflow/example_dags/example_xcom.py
[2024-01-23T22:24:41.203+0000] {processor.py:830} INFO - Processing file /home/airflow/.local/lib/python3.8/site-packages/airflow/example_dags/example_xcom.py for tasks to queue
[2024-01-23T22:24:41.204+0000] {logging_mixin.py:188} INFO - [2024-01-23T22:24:41.204+0000] {dagbag.py:538} INFO - Filling up the DagBag from /home/airflow/.local/lib/python3.8/site-packages/airflow/example_dags/example_xcom.py
[2024-01-23T22:24:41.209+0000] {processor.py:840} INFO - DAG(s) 'example_xcom' retrieved from /home/airflow/.local/lib/python3.8/site-packages/airflow/example_dags/example_xcom.py
[2024-01-23T22:24:41.223+0000] {logging_mixin.py:188} INFO - [2024-01-23T22:24:41.223+0000] {dag.py:3036} INFO - Sync 1 DAGs
[2024-01-23T22:24:41.238+0000] {logging_mixin.py:188} INFO - [2024-01-23T22:24:41.238+0000] {dag.py:3823} INFO - Setting next_dagrun for example_xcom to 2021-01-01 00:00:00+00:00, run_after=2021-01-01 00:00:00+00:00
[2024-01-23T22:24:41.251+0000] {processor.py:183} INFO - Processing /home/airflow/.local/lib/python3.8/site-packages/airflow/example_dags/example_xcom.py took 0.050 seconds
[2024-01-23T22:25:11.581+0000] {processor.py:161} INFO - Started process (PID=601) to work on /home/airflow/.local/lib/python3.8/site-packages/airflow/example_dags/example_xcom.py
[2024-01-23T22:25:11.582+0000] {processor.py:830} INFO - Processing file /home/airflow/.local/lib/python3.8/site-packages/airflow/example_dags/example_xcom.py for tasks to queue
[2024-01-23T22:25:11.583+0000] {logging_mixin.py:188} INFO - [2024-01-23T22:25:11.583+0000] {dagbag.py:538} INFO - Filling up the DagBag from /home/airflow/.local/lib/python3.8/site-packages/airflow/example_dags/example_xcom.py
[2024-01-23T22:25:11.587+0000] {processor.py:840} INFO - DAG(s) 'example_xcom' retrieved from /home/airflow/.local/lib/python3.8/site-packages/airflow/example_dags/example_xcom.py
[2024-01-23T22:25:11.601+0000] {logging_mixin.py:188} INFO - [2024-01-23T22:25:11.601+0000] {dag.py:3036} INFO - Sync 1 DAGs
[2024-01-23T22:25:11.614+0000] {logging_mixin.py:188} INFO - [2024-01-23T22:25:11.614+0000] {dag.py:3823} INFO - Setting next_dagrun for example_xcom to 2021-01-01 00:00:00+00:00, run_after=2021-01-01 00:00:00+00:00
[2024-01-23T22:25:11.629+0000] {processor.py:183} INFO - Processing /home/airflow/.local/lib/python3.8/site-packages/airflow/example_dags/example_xcom.py took 0.049 seconds
[2024-01-23T22:25:41.736+0000] {processor.py:161} INFO - Started process (PID=658) to work on /home/airflow/.local/lib/python3.8/site-packages/airflow/example_dags/example_xcom.py
[2024-01-23T22:25:41.737+0000] {processor.py:830} INFO - Processing file /home/airflow/.local/lib/python3.8/site-packages/airflow/example_dags/example_xcom.py for tasks to queue
[2024-01-23T22:25:41.738+0000] {logging_mixin.py:188} INFO - [2024-01-23T22:25:41.737+0000] {dagbag.py:538} INFO - Filling up the DagBag from /home/airflow/.local/lib/python3.8/site-packages/airflow/example_dags/example_xcom.py
[2024-01-23T22:25:41.743+0000] {processor.py:840} INFO - DAG(s) 'example_xcom' retrieved from /home/airflow/.local/lib/python3.8/site-packages/airflow/example_dags/example_xcom.py
[2024-01-23T22:25:41.755+0000] {logging_mixin.py:188} INFO - [2024-01-23T22:25:41.755+0000] {dag.py:3036} INFO - Sync 1 DAGs
[2024-01-23T22:25:41.767+0000] {logging_mixin.py:188} INFO - [2024-01-23T22:25:41.767+0000] {dag.py:3823} INFO - Setting next_dagrun for example_xcom to 2021-01-01 00:00:00+00:00, run_after=2021-01-01 00:00:00+00:00
[2024-01-23T22:25:41.778+0000] {processor.py:183} INFO - Processing /home/airflow/.local/lib/python3.8/site-packages/airflow/example_dags/example_xcom.py took 0.043 seconds
[2024-01-23T22:26:11.828+0000] {processor.py:161} INFO - Started process (PID=715) to work on /home/airflow/.local/lib/python3.8/site-packages/airflow/example_dags/example_xcom.py
[2024-01-23T22:26:11.829+0000] {processor.py:830} INFO - Processing file /home/airflow/.local/lib/python3.8/site-packages/airflow/example_dags/example_xcom.py for tasks to queue
[2024-01-23T22:26:11.830+0000] {logging_mixin.py:188} INFO - [2024-01-23T22:26:11.830+0000] {dagbag.py:538} INFO - Filling up the DagBag from /home/airflow/.local/lib/python3.8/site-packages/airflow/example_dags/example_xcom.py
[2024-01-23T22:26:11.835+0000] {processor.py:840} INFO - DAG(s) 'example_xcom' retrieved from /home/airflow/.local/lib/python3.8/site-packages/airflow/example_dags/example_xcom.py
[2024-01-23T22:26:11.847+0000] {logging_mixin.py:188} INFO - [2024-01-23T22:26:11.847+0000] {dag.py:3036} INFO - Sync 1 DAGs
[2024-01-23T22:26:11.862+0000] {logging_mixin.py:188} INFO - [2024-01-23T22:26:11.861+0000] {dag.py:3823} INFO - Setting next_dagrun for example_xcom to 2021-01-01 00:00:00+00:00, run_after=2021-01-01 00:00:00+00:00
[2024-01-23T22:26:11.872+0000] {processor.py:183} INFO - Processing /home/airflow/.local/lib/python3.8/site-packages/airflow/example_dags/example_xcom.py took 0.046 seconds
[2024-01-23T22:26:42.219+0000] {processor.py:161} INFO - Started process (PID=772) to work on /home/airflow/.local/lib/python3.8/site-packages/airflow/example_dags/example_xcom.py
[2024-01-23T22:26:42.220+0000] {processor.py:830} INFO - Processing file /home/airflow/.local/lib/python3.8/site-packages/airflow/example_dags/example_xcom.py for tasks to queue
[2024-01-23T22:26:42.222+0000] {logging_mixin.py:188} INFO - [2024-01-23T22:26:42.221+0000] {dagbag.py:538} INFO - Filling up the DagBag from /home/airflow/.local/lib/python3.8/site-packages/airflow/example_dags/example_xcom.py
[2024-01-23T22:26:42.226+0000] {processor.py:840} INFO - DAG(s) 'example_xcom' retrieved from /home/airflow/.local/lib/python3.8/site-packages/airflow/example_dags/example_xcom.py
[2024-01-23T22:26:42.241+0000] {logging_mixin.py:188} INFO - [2024-01-23T22:26:42.240+0000] {dag.py:3036} INFO - Sync 1 DAGs
[2024-01-23T22:26:42.258+0000] {logging_mixin.py:188} INFO - [2024-01-23T22:26:42.258+0000] {dag.py:3823} INFO - Setting next_dagrun for example_xcom to 2021-01-01 00:00:00+00:00, run_after=2021-01-01 00:00:00+00:00
[2024-01-23T22:26:42.273+0000] {processor.py:183} INFO - Processing /home/airflow/.local/lib/python3.8/site-packages/airflow/example_dags/example_xcom.py took 0.057 seconds
[2024-01-23T22:27:12.853+0000] {processor.py:161} INFO - Started process (PID=829) to work on /home/airflow/.local/lib/python3.8/site-packages/airflow/example_dags/example_xcom.py
[2024-01-23T22:27:12.853+0000] {processor.py:830} INFO - Processing file /home/airflow/.local/lib/python3.8/site-packages/airflow/example_dags/example_xcom.py for tasks to queue
[2024-01-23T22:27:12.854+0000] {logging_mixin.py:188} INFO - [2024-01-23T22:27:12.854+0000] {dagbag.py:538} INFO - Filling up the DagBag from /home/airflow/.local/lib/python3.8/site-packages/airflow/example_dags/example_xcom.py
[2024-01-23T22:27:12.860+0000] {processor.py:840} INFO - DAG(s) 'example_xcom' retrieved from /home/airflow/.local/lib/python3.8/site-packages/airflow/example_dags/example_xcom.py
[2024-01-23T22:27:12.876+0000] {logging_mixin.py:188} INFO - [2024-01-23T22:27:12.876+0000] {dag.py:3036} INFO - Sync 1 DAGs
[2024-01-23T22:27:12.899+0000] {logging_mixin.py:188} INFO - [2024-01-23T22:27:12.899+0000] {dag.py:3823} INFO - Setting next_dagrun for example_xcom to 2021-01-01 00:00:00+00:00, run_after=2021-01-01 00:00:00+00:00
[2024-01-23T22:27:12.918+0000] {processor.py:183} INFO - Processing /home/airflow/.local/lib/python3.8/site-packages/airflow/example_dags/example_xcom.py took 0.068 seconds
[2024-01-23T22:27:43.561+0000] {processor.py:161} INFO - Started process (PID=886) to work on /home/airflow/.local/lib/python3.8/site-packages/airflow/example_dags/example_xcom.py
[2024-01-23T22:27:43.561+0000] {processor.py:830} INFO - Processing file /home/airflow/.local/lib/python3.8/site-packages/airflow/example_dags/example_xcom.py for tasks to queue
[2024-01-23T22:27:43.562+0000] {logging_mixin.py:188} INFO - [2024-01-23T22:27:43.562+0000] {dagbag.py:538} INFO - Filling up the DagBag from /home/airflow/.local/lib/python3.8/site-packages/airflow/example_dags/example_xcom.py
[2024-01-23T22:27:43.567+0000] {processor.py:840} INFO - DAG(s) 'example_xcom' retrieved from /home/airflow/.local/lib/python3.8/site-packages/airflow/example_dags/example_xcom.py
[2024-01-23T22:27:43.581+0000] {logging_mixin.py:188} INFO - [2024-01-23T22:27:43.581+0000] {dag.py:3036} INFO - Sync 1 DAGs
[2024-01-23T22:27:43.595+0000] {logging_mixin.py:188} INFO - [2024-01-23T22:27:43.595+0000] {dag.py:3823} INFO - Setting next_dagrun for example_xcom to 2021-01-01 00:00:00+00:00, run_after=2021-01-01 00:00:00+00:00
[2024-01-23T22:27:43.605+0000] {processor.py:183} INFO - Processing /home/airflow/.local/lib/python3.8/site-packages/airflow/example_dags/example_xcom.py took 0.046 seconds
[2024-01-23T22:28:13.825+0000] {processor.py:161} INFO - Started process (PID=943) to work on /home/airflow/.local/lib/python3.8/site-packages/airflow/example_dags/example_xcom.py
[2024-01-23T22:28:13.826+0000] {processor.py:830} INFO - Processing file /home/airflow/.local/lib/python3.8/site-packages/airflow/example_dags/example_xcom.py for tasks to queue
[2024-01-23T22:28:13.827+0000] {logging_mixin.py:188} INFO - [2024-01-23T22:28:13.827+0000] {dagbag.py:538} INFO - Filling up the DagBag from /home/airflow/.local/lib/python3.8/site-packages/airflow/example_dags/example_xcom.py
[2024-01-23T22:28:13.832+0000] {processor.py:840} INFO - DAG(s) 'example_xcom' retrieved from /home/airflow/.local/lib/python3.8/site-packages/airflow/example_dags/example_xcom.py
[2024-01-23T22:28:13.845+0000] {logging_mixin.py:188} INFO - [2024-01-23T22:28:13.845+0000] {dag.py:3036} INFO - Sync 1 DAGs
[2024-01-23T22:28:13.859+0000] {logging_mixin.py:188} INFO - [2024-01-23T22:28:13.859+0000] {dag.py:3823} INFO - Setting next_dagrun for example_xcom to 2021-01-01 00:00:00+00:00, run_after=2021-01-01 00:00:00+00:00
[2024-01-23T22:28:13.870+0000] {processor.py:183} INFO - Processing /home/airflow/.local/lib/python3.8/site-packages/airflow/example_dags/example_xcom.py took 0.046 seconds
[2024-01-23T22:28:44.007+0000] {processor.py:161} INFO - Started process (PID=1000) to work on /home/airflow/.local/lib/python3.8/site-packages/airflow/example_dags/example_xcom.py
[2024-01-23T22:28:44.008+0000] {processor.py:830} INFO - Processing file /home/airflow/.local/lib/python3.8/site-packages/airflow/example_dags/example_xcom.py for tasks to queue
[2024-01-23T22:28:44.009+0000] {logging_mixin.py:188} INFO - [2024-01-23T22:28:44.009+0000] {dagbag.py:538} INFO - Filling up the DagBag from /home/airflow/.local/lib/python3.8/site-packages/airflow/example_dags/example_xcom.py
[2024-01-23T22:28:44.013+0000] {processor.py:840} INFO - DAG(s) 'example_xcom' retrieved from /home/airflow/.local/lib/python3.8/site-packages/airflow/example_dags/example_xcom.py
[2024-01-23T22:28:44.026+0000] {logging_mixin.py:188} INFO - [2024-01-23T22:28:44.025+0000] {dag.py:3036} INFO - Sync 1 DAGs
[2024-01-23T22:28:44.038+0000] {logging_mixin.py:188} INFO - [2024-01-23T22:28:44.037+0000] {dag.py:3823} INFO - Setting next_dagrun for example_xcom to 2021-01-01 00:00:00+00:00, run_after=2021-01-01 00:00:00+00:00
[2024-01-23T22:28:44.048+0000] {processor.py:183} INFO - Processing /home/airflow/.local/lib/python3.8/site-packages/airflow/example_dags/example_xcom.py took 0.042 seconds
[2024-01-23T22:29:14.095+0000] {processor.py:161} INFO - Started process (PID=1057) to work on /home/airflow/.local/lib/python3.8/site-packages/airflow/example_dags/example_xcom.py
[2024-01-23T22:29:14.096+0000] {processor.py:830} INFO - Processing file /home/airflow/.local/lib/python3.8/site-packages/airflow/example_dags/example_xcom.py for tasks to queue
[2024-01-23T22:29:14.098+0000] {logging_mixin.py:188} INFO - [2024-01-23T22:29:14.097+0000] {dagbag.py:538} INFO - Filling up the DagBag from /home/airflow/.local/lib/python3.8/site-packages/airflow/example_dags/example_xcom.py
[2024-01-23T22:29:14.104+0000] {processor.py:840} INFO - DAG(s) 'example_xcom' retrieved from /home/airflow/.local/lib/python3.8/site-packages/airflow/example_dags/example_xcom.py
[2024-01-23T22:29:14.117+0000] {logging_mixin.py:188} INFO - [2024-01-23T22:29:14.116+0000] {dag.py:3036} INFO - Sync 1 DAGs
[2024-01-23T22:29:14.130+0000] {logging_mixin.py:188} INFO - [2024-01-23T22:29:14.130+0000] {dag.py:3823} INFO - Setting next_dagrun for example_xcom to 2021-01-01 00:00:00+00:00, run_after=2021-01-01 00:00:00+00:00
[2024-01-23T22:29:14.143+0000] {processor.py:183} INFO - Processing /home/airflow/.local/lib/python3.8/site-packages/airflow/example_dags/example_xcom.py took 0.049 seconds
[2024-01-23T22:29:44.484+0000] {processor.py:161} INFO - Started process (PID=1114) to work on /home/airflow/.local/lib/python3.8/site-packages/airflow/example_dags/example_xcom.py
[2024-01-23T22:29:44.485+0000] {processor.py:830} INFO - Processing file /home/airflow/.local/lib/python3.8/site-packages/airflow/example_dags/example_xcom.py for tasks to queue
[2024-01-23T22:29:44.486+0000] {logging_mixin.py:188} INFO - [2024-01-23T22:29:44.485+0000] {dagbag.py:538} INFO - Filling up the DagBag from /home/airflow/.local/lib/python3.8/site-packages/airflow/example_dags/example_xcom.py
[2024-01-23T22:29:44.491+0000] {processor.py:840} INFO - DAG(s) 'example_xcom' retrieved from /home/airflow/.local/lib/python3.8/site-packages/airflow/example_dags/example_xcom.py
[2024-01-23T22:29:44.503+0000] {logging_mixin.py:188} INFO - [2024-01-23T22:29:44.503+0000] {dag.py:3036} INFO - Sync 1 DAGs
[2024-01-23T22:29:44.516+0000] {logging_mixin.py:188} INFO - [2024-01-23T22:29:44.516+0000] {dag.py:3823} INFO - Setting next_dagrun for example_xcom to 2021-01-01 00:00:00+00:00, run_after=2021-01-01 00:00:00+00:00
[2024-01-23T22:29:44.528+0000] {processor.py:183} INFO - Processing /home/airflow/.local/lib/python3.8/site-packages/airflow/example_dags/example_xcom.py took 0.045 seconds
