[2024-01-23T22:20:05.727+0000] {processor.py:161} INFO - Started process (PID=42) to work on /home/airflow/.local/lib/python3.8/site-packages/airflow/example_dags/example_branch_datetime_operator.py
[2024-01-23T22:20:05.727+0000] {processor.py:830} INFO - Processing file /home/airflow/.local/lib/python3.8/site-packages/airflow/example_dags/example_branch_datetime_operator.py for tasks to queue
[2024-01-23T22:20:05.728+0000] {logging_mixin.py:188} INFO - [2024-01-23T22:20:05.728+0000] {dagbag.py:538} INFO - Filling up the DagBag from /home/airflow/.local/lib/python3.8/site-packages/airflow/example_dags/example_branch_datetime_operator.py
[2024-01-23T22:20:05.737+0000] {processor.py:840} INFO - DAG(s) 'example_branch_datetime_operator_2', 'example_branch_datetime_operator', 'example_branch_datetime_operator_3' retrieved from /home/airflow/.local/lib/python3.8/site-packages/airflow/example_dags/example_branch_datetime_operator.py
[2024-01-23T22:20:05.826+0000] {logging_mixin.py:188} INFO - [2024-01-23T22:20:05.825+0000] {override.py:1769} INFO - Created Permission View: can delete on DAG:example_branch_datetime_operator_2
[2024-01-23T22:20:05.847+0000] {logging_mixin.py:188} INFO - [2024-01-23T22:20:05.846+0000] {override.py:1769} INFO - Created Permission View: can edit on DAG:example_branch_datetime_operator_2
[2024-01-23T22:20:05.862+0000] {logging_mixin.py:188} INFO - [2024-01-23T22:20:05.861+0000] {override.py:1769} INFO - Created Permission View: can read on DAG:example_branch_datetime_operator_2
[2024-01-23T22:20:05.872+0000] {logging_mixin.py:188} INFO - [2024-01-23T22:20:05.872+0000] {override.py:1769} INFO - Created Permission View: can delete on DAG:example_branch_datetime_operator
[2024-01-23T22:20:05.876+0000] {logging_mixin.py:188} INFO - [2024-01-23T22:20:05.876+0000] {override.py:1769} INFO - Created Permission View: can edit on DAG:example_branch_datetime_operator
[2024-01-23T22:20:05.881+0000] {logging_mixin.py:188} INFO - [2024-01-23T22:20:05.881+0000] {override.py:1769} INFO - Created Permission View: can read on DAG:example_branch_datetime_operator
[2024-01-23T22:20:05.892+0000] {logging_mixin.py:188} INFO - [2024-01-23T22:20:05.892+0000] {override.py:1769} INFO - Created Permission View: can delete on DAG:example_branch_datetime_operator_3
[2024-01-23T22:20:05.898+0000] {logging_mixin.py:188} INFO - [2024-01-23T22:20:05.897+0000] {override.py:1769} INFO - Created Permission View: can edit on DAG:example_branch_datetime_operator_3
[2024-01-23T22:20:05.903+0000] {logging_mixin.py:188} INFO - [2024-01-23T22:20:05.903+0000] {override.py:1769} INFO - Created Permission View: can read on DAG:example_branch_datetime_operator_3
[2024-01-23T22:20:05.904+0000] {logging_mixin.py:188} INFO - [2024-01-23T22:20:05.904+0000] {dag.py:3036} INFO - Sync 3 DAGs
[2024-01-23T22:20:05.911+0000] {logging_mixin.py:188} INFO - [2024-01-23T22:20:05.911+0000] {dag.py:3058} INFO - Creating ORM DAG for example_branch_datetime_operator
[2024-01-23T22:20:05.911+0000] {logging_mixin.py:188} INFO - [2024-01-23T22:20:05.911+0000] {dag.py:3058} INFO - Creating ORM DAG for example_branch_datetime_operator_2
[2024-01-23T22:20:05.912+0000] {logging_mixin.py:188} INFO - [2024-01-23T22:20:05.912+0000] {dag.py:3058} INFO - Creating ORM DAG for example_branch_datetime_operator_3
[2024-01-23T22:20:05.920+0000] {logging_mixin.py:188} INFO - [2024-01-23T22:20:05.920+0000] {dag.py:3823} INFO - Setting next_dagrun for example_branch_datetime_operator to 2024-01-22 00:00:00+00:00, run_after=2024-01-23 00:00:00+00:00
[2024-01-23T22:20:05.921+0000] {logging_mixin.py:188} INFO - [2024-01-23T22:20:05.921+0000] {dag.py:3823} INFO - Setting next_dagrun for example_branch_datetime_operator_2 to 2024-01-22 00:00:00+00:00, run_after=2024-01-23 00:00:00+00:00
[2024-01-23T22:20:05.922+0000] {logging_mixin.py:188} INFO - [2024-01-23T22:20:05.922+0000] {dag.py:3823} INFO - Setting next_dagrun for example_branch_datetime_operator_3 to 2024-01-22 00:00:00+00:00, run_after=2024-01-23 00:00:00+00:00
[2024-01-23T22:20:05.934+0000] {processor.py:183} INFO - Processing /home/airflow/.local/lib/python3.8/site-packages/airflow/example_dags/example_branch_datetime_operator.py took 0.210 seconds
[2024-01-23T22:20:36.882+0000] {processor.py:161} INFO - Started process (PID=97) to work on /home/airflow/.local/lib/python3.8/site-packages/airflow/example_dags/example_branch_datetime_operator.py
[2024-01-23T22:20:36.890+0000] {processor.py:830} INFO - Processing file /home/airflow/.local/lib/python3.8/site-packages/airflow/example_dags/example_branch_datetime_operator.py for tasks to queue
[2024-01-23T22:20:36.891+0000] {logging_mixin.py:188} INFO - [2024-01-23T22:20:36.891+0000] {dagbag.py:538} INFO - Filling up the DagBag from /home/airflow/.local/lib/python3.8/site-packages/airflow/example_dags/example_branch_datetime_operator.py
[2024-01-23T22:20:36.897+0000] {processor.py:840} INFO - DAG(s) 'example_branch_datetime_operator_2', 'example_branch_datetime_operator_3', 'example_branch_datetime_operator' retrieved from /home/airflow/.local/lib/python3.8/site-packages/airflow/example_dags/example_branch_datetime_operator.py
[2024-01-23T22:20:36.913+0000] {logging_mixin.py:188} INFO - [2024-01-23T22:20:36.913+0000] {dag.py:3036} INFO - Sync 3 DAGs
[2024-01-23T22:20:36.927+0000] {logging_mixin.py:188} INFO - [2024-01-23T22:20:36.927+0000] {dag.py:3823} INFO - Setting next_dagrun for example_branch_datetime_operator to 2024-01-22 00:00:00+00:00, run_after=2024-01-23 00:00:00+00:00
[2024-01-23T22:20:36.931+0000] {logging_mixin.py:188} INFO - [2024-01-23T22:20:36.931+0000] {dag.py:3823} INFO - Setting next_dagrun for example_branch_datetime_operator_2 to 2024-01-22 00:00:00+00:00, run_after=2024-01-23 00:00:00+00:00
[2024-01-23T22:20:36.933+0000] {logging_mixin.py:188} INFO - [2024-01-23T22:20:36.933+0000] {dag.py:3823} INFO - Setting next_dagrun for example_branch_datetime_operator_3 to 2024-01-22 00:00:00+00:00, run_after=2024-01-23 00:00:00+00:00
[2024-01-23T22:20:36.944+0000] {processor.py:183} INFO - Processing /home/airflow/.local/lib/python3.8/site-packages/airflow/example_dags/example_branch_datetime_operator.py took 0.064 seconds
[2024-01-23T22:21:07.626+0000] {processor.py:161} INFO - Started process (PID=152) to work on /home/airflow/.local/lib/python3.8/site-packages/airflow/example_dags/example_branch_datetime_operator.py
[2024-01-23T22:21:07.627+0000] {processor.py:830} INFO - Processing file /home/airflow/.local/lib/python3.8/site-packages/airflow/example_dags/example_branch_datetime_operator.py for tasks to queue
[2024-01-23T22:21:07.628+0000] {logging_mixin.py:188} INFO - [2024-01-23T22:21:07.628+0000] {dagbag.py:538} INFO - Filling up the DagBag from /home/airflow/.local/lib/python3.8/site-packages/airflow/example_dags/example_branch_datetime_operator.py
[2024-01-23T22:21:07.634+0000] {processor.py:840} INFO - DAG(s) 'example_branch_datetime_operator', 'example_branch_datetime_operator_3', 'example_branch_datetime_operator_2' retrieved from /home/airflow/.local/lib/python3.8/site-packages/airflow/example_dags/example_branch_datetime_operator.py
[2024-01-23T22:21:07.651+0000] {logging_mixin.py:188} INFO - [2024-01-23T22:21:07.651+0000] {dag.py:3036} INFO - Sync 3 DAGs
[2024-01-23T22:21:07.664+0000] {logging_mixin.py:188} INFO - [2024-01-23T22:21:07.664+0000] {dag.py:3823} INFO - Setting next_dagrun for example_branch_datetime_operator to 2024-01-22 00:00:00+00:00, run_after=2024-01-23 00:00:00+00:00
[2024-01-23T22:21:07.668+0000] {logging_mixin.py:188} INFO - [2024-01-23T22:21:07.667+0000] {dag.py:3823} INFO - Setting next_dagrun for example_branch_datetime_operator_2 to 2024-01-22 00:00:00+00:00, run_after=2024-01-23 00:00:00+00:00
[2024-01-23T22:21:07.669+0000] {logging_mixin.py:188} INFO - [2024-01-23T22:21:07.669+0000] {dag.py:3823} INFO - Setting next_dagrun for example_branch_datetime_operator_3 to 2024-01-22 00:00:00+00:00, run_after=2024-01-23 00:00:00+00:00
[2024-01-23T22:21:07.679+0000] {processor.py:183} INFO - Processing /home/airflow/.local/lib/python3.8/site-packages/airflow/example_dags/example_branch_datetime_operator.py took 0.056 seconds
[2024-01-23T22:21:38.257+0000] {processor.py:161} INFO - Started process (PID=207) to work on /home/airflow/.local/lib/python3.8/site-packages/airflow/example_dags/example_branch_datetime_operator.py
[2024-01-23T22:21:38.266+0000] {processor.py:830} INFO - Processing file /home/airflow/.local/lib/python3.8/site-packages/airflow/example_dags/example_branch_datetime_operator.py for tasks to queue
[2024-01-23T22:21:38.268+0000] {logging_mixin.py:188} INFO - [2024-01-23T22:21:38.268+0000] {dagbag.py:538} INFO - Filling up the DagBag from /home/airflow/.local/lib/python3.8/site-packages/airflow/example_dags/example_branch_datetime_operator.py
[2024-01-23T22:21:38.279+0000] {processor.py:840} INFO - DAG(s) 'example_branch_datetime_operator_2', 'example_branch_datetime_operator', 'example_branch_datetime_operator_3' retrieved from /home/airflow/.local/lib/python3.8/site-packages/airflow/example_dags/example_branch_datetime_operator.py
[2024-01-23T22:21:38.296+0000] {logging_mixin.py:188} INFO - [2024-01-23T22:21:38.296+0000] {dag.py:3036} INFO - Sync 3 DAGs
[2024-01-23T22:21:38.309+0000] {logging_mixin.py:188} INFO - [2024-01-23T22:21:38.309+0000] {dag.py:3823} INFO - Setting next_dagrun for example_branch_datetime_operator to 2024-01-22 00:00:00+00:00, run_after=2024-01-23 00:00:00+00:00
[2024-01-23T22:21:38.313+0000] {logging_mixin.py:188} INFO - [2024-01-23T22:21:38.313+0000] {dag.py:3823} INFO - Setting next_dagrun for example_branch_datetime_operator_2 to 2024-01-22 00:00:00+00:00, run_after=2024-01-23 00:00:00+00:00
[2024-01-23T22:21:38.315+0000] {logging_mixin.py:188} INFO - [2024-01-23T22:21:38.315+0000] {dag.py:3823} INFO - Setting next_dagrun for example_branch_datetime_operator_3 to 2024-01-22 00:00:00+00:00, run_after=2024-01-23 00:00:00+00:00
[2024-01-23T22:21:38.326+0000] {processor.py:183} INFO - Processing /home/airflow/.local/lib/python3.8/site-packages/airflow/example_dags/example_branch_datetime_operator.py took 0.071 seconds
[2024-01-23T22:22:09.140+0000] {processor.py:161} INFO - Started process (PID=262) to work on /home/airflow/.local/lib/python3.8/site-packages/airflow/example_dags/example_branch_datetime_operator.py
[2024-01-23T22:22:09.142+0000] {processor.py:830} INFO - Processing file /home/airflow/.local/lib/python3.8/site-packages/airflow/example_dags/example_branch_datetime_operator.py for tasks to queue
[2024-01-23T22:22:09.143+0000] {logging_mixin.py:188} INFO - [2024-01-23T22:22:09.143+0000] {dagbag.py:538} INFO - Filling up the DagBag from /home/airflow/.local/lib/python3.8/site-packages/airflow/example_dags/example_branch_datetime_operator.py
[2024-01-23T22:22:09.149+0000] {processor.py:840} INFO - DAG(s) 'example_branch_datetime_operator_3', 'example_branch_datetime_operator', 'example_branch_datetime_operator_2' retrieved from /home/airflow/.local/lib/python3.8/site-packages/airflow/example_dags/example_branch_datetime_operator.py
[2024-01-23T22:22:09.166+0000] {logging_mixin.py:188} INFO - [2024-01-23T22:22:09.165+0000] {dag.py:3036} INFO - Sync 3 DAGs
[2024-01-23T22:22:09.179+0000] {logging_mixin.py:188} INFO - [2024-01-23T22:22:09.179+0000] {dag.py:3823} INFO - Setting next_dagrun for example_branch_datetime_operator to 2024-01-22 00:00:00+00:00, run_after=2024-01-23 00:00:00+00:00
[2024-01-23T22:22:09.183+0000] {logging_mixin.py:188} INFO - [2024-01-23T22:22:09.182+0000] {dag.py:3823} INFO - Setting next_dagrun for example_branch_datetime_operator_2 to 2024-01-22 00:00:00+00:00, run_after=2024-01-23 00:00:00+00:00
[2024-01-23T22:22:09.185+0000] {logging_mixin.py:188} INFO - [2024-01-23T22:22:09.185+0000] {dag.py:3823} INFO - Setting next_dagrun for example_branch_datetime_operator_3 to 2024-01-22 00:00:00+00:00, run_after=2024-01-23 00:00:00+00:00
[2024-01-23T22:22:09.195+0000] {processor.py:183} INFO - Processing /home/airflow/.local/lib/python3.8/site-packages/airflow/example_dags/example_branch_datetime_operator.py took 0.058 seconds
[2024-01-23T22:22:39.387+0000] {processor.py:161} INFO - Started process (PID=317) to work on /home/airflow/.local/lib/python3.8/site-packages/airflow/example_dags/example_branch_datetime_operator.py
[2024-01-23T22:22:39.395+0000] {processor.py:830} INFO - Processing file /home/airflow/.local/lib/python3.8/site-packages/airflow/example_dags/example_branch_datetime_operator.py for tasks to queue
[2024-01-23T22:22:39.396+0000] {logging_mixin.py:188} INFO - [2024-01-23T22:22:39.396+0000] {dagbag.py:538} INFO - Filling up the DagBag from /home/airflow/.local/lib/python3.8/site-packages/airflow/example_dags/example_branch_datetime_operator.py
[2024-01-23T22:22:39.402+0000] {processor.py:840} INFO - DAG(s) 'example_branch_datetime_operator', 'example_branch_datetime_operator_2', 'example_branch_datetime_operator_3' retrieved from /home/airflow/.local/lib/python3.8/site-packages/airflow/example_dags/example_branch_datetime_operator.py
[2024-01-23T22:22:39.418+0000] {logging_mixin.py:188} INFO - [2024-01-23T22:22:39.418+0000] {dag.py:3036} INFO - Sync 3 DAGs
[2024-01-23T22:22:39.432+0000] {logging_mixin.py:188} INFO - [2024-01-23T22:22:39.432+0000] {dag.py:3823} INFO - Setting next_dagrun for example_branch_datetime_operator to 2024-01-22 00:00:00+00:00, run_after=2024-01-23 00:00:00+00:00
[2024-01-23T22:22:39.436+0000] {logging_mixin.py:188} INFO - [2024-01-23T22:22:39.435+0000] {dag.py:3823} INFO - Setting next_dagrun for example_branch_datetime_operator_2 to 2024-01-22 00:00:00+00:00, run_after=2024-01-23 00:00:00+00:00
[2024-01-23T22:22:39.437+0000] {logging_mixin.py:188} INFO - [2024-01-23T22:22:39.437+0000] {dag.py:3823} INFO - Setting next_dagrun for example_branch_datetime_operator_3 to 2024-01-22 00:00:00+00:00, run_after=2024-01-23 00:00:00+00:00
[2024-01-23T22:22:39.448+0000] {processor.py:183} INFO - Processing /home/airflow/.local/lib/python3.8/site-packages/airflow/example_dags/example_branch_datetime_operator.py took 0.064 seconds
[2024-01-23T22:23:10.135+0000] {processor.py:161} INFO - Started process (PID=372) to work on /home/airflow/.local/lib/python3.8/site-packages/airflow/example_dags/example_branch_datetime_operator.py
[2024-01-23T22:23:10.143+0000] {processor.py:830} INFO - Processing file /home/airflow/.local/lib/python3.8/site-packages/airflow/example_dags/example_branch_datetime_operator.py for tasks to queue
[2024-01-23T22:23:10.144+0000] {logging_mixin.py:188} INFO - [2024-01-23T22:23:10.144+0000] {dagbag.py:538} INFO - Filling up the DagBag from /home/airflow/.local/lib/python3.8/site-packages/airflow/example_dags/example_branch_datetime_operator.py
[2024-01-23T22:23:10.150+0000] {processor.py:840} INFO - DAG(s) 'example_branch_datetime_operator_2', 'example_branch_datetime_operator', 'example_branch_datetime_operator_3' retrieved from /home/airflow/.local/lib/python3.8/site-packages/airflow/example_dags/example_branch_datetime_operator.py
[2024-01-23T22:23:10.169+0000] {logging_mixin.py:188} INFO - [2024-01-23T22:23:10.168+0000] {dag.py:3036} INFO - Sync 3 DAGs
[2024-01-23T22:23:10.184+0000] {logging_mixin.py:188} INFO - [2024-01-23T22:23:10.184+0000] {dag.py:3823} INFO - Setting next_dagrun for example_branch_datetime_operator to 2024-01-22 00:00:00+00:00, run_after=2024-01-23 00:00:00+00:00
[2024-01-23T22:23:10.188+0000] {logging_mixin.py:188} INFO - [2024-01-23T22:23:10.187+0000] {dag.py:3823} INFO - Setting next_dagrun for example_branch_datetime_operator_2 to 2024-01-22 00:00:00+00:00, run_after=2024-01-23 00:00:00+00:00
[2024-01-23T22:23:10.189+0000] {logging_mixin.py:188} INFO - [2024-01-23T22:23:10.189+0000] {dag.py:3823} INFO - Setting next_dagrun for example_branch_datetime_operator_3 to 2024-01-22 00:00:00+00:00, run_after=2024-01-23 00:00:00+00:00
[2024-01-23T22:23:10.201+0000] {processor.py:183} INFO - Processing /home/airflow/.local/lib/python3.8/site-packages/airflow/example_dags/example_branch_datetime_operator.py took 0.068 seconds
[2024-01-23T22:23:40.291+0000] {processor.py:161} INFO - Started process (PID=427) to work on /home/airflow/.local/lib/python3.8/site-packages/airflow/example_dags/example_branch_datetime_operator.py
[2024-01-23T22:23:40.298+0000] {processor.py:830} INFO - Processing file /home/airflow/.local/lib/python3.8/site-packages/airflow/example_dags/example_branch_datetime_operator.py for tasks to queue
[2024-01-23T22:23:40.300+0000] {logging_mixin.py:188} INFO - [2024-01-23T22:23:40.299+0000] {dagbag.py:538} INFO - Filling up the DagBag from /home/airflow/.local/lib/python3.8/site-packages/airflow/example_dags/example_branch_datetime_operator.py
[2024-01-23T22:23:40.306+0000] {processor.py:840} INFO - DAG(s) 'example_branch_datetime_operator_2', 'example_branch_datetime_operator_3', 'example_branch_datetime_operator' retrieved from /home/airflow/.local/lib/python3.8/site-packages/airflow/example_dags/example_branch_datetime_operator.py
[2024-01-23T22:23:40.322+0000] {logging_mixin.py:188} INFO - [2024-01-23T22:23:40.322+0000] {dag.py:3036} INFO - Sync 3 DAGs
[2024-01-23T22:23:40.337+0000] {logging_mixin.py:188} INFO - [2024-01-23T22:23:40.336+0000] {dag.py:3823} INFO - Setting next_dagrun for example_branch_datetime_operator to 2024-01-22 00:00:00+00:00, run_after=2024-01-23 00:00:00+00:00
[2024-01-23T22:23:40.340+0000] {logging_mixin.py:188} INFO - [2024-01-23T22:23:40.340+0000] {dag.py:3823} INFO - Setting next_dagrun for example_branch_datetime_operator_2 to 2024-01-22 00:00:00+00:00, run_after=2024-01-23 00:00:00+00:00
[2024-01-23T22:23:40.342+0000] {logging_mixin.py:188} INFO - [2024-01-23T22:23:40.342+0000] {dag.py:3823} INFO - Setting next_dagrun for example_branch_datetime_operator_3 to 2024-01-22 00:00:00+00:00, run_after=2024-01-23 00:00:00+00:00
[2024-01-23T22:23:40.351+0000] {processor.py:183} INFO - Processing /home/airflow/.local/lib/python3.8/site-packages/airflow/example_dags/example_branch_datetime_operator.py took 0.064 seconds
[2024-01-23T22:24:10.519+0000] {processor.py:161} INFO - Started process (PID=482) to work on /home/airflow/.local/lib/python3.8/site-packages/airflow/example_dags/example_branch_datetime_operator.py
[2024-01-23T22:24:10.521+0000] {processor.py:830} INFO - Processing file /home/airflow/.local/lib/python3.8/site-packages/airflow/example_dags/example_branch_datetime_operator.py for tasks to queue
[2024-01-23T22:24:10.523+0000] {logging_mixin.py:188} INFO - [2024-01-23T22:24:10.522+0000] {dagbag.py:538} INFO - Filling up the DagBag from /home/airflow/.local/lib/python3.8/site-packages/airflow/example_dags/example_branch_datetime_operator.py
[2024-01-23T22:24:10.529+0000] {processor.py:840} INFO - DAG(s) 'example_branch_datetime_operator_3', 'example_branch_datetime_operator_2', 'example_branch_datetime_operator' retrieved from /home/airflow/.local/lib/python3.8/site-packages/airflow/example_dags/example_branch_datetime_operator.py
[2024-01-23T22:24:10.547+0000] {logging_mixin.py:188} INFO - [2024-01-23T22:24:10.547+0000] {dag.py:3036} INFO - Sync 3 DAGs
[2024-01-23T22:24:10.564+0000] {logging_mixin.py:188} INFO - [2024-01-23T22:24:10.563+0000] {dag.py:3823} INFO - Setting next_dagrun for example_branch_datetime_operator to 2024-01-22 00:00:00+00:00, run_after=2024-01-23 00:00:00+00:00
[2024-01-23T22:24:10.569+0000] {logging_mixin.py:188} INFO - [2024-01-23T22:24:10.568+0000] {dag.py:3823} INFO - Setting next_dagrun for example_branch_datetime_operator_2 to 2024-01-22 00:00:00+00:00, run_after=2024-01-23 00:00:00+00:00
[2024-01-23T22:24:10.574+0000] {logging_mixin.py:188} INFO - [2024-01-23T22:24:10.574+0000] {dag.py:3823} INFO - Setting next_dagrun for example_branch_datetime_operator_3 to 2024-01-22 00:00:00+00:00, run_after=2024-01-23 00:00:00+00:00
[2024-01-23T22:24:10.590+0000] {processor.py:183} INFO - Processing /home/airflow/.local/lib/python3.8/site-packages/airflow/example_dags/example_branch_datetime_operator.py took 0.074 seconds
[2024-01-23T22:24:40.926+0000] {processor.py:161} INFO - Started process (PID=537) to work on /home/airflow/.local/lib/python3.8/site-packages/airflow/example_dags/example_branch_datetime_operator.py
[2024-01-23T22:24:40.934+0000] {processor.py:830} INFO - Processing file /home/airflow/.local/lib/python3.8/site-packages/airflow/example_dags/example_branch_datetime_operator.py for tasks to queue
[2024-01-23T22:24:40.935+0000] {logging_mixin.py:188} INFO - [2024-01-23T22:24:40.935+0000] {dagbag.py:538} INFO - Filling up the DagBag from /home/airflow/.local/lib/python3.8/site-packages/airflow/example_dags/example_branch_datetime_operator.py
[2024-01-23T22:24:40.943+0000] {processor.py:840} INFO - DAG(s) 'example_branch_datetime_operator_2', 'example_branch_datetime_operator_3', 'example_branch_datetime_operator' retrieved from /home/airflow/.local/lib/python3.8/site-packages/airflow/example_dags/example_branch_datetime_operator.py
[2024-01-23T22:24:41.034+0000] {logging_mixin.py:188} INFO - [2024-01-23T22:24:41.034+0000] {dag.py:3036} INFO - Sync 3 DAGs
[2024-01-23T22:24:41.043+0000] {logging_mixin.py:188} INFO - [2024-01-23T22:24:41.043+0000] {dag.py:3058} INFO - Creating ORM DAG for example_branch_datetime_operator
[2024-01-23T22:24:41.043+0000] {logging_mixin.py:188} INFO - [2024-01-23T22:24:41.043+0000] {dag.py:3058} INFO - Creating ORM DAG for example_branch_datetime_operator_2
[2024-01-23T22:24:41.043+0000] {logging_mixin.py:188} INFO - [2024-01-23T22:24:41.043+0000] {dag.py:3058} INFO - Creating ORM DAG for example_branch_datetime_operator_3
[2024-01-23T22:24:41.051+0000] {logging_mixin.py:188} INFO - [2024-01-23T22:24:41.051+0000] {dag.py:3823} INFO - Setting next_dagrun for example_branch_datetime_operator to 2024-01-22 00:00:00+00:00, run_after=2024-01-23 00:00:00+00:00
[2024-01-23T22:24:41.052+0000] {logging_mixin.py:188} INFO - [2024-01-23T22:24:41.052+0000] {dag.py:3823} INFO - Setting next_dagrun for example_branch_datetime_operator_2 to 2024-01-22 00:00:00+00:00, run_after=2024-01-23 00:00:00+00:00
[2024-01-23T22:24:41.053+0000] {logging_mixin.py:188} INFO - [2024-01-23T22:24:41.053+0000] {dag.py:3823} INFO - Setting next_dagrun for example_branch_datetime_operator_3 to 2024-01-22 00:00:00+00:00, run_after=2024-01-23 00:00:00+00:00
[2024-01-23T22:24:41.066+0000] {processor.py:183} INFO - Processing /home/airflow/.local/lib/python3.8/site-packages/airflow/example_dags/example_branch_datetime_operator.py took 0.142 seconds
[2024-01-23T22:25:11.356+0000] {processor.py:161} INFO - Started process (PID=594) to work on /home/airflow/.local/lib/python3.8/site-packages/airflow/example_dags/example_branch_datetime_operator.py
[2024-01-23T22:25:11.363+0000] {processor.py:830} INFO - Processing file /home/airflow/.local/lib/python3.8/site-packages/airflow/example_dags/example_branch_datetime_operator.py for tasks to queue
[2024-01-23T22:25:11.364+0000] {logging_mixin.py:188} INFO - [2024-01-23T22:25:11.364+0000] {dagbag.py:538} INFO - Filling up the DagBag from /home/airflow/.local/lib/python3.8/site-packages/airflow/example_dags/example_branch_datetime_operator.py
[2024-01-23T22:25:11.373+0000] {processor.py:840} INFO - DAG(s) 'example_branch_datetime_operator_2', 'example_branch_datetime_operator', 'example_branch_datetime_operator_3' retrieved from /home/airflow/.local/lib/python3.8/site-packages/airflow/example_dags/example_branch_datetime_operator.py
[2024-01-23T22:25:11.390+0000] {logging_mixin.py:188} INFO - [2024-01-23T22:25:11.390+0000] {dag.py:3036} INFO - Sync 3 DAGs
[2024-01-23T22:25:11.405+0000] {logging_mixin.py:188} INFO - [2024-01-23T22:25:11.405+0000] {dag.py:3823} INFO - Setting next_dagrun for example_branch_datetime_operator to 2024-01-22 00:00:00+00:00, run_after=2024-01-23 00:00:00+00:00
[2024-01-23T22:25:11.409+0000] {logging_mixin.py:188} INFO - [2024-01-23T22:25:11.409+0000] {dag.py:3823} INFO - Setting next_dagrun for example_branch_datetime_operator_2 to 2024-01-22 00:00:00+00:00, run_after=2024-01-23 00:00:00+00:00
[2024-01-23T22:25:11.411+0000] {logging_mixin.py:188} INFO - [2024-01-23T22:25:11.410+0000] {dag.py:3823} INFO - Setting next_dagrun for example_branch_datetime_operator_3 to 2024-01-22 00:00:00+00:00, run_after=2024-01-23 00:00:00+00:00
[2024-01-23T22:25:11.423+0000] {processor.py:183} INFO - Processing /home/airflow/.local/lib/python3.8/site-packages/airflow/example_dags/example_branch_datetime_operator.py took 0.069 seconds
[2024-01-23T22:25:41.481+0000] {processor.py:161} INFO - Started process (PID=652) to work on /home/airflow/.local/lib/python3.8/site-packages/airflow/example_dags/example_branch_datetime_operator.py
[2024-01-23T22:25:41.482+0000] {processor.py:830} INFO - Processing file /home/airflow/.local/lib/python3.8/site-packages/airflow/example_dags/example_branch_datetime_operator.py for tasks to queue
[2024-01-23T22:25:41.483+0000] {logging_mixin.py:188} INFO - [2024-01-23T22:25:41.483+0000] {dagbag.py:538} INFO - Filling up the DagBag from /home/airflow/.local/lib/python3.8/site-packages/airflow/example_dags/example_branch_datetime_operator.py
[2024-01-23T22:25:41.490+0000] {processor.py:840} INFO - DAG(s) 'example_branch_datetime_operator_3', 'example_branch_datetime_operator', 'example_branch_datetime_operator_2' retrieved from /home/airflow/.local/lib/python3.8/site-packages/airflow/example_dags/example_branch_datetime_operator.py
[2024-01-23T22:25:41.509+0000] {logging_mixin.py:188} INFO - [2024-01-23T22:25:41.508+0000] {dag.py:3036} INFO - Sync 3 DAGs
[2024-01-23T22:25:41.525+0000] {logging_mixin.py:188} INFO - [2024-01-23T22:25:41.524+0000] {dag.py:3823} INFO - Setting next_dagrun for example_branch_datetime_operator to 2024-01-22 00:00:00+00:00, run_after=2024-01-23 00:00:00+00:00
[2024-01-23T22:25:41.528+0000] {logging_mixin.py:188} INFO - [2024-01-23T22:25:41.528+0000] {dag.py:3823} INFO - Setting next_dagrun for example_branch_datetime_operator_2 to 2024-01-22 00:00:00+00:00, run_after=2024-01-23 00:00:00+00:00
[2024-01-23T22:25:41.530+0000] {logging_mixin.py:188} INFO - [2024-01-23T22:25:41.530+0000] {dag.py:3823} INFO - Setting next_dagrun for example_branch_datetime_operator_3 to 2024-01-22 00:00:00+00:00, run_after=2024-01-23 00:00:00+00:00
[2024-01-23T22:25:41.543+0000] {processor.py:183} INFO - Processing /home/airflow/.local/lib/python3.8/site-packages/airflow/example_dags/example_branch_datetime_operator.py took 0.064 seconds
[2024-01-23T22:26:11.631+0000] {processor.py:161} INFO - Started process (PID=709) to work on /home/airflow/.local/lib/python3.8/site-packages/airflow/example_dags/example_branch_datetime_operator.py
[2024-01-23T22:26:11.631+0000] {processor.py:830} INFO - Processing file /home/airflow/.local/lib/python3.8/site-packages/airflow/example_dags/example_branch_datetime_operator.py for tasks to queue
[2024-01-23T22:26:11.632+0000] {logging_mixin.py:188} INFO - [2024-01-23T22:26:11.632+0000] {dagbag.py:538} INFO - Filling up the DagBag from /home/airflow/.local/lib/python3.8/site-packages/airflow/example_dags/example_branch_datetime_operator.py
[2024-01-23T22:26:11.638+0000] {processor.py:840} INFO - DAG(s) 'example_branch_datetime_operator_3', 'example_branch_datetime_operator_2', 'example_branch_datetime_operator' retrieved from /home/airflow/.local/lib/python3.8/site-packages/airflow/example_dags/example_branch_datetime_operator.py
[2024-01-23T22:26:11.658+0000] {logging_mixin.py:188} INFO - [2024-01-23T22:26:11.657+0000] {dag.py:3036} INFO - Sync 3 DAGs
[2024-01-23T22:26:11.672+0000] {logging_mixin.py:188} INFO - [2024-01-23T22:26:11.672+0000] {dag.py:3823} INFO - Setting next_dagrun for example_branch_datetime_operator to 2024-01-22 00:00:00+00:00, run_after=2024-01-23 00:00:00+00:00
[2024-01-23T22:26:11.675+0000] {logging_mixin.py:188} INFO - [2024-01-23T22:26:11.675+0000] {dag.py:3823} INFO - Setting next_dagrun for example_branch_datetime_operator_2 to 2024-01-22 00:00:00+00:00, run_after=2024-01-23 00:00:00+00:00
[2024-01-23T22:26:11.677+0000] {logging_mixin.py:188} INFO - [2024-01-23T22:26:11.677+0000] {dag.py:3823} INFO - Setting next_dagrun for example_branch_datetime_operator_3 to 2024-01-22 00:00:00+00:00, run_after=2024-01-23 00:00:00+00:00
[2024-01-23T22:26:11.689+0000] {processor.py:183} INFO - Processing /home/airflow/.local/lib/python3.8/site-packages/airflow/example_dags/example_branch_datetime_operator.py took 0.061 seconds
[2024-01-23T22:26:41.889+0000] {processor.py:161} INFO - Started process (PID=766) to work on /home/airflow/.local/lib/python3.8/site-packages/airflow/example_dags/example_branch_datetime_operator.py
[2024-01-23T22:26:41.890+0000] {processor.py:830} INFO - Processing file /home/airflow/.local/lib/python3.8/site-packages/airflow/example_dags/example_branch_datetime_operator.py for tasks to queue
[2024-01-23T22:26:41.892+0000] {logging_mixin.py:188} INFO - [2024-01-23T22:26:41.891+0000] {dagbag.py:538} INFO - Filling up the DagBag from /home/airflow/.local/lib/python3.8/site-packages/airflow/example_dags/example_branch_datetime_operator.py
[2024-01-23T22:26:41.900+0000] {processor.py:840} INFO - DAG(s) 'example_branch_datetime_operator_3', 'example_branch_datetime_operator', 'example_branch_datetime_operator_2' retrieved from /home/airflow/.local/lib/python3.8/site-packages/airflow/example_dags/example_branch_datetime_operator.py
[2024-01-23T22:26:41.996+0000] {logging_mixin.py:188} INFO - [2024-01-23T22:26:41.996+0000] {dag.py:3036} INFO - Sync 3 DAGs
[2024-01-23T22:26:42.007+0000] {logging_mixin.py:188} INFO - [2024-01-23T22:26:42.007+0000] {dag.py:3058} INFO - Creating ORM DAG for example_branch_datetime_operator
[2024-01-23T22:26:42.008+0000] {logging_mixin.py:188} INFO - [2024-01-23T22:26:42.008+0000] {dag.py:3058} INFO - Creating ORM DAG for example_branch_datetime_operator_2
[2024-01-23T22:26:42.009+0000] {logging_mixin.py:188} INFO - [2024-01-23T22:26:42.008+0000] {dag.py:3058} INFO - Creating ORM DAG for example_branch_datetime_operator_3
[2024-01-23T22:26:42.020+0000] {logging_mixin.py:188} INFO - [2024-01-23T22:26:42.019+0000] {dag.py:3823} INFO - Setting next_dagrun for example_branch_datetime_operator to 2024-01-22 00:00:00+00:00, run_after=2024-01-23 00:00:00+00:00
[2024-01-23T22:26:42.022+0000] {logging_mixin.py:188} INFO - [2024-01-23T22:26:42.021+0000] {dag.py:3823} INFO - Setting next_dagrun for example_branch_datetime_operator_2 to 2024-01-22 00:00:00+00:00, run_after=2024-01-23 00:00:00+00:00
[2024-01-23T22:26:42.024+0000] {logging_mixin.py:188} INFO - [2024-01-23T22:26:42.023+0000] {dag.py:3823} INFO - Setting next_dagrun for example_branch_datetime_operator_3 to 2024-01-22 00:00:00+00:00, run_after=2024-01-23 00:00:00+00:00
[2024-01-23T22:26:42.042+0000] {processor.py:183} INFO - Processing /home/airflow/.local/lib/python3.8/site-packages/airflow/example_dags/example_branch_datetime_operator.py took 0.156 seconds
[2024-01-23T22:27:12.530+0000] {processor.py:161} INFO - Started process (PID=824) to work on /home/airflow/.local/lib/python3.8/site-packages/airflow/example_dags/example_branch_datetime_operator.py
[2024-01-23T22:27:12.531+0000] {processor.py:830} INFO - Processing file /home/airflow/.local/lib/python3.8/site-packages/airflow/example_dags/example_branch_datetime_operator.py for tasks to queue
[2024-01-23T22:27:12.532+0000] {logging_mixin.py:188} INFO - [2024-01-23T22:27:12.532+0000] {dagbag.py:538} INFO - Filling up the DagBag from /home/airflow/.local/lib/python3.8/site-packages/airflow/example_dags/example_branch_datetime_operator.py
[2024-01-23T22:27:12.539+0000] {processor.py:840} INFO - DAG(s) 'example_branch_datetime_operator', 'example_branch_datetime_operator_2', 'example_branch_datetime_operator_3' retrieved from /home/airflow/.local/lib/python3.8/site-packages/airflow/example_dags/example_branch_datetime_operator.py
[2024-01-23T22:27:12.640+0000] {logging_mixin.py:188} INFO - [2024-01-23T22:27:12.640+0000] {dag.py:3036} INFO - Sync 3 DAGs
[2024-01-23T22:27:12.647+0000] {logging_mixin.py:188} INFO - [2024-01-23T22:27:12.647+0000] {dag.py:3058} INFO - Creating ORM DAG for example_branch_datetime_operator
[2024-01-23T22:27:12.648+0000] {logging_mixin.py:188} INFO - [2024-01-23T22:27:12.647+0000] {dag.py:3058} INFO - Creating ORM DAG for example_branch_datetime_operator_2
[2024-01-23T22:27:12.648+0000] {logging_mixin.py:188} INFO - [2024-01-23T22:27:12.648+0000] {dag.py:3058} INFO - Creating ORM DAG for example_branch_datetime_operator_3
[2024-01-23T22:27:12.655+0000] {logging_mixin.py:188} INFO - [2024-01-23T22:27:12.655+0000] {dag.py:3823} INFO - Setting next_dagrun for example_branch_datetime_operator to 2024-01-22 00:00:00+00:00, run_after=2024-01-23 00:00:00+00:00
[2024-01-23T22:27:12.656+0000] {logging_mixin.py:188} INFO - [2024-01-23T22:27:12.656+0000] {dag.py:3823} INFO - Setting next_dagrun for example_branch_datetime_operator_2 to 2024-01-22 00:00:00+00:00, run_after=2024-01-23 00:00:00+00:00
[2024-01-23T22:27:12.658+0000] {logging_mixin.py:188} INFO - [2024-01-23T22:27:12.658+0000] {dag.py:3823} INFO - Setting next_dagrun for example_branch_datetime_operator_3 to 2024-01-22 00:00:00+00:00, run_after=2024-01-23 00:00:00+00:00
[2024-01-23T22:27:12.673+0000] {processor.py:183} INFO - Processing /home/airflow/.local/lib/python3.8/site-packages/airflow/example_dags/example_branch_datetime_operator.py took 0.144 seconds
[2024-01-23T22:27:43.333+0000] {processor.py:161} INFO - Started process (PID=879) to work on /home/airflow/.local/lib/python3.8/site-packages/airflow/example_dags/example_branch_datetime_operator.py
[2024-01-23T22:27:43.334+0000] {processor.py:830} INFO - Processing file /home/airflow/.local/lib/python3.8/site-packages/airflow/example_dags/example_branch_datetime_operator.py for tasks to queue
[2024-01-23T22:27:43.335+0000] {logging_mixin.py:188} INFO - [2024-01-23T22:27:43.335+0000] {dagbag.py:538} INFO - Filling up the DagBag from /home/airflow/.local/lib/python3.8/site-packages/airflow/example_dags/example_branch_datetime_operator.py
[2024-01-23T22:27:43.342+0000] {processor.py:840} INFO - DAG(s) 'example_branch_datetime_operator_2', 'example_branch_datetime_operator', 'example_branch_datetime_operator_3' retrieved from /home/airflow/.local/lib/python3.8/site-packages/airflow/example_dags/example_branch_datetime_operator.py
[2024-01-23T22:27:43.359+0000] {logging_mixin.py:188} INFO - [2024-01-23T22:27:43.359+0000] {dag.py:3036} INFO - Sync 3 DAGs
[2024-01-23T22:27:43.374+0000] {logging_mixin.py:188} INFO - [2024-01-23T22:27:43.374+0000] {dag.py:3823} INFO - Setting next_dagrun for example_branch_datetime_operator to 2024-01-22 00:00:00+00:00, run_after=2024-01-23 00:00:00+00:00
[2024-01-23T22:27:43.378+0000] {logging_mixin.py:188} INFO - [2024-01-23T22:27:43.377+0000] {dag.py:3823} INFO - Setting next_dagrun for example_branch_datetime_operator_2 to 2024-01-22 00:00:00+00:00, run_after=2024-01-23 00:00:00+00:00
[2024-01-23T22:27:43.379+0000] {logging_mixin.py:188} INFO - [2024-01-23T22:27:43.379+0000] {dag.py:3823} INFO - Setting next_dagrun for example_branch_datetime_operator_3 to 2024-01-22 00:00:00+00:00, run_after=2024-01-23 00:00:00+00:00
[2024-01-23T22:27:43.391+0000] {processor.py:183} INFO - Processing /home/airflow/.local/lib/python3.8/site-packages/airflow/example_dags/example_branch_datetime_operator.py took 0.060 seconds
[2024-01-23T22:28:13.592+0000] {processor.py:161} INFO - Started process (PID=936) to work on /home/airflow/.local/lib/python3.8/site-packages/airflow/example_dags/example_branch_datetime_operator.py
[2024-01-23T22:28:13.593+0000] {processor.py:830} INFO - Processing file /home/airflow/.local/lib/python3.8/site-packages/airflow/example_dags/example_branch_datetime_operator.py for tasks to queue
[2024-01-23T22:28:13.594+0000] {logging_mixin.py:188} INFO - [2024-01-23T22:28:13.594+0000] {dagbag.py:538} INFO - Filling up the DagBag from /home/airflow/.local/lib/python3.8/site-packages/airflow/example_dags/example_branch_datetime_operator.py
[2024-01-23T22:28:13.600+0000] {processor.py:840} INFO - DAG(s) 'example_branch_datetime_operator', 'example_branch_datetime_operator_3', 'example_branch_datetime_operator_2' retrieved from /home/airflow/.local/lib/python3.8/site-packages/airflow/example_dags/example_branch_datetime_operator.py
[2024-01-23T22:28:13.617+0000] {logging_mixin.py:188} INFO - [2024-01-23T22:28:13.617+0000] {dag.py:3036} INFO - Sync 3 DAGs
[2024-01-23T22:28:13.632+0000] {logging_mixin.py:188} INFO - [2024-01-23T22:28:13.632+0000] {dag.py:3823} INFO - Setting next_dagrun for example_branch_datetime_operator to 2024-01-22 00:00:00+00:00, run_after=2024-01-23 00:00:00+00:00
[2024-01-23T22:28:13.635+0000] {logging_mixin.py:188} INFO - [2024-01-23T22:28:13.635+0000] {dag.py:3823} INFO - Setting next_dagrun for example_branch_datetime_operator_2 to 2024-01-22 00:00:00+00:00, run_after=2024-01-23 00:00:00+00:00
[2024-01-23T22:28:13.637+0000] {logging_mixin.py:188} INFO - [2024-01-23T22:28:13.637+0000] {dag.py:3823} INFO - Setting next_dagrun for example_branch_datetime_operator_3 to 2024-01-22 00:00:00+00:00, run_after=2024-01-23 00:00:00+00:00
[2024-01-23T22:28:13.647+0000] {processor.py:183} INFO - Processing /home/airflow/.local/lib/python3.8/site-packages/airflow/example_dags/example_branch_datetime_operator.py took 0.057 seconds
[2024-01-23T22:28:43.714+0000] {processor.py:161} INFO - Started process (PID=993) to work on /home/airflow/.local/lib/python3.8/site-packages/airflow/example_dags/example_branch_datetime_operator.py
[2024-01-23T22:28:43.715+0000] {processor.py:830} INFO - Processing file /home/airflow/.local/lib/python3.8/site-packages/airflow/example_dags/example_branch_datetime_operator.py for tasks to queue
[2024-01-23T22:28:43.715+0000] {logging_mixin.py:188} INFO - [2024-01-23T22:28:43.715+0000] {dagbag.py:538} INFO - Filling up the DagBag from /home/airflow/.local/lib/python3.8/site-packages/airflow/example_dags/example_branch_datetime_operator.py
[2024-01-23T22:28:43.721+0000] {processor.py:840} INFO - DAG(s) 'example_branch_datetime_operator', 'example_branch_datetime_operator_2', 'example_branch_datetime_operator_3' retrieved from /home/airflow/.local/lib/python3.8/site-packages/airflow/example_dags/example_branch_datetime_operator.py
[2024-01-23T22:28:43.738+0000] {logging_mixin.py:188} INFO - [2024-01-23T22:28:43.738+0000] {dag.py:3036} INFO - Sync 3 DAGs
[2024-01-23T22:28:43.750+0000] {logging_mixin.py:188} INFO - [2024-01-23T22:28:43.750+0000] {dag.py:3823} INFO - Setting next_dagrun for example_branch_datetime_operator to 2024-01-22 00:00:00+00:00, run_after=2024-01-23 00:00:00+00:00
[2024-01-23T22:28:43.753+0000] {logging_mixin.py:188} INFO - [2024-01-23T22:28:43.753+0000] {dag.py:3823} INFO - Setting next_dagrun for example_branch_datetime_operator_2 to 2024-01-22 00:00:00+00:00, run_after=2024-01-23 00:00:00+00:00
[2024-01-23T22:28:43.755+0000] {logging_mixin.py:188} INFO - [2024-01-23T22:28:43.754+0000] {dag.py:3823} INFO - Setting next_dagrun for example_branch_datetime_operator_3 to 2024-01-22 00:00:00+00:00, run_after=2024-01-23 00:00:00+00:00
[2024-01-23T22:28:43.764+0000] {processor.py:183} INFO - Processing /home/airflow/.local/lib/python3.8/site-packages/airflow/example_dags/example_branch_datetime_operator.py took 0.052 seconds
[2024-01-23T22:29:13.864+0000] {processor.py:161} INFO - Started process (PID=1050) to work on /home/airflow/.local/lib/python3.8/site-packages/airflow/example_dags/example_branch_datetime_operator.py
[2024-01-23T22:29:13.864+0000] {processor.py:830} INFO - Processing file /home/airflow/.local/lib/python3.8/site-packages/airflow/example_dags/example_branch_datetime_operator.py for tasks to queue
[2024-01-23T22:29:13.865+0000] {logging_mixin.py:188} INFO - [2024-01-23T22:29:13.865+0000] {dagbag.py:538} INFO - Filling up the DagBag from /home/airflow/.local/lib/python3.8/site-packages/airflow/example_dags/example_branch_datetime_operator.py
[2024-01-23T22:29:13.871+0000] {processor.py:840} INFO - DAG(s) 'example_branch_datetime_operator_2', 'example_branch_datetime_operator_3', 'example_branch_datetime_operator' retrieved from /home/airflow/.local/lib/python3.8/site-packages/airflow/example_dags/example_branch_datetime_operator.py
[2024-01-23T22:29:13.888+0000] {logging_mixin.py:188} INFO - [2024-01-23T22:29:13.888+0000] {dag.py:3036} INFO - Sync 3 DAGs
[2024-01-23T22:29:13.901+0000] {logging_mixin.py:188} INFO - [2024-01-23T22:29:13.901+0000] {dag.py:3823} INFO - Setting next_dagrun for example_branch_datetime_operator to 2024-01-22 00:00:00+00:00, run_after=2024-01-23 00:00:00+00:00
[2024-01-23T22:29:13.904+0000] {logging_mixin.py:188} INFO - [2024-01-23T22:29:13.904+0000] {dag.py:3823} INFO - Setting next_dagrun for example_branch_datetime_operator_2 to 2024-01-22 00:00:00+00:00, run_after=2024-01-23 00:00:00+00:00
[2024-01-23T22:29:13.906+0000] {logging_mixin.py:188} INFO - [2024-01-23T22:29:13.906+0000] {dag.py:3823} INFO - Setting next_dagrun for example_branch_datetime_operator_3 to 2024-01-22 00:00:00+00:00, run_after=2024-01-23 00:00:00+00:00
[2024-01-23T22:29:13.916+0000] {processor.py:183} INFO - Processing /home/airflow/.local/lib/python3.8/site-packages/airflow/example_dags/example_branch_datetime_operator.py took 0.054 seconds
[2024-01-23T22:29:44.215+0000] {processor.py:161} INFO - Started process (PID=1107) to work on /home/airflow/.local/lib/python3.8/site-packages/airflow/example_dags/example_branch_datetime_operator.py
[2024-01-23T22:29:44.216+0000] {processor.py:830} INFO - Processing file /home/airflow/.local/lib/python3.8/site-packages/airflow/example_dags/example_branch_datetime_operator.py for tasks to queue
[2024-01-23T22:29:44.217+0000] {logging_mixin.py:188} INFO - [2024-01-23T22:29:44.216+0000] {dagbag.py:538} INFO - Filling up the DagBag from /home/airflow/.local/lib/python3.8/site-packages/airflow/example_dags/example_branch_datetime_operator.py
[2024-01-23T22:29:44.224+0000] {processor.py:840} INFO - DAG(s) 'example_branch_datetime_operator', 'example_branch_datetime_operator_3', 'example_branch_datetime_operator_2' retrieved from /home/airflow/.local/lib/python3.8/site-packages/airflow/example_dags/example_branch_datetime_operator.py
[2024-01-23T22:29:44.242+0000] {logging_mixin.py:188} INFO - [2024-01-23T22:29:44.242+0000] {dag.py:3036} INFO - Sync 3 DAGs
[2024-01-23T22:29:44.256+0000] {logging_mixin.py:188} INFO - [2024-01-23T22:29:44.256+0000] {dag.py:3823} INFO - Setting next_dagrun for example_branch_datetime_operator to 2024-01-22 00:00:00+00:00, run_after=2024-01-23 00:00:00+00:00
[2024-01-23T22:29:44.259+0000] {logging_mixin.py:188} INFO - [2024-01-23T22:29:44.259+0000] {dag.py:3823} INFO - Setting next_dagrun for example_branch_datetime_operator_2 to 2024-01-22 00:00:00+00:00, run_after=2024-01-23 00:00:00+00:00
[2024-01-23T22:29:44.260+0000] {logging_mixin.py:188} INFO - [2024-01-23T22:29:44.260+0000] {dag.py:3823} INFO - Setting next_dagrun for example_branch_datetime_operator_3 to 2024-01-22 00:00:00+00:00, run_after=2024-01-23 00:00:00+00:00
[2024-01-23T22:29:44.272+0000] {processor.py:183} INFO - Processing /home/airflow/.local/lib/python3.8/site-packages/airflow/example_dags/example_branch_datetime_operator.py took 0.058 seconds
