[2024-01-23T22:20:05.391+0000] {processor.py:161} INFO - Started process (PID=38) to work on /home/airflow/.local/lib/python3.8/site-packages/airflow/example_dags/tutorial_taskflow_api.py
[2024-01-23T22:20:05.392+0000] {processor.py:830} INFO - Processing file /home/airflow/.local/lib/python3.8/site-packages/airflow/example_dags/tutorial_taskflow_api.py for tasks to queue
[2024-01-23T22:20:05.393+0000] {logging_mixin.py:188} INFO - [2024-01-23T22:20:05.393+0000] {dagbag.py:538} INFO - Filling up the DagBag from /home/airflow/.local/lib/python3.8/site-packages/airflow/example_dags/tutorial_taskflow_api.py
[2024-01-23T22:20:05.401+0000] {processor.py:840} INFO - DAG(s) 'tutorial_taskflow_api' retrieved from /home/airflow/.local/lib/python3.8/site-packages/airflow/example_dags/tutorial_taskflow_api.py
[2024-01-23T22:20:05.492+0000] {logging_mixin.py:188} INFO - [2024-01-23T22:20:05.492+0000] {override.py:1769} INFO - Created Permission View: can delete on DAG:tutorial_taskflow_api
[2024-01-23T22:20:05.498+0000] {logging_mixin.py:188} INFO - [2024-01-23T22:20:05.498+0000] {override.py:1769} INFO - Created Permission View: can edit on DAG:tutorial_taskflow_api
[2024-01-23T22:20:05.503+0000] {logging_mixin.py:188} INFO - [2024-01-23T22:20:05.503+0000] {override.py:1769} INFO - Created Permission View: can read on DAG:tutorial_taskflow_api
[2024-01-23T22:20:05.503+0000] {logging_mixin.py:188} INFO - [2024-01-23T22:20:05.503+0000] {dag.py:3036} INFO - Sync 1 DAGs
[2024-01-23T22:20:05.513+0000] {logging_mixin.py:188} INFO - [2024-01-23T22:20:05.513+0000] {dag.py:3058} INFO - Creating ORM DAG for tutorial_taskflow_api
[2024-01-23T22:20:05.514+0000] {logging_mixin.py:188} INFO - [2024-01-23T22:20:05.513+0000] {dag.py:3823} INFO - Setting next_dagrun for tutorial_taskflow_api to None, run_after=None
[2024-01-23T22:20:05.525+0000] {processor.py:183} INFO - Processing /home/airflow/.local/lib/python3.8/site-packages/airflow/example_dags/tutorial_taskflow_api.py took 0.136 seconds
[2024-01-23T22:20:35.699+0000] {processor.py:161} INFO - Started process (PID=93) to work on /home/airflow/.local/lib/python3.8/site-packages/airflow/example_dags/tutorial_taskflow_api.py
[2024-01-23T22:20:35.700+0000] {processor.py:830} INFO - Processing file /home/airflow/.local/lib/python3.8/site-packages/airflow/example_dags/tutorial_taskflow_api.py for tasks to queue
[2024-01-23T22:20:35.701+0000] {logging_mixin.py:188} INFO - [2024-01-23T22:20:35.701+0000] {dagbag.py:538} INFO - Filling up the DagBag from /home/airflow/.local/lib/python3.8/site-packages/airflow/example_dags/tutorial_taskflow_api.py
[2024-01-23T22:20:35.704+0000] {processor.py:840} INFO - DAG(s) 'tutorial_taskflow_api' retrieved from /home/airflow/.local/lib/python3.8/site-packages/airflow/example_dags/tutorial_taskflow_api.py
[2024-01-23T22:20:35.716+0000] {logging_mixin.py:188} INFO - [2024-01-23T22:20:35.716+0000] {dag.py:3036} INFO - Sync 1 DAGs
[2024-01-23T22:20:35.723+0000] {logging_mixin.py:188} INFO - [2024-01-23T22:20:35.723+0000] {dag.py:3823} INFO - Setting next_dagrun for tutorial_taskflow_api to None, run_after=None
[2024-01-23T22:20:35.734+0000] {processor.py:183} INFO - Processing /home/airflow/.local/lib/python3.8/site-packages/airflow/example_dags/tutorial_taskflow_api.py took 0.037 seconds
[2024-01-23T22:21:06.498+0000] {processor.py:161} INFO - Started process (PID=148) to work on /home/airflow/.local/lib/python3.8/site-packages/airflow/example_dags/tutorial_taskflow_api.py
[2024-01-23T22:21:06.499+0000] {processor.py:830} INFO - Processing file /home/airflow/.local/lib/python3.8/site-packages/airflow/example_dags/tutorial_taskflow_api.py for tasks to queue
[2024-01-23T22:21:06.500+0000] {logging_mixin.py:188} INFO - [2024-01-23T22:21:06.500+0000] {dagbag.py:538} INFO - Filling up the DagBag from /home/airflow/.local/lib/python3.8/site-packages/airflow/example_dags/tutorial_taskflow_api.py
[2024-01-23T22:21:06.503+0000] {processor.py:840} INFO - DAG(s) 'tutorial_taskflow_api' retrieved from /home/airflow/.local/lib/python3.8/site-packages/airflow/example_dags/tutorial_taskflow_api.py
[2024-01-23T22:21:06.515+0000] {logging_mixin.py:188} INFO - [2024-01-23T22:21:06.515+0000] {dag.py:3036} INFO - Sync 1 DAGs
[2024-01-23T22:21:06.522+0000] {logging_mixin.py:188} INFO - [2024-01-23T22:21:06.522+0000] {dag.py:3823} INFO - Setting next_dagrun for tutorial_taskflow_api to None, run_after=None
[2024-01-23T22:21:06.533+0000] {processor.py:183} INFO - Processing /home/airflow/.local/lib/python3.8/site-packages/airflow/example_dags/tutorial_taskflow_api.py took 0.037 seconds
[2024-01-23T22:21:37.120+0000] {processor.py:161} INFO - Started process (PID=203) to work on /home/airflow/.local/lib/python3.8/site-packages/airflow/example_dags/tutorial_taskflow_api.py
[2024-01-23T22:21:37.121+0000] {processor.py:830} INFO - Processing file /home/airflow/.local/lib/python3.8/site-packages/airflow/example_dags/tutorial_taskflow_api.py for tasks to queue
[2024-01-23T22:21:37.122+0000] {logging_mixin.py:188} INFO - [2024-01-23T22:21:37.121+0000] {dagbag.py:538} INFO - Filling up the DagBag from /home/airflow/.local/lib/python3.8/site-packages/airflow/example_dags/tutorial_taskflow_api.py
[2024-01-23T22:21:37.126+0000] {processor.py:840} INFO - DAG(s) 'tutorial_taskflow_api' retrieved from /home/airflow/.local/lib/python3.8/site-packages/airflow/example_dags/tutorial_taskflow_api.py
[2024-01-23T22:21:37.141+0000] {logging_mixin.py:188} INFO - [2024-01-23T22:21:37.140+0000] {dag.py:3036} INFO - Sync 1 DAGs
[2024-01-23T22:21:37.150+0000] {logging_mixin.py:188} INFO - [2024-01-23T22:21:37.149+0000] {dag.py:3823} INFO - Setting next_dagrun for tutorial_taskflow_api to None, run_after=None
[2024-01-23T22:21:37.160+0000] {processor.py:183} INFO - Processing /home/airflow/.local/lib/python3.8/site-packages/airflow/example_dags/tutorial_taskflow_api.py took 0.042 seconds
[2024-01-23T22:22:07.935+0000] {processor.py:161} INFO - Started process (PID=258) to work on /home/airflow/.local/lib/python3.8/site-packages/airflow/example_dags/tutorial_taskflow_api.py
[2024-01-23T22:22:07.936+0000] {processor.py:830} INFO - Processing file /home/airflow/.local/lib/python3.8/site-packages/airflow/example_dags/tutorial_taskflow_api.py for tasks to queue
[2024-01-23T22:22:07.937+0000] {logging_mixin.py:188} INFO - [2024-01-23T22:22:07.937+0000] {dagbag.py:538} INFO - Filling up the DagBag from /home/airflow/.local/lib/python3.8/site-packages/airflow/example_dags/tutorial_taskflow_api.py
[2024-01-23T22:22:07.942+0000] {processor.py:840} INFO - DAG(s) 'tutorial_taskflow_api' retrieved from /home/airflow/.local/lib/python3.8/site-packages/airflow/example_dags/tutorial_taskflow_api.py
[2024-01-23T22:22:07.962+0000] {logging_mixin.py:188} INFO - [2024-01-23T22:22:07.962+0000] {dag.py:3036} INFO - Sync 1 DAGs
[2024-01-23T22:22:07.974+0000] {logging_mixin.py:188} INFO - [2024-01-23T22:22:07.973+0000] {dag.py:3823} INFO - Setting next_dagrun for tutorial_taskflow_api to None, run_after=None
[2024-01-23T22:22:07.993+0000] {processor.py:183} INFO - Processing /home/airflow/.local/lib/python3.8/site-packages/airflow/example_dags/tutorial_taskflow_api.py took 0.061 seconds
[2024-01-23T22:22:38.254+0000] {processor.py:161} INFO - Started process (PID=313) to work on /home/airflow/.local/lib/python3.8/site-packages/airflow/example_dags/tutorial_taskflow_api.py
[2024-01-23T22:22:38.255+0000] {processor.py:830} INFO - Processing file /home/airflow/.local/lib/python3.8/site-packages/airflow/example_dags/tutorial_taskflow_api.py for tasks to queue
[2024-01-23T22:22:38.256+0000] {logging_mixin.py:188} INFO - [2024-01-23T22:22:38.256+0000] {dagbag.py:538} INFO - Filling up the DagBag from /home/airflow/.local/lib/python3.8/site-packages/airflow/example_dags/tutorial_taskflow_api.py
[2024-01-23T22:22:38.260+0000] {processor.py:840} INFO - DAG(s) 'tutorial_taskflow_api' retrieved from /home/airflow/.local/lib/python3.8/site-packages/airflow/example_dags/tutorial_taskflow_api.py
[2024-01-23T22:22:38.271+0000] {logging_mixin.py:188} INFO - [2024-01-23T22:22:38.271+0000] {dag.py:3036} INFO - Sync 1 DAGs
[2024-01-23T22:22:38.279+0000] {logging_mixin.py:188} INFO - [2024-01-23T22:22:38.279+0000] {dag.py:3823} INFO - Setting next_dagrun for tutorial_taskflow_api to None, run_after=None
[2024-01-23T22:22:38.291+0000] {processor.py:183} INFO - Processing /home/airflow/.local/lib/python3.8/site-packages/airflow/example_dags/tutorial_taskflow_api.py took 0.039 seconds
[2024-01-23T22:23:08.996+0000] {processor.py:161} INFO - Started process (PID=368) to work on /home/airflow/.local/lib/python3.8/site-packages/airflow/example_dags/tutorial_taskflow_api.py
[2024-01-23T22:23:08.997+0000] {processor.py:830} INFO - Processing file /home/airflow/.local/lib/python3.8/site-packages/airflow/example_dags/tutorial_taskflow_api.py for tasks to queue
[2024-01-23T22:23:08.998+0000] {logging_mixin.py:188} INFO - [2024-01-23T22:23:08.998+0000] {dagbag.py:538} INFO - Filling up the DagBag from /home/airflow/.local/lib/python3.8/site-packages/airflow/example_dags/tutorial_taskflow_api.py
[2024-01-23T22:23:09.003+0000] {processor.py:840} INFO - DAG(s) 'tutorial_taskflow_api' retrieved from /home/airflow/.local/lib/python3.8/site-packages/airflow/example_dags/tutorial_taskflow_api.py
[2024-01-23T22:23:09.015+0000] {logging_mixin.py:188} INFO - [2024-01-23T22:23:09.015+0000] {dag.py:3036} INFO - Sync 1 DAGs
[2024-01-23T22:23:09.022+0000] {logging_mixin.py:188} INFO - [2024-01-23T22:23:09.022+0000] {dag.py:3823} INFO - Setting next_dagrun for tutorial_taskflow_api to None, run_after=None
[2024-01-23T22:23:09.033+0000] {processor.py:183} INFO - Processing /home/airflow/.local/lib/python3.8/site-packages/airflow/example_dags/tutorial_taskflow_api.py took 0.038 seconds
[2024-01-23T22:23:39.100+0000] {processor.py:161} INFO - Started process (PID=423) to work on /home/airflow/.local/lib/python3.8/site-packages/airflow/example_dags/tutorial_taskflow_api.py
[2024-01-23T22:23:39.101+0000] {processor.py:830} INFO - Processing file /home/airflow/.local/lib/python3.8/site-packages/airflow/example_dags/tutorial_taskflow_api.py for tasks to queue
[2024-01-23T22:23:39.102+0000] {logging_mixin.py:188} INFO - [2024-01-23T22:23:39.102+0000] {dagbag.py:538} INFO - Filling up the DagBag from /home/airflow/.local/lib/python3.8/site-packages/airflow/example_dags/tutorial_taskflow_api.py
[2024-01-23T22:23:39.107+0000] {processor.py:840} INFO - DAG(s) 'tutorial_taskflow_api' retrieved from /home/airflow/.local/lib/python3.8/site-packages/airflow/example_dags/tutorial_taskflow_api.py
[2024-01-23T22:23:39.124+0000] {logging_mixin.py:188} INFO - [2024-01-23T22:23:39.123+0000] {dag.py:3036} INFO - Sync 1 DAGs
[2024-01-23T22:23:39.131+0000] {logging_mixin.py:188} INFO - [2024-01-23T22:23:39.131+0000] {dag.py:3823} INFO - Setting next_dagrun for tutorial_taskflow_api to None, run_after=None
[2024-01-23T22:23:39.142+0000] {processor.py:183} INFO - Processing /home/airflow/.local/lib/python3.8/site-packages/airflow/example_dags/tutorial_taskflow_api.py took 0.044 seconds
[2024-01-23T22:24:09.360+0000] {processor.py:161} INFO - Started process (PID=478) to work on /home/airflow/.local/lib/python3.8/site-packages/airflow/example_dags/tutorial_taskflow_api.py
[2024-01-23T22:24:09.360+0000] {processor.py:830} INFO - Processing file /home/airflow/.local/lib/python3.8/site-packages/airflow/example_dags/tutorial_taskflow_api.py for tasks to queue
[2024-01-23T22:24:09.361+0000] {logging_mixin.py:188} INFO - [2024-01-23T22:24:09.361+0000] {dagbag.py:538} INFO - Filling up the DagBag from /home/airflow/.local/lib/python3.8/site-packages/airflow/example_dags/tutorial_taskflow_api.py
[2024-01-23T22:24:09.366+0000] {processor.py:840} INFO - DAG(s) 'tutorial_taskflow_api' retrieved from /home/airflow/.local/lib/python3.8/site-packages/airflow/example_dags/tutorial_taskflow_api.py
[2024-01-23T22:24:09.379+0000] {logging_mixin.py:188} INFO - [2024-01-23T22:24:09.378+0000] {dag.py:3036} INFO - Sync 1 DAGs
[2024-01-23T22:24:09.388+0000] {logging_mixin.py:188} INFO - [2024-01-23T22:24:09.387+0000] {dag.py:3823} INFO - Setting next_dagrun for tutorial_taskflow_api to None, run_after=None
[2024-01-23T22:24:09.403+0000] {processor.py:183} INFO - Processing /home/airflow/.local/lib/python3.8/site-packages/airflow/example_dags/tutorial_taskflow_api.py took 0.045 seconds
[2024-01-23T22:24:39.746+0000] {processor.py:161} INFO - Started process (PID=533) to work on /home/airflow/.local/lib/python3.8/site-packages/airflow/example_dags/tutorial_taskflow_api.py
[2024-01-23T22:24:39.747+0000] {processor.py:830} INFO - Processing file /home/airflow/.local/lib/python3.8/site-packages/airflow/example_dags/tutorial_taskflow_api.py for tasks to queue
[2024-01-23T22:24:39.748+0000] {logging_mixin.py:188} INFO - [2024-01-23T22:24:39.748+0000] {dagbag.py:538} INFO - Filling up the DagBag from /home/airflow/.local/lib/python3.8/site-packages/airflow/example_dags/tutorial_taskflow_api.py
[2024-01-23T22:24:39.755+0000] {processor.py:840} INFO - DAG(s) 'tutorial_taskflow_api' retrieved from /home/airflow/.local/lib/python3.8/site-packages/airflow/example_dags/tutorial_taskflow_api.py
[2024-01-23T22:24:39.772+0000] {logging_mixin.py:188} INFO - [2024-01-23T22:24:39.772+0000] {dag.py:3036} INFO - Sync 1 DAGs
[2024-01-23T22:24:39.785+0000] {logging_mixin.py:188} INFO - [2024-01-23T22:24:39.784+0000] {dag.py:3823} INFO - Setting next_dagrun for tutorial_taskflow_api to None, run_after=None
[2024-01-23T22:24:39.800+0000] {processor.py:183} INFO - Processing /home/airflow/.local/lib/python3.8/site-packages/airflow/example_dags/tutorial_taskflow_api.py took 0.056 seconds
[2024-01-23T22:25:10.228+0000] {processor.py:161} INFO - Started process (PID=590) to work on /home/airflow/.local/lib/python3.8/site-packages/airflow/example_dags/tutorial_taskflow_api.py
[2024-01-23T22:25:10.228+0000] {processor.py:830} INFO - Processing file /home/airflow/.local/lib/python3.8/site-packages/airflow/example_dags/tutorial_taskflow_api.py for tasks to queue
[2024-01-23T22:25:10.229+0000] {logging_mixin.py:188} INFO - [2024-01-23T22:25:10.229+0000] {dagbag.py:538} INFO - Filling up the DagBag from /home/airflow/.local/lib/python3.8/site-packages/airflow/example_dags/tutorial_taskflow_api.py
[2024-01-23T22:25:10.233+0000] {processor.py:840} INFO - DAG(s) 'tutorial_taskflow_api' retrieved from /home/airflow/.local/lib/python3.8/site-packages/airflow/example_dags/tutorial_taskflow_api.py
[2024-01-23T22:25:10.245+0000] {logging_mixin.py:188} INFO - [2024-01-23T22:25:10.244+0000] {dag.py:3036} INFO - Sync 1 DAGs
[2024-01-23T22:25:10.252+0000] {logging_mixin.py:188} INFO - [2024-01-23T22:25:10.252+0000] {dag.py:3823} INFO - Setting next_dagrun for tutorial_taskflow_api to None, run_after=None
[2024-01-23T22:25:10.264+0000] {processor.py:183} INFO - Processing /home/airflow/.local/lib/python3.8/site-packages/airflow/example_dags/tutorial_taskflow_api.py took 0.038 seconds
[2024-01-23T22:25:41.279+0000] {processor.py:161} INFO - Started process (PID=647) to work on /home/airflow/.local/lib/python3.8/site-packages/airflow/example_dags/tutorial_taskflow_api.py
[2024-01-23T22:25:41.280+0000] {processor.py:830} INFO - Processing file /home/airflow/.local/lib/python3.8/site-packages/airflow/example_dags/tutorial_taskflow_api.py for tasks to queue
[2024-01-23T22:25:41.281+0000] {logging_mixin.py:188} INFO - [2024-01-23T22:25:41.281+0000] {dagbag.py:538} INFO - Filling up the DagBag from /home/airflow/.local/lib/python3.8/site-packages/airflow/example_dags/tutorial_taskflow_api.py
[2024-01-23T22:25:41.286+0000] {processor.py:840} INFO - DAG(s) 'tutorial_taskflow_api' retrieved from /home/airflow/.local/lib/python3.8/site-packages/airflow/example_dags/tutorial_taskflow_api.py
[2024-01-23T22:25:41.299+0000] {logging_mixin.py:188} INFO - [2024-01-23T22:25:41.298+0000] {dag.py:3036} INFO - Sync 1 DAGs
[2024-01-23T22:25:41.307+0000] {logging_mixin.py:188} INFO - [2024-01-23T22:25:41.307+0000] {dag.py:3823} INFO - Setting next_dagrun for tutorial_taskflow_api to None, run_after=None
[2024-01-23T22:25:41.319+0000] {processor.py:183} INFO - Processing /home/airflow/.local/lib/python3.8/site-packages/airflow/example_dags/tutorial_taskflow_api.py took 0.042 seconds
[2024-01-23T22:26:11.499+0000] {processor.py:161} INFO - Started process (PID=704) to work on /home/airflow/.local/lib/python3.8/site-packages/airflow/example_dags/tutorial_taskflow_api.py
[2024-01-23T22:26:11.499+0000] {processor.py:830} INFO - Processing file /home/airflow/.local/lib/python3.8/site-packages/airflow/example_dags/tutorial_taskflow_api.py for tasks to queue
[2024-01-23T22:26:11.501+0000] {logging_mixin.py:188} INFO - [2024-01-23T22:26:11.501+0000] {dagbag.py:538} INFO - Filling up the DagBag from /home/airflow/.local/lib/python3.8/site-packages/airflow/example_dags/tutorial_taskflow_api.py
[2024-01-23T22:26:11.504+0000] {processor.py:840} INFO - DAG(s) 'tutorial_taskflow_api' retrieved from /home/airflow/.local/lib/python3.8/site-packages/airflow/example_dags/tutorial_taskflow_api.py
[2024-01-23T22:26:11.517+0000] {logging_mixin.py:188} INFO - [2024-01-23T22:26:11.516+0000] {dag.py:3036} INFO - Sync 1 DAGs
[2024-01-23T22:26:11.526+0000] {logging_mixin.py:188} INFO - [2024-01-23T22:26:11.526+0000] {dag.py:3823} INFO - Setting next_dagrun for tutorial_taskflow_api to None, run_after=None
[2024-01-23T22:26:11.537+0000] {processor.py:183} INFO - Processing /home/airflow/.local/lib/python3.8/site-packages/airflow/example_dags/tutorial_taskflow_api.py took 0.040 seconds
[2024-01-23T22:26:41.608+0000] {processor.py:161} INFO - Started process (PID=761) to work on /home/airflow/.local/lib/python3.8/site-packages/airflow/example_dags/tutorial_taskflow_api.py
[2024-01-23T22:26:41.609+0000] {processor.py:830} INFO - Processing file /home/airflow/.local/lib/python3.8/site-packages/airflow/example_dags/tutorial_taskflow_api.py for tasks to queue
[2024-01-23T22:26:41.611+0000] {logging_mixin.py:188} INFO - [2024-01-23T22:26:41.611+0000] {dagbag.py:538} INFO - Filling up the DagBag from /home/airflow/.local/lib/python3.8/site-packages/airflow/example_dags/tutorial_taskflow_api.py
[2024-01-23T22:26:41.616+0000] {processor.py:840} INFO - DAG(s) 'tutorial_taskflow_api' retrieved from /home/airflow/.local/lib/python3.8/site-packages/airflow/example_dags/tutorial_taskflow_api.py
[2024-01-23T22:26:41.634+0000] {logging_mixin.py:188} INFO - [2024-01-23T22:26:41.634+0000] {dag.py:3036} INFO - Sync 1 DAGs
[2024-01-23T22:26:41.649+0000] {logging_mixin.py:188} INFO - [2024-01-23T22:26:41.648+0000] {dag.py:3823} INFO - Setting next_dagrun for tutorial_taskflow_api to None, run_after=None
[2024-01-23T22:26:41.672+0000] {processor.py:183} INFO - Processing /home/airflow/.local/lib/python3.8/site-packages/airflow/example_dags/tutorial_taskflow_api.py took 0.066 seconds
[2024-01-23T22:27:12.215+0000] {processor.py:161} INFO - Started process (PID=818) to work on /home/airflow/.local/lib/python3.8/site-packages/airflow/example_dags/tutorial_taskflow_api.py
[2024-01-23T22:27:12.216+0000] {processor.py:830} INFO - Processing file /home/airflow/.local/lib/python3.8/site-packages/airflow/example_dags/tutorial_taskflow_api.py for tasks to queue
[2024-01-23T22:27:12.218+0000] {logging_mixin.py:188} INFO - [2024-01-23T22:27:12.218+0000] {dagbag.py:538} INFO - Filling up the DagBag from /home/airflow/.local/lib/python3.8/site-packages/airflow/example_dags/tutorial_taskflow_api.py
[2024-01-23T22:27:12.224+0000] {processor.py:840} INFO - DAG(s) 'tutorial_taskflow_api' retrieved from /home/airflow/.local/lib/python3.8/site-packages/airflow/example_dags/tutorial_taskflow_api.py
[2024-01-23T22:27:12.238+0000] {logging_mixin.py:188} INFO - [2024-01-23T22:27:12.238+0000] {dag.py:3036} INFO - Sync 1 DAGs
[2024-01-23T22:27:12.246+0000] {logging_mixin.py:188} INFO - [2024-01-23T22:27:12.246+0000] {dag.py:3823} INFO - Setting next_dagrun for tutorial_taskflow_api to None, run_after=None
[2024-01-23T22:27:12.263+0000] {processor.py:183} INFO - Processing /home/airflow/.local/lib/python3.8/site-packages/airflow/example_dags/tutorial_taskflow_api.py took 0.051 seconds
[2024-01-23T22:27:43.205+0000] {processor.py:161} INFO - Started process (PID=875) to work on /home/airflow/.local/lib/python3.8/site-packages/airflow/example_dags/tutorial_taskflow_api.py
[2024-01-23T22:27:43.205+0000] {processor.py:830} INFO - Processing file /home/airflow/.local/lib/python3.8/site-packages/airflow/example_dags/tutorial_taskflow_api.py for tasks to queue
[2024-01-23T22:27:43.206+0000] {logging_mixin.py:188} INFO - [2024-01-23T22:27:43.206+0000] {dagbag.py:538} INFO - Filling up the DagBag from /home/airflow/.local/lib/python3.8/site-packages/airflow/example_dags/tutorial_taskflow_api.py
[2024-01-23T22:27:43.210+0000] {processor.py:840} INFO - DAG(s) 'tutorial_taskflow_api' retrieved from /home/airflow/.local/lib/python3.8/site-packages/airflow/example_dags/tutorial_taskflow_api.py
[2024-01-23T22:27:43.222+0000] {logging_mixin.py:188} INFO - [2024-01-23T22:27:43.222+0000] {dag.py:3036} INFO - Sync 1 DAGs
[2024-01-23T22:27:43.230+0000] {logging_mixin.py:188} INFO - [2024-01-23T22:27:43.229+0000] {dag.py:3823} INFO - Setting next_dagrun for tutorial_taskflow_api to None, run_after=None
[2024-01-23T22:27:43.241+0000] {processor.py:183} INFO - Processing /home/airflow/.local/lib/python3.8/site-packages/airflow/example_dags/tutorial_taskflow_api.py took 0.038 seconds
[2024-01-23T22:28:13.462+0000] {processor.py:161} INFO - Started process (PID=932) to work on /home/airflow/.local/lib/python3.8/site-packages/airflow/example_dags/tutorial_taskflow_api.py
[2024-01-23T22:28:13.463+0000] {processor.py:830} INFO - Processing file /home/airflow/.local/lib/python3.8/site-packages/airflow/example_dags/tutorial_taskflow_api.py for tasks to queue
[2024-01-23T22:28:13.464+0000] {logging_mixin.py:188} INFO - [2024-01-23T22:28:13.464+0000] {dagbag.py:538} INFO - Filling up the DagBag from /home/airflow/.local/lib/python3.8/site-packages/airflow/example_dags/tutorial_taskflow_api.py
[2024-01-23T22:28:13.468+0000] {processor.py:840} INFO - DAG(s) 'tutorial_taskflow_api' retrieved from /home/airflow/.local/lib/python3.8/site-packages/airflow/example_dags/tutorial_taskflow_api.py
[2024-01-23T22:28:13.479+0000] {logging_mixin.py:188} INFO - [2024-01-23T22:28:13.479+0000] {dag.py:3036} INFO - Sync 1 DAGs
[2024-01-23T22:28:13.487+0000] {logging_mixin.py:188} INFO - [2024-01-23T22:28:13.486+0000] {dag.py:3823} INFO - Setting next_dagrun for tutorial_taskflow_api to None, run_after=None
[2024-01-23T22:28:13.497+0000] {processor.py:183} INFO - Processing /home/airflow/.local/lib/python3.8/site-packages/airflow/example_dags/tutorial_taskflow_api.py took 0.037 seconds
[2024-01-23T22:28:43.529+0000] {processor.py:161} INFO - Started process (PID=989) to work on /home/airflow/.local/lib/python3.8/site-packages/airflow/example_dags/tutorial_taskflow_api.py
[2024-01-23T22:28:43.530+0000] {processor.py:830} INFO - Processing file /home/airflow/.local/lib/python3.8/site-packages/airflow/example_dags/tutorial_taskflow_api.py for tasks to queue
[2024-01-23T22:28:43.531+0000] {logging_mixin.py:188} INFO - [2024-01-23T22:28:43.531+0000] {dagbag.py:538} INFO - Filling up the DagBag from /home/airflow/.local/lib/python3.8/site-packages/airflow/example_dags/tutorial_taskflow_api.py
[2024-01-23T22:28:43.535+0000] {processor.py:840} INFO - DAG(s) 'tutorial_taskflow_api' retrieved from /home/airflow/.local/lib/python3.8/site-packages/airflow/example_dags/tutorial_taskflow_api.py
[2024-01-23T22:28:43.547+0000] {logging_mixin.py:188} INFO - [2024-01-23T22:28:43.547+0000] {dag.py:3036} INFO - Sync 1 DAGs
[2024-01-23T22:28:43.555+0000] {logging_mixin.py:188} INFO - [2024-01-23T22:28:43.555+0000] {dag.py:3823} INFO - Setting next_dagrun for tutorial_taskflow_api to None, run_after=None
[2024-01-23T22:28:43.568+0000] {processor.py:183} INFO - Processing /home/airflow/.local/lib/python3.8/site-packages/airflow/example_dags/tutorial_taskflow_api.py took 0.041 seconds
[2024-01-23T22:29:13.745+0000] {processor.py:161} INFO - Started process (PID=1046) to work on /home/airflow/.local/lib/python3.8/site-packages/airflow/example_dags/tutorial_taskflow_api.py
[2024-01-23T22:29:13.746+0000] {processor.py:830} INFO - Processing file /home/airflow/.local/lib/python3.8/site-packages/airflow/example_dags/tutorial_taskflow_api.py for tasks to queue
[2024-01-23T22:29:13.747+0000] {logging_mixin.py:188} INFO - [2024-01-23T22:29:13.746+0000] {dagbag.py:538} INFO - Filling up the DagBag from /home/airflow/.local/lib/python3.8/site-packages/airflow/example_dags/tutorial_taskflow_api.py
[2024-01-23T22:29:13.750+0000] {processor.py:840} INFO - DAG(s) 'tutorial_taskflow_api' retrieved from /home/airflow/.local/lib/python3.8/site-packages/airflow/example_dags/tutorial_taskflow_api.py
[2024-01-23T22:29:13.762+0000] {logging_mixin.py:188} INFO - [2024-01-23T22:29:13.762+0000] {dag.py:3036} INFO - Sync 1 DAGs
[2024-01-23T22:29:13.769+0000] {logging_mixin.py:188} INFO - [2024-01-23T22:29:13.769+0000] {dag.py:3823} INFO - Setting next_dagrun for tutorial_taskflow_api to None, run_after=None
[2024-01-23T22:29:13.780+0000] {processor.py:183} INFO - Processing /home/airflow/.local/lib/python3.8/site-packages/airflow/example_dags/tutorial_taskflow_api.py took 0.036 seconds
[2024-01-23T22:29:44.094+0000] {processor.py:161} INFO - Started process (PID=1103) to work on /home/airflow/.local/lib/python3.8/site-packages/airflow/example_dags/tutorial_taskflow_api.py
[2024-01-23T22:29:44.095+0000] {processor.py:830} INFO - Processing file /home/airflow/.local/lib/python3.8/site-packages/airflow/example_dags/tutorial_taskflow_api.py for tasks to queue
[2024-01-23T22:29:44.096+0000] {logging_mixin.py:188} INFO - [2024-01-23T22:29:44.096+0000] {dagbag.py:538} INFO - Filling up the DagBag from /home/airflow/.local/lib/python3.8/site-packages/airflow/example_dags/tutorial_taskflow_api.py
[2024-01-23T22:29:44.099+0000] {processor.py:840} INFO - DAG(s) 'tutorial_taskflow_api' retrieved from /home/airflow/.local/lib/python3.8/site-packages/airflow/example_dags/tutorial_taskflow_api.py
[2024-01-23T22:29:44.111+0000] {logging_mixin.py:188} INFO - [2024-01-23T22:29:44.111+0000] {dag.py:3036} INFO - Sync 1 DAGs
[2024-01-23T22:29:44.119+0000] {logging_mixin.py:188} INFO - [2024-01-23T22:29:44.118+0000] {dag.py:3823} INFO - Setting next_dagrun for tutorial_taskflow_api to None, run_after=None
[2024-01-23T22:29:44.130+0000] {processor.py:183} INFO - Processing /home/airflow/.local/lib/python3.8/site-packages/airflow/example_dags/tutorial_taskflow_api.py took 0.037 seconds
