[2024-01-23T22:20:08.246+0000] {processor.py:161} INFO - Started process (PID=73) to work on /home/airflow/.local/lib/python3.8/site-packages/airflow/example_dags/tutorial.py
[2024-01-23T22:20:08.246+0000] {processor.py:830} INFO - Processing file /home/airflow/.local/lib/python3.8/site-packages/airflow/example_dags/tutorial.py for tasks to queue
[2024-01-23T22:20:08.247+0000] {logging_mixin.py:188} INFO - [2024-01-23T22:20:08.247+0000] {dagbag.py:538} INFO - Filling up the DagBag from /home/airflow/.local/lib/python3.8/site-packages/airflow/example_dags/tutorial.py
[2024-01-23T22:20:08.251+0000] {processor.py:840} INFO - DAG(s) 'tutorial' retrieved from /home/airflow/.local/lib/python3.8/site-packages/airflow/example_dags/tutorial.py
[2024-01-23T22:20:08.325+0000] {logging_mixin.py:188} INFO - [2024-01-23T22:20:08.324+0000] {override.py:1769} INFO - Created Permission View: can delete on DAG:tutorial
[2024-01-23T22:20:08.334+0000] {logging_mixin.py:188} INFO - [2024-01-23T22:20:08.334+0000] {override.py:1769} INFO - Created Permission View: can edit on DAG:tutorial
[2024-01-23T22:20:08.340+0000] {logging_mixin.py:188} INFO - [2024-01-23T22:20:08.339+0000] {override.py:1769} INFO - Created Permission View: can read on DAG:tutorial
[2024-01-23T22:20:08.340+0000] {logging_mixin.py:188} INFO - [2024-01-23T22:20:08.340+0000] {dag.py:3036} INFO - Sync 1 DAGs
[2024-01-23T22:20:08.349+0000] {logging_mixin.py:188} INFO - [2024-01-23T22:20:08.349+0000] {dag.py:3058} INFO - Creating ORM DAG for tutorial
[2024-01-23T22:20:08.356+0000] {logging_mixin.py:188} INFO - [2024-01-23T22:20:08.356+0000] {dag.py:3823} INFO - Setting next_dagrun for tutorial to 2024-01-22 00:00:00+00:00, run_after=2024-01-23 00:00:00+00:00
[2024-01-23T22:20:08.368+0000] {processor.py:183} INFO - Processing /home/airflow/.local/lib/python3.8/site-packages/airflow/example_dags/tutorial.py took 0.125 seconds
[2024-01-23T22:20:38.892+0000] {processor.py:161} INFO - Started process (PID=128) to work on /home/airflow/.local/lib/python3.8/site-packages/airflow/example_dags/tutorial.py
[2024-01-23T22:20:38.892+0000] {processor.py:830} INFO - Processing file /home/airflow/.local/lib/python3.8/site-packages/airflow/example_dags/tutorial.py for tasks to queue
[2024-01-23T22:20:38.894+0000] {logging_mixin.py:188} INFO - [2024-01-23T22:20:38.893+0000] {dagbag.py:538} INFO - Filling up the DagBag from /home/airflow/.local/lib/python3.8/site-packages/airflow/example_dags/tutorial.py
[2024-01-23T22:20:38.898+0000] {processor.py:840} INFO - DAG(s) 'tutorial' retrieved from /home/airflow/.local/lib/python3.8/site-packages/airflow/example_dags/tutorial.py
[2024-01-23T22:20:38.913+0000] {logging_mixin.py:188} INFO - [2024-01-23T22:20:38.913+0000] {dag.py:3036} INFO - Sync 1 DAGs
[2024-01-23T22:20:38.928+0000] {logging_mixin.py:188} INFO - [2024-01-23T22:20:38.928+0000] {dag.py:3823} INFO - Setting next_dagrun for tutorial to 2024-01-22 00:00:00+00:00, run_after=2024-01-23 00:00:00+00:00
[2024-01-23T22:20:38.941+0000] {processor.py:183} INFO - Processing /home/airflow/.local/lib/python3.8/site-packages/airflow/example_dags/tutorial.py took 0.051 seconds
[2024-01-23T22:21:09.602+0000] {processor.py:161} INFO - Started process (PID=183) to work on /home/airflow/.local/lib/python3.8/site-packages/airflow/example_dags/tutorial.py
[2024-01-23T22:21:09.602+0000] {processor.py:830} INFO - Processing file /home/airflow/.local/lib/python3.8/site-packages/airflow/example_dags/tutorial.py for tasks to queue
[2024-01-23T22:21:09.603+0000] {logging_mixin.py:188} INFO - [2024-01-23T22:21:09.603+0000] {dagbag.py:538} INFO - Filling up the DagBag from /home/airflow/.local/lib/python3.8/site-packages/airflow/example_dags/tutorial.py
[2024-01-23T22:21:09.607+0000] {processor.py:840} INFO - DAG(s) 'tutorial' retrieved from /home/airflow/.local/lib/python3.8/site-packages/airflow/example_dags/tutorial.py
[2024-01-23T22:21:09.619+0000] {logging_mixin.py:188} INFO - [2024-01-23T22:21:09.619+0000] {dag.py:3036} INFO - Sync 1 DAGs
[2024-01-23T22:21:09.632+0000] {logging_mixin.py:188} INFO - [2024-01-23T22:21:09.632+0000] {dag.py:3823} INFO - Setting next_dagrun for tutorial to 2024-01-22 00:00:00+00:00, run_after=2024-01-23 00:00:00+00:00
[2024-01-23T22:21:09.642+0000] {processor.py:183} INFO - Processing /home/airflow/.local/lib/python3.8/site-packages/airflow/example_dags/tutorial.py took 0.042 seconds
[2024-01-23T22:21:40.270+0000] {processor.py:161} INFO - Started process (PID=238) to work on /home/airflow/.local/lib/python3.8/site-packages/airflow/example_dags/tutorial.py
[2024-01-23T22:21:40.271+0000] {processor.py:830} INFO - Processing file /home/airflow/.local/lib/python3.8/site-packages/airflow/example_dags/tutorial.py for tasks to queue
[2024-01-23T22:21:40.272+0000] {logging_mixin.py:188} INFO - [2024-01-23T22:21:40.272+0000] {dagbag.py:538} INFO - Filling up the DagBag from /home/airflow/.local/lib/python3.8/site-packages/airflow/example_dags/tutorial.py
[2024-01-23T22:21:40.275+0000] {processor.py:840} INFO - DAG(s) 'tutorial' retrieved from /home/airflow/.local/lib/python3.8/site-packages/airflow/example_dags/tutorial.py
[2024-01-23T22:21:40.288+0000] {logging_mixin.py:188} INFO - [2024-01-23T22:21:40.287+0000] {dag.py:3036} INFO - Sync 1 DAGs
[2024-01-23T22:21:40.300+0000] {logging_mixin.py:188} INFO - [2024-01-23T22:21:40.300+0000] {dag.py:3823} INFO - Setting next_dagrun for tutorial to 2024-01-22 00:00:00+00:00, run_after=2024-01-23 00:00:00+00:00
[2024-01-23T22:21:40.310+0000] {processor.py:183} INFO - Processing /home/airflow/.local/lib/python3.8/site-packages/airflow/example_dags/tutorial.py took 0.042 seconds
[2024-01-23T22:22:11.228+0000] {processor.py:161} INFO - Started process (PID=293) to work on /home/airflow/.local/lib/python3.8/site-packages/airflow/example_dags/tutorial.py
[2024-01-23T22:22:11.229+0000] {processor.py:830} INFO - Processing file /home/airflow/.local/lib/python3.8/site-packages/airflow/example_dags/tutorial.py for tasks to queue
[2024-01-23T22:22:11.230+0000] {logging_mixin.py:188} INFO - [2024-01-23T22:22:11.230+0000] {dagbag.py:538} INFO - Filling up the DagBag from /home/airflow/.local/lib/python3.8/site-packages/airflow/example_dags/tutorial.py
[2024-01-23T22:22:11.235+0000] {processor.py:840} INFO - DAG(s) 'tutorial' retrieved from /home/airflow/.local/lib/python3.8/site-packages/airflow/example_dags/tutorial.py
[2024-01-23T22:22:11.252+0000] {logging_mixin.py:188} INFO - [2024-01-23T22:22:11.251+0000] {dag.py:3036} INFO - Sync 1 DAGs
[2024-01-23T22:22:11.270+0000] {logging_mixin.py:188} INFO - [2024-01-23T22:22:11.270+0000] {dag.py:3823} INFO - Setting next_dagrun for tutorial to 2024-01-22 00:00:00+00:00, run_after=2024-01-23 00:00:00+00:00
[2024-01-23T22:22:11.283+0000] {processor.py:183} INFO - Processing /home/airflow/.local/lib/python3.8/site-packages/airflow/example_dags/tutorial.py took 0.057 seconds
[2024-01-23T22:22:41.417+0000] {processor.py:161} INFO - Started process (PID=348) to work on /home/airflow/.local/lib/python3.8/site-packages/airflow/example_dags/tutorial.py
[2024-01-23T22:22:41.417+0000] {processor.py:830} INFO - Processing file /home/airflow/.local/lib/python3.8/site-packages/airflow/example_dags/tutorial.py for tasks to queue
[2024-01-23T22:22:41.418+0000] {logging_mixin.py:188} INFO - [2024-01-23T22:22:41.418+0000] {dagbag.py:538} INFO - Filling up the DagBag from /home/airflow/.local/lib/python3.8/site-packages/airflow/example_dags/tutorial.py
[2024-01-23T22:22:41.422+0000] {processor.py:840} INFO - DAG(s) 'tutorial' retrieved from /home/airflow/.local/lib/python3.8/site-packages/airflow/example_dags/tutorial.py
[2024-01-23T22:22:41.434+0000] {logging_mixin.py:188} INFO - [2024-01-23T22:22:41.433+0000] {dag.py:3036} INFO - Sync 1 DAGs
[2024-01-23T22:22:41.446+0000] {logging_mixin.py:188} INFO - [2024-01-23T22:22:41.446+0000] {dag.py:3823} INFO - Setting next_dagrun for tutorial to 2024-01-22 00:00:00+00:00, run_after=2024-01-23 00:00:00+00:00
[2024-01-23T22:22:41.458+0000] {processor.py:183} INFO - Processing /home/airflow/.local/lib/python3.8/site-packages/airflow/example_dags/tutorial.py took 0.043 seconds
[2024-01-23T22:23:12.288+0000] {processor.py:161} INFO - Started process (PID=403) to work on /home/airflow/.local/lib/python3.8/site-packages/airflow/example_dags/tutorial.py
[2024-01-23T22:23:12.289+0000] {processor.py:830} INFO - Processing file /home/airflow/.local/lib/python3.8/site-packages/airflow/example_dags/tutorial.py for tasks to queue
[2024-01-23T22:23:12.290+0000] {logging_mixin.py:188} INFO - [2024-01-23T22:23:12.290+0000] {dagbag.py:538} INFO - Filling up the DagBag from /home/airflow/.local/lib/python3.8/site-packages/airflow/example_dags/tutorial.py
[2024-01-23T22:23:12.294+0000] {processor.py:840} INFO - DAG(s) 'tutorial' retrieved from /home/airflow/.local/lib/python3.8/site-packages/airflow/example_dags/tutorial.py
[2024-01-23T22:23:12.308+0000] {logging_mixin.py:188} INFO - [2024-01-23T22:23:12.308+0000] {dag.py:3036} INFO - Sync 1 DAGs
[2024-01-23T22:23:12.322+0000] {logging_mixin.py:188} INFO - [2024-01-23T22:23:12.322+0000] {dag.py:3823} INFO - Setting next_dagrun for tutorial to 2024-01-22 00:00:00+00:00, run_after=2024-01-23 00:00:00+00:00
[2024-01-23T22:23:12.334+0000] {processor.py:183} INFO - Processing /home/airflow/.local/lib/python3.8/site-packages/airflow/example_dags/tutorial.py took 0.048 seconds
[2024-01-23T22:23:42.367+0000] {processor.py:161} INFO - Started process (PID=458) to work on /home/airflow/.local/lib/python3.8/site-packages/airflow/example_dags/tutorial.py
[2024-01-23T22:23:42.367+0000] {processor.py:830} INFO - Processing file /home/airflow/.local/lib/python3.8/site-packages/airflow/example_dags/tutorial.py for tasks to queue
[2024-01-23T22:23:42.369+0000] {logging_mixin.py:188} INFO - [2024-01-23T22:23:42.369+0000] {dagbag.py:538} INFO - Filling up the DagBag from /home/airflow/.local/lib/python3.8/site-packages/airflow/example_dags/tutorial.py
[2024-01-23T22:23:42.372+0000] {processor.py:840} INFO - DAG(s) 'tutorial' retrieved from /home/airflow/.local/lib/python3.8/site-packages/airflow/example_dags/tutorial.py
[2024-01-23T22:23:42.384+0000] {logging_mixin.py:188} INFO - [2024-01-23T22:23:42.384+0000] {dag.py:3036} INFO - Sync 1 DAGs
[2024-01-23T22:23:42.397+0000] {logging_mixin.py:188} INFO - [2024-01-23T22:23:42.397+0000] {dag.py:3823} INFO - Setting next_dagrun for tutorial to 2024-01-22 00:00:00+00:00, run_after=2024-01-23 00:00:00+00:00
[2024-01-23T22:23:42.409+0000] {processor.py:183} INFO - Processing /home/airflow/.local/lib/python3.8/site-packages/airflow/example_dags/tutorial.py took 0.045 seconds
[2024-01-23T22:24:13.069+0000] {processor.py:161} INFO - Started process (PID=513) to work on /home/airflow/.local/lib/python3.8/site-packages/airflow/example_dags/tutorial.py
[2024-01-23T22:24:13.069+0000] {processor.py:830} INFO - Processing file /home/airflow/.local/lib/python3.8/site-packages/airflow/example_dags/tutorial.py for tasks to queue
[2024-01-23T22:24:13.070+0000] {logging_mixin.py:188} INFO - [2024-01-23T22:24:13.070+0000] {dagbag.py:538} INFO - Filling up the DagBag from /home/airflow/.local/lib/python3.8/site-packages/airflow/example_dags/tutorial.py
[2024-01-23T22:24:13.073+0000] {processor.py:840} INFO - DAG(s) 'tutorial' retrieved from /home/airflow/.local/lib/python3.8/site-packages/airflow/example_dags/tutorial.py
[2024-01-23T22:24:13.091+0000] {logging_mixin.py:188} INFO - [2024-01-23T22:24:13.090+0000] {dag.py:3036} INFO - Sync 1 DAGs
[2024-01-23T22:24:13.109+0000] {logging_mixin.py:188} INFO - [2024-01-23T22:24:13.109+0000] {dag.py:3823} INFO - Setting next_dagrun for tutorial to 2024-01-22 00:00:00+00:00, run_after=2024-01-23 00:00:00+00:00
[2024-01-23T22:24:13.122+0000] {processor.py:183} INFO - Processing /home/airflow/.local/lib/python3.8/site-packages/airflow/example_dags/tutorial.py took 0.057 seconds
[2024-01-23T22:24:43.340+0000] {processor.py:161} INFO - Started process (PID=568) to work on /home/airflow/.local/lib/python3.8/site-packages/airflow/example_dags/tutorial.py
[2024-01-23T22:24:43.340+0000] {processor.py:830} INFO - Processing file /home/airflow/.local/lib/python3.8/site-packages/airflow/example_dags/tutorial.py for tasks to queue
[2024-01-23T22:24:43.341+0000] {logging_mixin.py:188} INFO - [2024-01-23T22:24:43.341+0000] {dagbag.py:538} INFO - Filling up the DagBag from /home/airflow/.local/lib/python3.8/site-packages/airflow/example_dags/tutorial.py
[2024-01-23T22:24:43.344+0000] {processor.py:840} INFO - DAG(s) 'tutorial' retrieved from /home/airflow/.local/lib/python3.8/site-packages/airflow/example_dags/tutorial.py
[2024-01-23T22:24:43.358+0000] {logging_mixin.py:188} INFO - [2024-01-23T22:24:43.358+0000] {dag.py:3036} INFO - Sync 1 DAGs
[2024-01-23T22:24:43.372+0000] {logging_mixin.py:188} INFO - [2024-01-23T22:24:43.372+0000] {dag.py:3823} INFO - Setting next_dagrun for tutorial to 2024-01-22 00:00:00+00:00, run_after=2024-01-23 00:00:00+00:00
[2024-01-23T22:24:43.382+0000] {processor.py:183} INFO - Processing /home/airflow/.local/lib/python3.8/site-packages/airflow/example_dags/tutorial.py took 0.044 seconds
[2024-01-23T22:25:13.421+0000] {processor.py:161} INFO - Started process (PID=625) to work on /home/airflow/.local/lib/python3.8/site-packages/airflow/example_dags/tutorial.py
[2024-01-23T22:25:13.422+0000] {processor.py:830} INFO - Processing file /home/airflow/.local/lib/python3.8/site-packages/airflow/example_dags/tutorial.py for tasks to queue
[2024-01-23T22:25:13.423+0000] {logging_mixin.py:188} INFO - [2024-01-23T22:25:13.423+0000] {dagbag.py:538} INFO - Filling up the DagBag from /home/airflow/.local/lib/python3.8/site-packages/airflow/example_dags/tutorial.py
[2024-01-23T22:25:13.426+0000] {processor.py:840} INFO - DAG(s) 'tutorial' retrieved from /home/airflow/.local/lib/python3.8/site-packages/airflow/example_dags/tutorial.py
[2024-01-23T22:25:13.437+0000] {logging_mixin.py:188} INFO - [2024-01-23T22:25:13.437+0000] {dag.py:3036} INFO - Sync 1 DAGs
[2024-01-23T22:25:13.449+0000] {logging_mixin.py:188} INFO - [2024-01-23T22:25:13.449+0000] {dag.py:3823} INFO - Setting next_dagrun for tutorial to 2024-01-22 00:00:00+00:00, run_after=2024-01-23 00:00:00+00:00
[2024-01-23T22:25:13.458+0000] {processor.py:183} INFO - Processing /home/airflow/.local/lib/python3.8/site-packages/airflow/example_dags/tutorial.py took 0.039 seconds
[2024-01-23T22:25:43.682+0000] {processor.py:161} INFO - Started process (PID=682) to work on /home/airflow/.local/lib/python3.8/site-packages/airflow/example_dags/tutorial.py
[2024-01-23T22:25:43.683+0000] {processor.py:830} INFO - Processing file /home/airflow/.local/lib/python3.8/site-packages/airflow/example_dags/tutorial.py for tasks to queue
[2024-01-23T22:25:43.684+0000] {logging_mixin.py:188} INFO - [2024-01-23T22:25:43.684+0000] {dagbag.py:538} INFO - Filling up the DagBag from /home/airflow/.local/lib/python3.8/site-packages/airflow/example_dags/tutorial.py
[2024-01-23T22:25:43.688+0000] {processor.py:840} INFO - DAG(s) 'tutorial' retrieved from /home/airflow/.local/lib/python3.8/site-packages/airflow/example_dags/tutorial.py
[2024-01-23T22:25:43.700+0000] {logging_mixin.py:188} INFO - [2024-01-23T22:25:43.699+0000] {dag.py:3036} INFO - Sync 1 DAGs
[2024-01-23T22:25:43.712+0000] {logging_mixin.py:188} INFO - [2024-01-23T22:25:43.712+0000] {dag.py:3823} INFO - Setting next_dagrun for tutorial to 2024-01-22 00:00:00+00:00, run_after=2024-01-23 00:00:00+00:00
[2024-01-23T22:25:43.723+0000] {processor.py:183} INFO - Processing /home/airflow/.local/lib/python3.8/site-packages/airflow/example_dags/tutorial.py took 0.043 seconds
[2024-01-23T22:26:13.814+0000] {processor.py:161} INFO - Started process (PID=739) to work on /home/airflow/.local/lib/python3.8/site-packages/airflow/example_dags/tutorial.py
[2024-01-23T22:26:13.815+0000] {processor.py:830} INFO - Processing file /home/airflow/.local/lib/python3.8/site-packages/airflow/example_dags/tutorial.py for tasks to queue
[2024-01-23T22:26:13.816+0000] {logging_mixin.py:188} INFO - [2024-01-23T22:26:13.815+0000] {dagbag.py:538} INFO - Filling up the DagBag from /home/airflow/.local/lib/python3.8/site-packages/airflow/example_dags/tutorial.py
[2024-01-23T22:26:13.820+0000] {processor.py:840} INFO - DAG(s) 'tutorial' retrieved from /home/airflow/.local/lib/python3.8/site-packages/airflow/example_dags/tutorial.py
[2024-01-23T22:26:13.836+0000] {logging_mixin.py:188} INFO - [2024-01-23T22:26:13.836+0000] {dag.py:3036} INFO - Sync 1 DAGs
[2024-01-23T22:26:13.857+0000] {logging_mixin.py:188} INFO - [2024-01-23T22:26:13.857+0000] {dag.py:3823} INFO - Setting next_dagrun for tutorial to 2024-01-22 00:00:00+00:00, run_after=2024-01-23 00:00:00+00:00
[2024-01-23T22:26:13.873+0000] {processor.py:183} INFO - Processing /home/airflow/.local/lib/python3.8/site-packages/airflow/example_dags/tutorial.py took 0.061 seconds
[2024-01-23T22:26:44.251+0000] {processor.py:161} INFO - Started process (PID=797) to work on /home/airflow/.local/lib/python3.8/site-packages/airflow/example_dags/tutorial.py
[2024-01-23T22:26:44.252+0000] {processor.py:830} INFO - Processing file /home/airflow/.local/lib/python3.8/site-packages/airflow/example_dags/tutorial.py for tasks to queue
[2024-01-23T22:26:44.254+0000] {logging_mixin.py:188} INFO - [2024-01-23T22:26:44.253+0000] {dagbag.py:538} INFO - Filling up the DagBag from /home/airflow/.local/lib/python3.8/site-packages/airflow/example_dags/tutorial.py
[2024-01-23T22:26:44.258+0000] {processor.py:840} INFO - DAG(s) 'tutorial' retrieved from /home/airflow/.local/lib/python3.8/site-packages/airflow/example_dags/tutorial.py
[2024-01-23T22:26:44.280+0000] {logging_mixin.py:188} INFO - [2024-01-23T22:26:44.280+0000] {dag.py:3036} INFO - Sync 1 DAGs
[2024-01-23T22:26:44.310+0000] {logging_mixin.py:188} INFO - [2024-01-23T22:26:44.310+0000] {dag.py:3823} INFO - Setting next_dagrun for tutorial to 2024-01-22 00:00:00+00:00, run_after=2024-01-23 00:00:00+00:00
[2024-01-23T22:26:44.339+0000] {processor.py:183} INFO - Processing /home/airflow/.local/lib/python3.8/site-packages/airflow/example_dags/tutorial.py took 0.091 seconds
[2024-01-23T22:27:15.245+0000] {processor.py:161} INFO - Started process (PID=854) to work on /home/airflow/.local/lib/python3.8/site-packages/airflow/example_dags/tutorial.py
[2024-01-23T22:27:15.246+0000] {processor.py:830} INFO - Processing file /home/airflow/.local/lib/python3.8/site-packages/airflow/example_dags/tutorial.py for tasks to queue
[2024-01-23T22:27:15.247+0000] {logging_mixin.py:188} INFO - [2024-01-23T22:27:15.247+0000] {dagbag.py:538} INFO - Filling up the DagBag from /home/airflow/.local/lib/python3.8/site-packages/airflow/example_dags/tutorial.py
[2024-01-23T22:27:15.251+0000] {processor.py:840} INFO - DAG(s) 'tutorial' retrieved from /home/airflow/.local/lib/python3.8/site-packages/airflow/example_dags/tutorial.py
[2024-01-23T22:27:15.265+0000] {logging_mixin.py:188} INFO - [2024-01-23T22:27:15.264+0000] {dag.py:3036} INFO - Sync 1 DAGs
[2024-01-23T22:27:15.279+0000] {logging_mixin.py:188} INFO - [2024-01-23T22:27:15.279+0000] {dag.py:3823} INFO - Setting next_dagrun for tutorial to 2024-01-22 00:00:00+00:00, run_after=2024-01-23 00:00:00+00:00
[2024-01-23T22:27:15.293+0000] {processor.py:183} INFO - Processing /home/airflow/.local/lib/python3.8/site-packages/airflow/example_dags/tutorial.py took 0.049 seconds
[2024-01-23T22:27:45.541+0000] {processor.py:161} INFO - Started process (PID=910) to work on /home/airflow/.local/lib/python3.8/site-packages/airflow/example_dags/tutorial.py
[2024-01-23T22:27:45.541+0000] {processor.py:830} INFO - Processing file /home/airflow/.local/lib/python3.8/site-packages/airflow/example_dags/tutorial.py for tasks to queue
[2024-01-23T22:27:45.543+0000] {logging_mixin.py:188} INFO - [2024-01-23T22:27:45.542+0000] {dagbag.py:538} INFO - Filling up the DagBag from /home/airflow/.local/lib/python3.8/site-packages/airflow/example_dags/tutorial.py
[2024-01-23T22:27:45.546+0000] {processor.py:840} INFO - DAG(s) 'tutorial' retrieved from /home/airflow/.local/lib/python3.8/site-packages/airflow/example_dags/tutorial.py
[2024-01-23T22:27:45.560+0000] {logging_mixin.py:188} INFO - [2024-01-23T22:27:45.559+0000] {dag.py:3036} INFO - Sync 1 DAGs
[2024-01-23T22:27:45.575+0000] {logging_mixin.py:188} INFO - [2024-01-23T22:27:45.575+0000] {dag.py:3823} INFO - Setting next_dagrun for tutorial to 2024-01-22 00:00:00+00:00, run_after=2024-01-23 00:00:00+00:00
[2024-01-23T22:27:45.587+0000] {processor.py:183} INFO - Processing /home/airflow/.local/lib/python3.8/site-packages/airflow/example_dags/tutorial.py took 0.049 seconds
[2024-01-23T22:28:15.612+0000] {processor.py:161} INFO - Started process (PID=967) to work on /home/airflow/.local/lib/python3.8/site-packages/airflow/example_dags/tutorial.py
[2024-01-23T22:28:15.612+0000] {processor.py:830} INFO - Processing file /home/airflow/.local/lib/python3.8/site-packages/airflow/example_dags/tutorial.py for tasks to queue
[2024-01-23T22:28:15.613+0000] {logging_mixin.py:188} INFO - [2024-01-23T22:28:15.613+0000] {dagbag.py:538} INFO - Filling up the DagBag from /home/airflow/.local/lib/python3.8/site-packages/airflow/example_dags/tutorial.py
[2024-01-23T22:28:15.617+0000] {processor.py:840} INFO - DAG(s) 'tutorial' retrieved from /home/airflow/.local/lib/python3.8/site-packages/airflow/example_dags/tutorial.py
[2024-01-23T22:28:15.629+0000] {logging_mixin.py:188} INFO - [2024-01-23T22:28:15.629+0000] {dag.py:3036} INFO - Sync 1 DAGs
[2024-01-23T22:28:15.642+0000] {logging_mixin.py:188} INFO - [2024-01-23T22:28:15.642+0000] {dag.py:3823} INFO - Setting next_dagrun for tutorial to 2024-01-22 00:00:00+00:00, run_after=2024-01-23 00:00:00+00:00
[2024-01-23T22:28:15.653+0000] {processor.py:183} INFO - Processing /home/airflow/.local/lib/python3.8/site-packages/airflow/example_dags/tutorial.py took 0.043 seconds
[2024-01-23T22:28:45.857+0000] {processor.py:161} INFO - Started process (PID=1024) to work on /home/airflow/.local/lib/python3.8/site-packages/airflow/example_dags/tutorial.py
[2024-01-23T22:28:45.858+0000] {processor.py:830} INFO - Processing file /home/airflow/.local/lib/python3.8/site-packages/airflow/example_dags/tutorial.py for tasks to queue
[2024-01-23T22:28:45.859+0000] {logging_mixin.py:188} INFO - [2024-01-23T22:28:45.859+0000] {dagbag.py:538} INFO - Filling up the DagBag from /home/airflow/.local/lib/python3.8/site-packages/airflow/example_dags/tutorial.py
[2024-01-23T22:28:45.862+0000] {processor.py:840} INFO - DAG(s) 'tutorial' retrieved from /home/airflow/.local/lib/python3.8/site-packages/airflow/example_dags/tutorial.py
[2024-01-23T22:28:45.874+0000] {logging_mixin.py:188} INFO - [2024-01-23T22:28:45.874+0000] {dag.py:3036} INFO - Sync 1 DAGs
[2024-01-23T22:28:45.887+0000] {logging_mixin.py:188} INFO - [2024-01-23T22:28:45.887+0000] {dag.py:3823} INFO - Setting next_dagrun for tutorial to 2024-01-22 00:00:00+00:00, run_after=2024-01-23 00:00:00+00:00
[2024-01-23T22:28:45.898+0000] {processor.py:183} INFO - Processing /home/airflow/.local/lib/python3.8/site-packages/airflow/example_dags/tutorial.py took 0.043 seconds
[2024-01-23T22:29:16.134+0000] {processor.py:161} INFO - Started process (PID=1081) to work on /home/airflow/.local/lib/python3.8/site-packages/airflow/example_dags/tutorial.py
[2024-01-23T22:29:16.135+0000] {processor.py:830} INFO - Processing file /home/airflow/.local/lib/python3.8/site-packages/airflow/example_dags/tutorial.py for tasks to queue
[2024-01-23T22:29:16.136+0000] {logging_mixin.py:188} INFO - [2024-01-23T22:29:16.136+0000] {dagbag.py:538} INFO - Filling up the DagBag from /home/airflow/.local/lib/python3.8/site-packages/airflow/example_dags/tutorial.py
[2024-01-23T22:29:16.139+0000] {processor.py:840} INFO - DAG(s) 'tutorial' retrieved from /home/airflow/.local/lib/python3.8/site-packages/airflow/example_dags/tutorial.py
[2024-01-23T22:29:16.151+0000] {logging_mixin.py:188} INFO - [2024-01-23T22:29:16.150+0000] {dag.py:3036} INFO - Sync 1 DAGs
[2024-01-23T22:29:16.162+0000] {logging_mixin.py:188} INFO - [2024-01-23T22:29:16.162+0000] {dag.py:3823} INFO - Setting next_dagrun for tutorial to 2024-01-22 00:00:00+00:00, run_after=2024-01-23 00:00:00+00:00
[2024-01-23T22:29:16.172+0000] {processor.py:183} INFO - Processing /home/airflow/.local/lib/python3.8/site-packages/airflow/example_dags/tutorial.py took 0.040 seconds
[2024-01-23T22:29:46.326+0000] {processor.py:161} INFO - Started process (PID=1138) to work on /home/airflow/.local/lib/python3.8/site-packages/airflow/example_dags/tutorial.py
[2024-01-23T22:29:46.327+0000] {processor.py:830} INFO - Processing file /home/airflow/.local/lib/python3.8/site-packages/airflow/example_dags/tutorial.py for tasks to queue
[2024-01-23T22:29:46.328+0000] {logging_mixin.py:188} INFO - [2024-01-23T22:29:46.327+0000] {dagbag.py:538} INFO - Filling up the DagBag from /home/airflow/.local/lib/python3.8/site-packages/airflow/example_dags/tutorial.py
[2024-01-23T22:29:46.331+0000] {processor.py:840} INFO - DAG(s) 'tutorial' retrieved from /home/airflow/.local/lib/python3.8/site-packages/airflow/example_dags/tutorial.py
[2024-01-23T22:29:46.342+0000] {logging_mixin.py:188} INFO - [2024-01-23T22:29:46.342+0000] {dag.py:3036} INFO - Sync 1 DAGs
[2024-01-23T22:29:46.355+0000] {logging_mixin.py:188} INFO - [2024-01-23T22:29:46.355+0000] {dag.py:3823} INFO - Setting next_dagrun for tutorial to 2024-01-22 00:00:00+00:00, run_after=2024-01-23 00:00:00+00:00
[2024-01-23T22:29:46.367+0000] {processor.py:183} INFO - Processing /home/airflow/.local/lib/python3.8/site-packages/airflow/example_dags/tutorial.py took 0.043 seconds
