[2024-01-23T22:35:24.653+0000] {taskinstance.py:1956} INFO - Dependencies all met for dep_context=non-requeueable deps ti=<TaskInstance: example_postgres_dag.generate_random_data_task scheduled__2024-01-19T00:00:00+00:00 [queued]>
[2024-01-23T22:35:24.664+0000] {taskinstance.py:1956} INFO - Dependencies all met for dep_context=requeueable deps ti=<TaskInstance: example_postgres_dag.generate_random_data_task scheduled__2024-01-19T00:00:00+00:00 [queued]>
[2024-01-23T22:35:24.665+0000] {taskinstance.py:2170} INFO - Starting attempt 1 of 2
[2024-01-23T22:35:24.687+0000] {taskinstance.py:2191} INFO - Executing <Task(PythonOperator): generate_random_data_task> on 2024-01-19 00:00:00+00:00
[2024-01-23T22:35:24.700+0000] {standard_task_runner.py:60} INFO - Started process 290 to run task
[2024-01-23T22:35:24.704+0000] {standard_task_runner.py:87} INFO - Running: ['***', 'tasks', 'run', 'example_postgres_dag', 'generate_random_data_task', 'scheduled__2024-01-19T00:00:00+00:00', '--job-id', '42', '--raw', '--subdir', 'DAGS_FOLDER/salvaarquivo.py', '--cfg-path', '/tmp/tmprg0_lir6']
[2024-01-23T22:35:24.707+0000] {standard_task_runner.py:88} INFO - Job 42: Subtask generate_random_data_task
[2024-01-23T22:35:24.784+0000] {task_command.py:423} INFO - Running <TaskInstance: example_postgres_dag.generate_random_data_task scheduled__2024-01-19T00:00:00+00:00 [running]> on host 728782aa8dd3
[2024-01-23T22:35:25.103+0000] {taskinstance.py:2480} INFO - Exporting env vars: AIRFLOW_CTX_DAG_OWNER='***' AIRFLOW_CTX_DAG_ID='example_postgres_dag' AIRFLOW_CTX_TASK_ID='generate_random_data_task' AIRFLOW_CTX_EXECUTION_DATE='2024-01-19T00:00:00+00:00' AIRFLOW_CTX_TRY_NUMBER='1' AIRFLOW_CTX_DAG_RUN_ID='scheduled__2024-01-19T00:00:00+00:00'
[2024-01-23T22:35:25.105+0000] {python.py:201} INFO - Done. Returned value was:                    timestamp  value
0 2024-01-23 22:35:25.104648     73
1 2024-01-22 22:35:25.104654     83
2 2024-01-21 22:35:25.104656     60
3 2024-01-20 22:35:25.104658     76
4 2024-01-19 22:35:25.104659     99
5 2024-01-18 22:35:25.104661     84
6 2024-01-17 22:35:25.104662     17
7 2024-01-16 22:35:25.104663     12
8 2024-01-15 22:35:25.104665     63
9 2024-01-14 22:35:25.104666     92
[2024-01-23T22:35:25.153+0000] {taskinstance.py:1138} INFO - Marking task as SUCCESS. dag_id=example_postgres_dag, task_id=generate_random_data_task, execution_date=20240119T000000, start_date=20240123T223524, end_date=20240123T223525
[2024-01-23T22:35:25.203+0000] {local_task_job_runner.py:234} INFO - Task exited with return code 0
[2024-01-23T22:35:25.220+0000] {taskinstance.py:3280} INFO - 1 downstream tasks scheduled from follow-on schedule check
