[2024-01-23T22:35:15.690+0000] {taskinstance.py:1956} INFO - Dependencies all met for dep_context=non-requeueable deps ti=<TaskInstance: example_postgres_dag.generate_random_data_task manual__2024-01-23T22:35:13.609468+00:00 [queued]>
[2024-01-23T22:35:15.705+0000] {taskinstance.py:1956} INFO - Dependencies all met for dep_context=requeueable deps ti=<TaskInstance: example_postgres_dag.generate_random_data_task manual__2024-01-23T22:35:13.609468+00:00 [queued]>
[2024-01-23T22:35:15.705+0000] {taskinstance.py:2170} INFO - Starting attempt 1 of 2
[2024-01-23T22:35:16.037+0000] {taskinstance.py:2191} INFO - Executing <Task(PythonOperator): generate_random_data_task> on 2024-01-23 22:35:13.609468+00:00
[2024-01-23T22:35:16.052+0000] {standard_task_runner.py:60} INFO - Started process 134 to run task
[2024-01-23T22:35:16.057+0000] {standard_task_runner.py:87} INFO - Running: ['***', 'tasks', 'run', 'example_postgres_dag', 'generate_random_data_task', 'manual__2024-01-23T22:35:13.609468+00:00', '--job-id', '8', '--raw', '--subdir', 'DAGS_FOLDER/salvaarquivo.py', '--cfg-path', '/tmp/tmp1b4fwtu6']
[2024-01-23T22:35:16.069+0000] {standard_task_runner.py:88} INFO - Job 8: Subtask generate_random_data_task
[2024-01-23T22:35:16.211+0000] {task_command.py:423} INFO - Running <TaskInstance: example_postgres_dag.generate_random_data_task manual__2024-01-23T22:35:13.609468+00:00 [running]> on host 728782aa8dd3
[2024-01-23T22:35:16.491+0000] {taskinstance.py:2480} INFO - Exporting env vars: AIRFLOW_CTX_DAG_OWNER='***' AIRFLOW_CTX_DAG_ID='example_postgres_dag' AIRFLOW_CTX_TASK_ID='generate_random_data_task' AIRFLOW_CTX_EXECUTION_DATE='2024-01-23T22:35:13.609468+00:00' AIRFLOW_CTX_TRY_NUMBER='1' AIRFLOW_CTX_DAG_RUN_ID='manual__2024-01-23T22:35:13.609468+00:00'
[2024-01-23T22:35:16.507+0000] {python.py:201} INFO - Done. Returned value was:                    timestamp  value
0 2024-01-23 22:35:16.503852     27
1 2024-01-22 22:35:16.503861      5
2 2024-01-21 22:35:16.503863     93
3 2024-01-20 22:35:16.503865     85
4 2024-01-19 22:35:16.503866      3
5 2024-01-18 22:35:16.503868     84
6 2024-01-17 22:35:16.503869     14
7 2024-01-16 22:35:16.503871     59
8 2024-01-15 22:35:16.503872     91
9 2024-01-14 22:35:16.503874     33
[2024-01-23T22:35:16.653+0000] {taskinstance.py:1138} INFO - Marking task as SUCCESS. dag_id=example_postgres_dag, task_id=generate_random_data_task, execution_date=20240123T223513, start_date=20240123T223515, end_date=20240123T223516
[2024-01-23T22:35:16.787+0000] {local_task_job_runner.py:234} INFO - Task exited with return code 0
[2024-01-23T22:35:16.835+0000] {taskinstance.py:3280} INFO - 1 downstream tasks scheduled from follow-on schedule check
