[2024-01-23T22:25:05.073+0000] {processor.py:161} INFO - Started process (PID=585) to work on /opt/airflow/dags/salvaarquivo.py
[2024-01-23T22:25:05.073+0000] {processor.py:830} INFO - Processing file /opt/airflow/dags/salvaarquivo.py for tasks to queue
[2024-01-23T22:25:05.074+0000] {logging_mixin.py:188} INFO - [2024-01-23T22:25:05.074+0000] {dagbag.py:538} INFO - Filling up the DagBag from /opt/airflow/dags/salvaarquivo.py
[2024-01-23T22:25:05.334+0000] {processor.py:840} INFO - DAG(s) 'example_postgres_dag' retrieved from /opt/airflow/dags/salvaarquivo.py
[2024-01-23T22:25:05.392+0000] {logging_mixin.py:188} INFO - [2024-01-23T22:25:05.391+0000] {override.py:1769} INFO - Created Permission View: can delete on DAG:example_postgres_dag
[2024-01-23T22:25:05.397+0000] {logging_mixin.py:188} INFO - [2024-01-23T22:25:05.397+0000] {override.py:1769} INFO - Created Permission View: can edit on DAG:example_postgres_dag
[2024-01-23T22:25:05.402+0000] {logging_mixin.py:188} INFO - [2024-01-23T22:25:05.401+0000] {override.py:1769} INFO - Created Permission View: can read on DAG:example_postgres_dag
[2024-01-23T22:25:05.402+0000] {logging_mixin.py:188} INFO - [2024-01-23T22:25:05.402+0000] {dag.py:3036} INFO - Sync 1 DAGs
[2024-01-23T22:25:05.409+0000] {logging_mixin.py:188} INFO - [2024-01-23T22:25:05.409+0000] {dag.py:3058} INFO - Creating ORM DAG for example_postgres_dag
[2024-01-23T22:25:05.415+0000] {logging_mixin.py:188} INFO - [2024-01-23T22:25:05.415+0000] {dag.py:3823} INFO - Setting next_dagrun for example_postgres_dag to 2024-01-01 00:00:00+00:00, run_after=2024-01-02 00:00:00+00:00
[2024-01-23T22:25:05.423+0000] {processor.py:183} INFO - Processing /opt/airflow/dags/salvaarquivo.py took 0.352 seconds
[2024-01-23T22:25:35.848+0000] {processor.py:161} INFO - Started process (PID=642) to work on /opt/airflow/dags/salvaarquivo.py
[2024-01-23T22:25:35.850+0000] {processor.py:830} INFO - Processing file /opt/airflow/dags/salvaarquivo.py for tasks to queue
[2024-01-23T22:25:35.851+0000] {logging_mixin.py:188} INFO - [2024-01-23T22:25:35.851+0000] {dagbag.py:538} INFO - Filling up the DagBag from /opt/airflow/dags/salvaarquivo.py
[2024-01-23T22:25:36.097+0000] {processor.py:840} INFO - DAG(s) 'example_postgres_dag' retrieved from /opt/airflow/dags/salvaarquivo.py
[2024-01-23T22:25:36.107+0000] {logging_mixin.py:188} INFO - [2024-01-23T22:25:36.107+0000] {dag.py:3036} INFO - Sync 1 DAGs
[2024-01-23T22:25:36.118+0000] {logging_mixin.py:188} INFO - [2024-01-23T22:25:36.118+0000] {dag.py:3823} INFO - Setting next_dagrun for example_postgres_dag to 2024-01-01 00:00:00+00:00, run_after=2024-01-02 00:00:00+00:00
[2024-01-23T22:25:36.135+0000] {processor.py:183} INFO - Processing /opt/airflow/dags/salvaarquivo.py took 0.289 seconds
[2024-01-23T22:26:06.326+0000] {processor.py:161} INFO - Started process (PID=699) to work on /opt/airflow/dags/salvaarquivo.py
[2024-01-23T22:26:06.327+0000] {processor.py:830} INFO - Processing file /opt/airflow/dags/salvaarquivo.py for tasks to queue
[2024-01-23T22:26:06.328+0000] {logging_mixin.py:188} INFO - [2024-01-23T22:26:06.328+0000] {dagbag.py:538} INFO - Filling up the DagBag from /opt/airflow/dags/salvaarquivo.py
[2024-01-23T22:26:06.594+0000] {processor.py:840} INFO - DAG(s) 'example_postgres_dag' retrieved from /opt/airflow/dags/salvaarquivo.py
[2024-01-23T22:26:06.604+0000] {logging_mixin.py:188} INFO - [2024-01-23T22:26:06.603+0000] {dag.py:3036} INFO - Sync 1 DAGs
[2024-01-23T22:26:06.614+0000] {logging_mixin.py:188} INFO - [2024-01-23T22:26:06.614+0000] {dag.py:3823} INFO - Setting next_dagrun for example_postgres_dag to 2024-01-01 00:00:00+00:00, run_after=2024-01-02 00:00:00+00:00
[2024-01-23T22:26:06.632+0000] {processor.py:183} INFO - Processing /opt/airflow/dags/salvaarquivo.py took 0.307 seconds
[2024-01-23T22:26:37.197+0000] {processor.py:161} INFO - Started process (PID=756) to work on /opt/airflow/dags/salvaarquivo.py
[2024-01-23T22:26:37.197+0000] {processor.py:830} INFO - Processing file /opt/airflow/dags/salvaarquivo.py for tasks to queue
[2024-01-23T22:26:37.199+0000] {logging_mixin.py:188} INFO - [2024-01-23T22:26:37.198+0000] {dagbag.py:538} INFO - Filling up the DagBag from /opt/airflow/dags/salvaarquivo.py
[2024-01-23T22:26:37.492+0000] {processor.py:840} INFO - DAG(s) 'example_postgres_dag' retrieved from /opt/airflow/dags/salvaarquivo.py
[2024-01-23T22:26:37.503+0000] {logging_mixin.py:188} INFO - [2024-01-23T22:26:37.503+0000] {dag.py:3036} INFO - Sync 1 DAGs
[2024-01-23T22:26:37.515+0000] {logging_mixin.py:188} INFO - [2024-01-23T22:26:37.515+0000] {dag.py:3823} INFO - Setting next_dagrun for example_postgres_dag to 2024-01-01 00:00:00+00:00, run_after=2024-01-02 00:00:00+00:00
[2024-01-23T22:26:37.526+0000] {processor.py:183} INFO - Processing /opt/airflow/dags/salvaarquivo.py took 0.331 seconds
[2024-01-23T22:27:07.710+0000] {processor.py:161} INFO - Started process (PID=813) to work on /opt/airflow/dags/salvaarquivo.py
[2024-01-23T22:27:07.710+0000] {processor.py:830} INFO - Processing file /opt/airflow/dags/salvaarquivo.py for tasks to queue
[2024-01-23T22:27:07.711+0000] {logging_mixin.py:188} INFO - [2024-01-23T22:27:07.711+0000] {dagbag.py:538} INFO - Filling up the DagBag from /opt/airflow/dags/salvaarquivo.py
[2024-01-23T22:27:08.084+0000] {processor.py:840} INFO - DAG(s) 'example_postgres_dag' retrieved from /opt/airflow/dags/salvaarquivo.py
[2024-01-23T22:27:08.098+0000] {logging_mixin.py:188} INFO - [2024-01-23T22:27:08.098+0000] {dag.py:3036} INFO - Sync 1 DAGs
[2024-01-23T22:27:08.113+0000] {logging_mixin.py:188} INFO - [2024-01-23T22:27:08.113+0000] {dag.py:3823} INFO - Setting next_dagrun for example_postgres_dag to 2024-01-01 00:00:00+00:00, run_after=2024-01-02 00:00:00+00:00
[2024-01-23T22:27:08.125+0000] {processor.py:183} INFO - Processing /opt/airflow/dags/salvaarquivo.py took 0.417 seconds
[2024-01-23T22:27:38.710+0000] {processor.py:161} INFO - Started process (PID=870) to work on /opt/airflow/dags/salvaarquivo.py
[2024-01-23T22:27:38.711+0000] {processor.py:830} INFO - Processing file /opt/airflow/dags/salvaarquivo.py for tasks to queue
[2024-01-23T22:27:38.713+0000] {logging_mixin.py:188} INFO - [2024-01-23T22:27:38.713+0000] {dagbag.py:538} INFO - Filling up the DagBag from /opt/airflow/dags/salvaarquivo.py
[2024-01-23T22:27:39.038+0000] {processor.py:840} INFO - DAG(s) 'example_postgres_dag' retrieved from /opt/airflow/dags/salvaarquivo.py
[2024-01-23T22:27:39.048+0000] {logging_mixin.py:188} INFO - [2024-01-23T22:27:39.048+0000] {dag.py:3036} INFO - Sync 1 DAGs
[2024-01-23T22:27:39.061+0000] {logging_mixin.py:188} INFO - [2024-01-23T22:27:39.060+0000] {dag.py:3823} INFO - Setting next_dagrun for example_postgres_dag to 2024-01-01 00:00:00+00:00, run_after=2024-01-02 00:00:00+00:00
[2024-01-23T22:27:39.072+0000] {processor.py:183} INFO - Processing /opt/airflow/dags/salvaarquivo.py took 0.365 seconds
[2024-01-23T22:28:09.349+0000] {processor.py:161} INFO - Started process (PID=927) to work on /opt/airflow/dags/salvaarquivo.py
[2024-01-23T22:28:09.358+0000] {processor.py:830} INFO - Processing file /opt/airflow/dags/salvaarquivo.py for tasks to queue
[2024-01-23T22:28:09.361+0000] {logging_mixin.py:188} INFO - [2024-01-23T22:28:09.360+0000] {dagbag.py:538} INFO - Filling up the DagBag from /opt/airflow/dags/salvaarquivo.py
[2024-01-23T22:28:09.597+0000] {processor.py:840} INFO - DAG(s) 'example_postgres_dag' retrieved from /opt/airflow/dags/salvaarquivo.py
[2024-01-23T22:28:09.607+0000] {logging_mixin.py:188} INFO - [2024-01-23T22:28:09.607+0000] {dag.py:3036} INFO - Sync 1 DAGs
[2024-01-23T22:28:09.618+0000] {logging_mixin.py:188} INFO - [2024-01-23T22:28:09.618+0000] {dag.py:3823} INFO - Setting next_dagrun for example_postgres_dag to 2024-01-01 00:00:00+00:00, run_after=2024-01-02 00:00:00+00:00
[2024-01-23T22:28:09.636+0000] {processor.py:183} INFO - Processing /opt/airflow/dags/salvaarquivo.py took 0.291 seconds
[2024-01-23T22:28:40.080+0000] {processor.py:161} INFO - Started process (PID=984) to work on /opt/airflow/dags/salvaarquivo.py
[2024-01-23T22:28:40.088+0000] {processor.py:830} INFO - Processing file /opt/airflow/dags/salvaarquivo.py for tasks to queue
[2024-01-23T22:28:40.090+0000] {logging_mixin.py:188} INFO - [2024-01-23T22:28:40.090+0000] {dagbag.py:538} INFO - Filling up the DagBag from /opt/airflow/dags/salvaarquivo.py
[2024-01-23T22:28:40.322+0000] {processor.py:840} INFO - DAG(s) 'example_postgres_dag' retrieved from /opt/airflow/dags/salvaarquivo.py
[2024-01-23T22:28:40.332+0000] {logging_mixin.py:188} INFO - [2024-01-23T22:28:40.332+0000] {dag.py:3036} INFO - Sync 1 DAGs
[2024-01-23T22:28:40.343+0000] {logging_mixin.py:188} INFO - [2024-01-23T22:28:40.343+0000] {dag.py:3823} INFO - Setting next_dagrun for example_postgres_dag to 2024-01-01 00:00:00+00:00, run_after=2024-01-02 00:00:00+00:00
[2024-01-23T22:28:40.360+0000] {processor.py:183} INFO - Processing /opt/airflow/dags/salvaarquivo.py took 0.282 seconds
[2024-01-23T22:29:10.595+0000] {processor.py:161} INFO - Started process (PID=1041) to work on /opt/airflow/dags/salvaarquivo.py
[2024-01-23T22:29:10.602+0000] {processor.py:830} INFO - Processing file /opt/airflow/dags/salvaarquivo.py for tasks to queue
[2024-01-23T22:29:10.604+0000] {logging_mixin.py:188} INFO - [2024-01-23T22:29:10.603+0000] {dagbag.py:538} INFO - Filling up the DagBag from /opt/airflow/dags/salvaarquivo.py
[2024-01-23T22:29:10.850+0000] {processor.py:840} INFO - DAG(s) 'example_postgres_dag' retrieved from /opt/airflow/dags/salvaarquivo.py
[2024-01-23T22:29:10.859+0000] {logging_mixin.py:188} INFO - [2024-01-23T22:29:10.859+0000] {dag.py:3036} INFO - Sync 1 DAGs
[2024-01-23T22:29:10.871+0000] {logging_mixin.py:188} INFO - [2024-01-23T22:29:10.870+0000] {dag.py:3823} INFO - Setting next_dagrun for example_postgres_dag to 2024-01-01 00:00:00+00:00, run_after=2024-01-02 00:00:00+00:00
[2024-01-23T22:29:10.881+0000] {processor.py:183} INFO - Processing /opt/airflow/dags/salvaarquivo.py took 0.288 seconds
[2024-01-23T22:29:40.945+0000] {processor.py:161} INFO - Started process (PID=1098) to work on /opt/airflow/dags/salvaarquivo.py
[2024-01-23T22:29:40.953+0000] {processor.py:830} INFO - Processing file /opt/airflow/dags/salvaarquivo.py for tasks to queue
[2024-01-23T22:29:40.956+0000] {logging_mixin.py:188} INFO - [2024-01-23T22:29:40.955+0000] {dagbag.py:538} INFO - Filling up the DagBag from /opt/airflow/dags/salvaarquivo.py
[2024-01-23T22:29:41.192+0000] {processor.py:840} INFO - DAG(s) 'example_postgres_dag' retrieved from /opt/airflow/dags/salvaarquivo.py
[2024-01-23T22:29:41.201+0000] {logging_mixin.py:188} INFO - [2024-01-23T22:29:41.201+0000] {dag.py:3036} INFO - Sync 1 DAGs
[2024-01-23T22:29:41.212+0000] {logging_mixin.py:188} INFO - [2024-01-23T22:29:41.212+0000] {dag.py:3823} INFO - Setting next_dagrun for example_postgres_dag to 2024-01-01 00:00:00+00:00, run_after=2024-01-02 00:00:00+00:00
[2024-01-23T22:29:41.223+0000] {processor.py:183} INFO - Processing /opt/airflow/dags/salvaarquivo.py took 0.283 seconds
[2024-01-23T22:30:38.552+0000] {processor.py:161} INFO - Started process (PID=35) to work on /opt/airflow/dags/salvaarquivo.py
[2024-01-23T22:30:38.552+0000] {processor.py:830} INFO - Processing file /opt/airflow/dags/salvaarquivo.py for tasks to queue
[2024-01-23T22:30:38.554+0000] {logging_mixin.py:188} INFO - [2024-01-23T22:30:38.553+0000] {dagbag.py:538} INFO - Filling up the DagBag from /opt/airflow/dags/salvaarquivo.py
[2024-01-23T22:30:39.303+0000] {processor.py:840} INFO - DAG(s) 'example_postgres_dag' retrieved from /opt/airflow/dags/salvaarquivo.py
[2024-01-23T22:30:39.558+0000] {logging_mixin.py:188} INFO - [2024-01-23T22:30:39.558+0000] {dag.py:3036} INFO - Sync 1 DAGs
[2024-01-23T22:30:39.579+0000] {logging_mixin.py:188} INFO - [2024-01-23T22:30:39.578+0000] {dag.py:3823} INFO - Setting next_dagrun for example_postgres_dag to 2024-01-01 00:00:00+00:00, run_after=2024-01-02 00:00:00+00:00
[2024-01-23T22:30:39.596+0000] {processor.py:183} INFO - Processing /opt/airflow/dags/salvaarquivo.py took 1.046 seconds
[2024-01-23T22:31:25.348+0000] {processor.py:161} INFO - Started process (PID=35) to work on /opt/airflow/dags/salvaarquivo.py
[2024-01-23T22:31:25.349+0000] {processor.py:830} INFO - Processing file /opt/airflow/dags/salvaarquivo.py for tasks to queue
[2024-01-23T22:31:25.351+0000] {logging_mixin.py:188} INFO - [2024-01-23T22:31:25.351+0000] {dagbag.py:538} INFO - Filling up the DagBag from /opt/airflow/dags/salvaarquivo.py
[2024-01-23T22:31:26.185+0000] {processor.py:840} INFO - DAG(s) 'example_postgres_dag' retrieved from /opt/airflow/dags/salvaarquivo.py
[2024-01-23T22:31:26.455+0000] {logging_mixin.py:188} INFO - [2024-01-23T22:31:26.454+0000] {dag.py:3036} INFO - Sync 1 DAGs
[2024-01-23T22:31:26.470+0000] {logging_mixin.py:188} INFO - [2024-01-23T22:31:26.470+0000] {dag.py:3823} INFO - Setting next_dagrun for example_postgres_dag to 2024-01-01 00:00:00+00:00, run_after=2024-01-02 00:00:00+00:00
[2024-01-23T22:31:26.486+0000] {processor.py:183} INFO - Processing /opt/airflow/dags/salvaarquivo.py took 1.140 seconds
[2024-01-23T22:31:56.532+0000] {processor.py:161} INFO - Started process (PID=43) to work on /opt/airflow/dags/salvaarquivo.py
[2024-01-23T22:31:56.533+0000] {processor.py:830} INFO - Processing file /opt/airflow/dags/salvaarquivo.py for tasks to queue
[2024-01-23T22:31:56.536+0000] {logging_mixin.py:188} INFO - [2024-01-23T22:31:56.535+0000] {dagbag.py:538} INFO - Filling up the DagBag from /opt/airflow/dags/salvaarquivo.py
[2024-01-23T22:31:56.695+0000] {processor.py:840} INFO - DAG(s) 'example_postgres_dag' retrieved from /opt/airflow/dags/salvaarquivo.py
[2024-01-23T22:31:56.708+0000] {logging_mixin.py:188} INFO - [2024-01-23T22:31:56.708+0000] {dag.py:3036} INFO - Sync 1 DAGs
[2024-01-23T22:31:56.720+0000] {logging_mixin.py:188} INFO - [2024-01-23T22:31:56.720+0000] {dag.py:3823} INFO - Setting next_dagrun for example_postgres_dag to 2024-01-01 00:00:00+00:00, run_after=2024-01-02 00:00:00+00:00
[2024-01-23T22:31:56.739+0000] {processor.py:183} INFO - Processing /opt/airflow/dags/salvaarquivo.py took 0.211 seconds
[2024-01-23T22:32:26.800+0000] {processor.py:161} INFO - Started process (PID=51) to work on /opt/airflow/dags/salvaarquivo.py
[2024-01-23T22:32:26.809+0000] {processor.py:830} INFO - Processing file /opt/airflow/dags/salvaarquivo.py for tasks to queue
[2024-01-23T22:32:26.812+0000] {logging_mixin.py:188} INFO - [2024-01-23T22:32:26.811+0000] {dagbag.py:538} INFO - Filling up the DagBag from /opt/airflow/dags/salvaarquivo.py
[2024-01-23T22:32:26.976+0000] {processor.py:840} INFO - DAG(s) 'example_postgres_dag' retrieved from /opt/airflow/dags/salvaarquivo.py
[2024-01-23T22:32:26.991+0000] {logging_mixin.py:188} INFO - [2024-01-23T22:32:26.990+0000] {dag.py:3036} INFO - Sync 1 DAGs
[2024-01-23T22:32:27.003+0000] {logging_mixin.py:188} INFO - [2024-01-23T22:32:27.003+0000] {dag.py:3823} INFO - Setting next_dagrun for example_postgres_dag to 2024-01-01 00:00:00+00:00, run_after=2024-01-02 00:00:00+00:00
[2024-01-23T22:32:27.102+0000] {processor.py:183} INFO - Processing /opt/airflow/dags/salvaarquivo.py took 0.307 seconds
[2024-01-23T22:32:57.263+0000] {processor.py:161} INFO - Started process (PID=59) to work on /opt/airflow/dags/salvaarquivo.py
[2024-01-23T22:32:57.271+0000] {processor.py:830} INFO - Processing file /opt/airflow/dags/salvaarquivo.py for tasks to queue
[2024-01-23T22:32:57.273+0000] {logging_mixin.py:188} INFO - [2024-01-23T22:32:57.273+0000] {dagbag.py:538} INFO - Filling up the DagBag from /opt/airflow/dags/salvaarquivo.py
[2024-01-23T22:32:57.436+0000] {processor.py:840} INFO - DAG(s) 'example_postgres_dag' retrieved from /opt/airflow/dags/salvaarquivo.py
[2024-01-23T22:32:57.450+0000] {logging_mixin.py:188} INFO - [2024-01-23T22:32:57.450+0000] {dag.py:3036} INFO - Sync 1 DAGs
[2024-01-23T22:32:57.544+0000] {logging_mixin.py:188} INFO - [2024-01-23T22:32:57.544+0000] {dag.py:3823} INFO - Setting next_dagrun for example_postgres_dag to 2024-01-01 00:00:00+00:00, run_after=2024-01-02 00:00:00+00:00
[2024-01-23T22:32:57.561+0000] {processor.py:183} INFO - Processing /opt/airflow/dags/salvaarquivo.py took 0.303 seconds
[2024-01-23T22:33:27.727+0000] {processor.py:161} INFO - Started process (PID=67) to work on /opt/airflow/dags/salvaarquivo.py
[2024-01-23T22:33:27.736+0000] {processor.py:830} INFO - Processing file /opt/airflow/dags/salvaarquivo.py for tasks to queue
[2024-01-23T22:33:27.738+0000] {logging_mixin.py:188} INFO - [2024-01-23T22:33:27.738+0000] {dagbag.py:538} INFO - Filling up the DagBag from /opt/airflow/dags/salvaarquivo.py
[2024-01-23T22:33:27.899+0000] {processor.py:840} INFO - DAG(s) 'example_postgres_dag' retrieved from /opt/airflow/dags/salvaarquivo.py
[2024-01-23T22:33:27.913+0000] {logging_mixin.py:188} INFO - [2024-01-23T22:33:27.912+0000] {dag.py:3036} INFO - Sync 1 DAGs
[2024-01-23T22:33:28.007+0000] {logging_mixin.py:188} INFO - [2024-01-23T22:33:28.007+0000] {dag.py:3823} INFO - Setting next_dagrun for example_postgres_dag to 2024-01-01 00:00:00+00:00, run_after=2024-01-02 00:00:00+00:00
[2024-01-23T22:33:28.024+0000] {processor.py:183} INFO - Processing /opt/airflow/dags/salvaarquivo.py took 0.302 seconds
[2024-01-23T22:33:58.194+0000] {processor.py:161} INFO - Started process (PID=75) to work on /opt/airflow/dags/salvaarquivo.py
[2024-01-23T22:33:58.203+0000] {processor.py:830} INFO - Processing file /opt/airflow/dags/salvaarquivo.py for tasks to queue
[2024-01-23T22:33:58.206+0000] {logging_mixin.py:188} INFO - [2024-01-23T22:33:58.205+0000] {dagbag.py:538} INFO - Filling up the DagBag from /opt/airflow/dags/salvaarquivo.py
[2024-01-23T22:33:58.370+0000] {processor.py:840} INFO - DAG(s) 'example_postgres_dag' retrieved from /opt/airflow/dags/salvaarquivo.py
[2024-01-23T22:33:58.468+0000] {logging_mixin.py:188} INFO - [2024-01-23T22:33:58.467+0000] {dag.py:3036} INFO - Sync 1 DAGs
[2024-01-23T22:33:58.478+0000] {logging_mixin.py:188} INFO - [2024-01-23T22:33:58.478+0000] {dag.py:3823} INFO - Setting next_dagrun for example_postgres_dag to 2024-01-01 00:00:00+00:00, run_after=2024-01-02 00:00:00+00:00
[2024-01-23T22:33:58.496+0000] {processor.py:183} INFO - Processing /opt/airflow/dags/salvaarquivo.py took 0.306 seconds
[2024-01-23T22:34:28.645+0000] {processor.py:161} INFO - Started process (PID=83) to work on /opt/airflow/dags/salvaarquivo.py
[2024-01-23T22:34:28.653+0000] {processor.py:830} INFO - Processing file /opt/airflow/dags/salvaarquivo.py for tasks to queue
[2024-01-23T22:34:28.656+0000] {logging_mixin.py:188} INFO - [2024-01-23T22:34:28.655+0000] {dagbag.py:538} INFO - Filling up the DagBag from /opt/airflow/dags/salvaarquivo.py
[2024-01-23T22:34:28.815+0000] {processor.py:840} INFO - DAG(s) 'example_postgres_dag' retrieved from /opt/airflow/dags/salvaarquivo.py
[2024-01-23T22:34:28.829+0000] {logging_mixin.py:188} INFO - [2024-01-23T22:34:28.829+0000] {dag.py:3036} INFO - Sync 1 DAGs
[2024-01-23T22:34:28.840+0000] {logging_mixin.py:188} INFO - [2024-01-23T22:34:28.840+0000] {dag.py:3823} INFO - Setting next_dagrun for example_postgres_dag to 2024-01-01 00:00:00+00:00, run_after=2024-01-02 00:00:00+00:00
[2024-01-23T22:34:28.857+0000] {processor.py:183} INFO - Processing /opt/airflow/dags/salvaarquivo.py took 0.217 seconds
[2024-01-23T22:34:59.007+0000] {processor.py:161} INFO - Started process (PID=91) to work on /opt/airflow/dags/salvaarquivo.py
[2024-01-23T22:34:59.016+0000] {processor.py:830} INFO - Processing file /opt/airflow/dags/salvaarquivo.py for tasks to queue
[2024-01-23T22:34:59.018+0000] {logging_mixin.py:188} INFO - [2024-01-23T22:34:59.018+0000] {dagbag.py:538} INFO - Filling up the DagBag from /opt/airflow/dags/salvaarquivo.py
[2024-01-23T22:34:59.179+0000] {processor.py:840} INFO - DAG(s) 'example_postgres_dag' retrieved from /opt/airflow/dags/salvaarquivo.py
[2024-01-23T22:34:59.194+0000] {logging_mixin.py:188} INFO - [2024-01-23T22:34:59.194+0000] {dag.py:3036} INFO - Sync 1 DAGs
[2024-01-23T22:34:59.207+0000] {logging_mixin.py:188} INFO - [2024-01-23T22:34:59.207+0000] {dag.py:3823} INFO - Setting next_dagrun for example_postgres_dag to 2024-01-01 00:00:00+00:00, run_after=2024-01-02 00:00:00+00:00
[2024-01-23T22:34:59.225+0000] {processor.py:183} INFO - Processing /opt/airflow/dags/salvaarquivo.py took 0.222 seconds
[2024-01-23T22:35:29.378+0000] {processor.py:161} INFO - Started process (PID=142) to work on /opt/airflow/dags/salvaarquivo.py
[2024-01-23T22:35:29.386+0000] {processor.py:830} INFO - Processing file /opt/airflow/dags/salvaarquivo.py for tasks to queue
[2024-01-23T22:35:29.387+0000] {logging_mixin.py:188} INFO - [2024-01-23T22:35:29.387+0000] {dagbag.py:538} INFO - Filling up the DagBag from /opt/airflow/dags/salvaarquivo.py
[2024-01-23T22:35:29.550+0000] {processor.py:840} INFO - DAG(s) 'example_postgres_dag' retrieved from /opt/airflow/dags/salvaarquivo.py
[2024-01-23T22:35:29.564+0000] {logging_mixin.py:188} INFO - [2024-01-23T22:35:29.564+0000] {dag.py:3036} INFO - Sync 1 DAGs
[2024-01-23T22:35:29.577+0000] {logging_mixin.py:188} INFO - [2024-01-23T22:35:29.577+0000] {dag.py:3823} INFO - Setting next_dagrun for example_postgres_dag to 2024-01-23 00:00:00+00:00, run_after=2024-01-24 00:00:00+00:00
[2024-01-23T22:35:29.694+0000] {processor.py:183} INFO - Processing /opt/airflow/dags/salvaarquivo.py took 0.320 seconds
[2024-01-23T22:35:59.852+0000] {processor.py:161} INFO - Started process (PID=150) to work on /opt/airflow/dags/salvaarquivo.py
[2024-01-23T22:35:59.860+0000] {processor.py:830} INFO - Processing file /opt/airflow/dags/salvaarquivo.py for tasks to queue
[2024-01-23T22:35:59.863+0000] {logging_mixin.py:188} INFO - [2024-01-23T22:35:59.862+0000] {dagbag.py:538} INFO - Filling up the DagBag from /opt/airflow/dags/salvaarquivo.py
[2024-01-23T22:36:00.023+0000] {processor.py:840} INFO - DAG(s) 'example_postgres_dag' retrieved from /opt/airflow/dags/salvaarquivo.py
[2024-01-23T22:36:00.037+0000] {logging_mixin.py:188} INFO - [2024-01-23T22:36:00.037+0000] {dag.py:3036} INFO - Sync 1 DAGs
[2024-01-23T22:36:00.134+0000] {logging_mixin.py:188} INFO - [2024-01-23T22:36:00.134+0000] {dag.py:3823} INFO - Setting next_dagrun for example_postgres_dag to 2024-01-23 00:00:00+00:00, run_after=2024-01-24 00:00:00+00:00
[2024-01-23T22:36:00.144+0000] {processor.py:183} INFO - Processing /opt/airflow/dags/salvaarquivo.py took 0.298 seconds
[2024-01-23T22:36:30.311+0000] {processor.py:161} INFO - Started process (PID=158) to work on /opt/airflow/dags/salvaarquivo.py
[2024-01-23T22:36:30.318+0000] {processor.py:830} INFO - Processing file /opt/airflow/dags/salvaarquivo.py for tasks to queue
[2024-01-23T22:36:30.319+0000] {logging_mixin.py:188} INFO - [2024-01-23T22:36:30.319+0000] {dagbag.py:538} INFO - Filling up the DagBag from /opt/airflow/dags/salvaarquivo.py
[2024-01-23T22:36:30.494+0000] {processor.py:840} INFO - DAG(s) 'example_postgres_dag' retrieved from /opt/airflow/dags/salvaarquivo.py
[2024-01-23T22:36:30.510+0000] {logging_mixin.py:188} INFO - [2024-01-23T22:36:30.510+0000] {dag.py:3036} INFO - Sync 1 DAGs
[2024-01-23T22:36:30.611+0000] {logging_mixin.py:188} INFO - [2024-01-23T22:36:30.611+0000] {dag.py:3823} INFO - Setting next_dagrun for example_postgres_dag to 2024-01-23 00:00:00+00:00, run_after=2024-01-24 00:00:00+00:00
[2024-01-23T22:36:30.629+0000] {processor.py:183} INFO - Processing /opt/airflow/dags/salvaarquivo.py took 0.320 seconds
[2024-01-23T22:37:00.787+0000] {processor.py:161} INFO - Started process (PID=166) to work on /opt/airflow/dags/salvaarquivo.py
[2024-01-23T22:37:00.795+0000] {processor.py:830} INFO - Processing file /opt/airflow/dags/salvaarquivo.py for tasks to queue
[2024-01-23T22:37:00.796+0000] {logging_mixin.py:188} INFO - [2024-01-23T22:37:00.796+0000] {dagbag.py:538} INFO - Filling up the DagBag from /opt/airflow/dags/salvaarquivo.py
[2024-01-23T22:37:00.956+0000] {processor.py:840} INFO - DAG(s) 'example_postgres_dag' retrieved from /opt/airflow/dags/salvaarquivo.py
[2024-01-23T22:37:01.061+0000] {logging_mixin.py:188} INFO - [2024-01-23T22:37:01.061+0000] {dag.py:3036} INFO - Sync 1 DAGs
[2024-01-23T22:37:01.073+0000] {logging_mixin.py:188} INFO - [2024-01-23T22:37:01.073+0000] {dag.py:3823} INFO - Setting next_dagrun for example_postgres_dag to 2024-01-23 00:00:00+00:00, run_after=2024-01-24 00:00:00+00:00
[2024-01-23T22:37:01.091+0000] {processor.py:183} INFO - Processing /opt/airflow/dags/salvaarquivo.py took 0.305 seconds
[2024-01-23T22:37:31.252+0000] {processor.py:161} INFO - Started process (PID=174) to work on /opt/airflow/dags/salvaarquivo.py
[2024-01-23T22:37:31.255+0000] {processor.py:830} INFO - Processing file /opt/airflow/dags/salvaarquivo.py for tasks to queue
[2024-01-23T22:37:31.257+0000] {logging_mixin.py:188} INFO - [2024-01-23T22:37:31.257+0000] {dagbag.py:538} INFO - Filling up the DagBag from /opt/airflow/dags/salvaarquivo.py
[2024-01-23T22:37:31.411+0000] {processor.py:840} INFO - DAG(s) 'example_postgres_dag' retrieved from /opt/airflow/dags/salvaarquivo.py
[2024-01-23T22:37:31.425+0000] {logging_mixin.py:188} INFO - [2024-01-23T22:37:31.425+0000] {dag.py:3036} INFO - Sync 1 DAGs
[2024-01-23T22:37:31.437+0000] {logging_mixin.py:188} INFO - [2024-01-23T22:37:31.437+0000] {dag.py:3823} INFO - Setting next_dagrun for example_postgres_dag to 2024-01-23 00:00:00+00:00, run_after=2024-01-24 00:00:00+00:00
[2024-01-23T22:37:31.454+0000] {processor.py:183} INFO - Processing /opt/airflow/dags/salvaarquivo.py took 0.207 seconds
[2024-01-23T22:38:01.613+0000] {processor.py:161} INFO - Started process (PID=182) to work on /opt/airflow/dags/salvaarquivo.py
[2024-01-23T22:38:01.621+0000] {processor.py:830} INFO - Processing file /opt/airflow/dags/salvaarquivo.py for tasks to queue
[2024-01-23T22:38:01.624+0000] {logging_mixin.py:188} INFO - [2024-01-23T22:38:01.624+0000] {dagbag.py:538} INFO - Filling up the DagBag from /opt/airflow/dags/salvaarquivo.py
[2024-01-23T22:38:01.782+0000] {processor.py:840} INFO - DAG(s) 'example_postgres_dag' retrieved from /opt/airflow/dags/salvaarquivo.py
[2024-01-23T22:38:01.797+0000] {logging_mixin.py:188} INFO - [2024-01-23T22:38:01.797+0000] {dag.py:3036} INFO - Sync 1 DAGs
[2024-01-23T22:38:01.809+0000] {logging_mixin.py:188} INFO - [2024-01-23T22:38:01.809+0000] {dag.py:3823} INFO - Setting next_dagrun for example_postgres_dag to 2024-01-23 00:00:00+00:00, run_after=2024-01-24 00:00:00+00:00
[2024-01-23T22:38:01.828+0000] {processor.py:183} INFO - Processing /opt/airflow/dags/salvaarquivo.py took 0.221 seconds
[2024-01-23T22:38:31.966+0000] {processor.py:161} INFO - Started process (PID=190) to work on /opt/airflow/dags/salvaarquivo.py
[2024-01-23T22:38:31.974+0000] {processor.py:830} INFO - Processing file /opt/airflow/dags/salvaarquivo.py for tasks to queue
[2024-01-23T22:38:31.976+0000] {logging_mixin.py:188} INFO - [2024-01-23T22:38:31.976+0000] {dagbag.py:538} INFO - Filling up the DagBag from /opt/airflow/dags/salvaarquivo.py
[2024-01-23T22:38:32.149+0000] {processor.py:840} INFO - DAG(s) 'example_postgres_dag' retrieved from /opt/airflow/dags/salvaarquivo.py
[2024-01-23T22:38:32.165+0000] {logging_mixin.py:188} INFO - [2024-01-23T22:38:32.165+0000] {dag.py:3036} INFO - Sync 1 DAGs
[2024-01-23T22:38:32.181+0000] {logging_mixin.py:188} INFO - [2024-01-23T22:38:32.181+0000] {dag.py:3823} INFO - Setting next_dagrun for example_postgres_dag to 2024-01-23 00:00:00+00:00, run_after=2024-01-24 00:00:00+00:00
[2024-01-23T22:38:32.289+0000] {processor.py:183} INFO - Processing /opt/airflow/dags/salvaarquivo.py took 0.325 seconds
[2024-01-23T22:39:02.452+0000] {processor.py:161} INFO - Started process (PID=198) to work on /opt/airflow/dags/salvaarquivo.py
[2024-01-23T22:39:02.460+0000] {processor.py:830} INFO - Processing file /opt/airflow/dags/salvaarquivo.py for tasks to queue
[2024-01-23T22:39:02.463+0000] {logging_mixin.py:188} INFO - [2024-01-23T22:39:02.462+0000] {dagbag.py:538} INFO - Filling up the DagBag from /opt/airflow/dags/salvaarquivo.py
[2024-01-23T22:39:02.623+0000] {processor.py:840} INFO - DAG(s) 'example_postgres_dag' retrieved from /opt/airflow/dags/salvaarquivo.py
[2024-01-23T22:39:02.637+0000] {logging_mixin.py:188} INFO - [2024-01-23T22:39:02.637+0000] {dag.py:3036} INFO - Sync 1 DAGs
[2024-01-23T22:39:02.735+0000] {logging_mixin.py:188} INFO - [2024-01-23T22:39:02.735+0000] {dag.py:3823} INFO - Setting next_dagrun for example_postgres_dag to 2024-01-23 00:00:00+00:00, run_after=2024-01-24 00:00:00+00:00
[2024-01-23T22:39:02.751+0000] {processor.py:183} INFO - Processing /opt/airflow/dags/salvaarquivo.py took 0.301 seconds
[2024-01-23T22:39:32.910+0000] {processor.py:161} INFO - Started process (PID=206) to work on /opt/airflow/dags/salvaarquivo.py
[2024-01-23T22:39:32.913+0000] {processor.py:830} INFO - Processing file /opt/airflow/dags/salvaarquivo.py for tasks to queue
[2024-01-23T22:39:32.915+0000] {logging_mixin.py:188} INFO - [2024-01-23T22:39:32.915+0000] {dagbag.py:538} INFO - Filling up the DagBag from /opt/airflow/dags/salvaarquivo.py
[2024-01-23T22:39:33.080+0000] {processor.py:840} INFO - DAG(s) 'example_postgres_dag' retrieved from /opt/airflow/dags/salvaarquivo.py
[2024-01-23T22:39:33.095+0000] {logging_mixin.py:188} INFO - [2024-01-23T22:39:33.095+0000] {dag.py:3036} INFO - Sync 1 DAGs
[2024-01-23T22:39:33.191+0000] {logging_mixin.py:188} INFO - [2024-01-23T22:39:33.190+0000] {dag.py:3823} INFO - Setting next_dagrun for example_postgres_dag to 2024-01-23 00:00:00+00:00, run_after=2024-01-24 00:00:00+00:00
[2024-01-23T22:39:33.207+0000] {processor.py:183} INFO - Processing /opt/airflow/dags/salvaarquivo.py took 0.303 seconds
[2024-01-23T22:40:03.348+0000] {processor.py:161} INFO - Started process (PID=214) to work on /opt/airflow/dags/salvaarquivo.py
[2024-01-23T22:40:03.356+0000] {processor.py:830} INFO - Processing file /opt/airflow/dags/salvaarquivo.py for tasks to queue
[2024-01-23T22:40:03.359+0000] {logging_mixin.py:188} INFO - [2024-01-23T22:40:03.358+0000] {dagbag.py:538} INFO - Filling up the DagBag from /opt/airflow/dags/salvaarquivo.py
[2024-01-23T22:40:03.518+0000] {processor.py:840} INFO - DAG(s) 'example_postgres_dag' retrieved from /opt/airflow/dags/salvaarquivo.py
[2024-01-23T22:40:03.617+0000] {logging_mixin.py:188} INFO - [2024-01-23T22:40:03.617+0000] {dag.py:3036} INFO - Sync 1 DAGs
[2024-01-23T22:40:03.628+0000] {logging_mixin.py:188} INFO - [2024-01-23T22:40:03.628+0000] {dag.py:3823} INFO - Setting next_dagrun for example_postgres_dag to 2024-01-23 00:00:00+00:00, run_after=2024-01-24 00:00:00+00:00
[2024-01-23T22:40:03.646+0000] {processor.py:183} INFO - Processing /opt/airflow/dags/salvaarquivo.py took 0.300 seconds
[2024-01-23T22:40:33.803+0000] {processor.py:161} INFO - Started process (PID=222) to work on /opt/airflow/dags/salvaarquivo.py
[2024-01-23T22:40:33.812+0000] {processor.py:830} INFO - Processing file /opt/airflow/dags/salvaarquivo.py for tasks to queue
[2024-01-23T22:40:33.814+0000] {logging_mixin.py:188} INFO - [2024-01-23T22:40:33.814+0000] {dagbag.py:538} INFO - Filling up the DagBag from /opt/airflow/dags/salvaarquivo.py
[2024-01-23T22:40:33.972+0000] {processor.py:840} INFO - DAG(s) 'example_postgres_dag' retrieved from /opt/airflow/dags/salvaarquivo.py
[2024-01-23T22:40:33.987+0000] {logging_mixin.py:188} INFO - [2024-01-23T22:40:33.987+0000] {dag.py:3036} INFO - Sync 1 DAGs
[2024-01-23T22:40:34.002+0000] {logging_mixin.py:188} INFO - [2024-01-23T22:40:34.001+0000] {dag.py:3823} INFO - Setting next_dagrun for example_postgres_dag to 2024-01-23 00:00:00+00:00, run_after=2024-01-24 00:00:00+00:00
[2024-01-23T22:40:34.020+0000] {processor.py:183} INFO - Processing /opt/airflow/dags/salvaarquivo.py took 0.222 seconds
[2024-01-23T22:41:04.175+0000] {processor.py:161} INFO - Started process (PID=230) to work on /opt/airflow/dags/salvaarquivo.py
[2024-01-23T22:41:04.183+0000] {processor.py:830} INFO - Processing file /opt/airflow/dags/salvaarquivo.py for tasks to queue
[2024-01-23T22:41:04.185+0000] {logging_mixin.py:188} INFO - [2024-01-23T22:41:04.184+0000] {dagbag.py:538} INFO - Filling up the DagBag from /opt/airflow/dags/salvaarquivo.py
[2024-01-23T22:41:04.343+0000] {processor.py:840} INFO - DAG(s) 'example_postgres_dag' retrieved from /opt/airflow/dags/salvaarquivo.py
[2024-01-23T22:41:04.357+0000] {logging_mixin.py:188} INFO - [2024-01-23T22:41:04.357+0000] {dag.py:3036} INFO - Sync 1 DAGs
[2024-01-23T22:41:04.369+0000] {logging_mixin.py:188} INFO - [2024-01-23T22:41:04.369+0000] {dag.py:3823} INFO - Setting next_dagrun for example_postgres_dag to 2024-01-23 00:00:00+00:00, run_after=2024-01-24 00:00:00+00:00
[2024-01-23T22:41:04.464+0000] {processor.py:183} INFO - Processing /opt/airflow/dags/salvaarquivo.py took 0.294 seconds
[2024-01-23T22:41:34.621+0000] {processor.py:161} INFO - Started process (PID=238) to work on /opt/airflow/dags/salvaarquivo.py
[2024-01-23T22:41:34.622+0000] {processor.py:830} INFO - Processing file /opt/airflow/dags/salvaarquivo.py for tasks to queue
[2024-01-23T22:41:34.624+0000] {logging_mixin.py:188} INFO - [2024-01-23T22:41:34.624+0000] {dagbag.py:538} INFO - Filling up the DagBag from /opt/airflow/dags/salvaarquivo.py
[2024-01-23T22:41:34.781+0000] {processor.py:840} INFO - DAG(s) 'example_postgres_dag' retrieved from /opt/airflow/dags/salvaarquivo.py
[2024-01-23T22:41:34.796+0000] {logging_mixin.py:188} INFO - [2024-01-23T22:41:34.796+0000] {dag.py:3036} INFO - Sync 1 DAGs
[2024-01-23T22:41:34.892+0000] {logging_mixin.py:188} INFO - [2024-01-23T22:41:34.892+0000] {dag.py:3823} INFO - Setting next_dagrun for example_postgres_dag to 2024-01-23 00:00:00+00:00, run_after=2024-01-24 00:00:00+00:00
[2024-01-23T22:41:34.909+0000] {processor.py:183} INFO - Processing /opt/airflow/dags/salvaarquivo.py took 0.291 seconds
[2024-01-23T22:42:05.055+0000] {processor.py:161} INFO - Started process (PID=246) to work on /opt/airflow/dags/salvaarquivo.py
[2024-01-23T22:42:05.057+0000] {processor.py:830} INFO - Processing file /opt/airflow/dags/salvaarquivo.py for tasks to queue
[2024-01-23T22:42:05.058+0000] {logging_mixin.py:188} INFO - [2024-01-23T22:42:05.058+0000] {dagbag.py:538} INFO - Filling up the DagBag from /opt/airflow/dags/salvaarquivo.py
[2024-01-23T22:42:05.215+0000] {processor.py:840} INFO - DAG(s) 'example_postgres_dag' retrieved from /opt/airflow/dags/salvaarquivo.py
[2024-01-23T22:42:05.231+0000] {logging_mixin.py:188} INFO - [2024-01-23T22:42:05.230+0000] {dag.py:3036} INFO - Sync 1 DAGs
[2024-01-23T22:42:05.329+0000] {logging_mixin.py:188} INFO - [2024-01-23T22:42:05.329+0000] {dag.py:3823} INFO - Setting next_dagrun for example_postgres_dag to 2024-01-23 00:00:00+00:00, run_after=2024-01-24 00:00:00+00:00
[2024-01-23T22:42:05.346+0000] {processor.py:183} INFO - Processing /opt/airflow/dags/salvaarquivo.py took 0.292 seconds
[2024-01-23T22:42:35.494+0000] {processor.py:161} INFO - Started process (PID=254) to work on /opt/airflow/dags/salvaarquivo.py
[2024-01-23T22:42:35.496+0000] {processor.py:830} INFO - Processing file /opt/airflow/dags/salvaarquivo.py for tasks to queue
[2024-01-23T22:42:35.497+0000] {logging_mixin.py:188} INFO - [2024-01-23T22:42:35.497+0000] {dagbag.py:538} INFO - Filling up the DagBag from /opt/airflow/dags/salvaarquivo.py
[2024-01-23T22:42:35.656+0000] {processor.py:840} INFO - DAG(s) 'example_postgres_dag' retrieved from /opt/airflow/dags/salvaarquivo.py
[2024-01-23T22:42:35.671+0000] {logging_mixin.py:188} INFO - [2024-01-23T22:42:35.671+0000] {dag.py:3036} INFO - Sync 1 DAGs
[2024-01-23T22:42:35.764+0000] {logging_mixin.py:188} INFO - [2024-01-23T22:42:35.764+0000] {dag.py:3823} INFO - Setting next_dagrun for example_postgres_dag to 2024-01-23 00:00:00+00:00, run_after=2024-01-24 00:00:00+00:00
[2024-01-23T22:42:35.782+0000] {processor.py:183} INFO - Processing /opt/airflow/dags/salvaarquivo.py took 0.292 seconds
[2024-01-23T22:43:05.941+0000] {processor.py:161} INFO - Started process (PID=262) to work on /opt/airflow/dags/salvaarquivo.py
[2024-01-23T22:43:05.949+0000] {processor.py:830} INFO - Processing file /opt/airflow/dags/salvaarquivo.py for tasks to queue
[2024-01-23T22:43:05.952+0000] {logging_mixin.py:188} INFO - [2024-01-23T22:43:05.951+0000] {dagbag.py:538} INFO - Filling up the DagBag from /opt/airflow/dags/salvaarquivo.py
[2024-01-23T22:43:06.129+0000] {processor.py:840} INFO - DAG(s) 'example_postgres_dag' retrieved from /opt/airflow/dags/salvaarquivo.py
[2024-01-23T22:43:06.245+0000] {logging_mixin.py:188} INFO - [2024-01-23T22:43:06.245+0000] {dag.py:3036} INFO - Sync 1 DAGs
[2024-01-23T22:43:06.266+0000] {logging_mixin.py:188} INFO - [2024-01-23T22:43:06.266+0000] {dag.py:3823} INFO - Setting next_dagrun for example_postgres_dag to 2024-01-23 00:00:00+00:00, run_after=2024-01-24 00:00:00+00:00
[2024-01-23T22:43:06.289+0000] {processor.py:183} INFO - Processing /opt/airflow/dags/salvaarquivo.py took 0.353 seconds
[2024-01-23T22:43:36.454+0000] {processor.py:161} INFO - Started process (PID=270) to work on /opt/airflow/dags/salvaarquivo.py
[2024-01-23T22:43:36.456+0000] {processor.py:830} INFO - Processing file /opt/airflow/dags/salvaarquivo.py for tasks to queue
[2024-01-23T22:43:36.458+0000] {logging_mixin.py:188} INFO - [2024-01-23T22:43:36.458+0000] {dagbag.py:538} INFO - Filling up the DagBag from /opt/airflow/dags/salvaarquivo.py
[2024-01-23T22:43:36.616+0000] {processor.py:840} INFO - DAG(s) 'example_postgres_dag' retrieved from /opt/airflow/dags/salvaarquivo.py
[2024-01-23T22:43:36.630+0000] {logging_mixin.py:188} INFO - [2024-01-23T22:43:36.630+0000] {dag.py:3036} INFO - Sync 1 DAGs
[2024-01-23T22:43:36.642+0000] {logging_mixin.py:188} INFO - [2024-01-23T22:43:36.642+0000] {dag.py:3823} INFO - Setting next_dagrun for example_postgres_dag to 2024-01-23 00:00:00+00:00, run_after=2024-01-24 00:00:00+00:00
[2024-01-23T22:43:36.659+0000] {processor.py:183} INFO - Processing /opt/airflow/dags/salvaarquivo.py took 0.209 seconds
[2024-01-23T22:44:06.810+0000] {processor.py:161} INFO - Started process (PID=278) to work on /opt/airflow/dags/salvaarquivo.py
[2024-01-23T22:44:06.818+0000] {processor.py:830} INFO - Processing file /opt/airflow/dags/salvaarquivo.py for tasks to queue
[2024-01-23T22:44:06.821+0000] {logging_mixin.py:188} INFO - [2024-01-23T22:44:06.820+0000] {dagbag.py:538} INFO - Filling up the DagBag from /opt/airflow/dags/salvaarquivo.py
[2024-01-23T22:44:06.979+0000] {processor.py:840} INFO - DAG(s) 'example_postgres_dag' retrieved from /opt/airflow/dags/salvaarquivo.py
[2024-01-23T22:44:06.993+0000] {logging_mixin.py:188} INFO - [2024-01-23T22:44:06.993+0000] {dag.py:3036} INFO - Sync 1 DAGs
[2024-01-23T22:44:07.005+0000] {logging_mixin.py:188} INFO - [2024-01-23T22:44:07.005+0000] {dag.py:3823} INFO - Setting next_dagrun for example_postgres_dag to 2024-01-23 00:00:00+00:00, run_after=2024-01-24 00:00:00+00:00
[2024-01-23T22:44:07.107+0000] {processor.py:183} INFO - Processing /opt/airflow/dags/salvaarquivo.py took 0.301 seconds
[2024-01-23T22:44:37.261+0000] {processor.py:161} INFO - Started process (PID=286) to work on /opt/airflow/dags/salvaarquivo.py
[2024-01-23T22:44:37.269+0000] {processor.py:830} INFO - Processing file /opt/airflow/dags/salvaarquivo.py for tasks to queue
[2024-01-23T22:44:37.271+0000] {logging_mixin.py:188} INFO - [2024-01-23T22:44:37.271+0000] {dagbag.py:538} INFO - Filling up the DagBag from /opt/airflow/dags/salvaarquivo.py
[2024-01-23T22:44:37.428+0000] {processor.py:840} INFO - DAG(s) 'example_postgres_dag' retrieved from /opt/airflow/dags/salvaarquivo.py
[2024-01-23T22:44:37.443+0000] {logging_mixin.py:188} INFO - [2024-01-23T22:44:37.443+0000] {dag.py:3036} INFO - Sync 1 DAGs
[2024-01-23T22:44:37.539+0000] {logging_mixin.py:188} INFO - [2024-01-23T22:44:37.539+0000] {dag.py:3823} INFO - Setting next_dagrun for example_postgres_dag to 2024-01-23 00:00:00+00:00, run_after=2024-01-24 00:00:00+00:00
[2024-01-23T22:44:37.550+0000] {processor.py:183} INFO - Processing /opt/airflow/dags/salvaarquivo.py took 0.292 seconds
[2024-01-23T22:45:07.695+0000] {processor.py:161} INFO - Started process (PID=294) to work on /opt/airflow/dags/salvaarquivo.py
[2024-01-23T22:45:07.703+0000] {processor.py:830} INFO - Processing file /opt/airflow/dags/salvaarquivo.py for tasks to queue
[2024-01-23T22:45:07.705+0000] {logging_mixin.py:188} INFO - [2024-01-23T22:45:07.705+0000] {dagbag.py:538} INFO - Filling up the DagBag from /opt/airflow/dags/salvaarquivo.py
[2024-01-23T22:45:07.874+0000] {processor.py:840} INFO - DAG(s) 'example_postgres_dag' retrieved from /opt/airflow/dags/salvaarquivo.py
[2024-01-23T22:45:07.890+0000] {logging_mixin.py:188} INFO - [2024-01-23T22:45:07.890+0000] {dag.py:3036} INFO - Sync 1 DAGs
[2024-01-23T22:45:07.991+0000] {logging_mixin.py:188} INFO - [2024-01-23T22:45:07.991+0000] {dag.py:3823} INFO - Setting next_dagrun for example_postgres_dag to 2024-01-23 00:00:00+00:00, run_after=2024-01-24 00:00:00+00:00
[2024-01-23T22:45:08.009+0000] {processor.py:183} INFO - Processing /opt/airflow/dags/salvaarquivo.py took 0.318 seconds
[2024-01-23T22:45:38.168+0000] {processor.py:161} INFO - Started process (PID=302) to work on /opt/airflow/dags/salvaarquivo.py
[2024-01-23T22:45:38.170+0000] {processor.py:830} INFO - Processing file /opt/airflow/dags/salvaarquivo.py for tasks to queue
[2024-01-23T22:45:38.172+0000] {logging_mixin.py:188} INFO - [2024-01-23T22:45:38.172+0000] {dagbag.py:538} INFO - Filling up the DagBag from /opt/airflow/dags/salvaarquivo.py
[2024-01-23T22:45:38.331+0000] {processor.py:840} INFO - DAG(s) 'example_postgres_dag' retrieved from /opt/airflow/dags/salvaarquivo.py
[2024-01-23T22:45:38.346+0000] {logging_mixin.py:188} INFO - [2024-01-23T22:45:38.346+0000] {dag.py:3036} INFO - Sync 1 DAGs
[2024-01-23T22:45:38.439+0000] {logging_mixin.py:188} INFO - [2024-01-23T22:45:38.438+0000] {dag.py:3823} INFO - Setting next_dagrun for example_postgres_dag to 2024-01-23 00:00:00+00:00, run_after=2024-01-24 00:00:00+00:00
[2024-01-23T22:45:38.456+0000] {processor.py:183} INFO - Processing /opt/airflow/dags/salvaarquivo.py took 0.292 seconds
[2024-01-23T22:46:08.618+0000] {processor.py:161} INFO - Started process (PID=310) to work on /opt/airflow/dags/salvaarquivo.py
[2024-01-23T22:46:08.626+0000] {processor.py:830} INFO - Processing file /opt/airflow/dags/salvaarquivo.py for tasks to queue
[2024-01-23T22:46:08.629+0000] {logging_mixin.py:188} INFO - [2024-01-23T22:46:08.628+0000] {dagbag.py:538} INFO - Filling up the DagBag from /opt/airflow/dags/salvaarquivo.py
[2024-01-23T22:46:08.789+0000] {processor.py:840} INFO - DAG(s) 'example_postgres_dag' retrieved from /opt/airflow/dags/salvaarquivo.py
[2024-01-23T22:46:08.886+0000] {logging_mixin.py:188} INFO - [2024-01-23T22:46:08.886+0000] {dag.py:3036} INFO - Sync 1 DAGs
[2024-01-23T22:46:08.899+0000] {logging_mixin.py:188} INFO - [2024-01-23T22:46:08.899+0000] {dag.py:3823} INFO - Setting next_dagrun for example_postgres_dag to 2024-01-23 00:00:00+00:00, run_after=2024-01-24 00:00:00+00:00
[2024-01-23T22:46:08.917+0000] {processor.py:183} INFO - Processing /opt/airflow/dags/salvaarquivo.py took 0.303 seconds
[2024-01-23T22:46:39.059+0000] {processor.py:161} INFO - Started process (PID=318) to work on /opt/airflow/dags/salvaarquivo.py
[2024-01-23T22:46:39.067+0000] {processor.py:830} INFO - Processing file /opt/airflow/dags/salvaarquivo.py for tasks to queue
[2024-01-23T22:46:39.070+0000] {logging_mixin.py:188} INFO - [2024-01-23T22:46:39.069+0000] {dagbag.py:538} INFO - Filling up the DagBag from /opt/airflow/dags/salvaarquivo.py
[2024-01-23T22:46:39.220+0000] {processor.py:840} INFO - DAG(s) 'example_postgres_dag' retrieved from /opt/airflow/dags/salvaarquivo.py
[2024-01-23T22:46:39.234+0000] {logging_mixin.py:188} INFO - [2024-01-23T22:46:39.234+0000] {dag.py:3036} INFO - Sync 1 DAGs
[2024-01-23T22:46:39.245+0000] {logging_mixin.py:188} INFO - [2024-01-23T22:46:39.245+0000] {dag.py:3823} INFO - Setting next_dagrun for example_postgres_dag to 2024-01-23 00:00:00+00:00, run_after=2024-01-24 00:00:00+00:00
[2024-01-23T22:46:39.255+0000] {processor.py:183} INFO - Processing /opt/airflow/dags/salvaarquivo.py took 0.198 seconds
[2024-01-23T22:47:09.404+0000] {processor.py:161} INFO - Started process (PID=326) to work on /opt/airflow/dags/salvaarquivo.py
[2024-01-23T22:47:09.412+0000] {processor.py:830} INFO - Processing file /opt/airflow/dags/salvaarquivo.py for tasks to queue
[2024-01-23T22:47:09.415+0000] {logging_mixin.py:188} INFO - [2024-01-23T22:47:09.414+0000] {dagbag.py:538} INFO - Filling up the DagBag from /opt/airflow/dags/salvaarquivo.py
[2024-01-23T22:47:09.582+0000] {processor.py:840} INFO - DAG(s) 'example_postgres_dag' retrieved from /opt/airflow/dags/salvaarquivo.py
[2024-01-23T22:47:09.596+0000] {logging_mixin.py:188} INFO - [2024-01-23T22:47:09.596+0000] {dag.py:3036} INFO - Sync 1 DAGs
[2024-01-23T22:47:09.610+0000] {logging_mixin.py:188} INFO - [2024-01-23T22:47:09.610+0000] {dag.py:3823} INFO - Setting next_dagrun for example_postgres_dag to 2024-01-23 00:00:00+00:00, run_after=2024-01-24 00:00:00+00:00
[2024-01-23T22:47:09.709+0000] {processor.py:183} INFO - Processing /opt/airflow/dags/salvaarquivo.py took 0.307 seconds
[2024-01-23T22:47:39.858+0000] {processor.py:161} INFO - Started process (PID=334) to work on /opt/airflow/dags/salvaarquivo.py
[2024-01-23T22:47:39.867+0000] {processor.py:830} INFO - Processing file /opt/airflow/dags/salvaarquivo.py for tasks to queue
[2024-01-23T22:47:39.870+0000] {logging_mixin.py:188} INFO - [2024-01-23T22:47:39.869+0000] {dagbag.py:538} INFO - Filling up the DagBag from /opt/airflow/dags/salvaarquivo.py
[2024-01-23T22:47:40.026+0000] {processor.py:840} INFO - DAG(s) 'example_postgres_dag' retrieved from /opt/airflow/dags/salvaarquivo.py
[2024-01-23T22:47:40.040+0000] {logging_mixin.py:188} INFO - [2024-01-23T22:47:40.039+0000] {dag.py:3036} INFO - Sync 1 DAGs
[2024-01-23T22:47:40.133+0000] {logging_mixin.py:188} INFO - [2024-01-23T22:47:40.132+0000] {dag.py:3823} INFO - Setting next_dagrun for example_postgres_dag to 2024-01-23 00:00:00+00:00, run_after=2024-01-24 00:00:00+00:00
[2024-01-23T22:47:40.152+0000] {processor.py:183} INFO - Processing /opt/airflow/dags/salvaarquivo.py took 0.299 seconds
[2024-01-23T22:48:10.307+0000] {processor.py:161} INFO - Started process (PID=342) to work on /opt/airflow/dags/salvaarquivo.py
[2024-01-23T22:48:10.308+0000] {processor.py:830} INFO - Processing file /opt/airflow/dags/salvaarquivo.py for tasks to queue
[2024-01-23T22:48:10.309+0000] {logging_mixin.py:188} INFO - [2024-01-23T22:48:10.308+0000] {dagbag.py:538} INFO - Filling up the DagBag from /opt/airflow/dags/salvaarquivo.py
[2024-01-23T22:48:10.461+0000] {processor.py:840} INFO - DAG(s) 'example_postgres_dag' retrieved from /opt/airflow/dags/salvaarquivo.py
[2024-01-23T22:48:10.475+0000] {logging_mixin.py:188} INFO - [2024-01-23T22:48:10.475+0000] {dag.py:3036} INFO - Sync 1 DAGs
[2024-01-23T22:48:10.570+0000] {logging_mixin.py:188} INFO - [2024-01-23T22:48:10.570+0000] {dag.py:3823} INFO - Setting next_dagrun for example_postgres_dag to 2024-01-23 00:00:00+00:00, run_after=2024-01-24 00:00:00+00:00
[2024-01-23T22:48:10.588+0000] {processor.py:183} INFO - Processing /opt/airflow/dags/salvaarquivo.py took 0.282 seconds
[2024-01-23T22:48:40.745+0000] {processor.py:161} INFO - Started process (PID=350) to work on /opt/airflow/dags/salvaarquivo.py
[2024-01-23T22:48:40.753+0000] {processor.py:830} INFO - Processing file /opt/airflow/dags/salvaarquivo.py for tasks to queue
[2024-01-23T22:48:40.756+0000] {logging_mixin.py:188} INFO - [2024-01-23T22:48:40.755+0000] {dagbag.py:538} INFO - Filling up the DagBag from /opt/airflow/dags/salvaarquivo.py
[2024-01-23T22:48:40.920+0000] {processor.py:840} INFO - DAG(s) 'example_postgres_dag' retrieved from /opt/airflow/dags/salvaarquivo.py
[2024-01-23T22:48:41.020+0000] {logging_mixin.py:188} INFO - [2024-01-23T22:48:41.020+0000] {dag.py:3036} INFO - Sync 1 DAGs
[2024-01-23T22:48:41.031+0000] {logging_mixin.py:188} INFO - [2024-01-23T22:48:41.031+0000] {dag.py:3823} INFO - Setting next_dagrun for example_postgres_dag to 2024-01-23 00:00:00+00:00, run_after=2024-01-24 00:00:00+00:00
[2024-01-23T22:48:41.048+0000] {processor.py:183} INFO - Processing /opt/airflow/dags/salvaarquivo.py took 0.307 seconds
[2024-01-23T22:49:11.201+0000] {processor.py:161} INFO - Started process (PID=358) to work on /opt/airflow/dags/salvaarquivo.py
[2024-01-23T22:49:11.210+0000] {processor.py:830} INFO - Processing file /opt/airflow/dags/salvaarquivo.py for tasks to queue
[2024-01-23T22:49:11.213+0000] {logging_mixin.py:188} INFO - [2024-01-23T22:49:11.212+0000] {dagbag.py:538} INFO - Filling up the DagBag from /opt/airflow/dags/salvaarquivo.py
[2024-01-23T22:49:11.386+0000] {processor.py:840} INFO - DAG(s) 'example_postgres_dag' retrieved from /opt/airflow/dags/salvaarquivo.py
[2024-01-23T22:49:11.490+0000] {logging_mixin.py:188} INFO - [2024-01-23T22:49:11.489+0000] {dag.py:3036} INFO - Sync 1 DAGs
[2024-01-23T22:49:11.501+0000] {logging_mixin.py:188} INFO - [2024-01-23T22:49:11.500+0000] {dag.py:3823} INFO - Setting next_dagrun for example_postgres_dag to 2024-01-23 00:00:00+00:00, run_after=2024-01-24 00:00:00+00:00
[2024-01-23T22:49:11.518+0000] {processor.py:183} INFO - Processing /opt/airflow/dags/salvaarquivo.py took 0.322 seconds
[2024-01-23T22:49:41.684+0000] {processor.py:161} INFO - Started process (PID=366) to work on /opt/airflow/dags/salvaarquivo.py
[2024-01-23T22:49:41.693+0000] {processor.py:830} INFO - Processing file /opt/airflow/dags/salvaarquivo.py for tasks to queue
[2024-01-23T22:49:41.696+0000] {logging_mixin.py:188} INFO - [2024-01-23T22:49:41.695+0000] {dagbag.py:538} INFO - Filling up the DagBag from /opt/airflow/dags/salvaarquivo.py
[2024-01-23T22:49:41.853+0000] {processor.py:840} INFO - DAG(s) 'example_postgres_dag' retrieved from /opt/airflow/dags/salvaarquivo.py
[2024-01-23T22:49:41.868+0000] {logging_mixin.py:188} INFO - [2024-01-23T22:49:41.868+0000] {dag.py:3036} INFO - Sync 1 DAGs
[2024-01-23T22:49:41.880+0000] {logging_mixin.py:188} INFO - [2024-01-23T22:49:41.880+0000] {dag.py:3823} INFO - Setting next_dagrun for example_postgres_dag to 2024-01-23 00:00:00+00:00, run_after=2024-01-24 00:00:00+00:00
[2024-01-23T22:49:41.898+0000] {processor.py:183} INFO - Processing /opt/airflow/dags/salvaarquivo.py took 0.219 seconds
[2024-01-23T22:50:12.036+0000] {processor.py:161} INFO - Started process (PID=374) to work on /opt/airflow/dags/salvaarquivo.py
[2024-01-23T22:50:12.044+0000] {processor.py:830} INFO - Processing file /opt/airflow/dags/salvaarquivo.py for tasks to queue
[2024-01-23T22:50:12.047+0000] {logging_mixin.py:188} INFO - [2024-01-23T22:50:12.046+0000] {dagbag.py:538} INFO - Filling up the DagBag from /opt/airflow/dags/salvaarquivo.py
[2024-01-23T22:50:12.206+0000] {processor.py:840} INFO - DAG(s) 'example_postgres_dag' retrieved from /opt/airflow/dags/salvaarquivo.py
[2024-01-23T22:50:12.221+0000] {logging_mixin.py:188} INFO - [2024-01-23T22:50:12.220+0000] {dag.py:3036} INFO - Sync 1 DAGs
[2024-01-23T22:50:12.233+0000] {logging_mixin.py:188} INFO - [2024-01-23T22:50:12.233+0000] {dag.py:3823} INFO - Setting next_dagrun for example_postgres_dag to 2024-01-23 00:00:00+00:00, run_after=2024-01-24 00:00:00+00:00
[2024-01-23T22:50:12.334+0000] {processor.py:183} INFO - Processing /opt/airflow/dags/salvaarquivo.py took 0.300 seconds
[2024-01-23T22:50:42.486+0000] {processor.py:161} INFO - Started process (PID=382) to work on /opt/airflow/dags/salvaarquivo.py
[2024-01-23T22:50:42.494+0000] {processor.py:830} INFO - Processing file /opt/airflow/dags/salvaarquivo.py for tasks to queue
[2024-01-23T22:50:42.495+0000] {logging_mixin.py:188} INFO - [2024-01-23T22:50:42.494+0000] {dagbag.py:538} INFO - Filling up the DagBag from /opt/airflow/dags/salvaarquivo.py
[2024-01-23T22:50:42.654+0000] {processor.py:840} INFO - DAG(s) 'example_postgres_dag' retrieved from /opt/airflow/dags/salvaarquivo.py
[2024-01-23T22:50:42.669+0000] {logging_mixin.py:188} INFO - [2024-01-23T22:50:42.668+0000] {dag.py:3036} INFO - Sync 1 DAGs
[2024-01-23T22:50:42.774+0000] {logging_mixin.py:188} INFO - [2024-01-23T22:50:42.774+0000] {dag.py:3823} INFO - Setting next_dagrun for example_postgres_dag to 2024-01-23 00:00:00+00:00, run_after=2024-01-24 00:00:00+00:00
[2024-01-23T22:50:42.785+0000] {processor.py:183} INFO - Processing /opt/airflow/dags/salvaarquivo.py took 0.301 seconds
[2024-01-23T22:51:12.935+0000] {processor.py:161} INFO - Started process (PID=390) to work on /opt/airflow/dags/salvaarquivo.py
[2024-01-23T22:51:12.935+0000] {processor.py:830} INFO - Processing file /opt/airflow/dags/salvaarquivo.py for tasks to queue
[2024-01-23T22:51:12.936+0000] {logging_mixin.py:188} INFO - [2024-01-23T22:51:12.936+0000] {dagbag.py:538} INFO - Filling up the DagBag from /opt/airflow/dags/salvaarquivo.py
[2024-01-23T22:51:13.097+0000] {processor.py:840} INFO - DAG(s) 'example_postgres_dag' retrieved from /opt/airflow/dags/salvaarquivo.py
[2024-01-23T22:51:13.111+0000] {logging_mixin.py:188} INFO - [2024-01-23T22:51:13.111+0000] {dag.py:3036} INFO - Sync 1 DAGs
[2024-01-23T22:51:13.209+0000] {logging_mixin.py:188} INFO - [2024-01-23T22:51:13.209+0000] {dag.py:3823} INFO - Setting next_dagrun for example_postgres_dag to 2024-01-23 00:00:00+00:00, run_after=2024-01-24 00:00:00+00:00
[2024-01-23T22:51:13.230+0000] {processor.py:183} INFO - Processing /opt/airflow/dags/salvaarquivo.py took 0.297 seconds
[2024-01-23T22:51:43.378+0000] {processor.py:161} INFO - Started process (PID=398) to work on /opt/airflow/dags/salvaarquivo.py
[2024-01-23T22:51:43.387+0000] {processor.py:830} INFO - Processing file /opt/airflow/dags/salvaarquivo.py for tasks to queue
[2024-01-23T22:51:43.389+0000] {logging_mixin.py:188} INFO - [2024-01-23T22:51:43.389+0000] {dagbag.py:538} INFO - Filling up the DagBag from /opt/airflow/dags/salvaarquivo.py
[2024-01-23T22:51:43.550+0000] {processor.py:840} INFO - DAG(s) 'example_postgres_dag' retrieved from /opt/airflow/dags/salvaarquivo.py
[2024-01-23T22:51:43.648+0000] {logging_mixin.py:188} INFO - [2024-01-23T22:51:43.648+0000] {dag.py:3036} INFO - Sync 1 DAGs
[2024-01-23T22:51:43.660+0000] {logging_mixin.py:188} INFO - [2024-01-23T22:51:43.659+0000] {dag.py:3823} INFO - Setting next_dagrun for example_postgres_dag to 2024-01-23 00:00:00+00:00, run_after=2024-01-24 00:00:00+00:00
[2024-01-23T22:51:43.676+0000] {processor.py:183} INFO - Processing /opt/airflow/dags/salvaarquivo.py took 0.303 seconds
[2024-01-23T22:52:13.828+0000] {processor.py:161} INFO - Started process (PID=406) to work on /opt/airflow/dags/salvaarquivo.py
[2024-01-23T22:52:13.836+0000] {processor.py:830} INFO - Processing file /opt/airflow/dags/salvaarquivo.py for tasks to queue
[2024-01-23T22:52:13.837+0000] {logging_mixin.py:188} INFO - [2024-01-23T22:52:13.837+0000] {dagbag.py:538} INFO - Filling up the DagBag from /opt/airflow/dags/salvaarquivo.py
[2024-01-23T22:52:14.074+0000] {processor.py:840} INFO - DAG(s) 'example_postgres_dag' retrieved from /opt/airflow/dags/salvaarquivo.py
[2024-01-23T22:52:14.087+0000] {logging_mixin.py:188} INFO - [2024-01-23T22:52:14.087+0000] {dag.py:3036} INFO - Sync 1 DAGs
[2024-01-23T22:52:14.099+0000] {logging_mixin.py:188} INFO - [2024-01-23T22:52:14.098+0000] {dag.py:3823} INFO - Setting next_dagrun for example_postgres_dag to 2024-01-23 00:00:00+00:00, run_after=2024-01-24 00:00:00+00:00
[2024-01-23T22:52:14.116+0000] {processor.py:183} INFO - Processing /opt/airflow/dags/salvaarquivo.py took 0.291 seconds
[2024-01-23T22:52:44.268+0000] {processor.py:161} INFO - Started process (PID=413) to work on /opt/airflow/dags/salvaarquivo.py
[2024-01-23T22:52:44.270+0000] {processor.py:830} INFO - Processing file /opt/airflow/dags/salvaarquivo.py for tasks to queue
[2024-01-23T22:52:44.271+0000] {logging_mixin.py:188} INFO - [2024-01-23T22:52:44.271+0000] {dagbag.py:538} INFO - Filling up the DagBag from /opt/airflow/dags/salvaarquivo.py
[2024-01-23T22:52:44.428+0000] {processor.py:840} INFO - DAG(s) 'example_postgres_dag' retrieved from /opt/airflow/dags/salvaarquivo.py
[2024-01-23T22:52:44.444+0000] {logging_mixin.py:188} INFO - [2024-01-23T22:52:44.444+0000] {dag.py:3036} INFO - Sync 1 DAGs
[2024-01-23T22:52:44.458+0000] {logging_mixin.py:188} INFO - [2024-01-23T22:52:44.458+0000] {dag.py:3823} INFO - Setting next_dagrun for example_postgres_dag to 2024-01-23 00:00:00+00:00, run_after=2024-01-24 00:00:00+00:00
[2024-01-23T22:52:44.577+0000] {processor.py:183} INFO - Processing /opt/airflow/dags/salvaarquivo.py took 0.311 seconds
[2024-01-23T22:53:14.736+0000] {processor.py:161} INFO - Started process (PID=421) to work on /opt/airflow/dags/salvaarquivo.py
[2024-01-23T22:53:14.743+0000] {processor.py:830} INFO - Processing file /opt/airflow/dags/salvaarquivo.py for tasks to queue
[2024-01-23T22:53:14.744+0000] {logging_mixin.py:188} INFO - [2024-01-23T22:53:14.744+0000] {dagbag.py:538} INFO - Filling up the DagBag from /opt/airflow/dags/salvaarquivo.py
[2024-01-23T22:53:14.914+0000] {processor.py:840} INFO - DAG(s) 'example_postgres_dag' retrieved from /opt/airflow/dags/salvaarquivo.py
[2024-01-23T22:53:14.929+0000] {logging_mixin.py:188} INFO - [2024-01-23T22:53:14.928+0000] {dag.py:3036} INFO - Sync 1 DAGs
[2024-01-23T22:53:15.029+0000] {logging_mixin.py:188} INFO - [2024-01-23T22:53:15.029+0000] {dag.py:3823} INFO - Setting next_dagrun for example_postgres_dag to 2024-01-23 00:00:00+00:00, run_after=2024-01-24 00:00:00+00:00
[2024-01-23T22:53:15.047+0000] {processor.py:183} INFO - Processing /opt/airflow/dags/salvaarquivo.py took 0.313 seconds
[2024-01-23T22:53:45.197+0000] {processor.py:161} INFO - Started process (PID=429) to work on /opt/airflow/dags/salvaarquivo.py
[2024-01-23T22:53:45.205+0000] {processor.py:830} INFO - Processing file /opt/airflow/dags/salvaarquivo.py for tasks to queue
[2024-01-23T22:53:45.208+0000] {logging_mixin.py:188} INFO - [2024-01-23T22:53:45.207+0000] {dagbag.py:538} INFO - Filling up the DagBag from /opt/airflow/dags/salvaarquivo.py
[2024-01-23T22:53:45.369+0000] {processor.py:840} INFO - DAG(s) 'example_postgres_dag' retrieved from /opt/airflow/dags/salvaarquivo.py
[2024-01-23T22:53:45.385+0000] {logging_mixin.py:188} INFO - [2024-01-23T22:53:45.384+0000] {dag.py:3036} INFO - Sync 1 DAGs
[2024-01-23T22:53:45.510+0000] {logging_mixin.py:188} INFO - [2024-01-23T22:53:45.510+0000] {dag.py:3823} INFO - Setting next_dagrun for example_postgres_dag to 2024-01-23 00:00:00+00:00, run_after=2024-01-24 00:00:00+00:00
[2024-01-23T22:53:45.524+0000] {processor.py:183} INFO - Processing /opt/airflow/dags/salvaarquivo.py took 0.331 seconds
[2024-01-23T22:54:15.680+0000] {processor.py:161} INFO - Started process (PID=437) to work on /opt/airflow/dags/salvaarquivo.py
[2024-01-23T22:54:15.688+0000] {processor.py:830} INFO - Processing file /opt/airflow/dags/salvaarquivo.py for tasks to queue
[2024-01-23T22:54:15.691+0000] {logging_mixin.py:188} INFO - [2024-01-23T22:54:15.690+0000] {dagbag.py:538} INFO - Filling up the DagBag from /opt/airflow/dags/salvaarquivo.py
[2024-01-23T22:54:15.849+0000] {processor.py:840} INFO - DAG(s) 'example_postgres_dag' retrieved from /opt/airflow/dags/salvaarquivo.py
[2024-01-23T22:54:15.864+0000] {logging_mixin.py:188} INFO - [2024-01-23T22:54:15.863+0000] {dag.py:3036} INFO - Sync 1 DAGs
[2024-01-23T22:54:15.960+0000] {logging_mixin.py:188} INFO - [2024-01-23T22:54:15.960+0000] {dag.py:3823} INFO - Setting next_dagrun for example_postgres_dag to 2024-01-23 00:00:00+00:00, run_after=2024-01-24 00:00:00+00:00
[2024-01-23T22:54:15.977+0000] {processor.py:183} INFO - Processing /opt/airflow/dags/salvaarquivo.py took 0.302 seconds
[2024-01-23T22:54:46.130+0000] {processor.py:161} INFO - Started process (PID=445) to work on /opt/airflow/dags/salvaarquivo.py
[2024-01-23T22:54:46.138+0000] {processor.py:830} INFO - Processing file /opt/airflow/dags/salvaarquivo.py for tasks to queue
[2024-01-23T22:54:46.141+0000] {logging_mixin.py:188} INFO - [2024-01-23T22:54:46.140+0000] {dagbag.py:538} INFO - Filling up the DagBag from /opt/airflow/dags/salvaarquivo.py
[2024-01-23T22:54:46.325+0000] {processor.py:840} INFO - DAG(s) 'example_postgres_dag' retrieved from /opt/airflow/dags/salvaarquivo.py
[2024-01-23T22:54:46.428+0000] {logging_mixin.py:188} INFO - [2024-01-23T22:54:46.427+0000] {dag.py:3036} INFO - Sync 1 DAGs
[2024-01-23T22:54:46.440+0000] {logging_mixin.py:188} INFO - [2024-01-23T22:54:46.440+0000] {dag.py:3823} INFO - Setting next_dagrun for example_postgres_dag to 2024-01-23 00:00:00+00:00, run_after=2024-01-24 00:00:00+00:00
[2024-01-23T22:54:46.450+0000] {processor.py:183} INFO - Processing /opt/airflow/dags/salvaarquivo.py took 0.325 seconds
[2024-01-23T22:55:16.615+0000] {processor.py:161} INFO - Started process (PID=453) to work on /opt/airflow/dags/salvaarquivo.py
[2024-01-23T22:55:16.617+0000] {processor.py:830} INFO - Processing file /opt/airflow/dags/salvaarquivo.py for tasks to queue
[2024-01-23T22:55:16.620+0000] {logging_mixin.py:188} INFO - [2024-01-23T22:55:16.619+0000] {dagbag.py:538} INFO - Filling up the DagBag from /opt/airflow/dags/salvaarquivo.py
[2024-01-23T22:55:16.860+0000] {processor.py:840} INFO - DAG(s) 'example_postgres_dag' retrieved from /opt/airflow/dags/salvaarquivo.py
[2024-01-23T22:55:16.873+0000] {logging_mixin.py:188} INFO - [2024-01-23T22:55:16.873+0000] {dag.py:3036} INFO - Sync 1 DAGs
[2024-01-23T22:55:16.884+0000] {logging_mixin.py:188} INFO - [2024-01-23T22:55:16.884+0000] {dag.py:3823} INFO - Setting next_dagrun for example_postgres_dag to 2024-01-23 00:00:00+00:00, run_after=2024-01-24 00:00:00+00:00
[2024-01-23T22:55:16.901+0000] {processor.py:183} INFO - Processing /opt/airflow/dags/salvaarquivo.py took 0.291 seconds
[2024-01-23T22:55:47.038+0000] {processor.py:161} INFO - Started process (PID=461) to work on /opt/airflow/dags/salvaarquivo.py
[2024-01-23T22:55:47.038+0000] {processor.py:830} INFO - Processing file /opt/airflow/dags/salvaarquivo.py for tasks to queue
[2024-01-23T22:55:47.039+0000] {logging_mixin.py:188} INFO - [2024-01-23T22:55:47.039+0000] {dagbag.py:538} INFO - Filling up the DagBag from /opt/airflow/dags/salvaarquivo.py
[2024-01-23T22:55:47.209+0000] {processor.py:840} INFO - DAG(s) 'example_postgres_dag' retrieved from /opt/airflow/dags/salvaarquivo.py
[2024-01-23T22:55:47.225+0000] {logging_mixin.py:188} INFO - [2024-01-23T22:55:47.225+0000] {dag.py:3036} INFO - Sync 1 DAGs
[2024-01-23T22:55:47.238+0000] {logging_mixin.py:188} INFO - [2024-01-23T22:55:47.238+0000] {dag.py:3823} INFO - Setting next_dagrun for example_postgres_dag to 2024-01-23 00:00:00+00:00, run_after=2024-01-24 00:00:00+00:00
[2024-01-23T22:55:47.360+0000] {processor.py:183} INFO - Processing /opt/airflow/dags/salvaarquivo.py took 0.324 seconds
[2024-01-23T22:56:17.504+0000] {processor.py:161} INFO - Started process (PID=469) to work on /opt/airflow/dags/salvaarquivo.py
[2024-01-23T22:56:17.512+0000] {processor.py:830} INFO - Processing file /opt/airflow/dags/salvaarquivo.py for tasks to queue
[2024-01-23T22:56:17.514+0000] {logging_mixin.py:188} INFO - [2024-01-23T22:56:17.513+0000] {dagbag.py:538} INFO - Filling up the DagBag from /opt/airflow/dags/salvaarquivo.py
[2024-01-23T22:56:17.692+0000] {processor.py:840} INFO - DAG(s) 'example_postgres_dag' retrieved from /opt/airflow/dags/salvaarquivo.py
[2024-01-23T22:56:17.708+0000] {logging_mixin.py:188} INFO - [2024-01-23T22:56:17.708+0000] {dag.py:3036} INFO - Sync 1 DAGs
[2024-01-23T22:56:17.830+0000] {logging_mixin.py:188} INFO - [2024-01-23T22:56:17.830+0000] {dag.py:3823} INFO - Setting next_dagrun for example_postgres_dag to 2024-01-23 00:00:00+00:00, run_after=2024-01-24 00:00:00+00:00
[2024-01-23T22:56:17.848+0000] {processor.py:183} INFO - Processing /opt/airflow/dags/salvaarquivo.py took 0.346 seconds
[2024-01-23T22:56:48.000+0000] {processor.py:161} INFO - Started process (PID=477) to work on /opt/airflow/dags/salvaarquivo.py
[2024-01-23T22:56:48.001+0000] {processor.py:830} INFO - Processing file /opt/airflow/dags/salvaarquivo.py for tasks to queue
[2024-01-23T22:56:48.003+0000] {logging_mixin.py:188} INFO - [2024-01-23T22:56:48.003+0000] {dagbag.py:538} INFO - Filling up the DagBag from /opt/airflow/dags/salvaarquivo.py
[2024-01-23T22:56:48.173+0000] {processor.py:840} INFO - DAG(s) 'example_postgres_dag' retrieved from /opt/airflow/dags/salvaarquivo.py
[2024-01-23T22:56:48.187+0000] {logging_mixin.py:188} INFO - [2024-01-23T22:56:48.186+0000] {dag.py:3036} INFO - Sync 1 DAGs
[2024-01-23T22:56:48.279+0000] {logging_mixin.py:188} INFO - [2024-01-23T22:56:48.279+0000] {dag.py:3823} INFO - Setting next_dagrun for example_postgres_dag to 2024-01-23 00:00:00+00:00, run_after=2024-01-24 00:00:00+00:00
[2024-01-23T22:56:48.290+0000] {processor.py:183} INFO - Processing /opt/airflow/dags/salvaarquivo.py took 0.294 seconds
[2024-01-23T22:57:18.424+0000] {processor.py:161} INFO - Started process (PID=491) to work on /opt/airflow/dags/salvaarquivo.py
[2024-01-23T22:57:18.432+0000] {processor.py:830} INFO - Processing file /opt/airflow/dags/salvaarquivo.py for tasks to queue
[2024-01-23T22:57:18.433+0000] {logging_mixin.py:188} INFO - [2024-01-23T22:57:18.433+0000] {dagbag.py:538} INFO - Filling up the DagBag from /opt/airflow/dags/salvaarquivo.py
[2024-01-23T22:57:18.592+0000] {processor.py:840} INFO - DAG(s) 'example_postgres_dag' retrieved from /opt/airflow/dags/salvaarquivo.py
[2024-01-23T22:57:18.690+0000] {logging_mixin.py:188} INFO - [2024-01-23T22:57:18.689+0000] {dag.py:3036} INFO - Sync 1 DAGs
[2024-01-23T22:57:18.701+0000] {logging_mixin.py:188} INFO - [2024-01-23T22:57:18.701+0000] {dag.py:3823} INFO - Setting next_dagrun for example_postgres_dag to 2024-01-23 00:00:00+00:00, run_after=2024-01-24 00:00:00+00:00
[2024-01-23T22:57:18.718+0000] {processor.py:183} INFO - Processing /opt/airflow/dags/salvaarquivo.py took 0.295 seconds
[2024-01-23T22:57:48.882+0000] {processor.py:161} INFO - Started process (PID=499) to work on /opt/airflow/dags/salvaarquivo.py
[2024-01-23T22:57:48.884+0000] {processor.py:830} INFO - Processing file /opt/airflow/dags/salvaarquivo.py for tasks to queue
[2024-01-23T22:57:48.887+0000] {logging_mixin.py:188} INFO - [2024-01-23T22:57:48.886+0000] {dagbag.py:538} INFO - Filling up the DagBag from /opt/airflow/dags/salvaarquivo.py
[2024-01-23T22:57:49.130+0000] {processor.py:840} INFO - DAG(s) 'example_postgres_dag' retrieved from /opt/airflow/dags/salvaarquivo.py
[2024-01-23T22:57:49.143+0000] {logging_mixin.py:188} INFO - [2024-01-23T22:57:49.142+0000] {dag.py:3036} INFO - Sync 1 DAGs
[2024-01-23T22:57:49.154+0000] {logging_mixin.py:188} INFO - [2024-01-23T22:57:49.154+0000] {dag.py:3823} INFO - Setting next_dagrun for example_postgres_dag to 2024-01-23 00:00:00+00:00, run_after=2024-01-24 00:00:00+00:00
[2024-01-23T22:57:49.170+0000] {processor.py:183} INFO - Processing /opt/airflow/dags/salvaarquivo.py took 0.294 seconds
[2024-01-23T22:58:19.326+0000] {processor.py:161} INFO - Started process (PID=506) to work on /opt/airflow/dags/salvaarquivo.py
[2024-01-23T22:58:19.334+0000] {processor.py:830} INFO - Processing file /opt/airflow/dags/salvaarquivo.py for tasks to queue
[2024-01-23T22:58:19.337+0000] {logging_mixin.py:188} INFO - [2024-01-23T22:58:19.336+0000] {dagbag.py:538} INFO - Filling up the DagBag from /opt/airflow/dags/salvaarquivo.py
[2024-01-23T22:58:19.585+0000] {processor.py:840} INFO - DAG(s) 'example_postgres_dag' retrieved from /opt/airflow/dags/salvaarquivo.py
[2024-01-23T22:58:19.599+0000] {logging_mixin.py:188} INFO - [2024-01-23T22:58:19.599+0000] {dag.py:3036} INFO - Sync 1 DAGs
[2024-01-23T22:58:19.611+0000] {logging_mixin.py:188} INFO - [2024-01-23T22:58:19.611+0000] {dag.py:3823} INFO - Setting next_dagrun for example_postgres_dag to 2024-01-23 00:00:00+00:00, run_after=2024-01-24 00:00:00+00:00
[2024-01-23T22:58:19.622+0000] {processor.py:183} INFO - Processing /opt/airflow/dags/salvaarquivo.py took 0.302 seconds
[2024-01-23T22:58:49.773+0000] {processor.py:161} INFO - Started process (PID=514) to work on /opt/airflow/dags/salvaarquivo.py
[2024-01-23T22:58:49.782+0000] {processor.py:830} INFO - Processing file /opt/airflow/dags/salvaarquivo.py for tasks to queue
[2024-01-23T22:58:49.784+0000] {logging_mixin.py:188} INFO - [2024-01-23T22:58:49.783+0000] {dagbag.py:538} INFO - Filling up the DagBag from /opt/airflow/dags/salvaarquivo.py
[2024-01-23T22:58:49.950+0000] {processor.py:840} INFO - DAG(s) 'example_postgres_dag' retrieved from /opt/airflow/dags/salvaarquivo.py
[2024-01-23T22:58:49.964+0000] {logging_mixin.py:188} INFO - [2024-01-23T22:58:49.964+0000] {dag.py:3036} INFO - Sync 1 DAGs
[2024-01-23T22:58:50.063+0000] {logging_mixin.py:188} INFO - [2024-01-23T22:58:50.063+0000] {dag.py:3823} INFO - Setting next_dagrun for example_postgres_dag to 2024-01-23 00:00:00+00:00, run_after=2024-01-24 00:00:00+00:00
[2024-01-23T22:58:50.081+0000] {processor.py:183} INFO - Processing /opt/airflow/dags/salvaarquivo.py took 0.313 seconds
[2024-01-23T22:59:20.226+0000] {processor.py:161} INFO - Started process (PID=522) to work on /opt/airflow/dags/salvaarquivo.py
[2024-01-23T22:59:20.235+0000] {processor.py:830} INFO - Processing file /opt/airflow/dags/salvaarquivo.py for tasks to queue
[2024-01-23T22:59:20.236+0000] {logging_mixin.py:188} INFO - [2024-01-23T22:59:20.236+0000] {dagbag.py:538} INFO - Filling up the DagBag from /opt/airflow/dags/salvaarquivo.py
[2024-01-23T22:59:20.399+0000] {processor.py:840} INFO - DAG(s) 'example_postgres_dag' retrieved from /opt/airflow/dags/salvaarquivo.py
[2024-01-23T22:59:20.415+0000] {logging_mixin.py:188} INFO - [2024-01-23T22:59:20.415+0000] {dag.py:3036} INFO - Sync 1 DAGs
[2024-01-23T22:59:20.524+0000] {logging_mixin.py:188} INFO - [2024-01-23T22:59:20.524+0000] {dag.py:3823} INFO - Setting next_dagrun for example_postgres_dag to 2024-01-23 00:00:00+00:00, run_after=2024-01-24 00:00:00+00:00
[2024-01-23T22:59:20.541+0000] {processor.py:183} INFO - Processing /opt/airflow/dags/salvaarquivo.py took 0.319 seconds
[2024-01-23T22:59:50.700+0000] {processor.py:161} INFO - Started process (PID=530) to work on /opt/airflow/dags/salvaarquivo.py
[2024-01-23T22:59:50.708+0000] {processor.py:830} INFO - Processing file /opt/airflow/dags/salvaarquivo.py for tasks to queue
[2024-01-23T22:59:50.711+0000] {logging_mixin.py:188} INFO - [2024-01-23T22:59:50.710+0000] {dagbag.py:538} INFO - Filling up the DagBag from /opt/airflow/dags/salvaarquivo.py
[2024-01-23T22:59:50.872+0000] {processor.py:840} INFO - DAG(s) 'example_postgres_dag' retrieved from /opt/airflow/dags/salvaarquivo.py
[2024-01-23T22:59:50.887+0000] {logging_mixin.py:188} INFO - [2024-01-23T22:59:50.887+0000] {dag.py:3036} INFO - Sync 1 DAGs
[2024-01-23T22:59:50.983+0000] {logging_mixin.py:188} INFO - [2024-01-23T22:59:50.983+0000] {dag.py:3823} INFO - Setting next_dagrun for example_postgres_dag to 2024-01-23 00:00:00+00:00, run_after=2024-01-24 00:00:00+00:00
[2024-01-23T22:59:50.999+0000] {processor.py:183} INFO - Processing /opt/airflow/dags/salvaarquivo.py took 0.305 seconds
